[0.331s] Invoking command in '/home/robot/ros2_ws/build/nmea_navsat_driver': DEBUGINFOD_URLS=https://debuginfod.ubuntu.com /usr/bin/cmake /home/robot/ros2_ws/src/nmea_navsat_driver -DCATKIN_INSTALL_INTO_PREFIX_ROOT=0 -DCMAKE_INSTALL_PREFIX=/home/robot/ros2_ws/install/nmea_navsat_driver
[0.660s] -- Configuring incomplete, errors occurred!
[0.661s] [0mCMake Deprecation Warning at CMakeLists.txt:1 (cmake_minimum_required):
[0.661s]   Compatibility with CMake < 3.5 will be removed from a future version of
[0.661s]   CMake.
[0.662s] 
[0.662s]   Update the VERSION argument <min> value or use a ...<max> suffix to tell
[0.662s]   CMake that the project does not need compatibility with older versions.
[0.662s] 
[0.662s] [0m
[0.662s] [31mCMake Error at CMakeLists.txt:5 (find_package):
[0.663s]   By not providing "Findcatkin.cmake" in CMAKE_MODULE_PATH this project has
[0.663s]   asked CMake to find a package configuration file provided by "catkin", but
[0.663s]   CMake did not find one.
[0.663s] 
[0.663s]   Could not find a package configuration file provided by "catkin" with any
[0.663s]   of the following names:
[0.663s] 
[0.663s]     catkinConfig.cmake
[0.663s]     catkin-config.cmake
[0.664s] 
[0.664s]   Add the installation prefix of "catkin" to CMAKE_PREFIX_PATH or set
[0.664s]   "catkin_DIR" to a directory containing one of the above files.  If "catkin"
[0.664s]   provides a separate development package or SDK, be sure it has been
[0.664s]   installed.
[0.664s] 
[0.664s] [0m
[0.979s] Invoked command in '/home/robot/ros2_ws/build/nmea_navsat_driver' returned '1': DEBUGINFOD_URLS=https://debuginfod.ubuntu.com /usr/bin/cmake /home/robot/ros2_ws/src/nmea_navsat_driver -DCATKIN_INSTALL_INTO_PREFIX_ROOT=0 -DCMAKE_INSTALL_PREFIX=/home/robot/ros2_ws/install/nmea_navsat_driver
