[1.317s] Invoking command in '/home/robot/ros2_ws/src/paquete': DEBUGINFOD_URLS=https://debuginfod.ubuntu.com PYTHONPATH=/home/robot/ros2_ws/build/paquete/prefix_override:/usr/lib/python3/dist-packages/colcon_core/task/python/colcon_distutils_commands:/home/robot/ros2_ws/install/paquete/lib/python3.12/site-packages:${PYTHONPATH} /usr/bin/python3 -W ignore:setup.py install is deprecated -W ignore:easy_install command is deprecated setup.py egg_info --egg-base ../../build/paquete build --build-base /home/robot/ros2_ws/build/paquete/build install --record /home/robot/ros2_ws/build/paquete/install.log --single-version-externally-managed install_data
[1.663s] running egg_info
[1.664s] creating ../../build/paquete/paquete.egg-info
[1.688s] writing ../../build/paquete/paquete.egg-info/PKG-INFO
[1.689s] writing dependency_links to ../../build/paquete/paquete.egg-info/dependency_links.txt
[1.689s] writing entry points to ../../build/paquete/paquete.egg-info/entry_points.txt
[1.689s] writing requirements to ../../build/paquete/paquete.egg-info/requires.txt
[1.689s] writing top-level names to ../../build/paquete/paquete.egg-info/top_level.txt
[1.689s] writing manifest file '../../build/paquete/paquete.egg-info/SOURCES.txt'
[1.742s] reading manifest file '../../build/paquete/paquete.egg-info/SOURCES.txt'
[1.742s] adding license file 'LICENSE'
[1.742s] writing manifest file '../../build/paquete/paquete.egg-info/SOURCES.txt'
[1.743s] running build
[1.743s] running build_py
[1.743s] creating /home/robot/ros2_ws/build/paquete/build
[1.743s] creating /home/robot/ros2_ws/build/paquete/build/lib
[1.743s] creating /home/robot/ros2_ws/build/paquete/build/lib/paquete
[1.744s] copying paquete/nodoSimple.py -> /home/robot/ros2_ws/build/paquete/build/lib/paquete
[1.744s] copying paquete/__init__.py -> /home/robot/ros2_ws/build/paquete/build/lib/paquete
[1.744s] running install
[1.752s] running install_lib
[1.777s] creating /home/robot/ros2_ws/install/paquete/lib/python3.12/site-packages/paquete
[1.777s] copying /home/robot/ros2_ws/build/paquete/build/lib/paquete/nodoSimple.py -> /home/robot/ros2_ws/install/paquete/lib/python3.12/site-packages/paquete
[1.778s] copying /home/robot/ros2_ws/build/paquete/build/lib/paquete/__init__.py -> /home/robot/ros2_ws/install/paquete/lib/python3.12/site-packages/paquete
[1.778s] byte-compiling /home/robot/ros2_ws/install/paquete/lib/python3.12/site-packages/paquete/nodoSimple.py to nodoSimple.cpython-312.pyc
[1.779s] byte-compiling /home/robot/ros2_ws/install/paquete/lib/python3.12/site-packages/paquete/__init__.py to __init__.cpython-312.pyc
[1.779s] running install_data
[1.779s] creating /home/robot/ros2_ws/install/paquete/share/ament_index
[1.779s] creating /home/robot/ros2_ws/install/paquete/share/ament_index/resource_index
[1.780s] creating /home/robot/ros2_ws/install/paquete/share/ament_index/resource_index/packages
[1.780s] copying resource/paquete -> /home/robot/ros2_ws/install/paquete/share/ament_index/resource_index/packages
[1.780s] copying package.xml -> /home/robot/ros2_ws/install/paquete/share/paquete
[1.780s] running install_egg_info
[1.808s] Copying ../../build/paquete/paquete.egg-info to /home/robot/ros2_ws/install/paquete/lib/python3.12/site-packages/paquete-0.0.0-py3.12.egg-info
[1.809s] running install_scripts
[1.984s] Installing nodoSimple script to /home/robot/ros2_ws/install/paquete/lib/paquete
[1.984s] writing list of installed files to '/home/robot/ros2_ws/build/paquete/install.log'
[2.045s] Invoked command in '/home/robot/ros2_ws/src/paquete' returned '0': DEBUGINFOD_URLS=https://debuginfod.ubuntu.com PYTHONPATH=/home/robot/ros2_ws/build/paquete/prefix_override:/usr/lib/python3/dist-packages/colcon_core/task/python/colcon_distutils_commands:/home/robot/ros2_ws/install/paquete/lib/python3.12/site-packages:${PYTHONPATH} /usr/bin/python3 -W ignore:setup.py install is deprecated -W ignore:easy_install command is deprecated setup.py egg_info --egg-base ../../build/paquete build --build-base /home/robot/ros2_ws/build/paquete/build install --record /home/robot/ros2_ws/build/paquete/install.log --single-version-externally-managed install_data
