[1.737s] Invoking command in '/home/robot/ros2_ws/src/bno055': DEBUGINFOD_URLS=https://debuginfod.ubuntu.com PYTHONPATH=/home/robot/ros2_ws/build/bno055/prefix_override:/usr/lib/python3/dist-packages/colcon_core/task/python/colcon_distutils_commands:/home/robot/ros2_ws/install/bno055/lib/python3.12/site-packages:${PYTHONPATH} /usr/bin/python3 -W ignore:setup.py install is deprecated -W ignore:easy_install command is deprecated setup.py egg_info --egg-base ../../build/bno055 build --build-base /home/robot/ros2_ws/build/bno055/build install --record /home/robot/ros2_ws/build/bno055/install.log --single-version-externally-managed install_data
[2.342s] running egg_info
[2.386s] writing ../../build/bno055/bno055.egg-info/PKG-INFO
[2.387s] writing dependency_links to ../../build/bno055/bno055.egg-info/dependency_links.txt
[2.387s] writing entry points to ../../build/bno055/bno055.egg-info/entry_points.txt
[2.387s] writing requirements to ../../build/bno055/bno055.egg-info/requires.txt
[2.388s] writing top-level names to ../../build/bno055/bno055.egg-info/top_level.txt
[2.480s] reading manifest file '../../build/bno055/bno055.egg-info/SOURCES.txt'
[2.480s] adding license file 'LICENSE'
[2.480s] adding license file 'AUTHORS'
[2.482s] writing manifest file '../../build/bno055/bno055.egg-info/SOURCES.txt'
[2.482s] running build
[2.482s] running build_py
[2.484s] running install
[2.500s] running install_lib
[2.547s] running install_data
[2.548s] copying bno055/params/bno055_params.yaml -> /home/robot/ros2_ws/install/bno055/share/bno055/config
[2.548s] running install_egg_info
[2.596s] removing '/home/robot/ros2_ws/install/bno055/lib/python3.12/site-packages/bno055-0.5.0-py3.12.egg-info' (and everything under it)
[2.596s] Copying ../../build/bno055/bno055.egg-info to /home/robot/ros2_ws/install/bno055/lib/python3.12/site-packages/bno055-0.5.0-py3.12.egg-info
[2.598s] running install_scripts
[2.865s] Installing bno055 script to /home/robot/ros2_ws/install/bno055/lib/bno055
[2.866s] writing list of installed files to '/home/robot/ros2_ws/build/bno055/install.log'
[2.913s] Invoked command in '/home/robot/ros2_ws/src/bno055' returned '0': DEBUGINFOD_URLS=https://debuginfod.ubuntu.com PYTHONPATH=/home/robot/ros2_ws/build/bno055/prefix_override:/usr/lib/python3/dist-packages/colcon_core/task/python/colcon_distutils_commands:/home/robot/ros2_ws/install/bno055/lib/python3.12/site-packages:${PYTHONPATH} /usr/bin/python3 -W ignore:setup.py install is deprecated -W ignore:easy_install command is deprecated setup.py egg_info --egg-base ../../build/bno055 build --build-base /home/robot/ros2_ws/build/bno055/build install --record /home/robot/ros2_ws/build/bno055/install.log --single-version-externally-managed install_data
