[2.107s] Invoking command in '/home/robot/ros2_ws/src/serial_robot': DEBUGINFOD_URLS=https://debuginfod.ubuntu.com PYTHONPATH=/home/robot/ros2_ws/build/serial_robot/prefix_override:/usr/lib/python3/dist-packages/colcon_core/task/python/colcon_distutils_commands:/home/robot/ros2_ws/install/serial_robot/lib/python3.12/site-packages:${PYTHONPATH} /usr/bin/python3 -W ignore:setup.py install is deprecated -W ignore:easy_install command is deprecated setup.py egg_info --egg-base ../../build/serial_robot build --build-base /home/robot/ros2_ws/build/serial_robot/build install --record /home/robot/ros2_ws/build/serial_robot/install.log --single-version-externally-managed install_data
[2.478s] running egg_info
[2.507s] writing ../../build/serial_robot/serial_robot.egg-info/PKG-INFO
[2.508s] writing dependency_links to ../../build/serial_robot/serial_robot.egg-info/dependency_links.txt
[2.508s] writing entry points to ../../build/serial_robot/serial_robot.egg-info/entry_points.txt
[2.509s] writing requirements to ../../build/serial_robot/serial_robot.egg-info/requires.txt
[2.509s] writing top-level names to ../../build/serial_robot/serial_robot.egg-info/top_level.txt
[2.573s] reading manifest file '../../build/serial_robot/serial_robot.egg-info/SOURCES.txt'
[2.574s] adding license file 'LICENSE'
[2.575s] writing manifest file '../../build/serial_robot/serial_robot.egg-info/SOURCES.txt'
[2.575s] running build
[2.575s] running build_py
[2.575s] copying serial_robot/communication_serial.py -> /home/robot/ros2_ws/build/serial_robot/build/lib/serial_robot
[2.575s] running install
[2.584s] running install_lib
[2.615s] copying /home/robot/ros2_ws/build/serial_robot/build/lib/serial_robot/communication_serial.py -> /home/robot/ros2_ws/install/serial_robot/lib/python3.12/site-packages/serial_robot
[2.615s] byte-compiling /home/robot/ros2_ws/install/serial_robot/lib/python3.12/site-packages/serial_robot/communication_serial.py to communication_serial.cpython-312.pyc
[2.620s] running install_data
[2.620s] running install_egg_info
[2.647s] removing '/home/robot/ros2_ws/install/serial_robot/lib/python3.12/site-packages/serial_robot-0.0.0-py3.12.egg-info' (and everything under it)
[2.648s] Copying ../../build/serial_robot/serial_robot.egg-info to /home/robot/ros2_ws/install/serial_robot/lib/python3.12/site-packages/serial_robot-0.0.0-py3.12.egg-info
[2.649s] running install_scripts
[2.827s] Installing serial_communication script to /home/robot/ros2_ws/install/serial_robot/lib/serial_robot
[2.827s] writing list of installed files to '/home/robot/ros2_ws/build/serial_robot/install.log'
[2.876s] Invoked command in '/home/robot/ros2_ws/src/serial_robot' returned '0': DEBUGINFOD_URLS=https://debuginfod.ubuntu.com PYTHONPATH=/home/robot/ros2_ws/build/serial_robot/prefix_override:/usr/lib/python3/dist-packages/colcon_core/task/python/colcon_distutils_commands:/home/robot/ros2_ws/install/serial_robot/lib/python3.12/site-packages:${PYTHONPATH} /usr/bin/python3 -W ignore:setup.py install is deprecated -W ignore:easy_install command is deprecated setup.py egg_info --egg-base ../../build/serial_robot build --build-base /home/robot/ros2_ws/build/serial_robot/build install --record /home/robot/ros2_ws/build/serial_robot/install.log --single-version-externally-managed install_data
