running egg_info
writing ../../build/base/base.egg-info/PKG-INFO
writing dependency_links to ../../build/base/base.egg-info/dependency_links.txt
writing entry points to ../../build/base/base.egg-info/entry_points.txt
writing requirements to ../../build/base/base.egg-info/requires.txt
writing top-level names to ../../build/base/base.egg-info/top_level.txt
reading manifest file '../../build/base/base.egg-info/SOURCES.txt'
adding license file 'LICENSE'
writing manifest file '../../build/base/base.egg-info/SOURCES.txt'
running build
running build_py
running install
running install_lib
running install_data
copying package.xml -> /home/robot/ros2_ws/install/base/share/base
running install_egg_info
removing '/home/robot/ros2_ws/install/base/lib/python3.12/site-packages/base-0.0.0-py3.12.egg-info' (and everything under it)
Copying ../../build/base/base.egg-info to /home/robot/ros2_ws/install/base/lib/python3.12/site-packages/base-0.0.0-py3.12.egg-info
running install_scripts
Installing my_node script to /home/robot/ros2_ws/install/base/lib/base
writing list of installed files to '/home/robot/ros2_ws/build/base/install.log'
