running egg_info
creating ../../build/base/base.egg-info
writing ../../build/base/base.egg-info/PKG-INFO
writing dependency_links to ../../build/base/base.egg-info/dependency_links.txt
writing entry points to ../../build/base/base.egg-info/entry_points.txt
writing requirements to ../../build/base/base.egg-info/requires.txt
writing top-level names to ../../build/base/base.egg-info/top_level.txt
writing manifest file '../../build/base/base.egg-info/SOURCES.txt'
reading manifest file '../../build/base/base.egg-info/SOURCES.txt'
adding license file 'LICENSE'
writing manifest file '../../build/base/base.egg-info/SOURCES.txt'
running build
running build_py
creating /home/robot/ros2_ws/build/base/build
creating /home/robot/ros2_ws/build/base/build/lib
creating /home/robot/ros2_ws/build/base/build/lib/base
copying base/my_node.py -> /home/robot/ros2_ws/build/base/build/lib/base
copying base/__init__.py -> /home/robot/ros2_ws/build/base/build/lib/base
running install
running install_lib
creating /home/robot/ros2_ws/install/base/lib/python3.12/site-packages/base
copying /home/robot/ros2_ws/build/base/build/lib/base/my_node.py -> /home/robot/ros2_ws/install/base/lib/python3.12/site-packages/base
copying /home/robot/ros2_ws/build/base/build/lib/base/__init__.py -> /home/robot/ros2_ws/install/base/lib/python3.12/site-packages/base
byte-compiling /home/robot/ros2_ws/install/base/lib/python3.12/site-packages/base/my_node.py to my_node.cpython-312.pyc
byte-compiling /home/robot/ros2_ws/install/base/lib/python3.12/site-packages/base/__init__.py to __init__.cpython-312.pyc
running install_data
creating /home/robot/ros2_ws/install/base/share/ament_index
creating /home/robot/ros2_ws/install/base/share/ament_index/resource_index
creating /home/robot/ros2_ws/install/base/share/ament_index/resource_index/packages
copying resource/base -> /home/robot/ros2_ws/install/base/share/ament_index/resource_index/packages
copying package.xml -> /home/robot/ros2_ws/install/base/share/base
running install_egg_info
Copying ../../build/base/base.egg-info to /home/robot/ros2_ws/install/base/lib/python3.12/site-packages/base-0.0.0-py3.12.egg-info
running install_scripts
Installing my_node script to /home/robot/ros2_ws/install/base/lib/base
writing list of installed files to '/home/robot/ros2_ws/build/base/install.log'
