[1.888s] Invoking command in '/home/robot/ros2_ws/src/serial_robot': DEBUGINFOD_URLS=https://debuginfod.ubuntu.com PYTHONPATH=/home/robot/ros2_ws/build/serial_robot/prefix_override:/usr/lib/python3/dist-packages/colcon_core/task/python/colcon_distutils_commands:/home/robot/ros2_ws/install/serial_robot/lib/python3.12/site-packages:${PYTHONPATH} /usr/bin/python3 -W ignore:setup.py install is deprecated -W ignore:easy_install command is deprecated setup.py egg_info --egg-base ../../build/serial_robot build --build-base /home/robot/ros2_ws/build/serial_robot/build install --record /home/robot/ros2_ws/build/serial_robot/install.log --single-version-externally-managed install_data
[2.508s] running egg_info
[2.553s] writing ../../build/serial_robot/serial_robot.egg-info/PKG-INFO
[2.553s] writing dependency_links to ../../build/serial_robot/serial_robot.egg-info/dependency_links.txt
[2.553s] writing entry points to ../../build/serial_robot/serial_robot.egg-info/entry_points.txt
[2.554s] writing requirements to ../../build/serial_robot/serial_robot.egg-info/requires.txt
[2.554s] writing top-level names to ../../build/serial_robot/serial_robot.egg-info/top_level.txt
[2.648s] reading manifest file '../../build/serial_robot/serial_robot.egg-info/SOURCES.txt'
[2.649s] adding license file 'LICENSE'
[2.650s] writing manifest file '../../build/serial_robot/serial_robot.egg-info/SOURCES.txt'
[2.650s] running build
[2.651s] running build_py
[2.651s] copying serial_robot/communication_serial.py -> /home/robot/ros2_ws/build/serial_robot/build/lib/serial_robot
[2.651s] copying serial_robot/comunicacionROS.py -> /home/robot/ros2_ws/build/serial_robot/build/lib/serial_robot
[2.652s] running install
[2.668s] running install_lib
[2.714s] copying /home/robot/ros2_ws/build/serial_robot/build/lib/serial_robot/communication_serial.py -> /home/robot/ros2_ws/install/serial_robot/lib/python3.12/site-packages/serial_robot
[2.714s] copying /home/robot/ros2_ws/build/serial_robot/build/lib/serial_robot/comunicacionROS.py -> /home/robot/ros2_ws/install/serial_robot/lib/python3.12/site-packages/serial_robot
[2.716s] byte-compiling /home/robot/ros2_ws/install/serial_robot/lib/python3.12/site-packages/serial_robot/communication_serial.py to communication_serial.cpython-312.pyc
[2.723s] byte-compiling /home/robot/ros2_ws/install/serial_robot/lib/python3.12/site-packages/serial_robot/comunicacionROS.py to comunicacionROS.cpython-312.pyc
[2.729s] running install_data
[2.729s] running install_egg_info
[2.763s] removing '/home/robot/ros2_ws/install/serial_robot/lib/python3.12/site-packages/serial_robot-0.0.0-py3.12.egg-info' (and everything under it)
[2.764s] Copying ../../build/serial_robot/serial_robot.egg-info to /home/robot/ros2_ws/install/serial_robot/lib/python3.12/site-packages/serial_robot-0.0.0-py3.12.egg-info
[2.765s] running install_scripts
[2.948s] Installing serial_communication script to /home/robot/ros2_ws/install/serial_robot/lib/serial_robot
[2.949s] writing list of installed files to '/home/robot/ros2_ws/build/serial_robot/install.log'
[3.000s] Invoked command in '/home/robot/ros2_ws/src/serial_robot' returned '0': DEBUGINFOD_URLS=https://debuginfod.ubuntu.com PYTHONPATH=/home/robot/ros2_ws/build/serial_robot/prefix_override:/usr/lib/python3/dist-packages/colcon_core/task/python/colcon_distutils_commands:/home/robot/ros2_ws/install/serial_robot/lib/python3.12/site-packages:${PYTHONPATH} /usr/bin/python3 -W ignore:setup.py install is deprecated -W ignore:easy_install command is deprecated setup.py egg_info --egg-base ../../build/serial_robot build --build-base /home/robot/ros2_ws/build/serial_robot/build install --record /home/robot/ros2_ws/build/serial_robot/install.log --single-version-externally-managed install_data
