[1.326s] Invoking command in '/home/robot/ros2_ws/src/paquete': DEBUGINFOD_URLS=https://debuginfod.ubuntu.com PYTHONPATH=/home/robot/ros2_ws/build/paquete/prefix_override:/usr/lib/python3/dist-packages/colcon_core/task/python/colcon_distutils_commands:/home/robot/ros2_ws/install/paquete/lib/python3.12/site-packages:${PYTHONPATH} /usr/bin/python3 -W ignore:setup.py install is deprecated -W ignore:easy_install command is deprecated setup.py egg_info --egg-base ../../build/paquete build --build-base /home/robot/ros2_ws/build/paquete/build install --record /home/robot/ros2_ws/build/paquete/install.log --single-version-externally-managed install_data
[1.686s] running egg_info
[1.713s] writing ../../build/paquete/paquete.egg-info/PKG-INFO
[1.713s] writing dependency_links to ../../build/paquete/paquete.egg-info/dependency_links.txt
[1.713s] writing entry points to ../../build/paquete/paquete.egg-info/entry_points.txt
[1.713s] writing requirements to ../../build/paquete/paquete.egg-info/requires.txt
[1.714s] writing top-level names to ../../build/paquete/paquete.egg-info/top_level.txt
[1.766s] reading manifest file '../../build/paquete/paquete.egg-info/SOURCES.txt'
[1.766s] adding license file 'LICENSE'
[1.767s] writing manifest file '../../build/paquete/paquete.egg-info/SOURCES.txt'
[1.767s] running build
[1.767s] running build_py
[1.767s] running install
[1.775s] running install_lib
[1.803s] running install_data
[1.804s] running install_egg_info
[1.831s] removing '/home/robot/ros2_ws/install/paquete/lib/python3.12/site-packages/paquete-0.0.0-py3.12.egg-info' (and everything under it)
[1.832s] Copying ../../build/paquete/paquete.egg-info to /home/robot/ros2_ws/install/paquete/lib/python3.12/site-packages/paquete-0.0.0-py3.12.egg-info
[1.833s] running install_scripts
[2.007s] Installing nodoSimple script to /home/robot/ros2_ws/install/paquete/lib/paquete
[2.007s] writing list of installed files to '/home/robot/ros2_ws/build/paquete/install.log'
[2.069s] Invoked command in '/home/robot/ros2_ws/src/paquete' returned '0': DEBUGINFOD_URLS=https://debuginfod.ubuntu.com PYTHONPATH=/home/robot/ros2_ws/build/paquete/prefix_override:/usr/lib/python3/dist-packages/colcon_core/task/python/colcon_distutils_commands:/home/robot/ros2_ws/install/paquete/lib/python3.12/site-packages:${PYTHONPATH} /usr/bin/python3 -W ignore:setup.py install is deprecated -W ignore:easy_install command is deprecated setup.py egg_info --egg-base ../../build/paquete build --build-base /home/robot/ros2_ws/build/paquete/build install --record /home/robot/ros2_ws/build/paquete/install.log --single-version-externally-managed install_data
