[3.554s] Invoking command in '/home/robot/ros2_ws/src/paquete': DEBUGINFOD_URLS=https://debuginfod.ubuntu.com PYTHONPATH=/home/robot/ros2_ws/build/paquete/prefix_override:/usr/lib/python3/dist-packages/colcon_core/task/python/colcon_distutils_commands:/home/robot/ros2_ws/install/paquete/lib/python3.12/site-packages:${PYTHONPATH} /usr/bin/python3 -W ignore:setup.py install is deprecated -W ignore:easy_install command is deprecated setup.py egg_info --egg-base ../../build/paquete build --build-base /home/robot/ros2_ws/build/paquete/build install --record /home/robot/ros2_ws/build/paquete/install.log --single-version-externally-managed install_data
[4.556s] running egg_info
[4.629s] writing ../../build/paquete/paquete.egg-info/PKG-INFO
[4.631s] writing dependency_links to ../../build/paquete/paquete.egg-info/dependency_links.txt
[4.633s] writing entry points to ../../build/paquete/paquete.egg-info/entry_points.txt
[4.634s] writing requirements to ../../build/paquete/paquete.egg-info/requires.txt
[4.634s] writing top-level names to ../../build/paquete/paquete.egg-info/top_level.txt
[4.773s] reading manifest file '../../build/paquete/paquete.egg-info/SOURCES.txt'
[4.775s] adding license file 'LICENSE'
[4.776s] writing manifest file '../../build/paquete/paquete.egg-info/SOURCES.txt'
[4.778s] running build
[4.778s] running build_py
[4.779s] running install
[4.817s] running install_lib
[4.896s] running install_data
[4.898s] running install_egg_info
[4.973s] removing '/home/robot/ros2_ws/install/paquete/lib/python3.12/site-packages/paquete-0.0.0-py3.12.egg-info' (and everything under it)
[4.973s] Copying ../../build/paquete/paquete.egg-info to /home/robot/ros2_ws/install/paquete/lib/python3.12/site-packages/paquete-0.0.0-py3.12.egg-info
[4.978s] running install_scripts
[5.474s] Installing comunicacionROS script to /home/robot/ros2_ws/install/paquete/lib/paquete
[5.474s] Installing nodoSimple script to /home/robot/ros2_ws/install/paquete/lib/paquete
[5.476s] writing list of installed files to '/home/robot/ros2_ws/build/paquete/install.log'
[5.651s] Invoked command in '/home/robot/ros2_ws/src/paquete' returned '0': DEBUGINFOD_URLS=https://debuginfod.ubuntu.com PYTHONPATH=/home/robot/ros2_ws/build/paquete/prefix_override:/usr/lib/python3/dist-packages/colcon_core/task/python/colcon_distutils_commands:/home/robot/ros2_ws/install/paquete/lib/python3.12/site-packages:${PYTHONPATH} /usr/bin/python3 -W ignore:setup.py install is deprecated -W ignore:easy_install command is deprecated setup.py egg_info --egg-base ../../build/paquete build --build-base /home/robot/ros2_ws/build/paquete/build install --record /home/robot/ros2_ws/build/paquete/install.log --single-version-externally-managed install_data
