[1.295s] Invoking command in '/home/robot/prueba_ws/src/my_publisher_pkg': DEBUGINFOD_URLS=https://debuginfod.ubuntu.com PYTHONPATH=/home/robot/prueba_ws/build/my_publisher_pkg/prefix_override:/usr/lib/python3/dist-packages/colcon_core/task/python/colcon_distutils_commands:/home/robot/prueba_ws/install/my_publisher_pkg/lib/python3.12/site-packages:${PYTHONPATH} /usr/bin/python3 -W ignore:setup.py install is deprecated -W ignore:easy_install command is deprecated setup.py egg_info --egg-base ../../build/my_publisher_pkg build --build-base /home/robot/prueba_ws/build/my_publisher_pkg/build install --record /home/robot/prueba_ws/build/my_publisher_pkg/install.log --single-version-externally-managed install_data
[1.600s] running egg_info
[1.600s] creating ../../build/my_publisher_pkg/my_publisher_pkg.egg-info
[1.624s] writing ../../build/my_publisher_pkg/my_publisher_pkg.egg-info/PKG-INFO
[1.624s] writing dependency_links to ../../build/my_publisher_pkg/my_publisher_pkg.egg-info/dependency_links.txt
[1.624s] writing entry points to ../../build/my_publisher_pkg/my_publisher_pkg.egg-info/entry_points.txt
[1.625s] writing requirements to ../../build/my_publisher_pkg/my_publisher_pkg.egg-info/requires.txt
[1.625s] writing top-level names to ../../build/my_publisher_pkg/my_publisher_pkg.egg-info/top_level.txt
[1.625s] writing manifest file '../../build/my_publisher_pkg/my_publisher_pkg.egg-info/SOURCES.txt'
[1.671s] reading manifest file '../../build/my_publisher_pkg/my_publisher_pkg.egg-info/SOURCES.txt'
[1.671s] writing manifest file '../../build/my_publisher_pkg/my_publisher_pkg.egg-info/SOURCES.txt'
[1.672s] running build
[1.672s] running build_py
[1.672s] creating /home/robot/prueba_ws/build/my_publisher_pkg/build
[1.672s] creating /home/robot/prueba_ws/build/my_publisher_pkg/build/lib
[1.673s] creating /home/robot/prueba_ws/build/my_publisher_pkg/build/lib/my_publisher_pkg
[1.673s] copying my_publisher_pkg/pi_controller_node.py -> /home/robot/prueba_ws/build/my_publisher_pkg/build/lib/my_publisher_pkg
[1.673s] copying my_publisher_pkg/square_wave_node.py -> /home/robot/prueba_ws/build/my_publisher_pkg/build/lib/my_publisher_pkg
[1.673s] copying my_publisher_pkg/publisher_node.py -> /home/robot/prueba_ws/build/my_publisher_pkg/build/lib/my_publisher_pkg
[1.674s] copying my_publisher_pkg/__init__.py -> /home/robot/prueba_ws/build/my_publisher_pkg/build/lib/my_publisher_pkg
[1.674s] running install
[1.682s] running install_lib
[1.705s] creating /home/robot/prueba_ws/install/my_publisher_pkg/lib/python3.12/site-packages/my_publisher_pkg
[1.706s] copying /home/robot/prueba_ws/build/my_publisher_pkg/build/lib/my_publisher_pkg/pi_controller_node.py -> /home/robot/prueba_ws/install/my_publisher_pkg/lib/python3.12/site-packages/my_publisher_pkg
[1.706s] copying /home/robot/prueba_ws/build/my_publisher_pkg/build/lib/my_publisher_pkg/square_wave_node.py -> /home/robot/prueba_ws/install/my_publisher_pkg/lib/python3.12/site-packages/my_publisher_pkg
[1.707s] copying /home/robot/prueba_ws/build/my_publisher_pkg/build/lib/my_publisher_pkg/publisher_node.py -> /home/robot/prueba_ws/install/my_publisher_pkg/lib/python3.12/site-packages/my_publisher_pkg
[1.707s] copying /home/robot/prueba_ws/build/my_publisher_pkg/build/lib/my_publisher_pkg/__init__.py -> /home/robot/prueba_ws/install/my_publisher_pkg/lib/python3.12/site-packages/my_publisher_pkg
[1.707s] byte-compiling /home/robot/prueba_ws/install/my_publisher_pkg/lib/python3.12/site-packages/my_publisher_pkg/pi_controller_node.py to pi_controller_node.cpython-312.pyc
[1.709s] byte-compiling /home/robot/prueba_ws/install/my_publisher_pkg/lib/python3.12/site-packages/my_publisher_pkg/square_wave_node.py to square_wave_node.cpython-312.pyc
[1.710s] byte-compiling /home/robot/prueba_ws/install/my_publisher_pkg/lib/python3.12/site-packages/my_publisher_pkg/publisher_node.py to publisher_node.cpython-312.pyc
[1.711s] byte-compiling /home/robot/prueba_ws/install/my_publisher_pkg/lib/python3.12/site-packages/my_publisher_pkg/__init__.py to __init__.cpython-312.pyc
[1.712s] running install_data
[1.712s] creating /home/robot/prueba_ws/install/my_publisher_pkg/share/ament_index
[1.712s] creating /home/robot/prueba_ws/install/my_publisher_pkg/share/ament_index/resource_index
[1.713s] creating /home/robot/prueba_ws/install/my_publisher_pkg/share/ament_index/resource_index/packages
[1.713s] copying resource/my_publisher_pkg -> /home/robot/prueba_ws/install/my_publisher_pkg/share/ament_index/resource_index/packages
[1.713s] copying package.xml -> /home/robot/prueba_ws/install/my_publisher_pkg/share/my_publisher_pkg
[1.713s] creating /home/robot/prueba_ws/install/my_publisher_pkg/share/my_publisher_pkg/launch
[1.714s] copying launch/square_wave_launch.py -> /home/robot/prueba_ws/install/my_publisher_pkg/share/my_publisher_pkg/launch
[1.714s] running install_egg_info
[1.738s] Copying ../../build/my_publisher_pkg/my_publisher_pkg.egg-info to /home/robot/prueba_ws/install/my_publisher_pkg/lib/python3.12/site-packages/my_publisher_pkg-0.0.0-py3.12.egg-info
[1.739s] running install_scripts
[1.888s] Installing pi_controller script to /home/robot/prueba_ws/install/my_publisher_pkg/lib/my_publisher_pkg
[1.889s] Installing publisher_node script to /home/robot/prueba_ws/install/my_publisher_pkg/lib/my_publisher_pkg
[1.889s] Installing square_wave_publisher script to /home/robot/prueba_ws/install/my_publisher_pkg/lib/my_publisher_pkg
[1.889s] writing list of installed files to '/home/robot/prueba_ws/build/my_publisher_pkg/install.log'
[1.932s] Invoked command in '/home/robot/prueba_ws/src/my_publisher_pkg' returned '0': DEBUGINFOD_URLS=https://debuginfod.ubuntu.com PYTHONPATH=/home/robot/prueba_ws/build/my_publisher_pkg/prefix_override:/usr/lib/python3/dist-packages/colcon_core/task/python/colcon_distutils_commands:/home/robot/prueba_ws/install/my_publisher_pkg/lib/python3.12/site-packages:${PYTHONPATH} /usr/bin/python3 -W ignore:setup.py install is deprecated -W ignore:easy_install command is deprecated setup.py egg_info --egg-base ../../build/my_publisher_pkg build --build-base /home/robot/prueba_ws/build/my_publisher_pkg/build install --record /home/robot/prueba_ws/build/my_publisher_pkg/install.log --single-version-externally-managed install_data
