[2.324s] Invoking command in '/home/robot/ros2_ws/src/paquete': DEBUGINFOD_URLS=https://debuginfod.ubuntu.com PYTHONPATH=/home/robot/ros2_ws/build/paquete/prefix_override:/usr/lib/python3/dist-packages/colcon_core/task/python/colcon_distutils_commands:/home/robot/ros2_ws/install/paquete/lib/python3.12/site-packages:${PYTHONPATH} /usr/bin/python3 -W ignore:setup.py install is deprecated -W ignore:easy_install command is deprecated setup.py egg_info --egg-base ../../build/paquete build --build-base /home/robot/ros2_ws/build/paquete/build install --record /home/robot/ros2_ws/build/paquete/install.log --single-version-externally-managed install_data
[2.910s] running egg_info
[2.942s] writing ../../build/paquete/paquete.egg-info/PKG-INFO
[2.942s] writing dependency_links to ../../build/paquete/paquete.egg-info/dependency_links.txt
[2.943s] writing entry points to ../../build/paquete/paquete.egg-info/entry_points.txt
[2.943s] writing requirements to ../../build/paquete/paquete.egg-info/requires.txt
[2.943s] writing top-level names to ../../build/paquete/paquete.egg-info/top_level.txt
[3.009s] reading manifest file '../../build/paquete/paquete.egg-info/SOURCES.txt'
[3.013s] adding license file 'LICENSE'
[3.013s] writing manifest file '../../build/paquete/paquete.egg-info/SOURCES.txt'
[3.016s] running build
[3.016s] running build_py
[3.016s] running install
[3.072s] running install_lib
[3.187s] running install_data
[3.188s] running install_egg_info
[3.252s] removing '/home/robot/ros2_ws/install/paquete/lib/python3.12/site-packages/paquete-0.0.0-py3.12.egg-info' (and everything under it)
[3.252s] Copying ../../build/paquete/paquete.egg-info to /home/robot/ros2_ws/install/paquete/lib/python3.12/site-packages/paquete-0.0.0-py3.12.egg-info
[3.258s] running install_scripts
[3.522s] Installing comunicacionROS script to /home/robot/ros2_ws/install/paquete/lib/paquete
[3.522s] Installing nodoSimple script to /home/robot/ros2_ws/install/paquete/lib/paquete
[3.522s] writing list of installed files to '/home/robot/ros2_ws/build/paquete/install.log'
[3.576s] Invoked command in '/home/robot/ros2_ws/src/paquete' returned '0': DEBUGINFOD_URLS=https://debuginfod.ubuntu.com PYTHONPATH=/home/robot/ros2_ws/build/paquete/prefix_override:/usr/lib/python3/dist-packages/colcon_core/task/python/colcon_distutils_commands:/home/robot/ros2_ws/install/paquete/lib/python3.12/site-packages:${PYTHONPATH} /usr/bin/python3 -W ignore:setup.py install is deprecated -W ignore:easy_install command is deprecated setup.py egg_info --egg-base ../../build/paquete build --build-base /home/robot/ros2_ws/build/paquete/build install --record /home/robot/ros2_ws/build/paquete/install.log --single-version-externally-managed install_data
