running egg_info
writing ../../build/serial_robot/serial_robot.egg-info/PKG-INFO
writing dependency_links to ../../build/serial_robot/serial_robot.egg-info/dependency_links.txt
writing entry points to ../../build/serial_robot/serial_robot.egg-info/entry_points.txt
writing requirements to ../../build/serial_robot/serial_robot.egg-info/requires.txt
writing top-level names to ../../build/serial_robot/serial_robot.egg-info/top_level.txt
reading manifest file '../../build/serial_robot/serial_robot.egg-info/SOURCES.txt'
adding license file 'LICENSE'
writing manifest file '../../build/serial_robot/serial_robot.egg-info/SOURCES.txt'
running build
running build_py
copying serial_robot/comunicacionROS.py -> /home/robot/ros2_ws/build/serial_robot/build/lib/serial_robot
running install
running install_lib
copying /home/robot/ros2_ws/build/serial_robot/build/lib/serial_robot/comunicacionROS.py -> /home/robot/ros2_ws/install/serial_robot/lib/python3.12/site-packages/serial_robot
byte-compiling /home/robot/ros2_ws/install/serial_robot/lib/python3.12/site-packages/serial_robot/comunicacionROS.py to comunicacionROS.cpython-312.pyc
running install_data
copying package.xml -> /home/robot/ros2_ws/install/serial_robot/share/serial_robot
running install_egg_info
removing '/home/robot/ros2_ws/install/serial_robot/lib/python3.12/site-packages/serial_robot-0.0.0-py3.12.egg-info' (and everything under it)
Copying ../../build/serial_robot/serial_robot.egg-info to /home/robot/ros2_ws/install/serial_robot/lib/python3.12/site-packages/serial_robot-0.0.0-py3.12.egg-info
running install_scripts
Installing ej script to /home/robot/ros2_ws/install/serial_robot/lib/serial_robot
writing list of installed files to '/home/robot/ros2_ws/build/serial_robot/install.log'
