[3.358s] Invoking command in '/home/robot/ros2_ws/src/serial_robot': DEBUGINFOD_URLS=https://debuginfod.ubuntu.com PYTHONPATH=/home/robot/ros2_ws/build/serial_robot/prefix_override:/usr/lib/python3/dist-packages/colcon_core/task/python/colcon_distutils_commands:/home/robot/ros2_ws/install/serial_robot/lib/python3.12/site-packages:${PYTHONPATH} /usr/bin/python3 -W ignore:setup.py install is deprecated -W ignore:easy_install command is deprecated setup.py egg_info --egg-base ../../build/serial_robot build --build-base /home/robot/ros2_ws/build/serial_robot/build install --record /home/robot/ros2_ws/build/serial_robot/install.log --single-version-externally-managed install_data
[4.307s] running egg_info
[4.378s] writing ../../build/serial_robot/serial_robot.egg-info/PKG-INFO
[4.378s] writing dependency_links to ../../build/serial_robot/serial_robot.egg-info/dependency_links.txt
[4.379s] writing entry points to ../../build/serial_robot/serial_robot.egg-info/entry_points.txt
[4.379s] writing requirements to ../../build/serial_robot/serial_robot.egg-info/requires.txt
[4.379s] writing top-level names to ../../build/serial_robot/serial_robot.egg-info/top_level.txt
[4.529s] reading manifest file '../../build/serial_robot/serial_robot.egg-info/SOURCES.txt'
[4.533s] adding license file 'LICENSE'
[4.535s] writing manifest file '../../build/serial_robot/serial_robot.egg-info/SOURCES.txt'
[4.537s] running build
[4.537s] running build_py
[4.537s] copying serial_robot/comunicacionROS.py -> /home/robot/ros2_ws/build/serial_robot/build/lib/serial_robot
[4.538s] running install
[4.560s] running install_lib
[4.629s] copying /home/robot/ros2_ws/build/serial_robot/build/lib/serial_robot/comunicacionROS.py -> /home/robot/ros2_ws/install/serial_robot/lib/python3.12/site-packages/serial_robot
[4.630s] byte-compiling /home/robot/ros2_ws/install/serial_robot/lib/python3.12/site-packages/serial_robot/comunicacionROS.py to comunicacionROS.cpython-312.pyc
[4.644s] running install_data
[4.648s] copying package.xml -> /home/robot/ros2_ws/install/serial_robot/share/serial_robot
[4.648s] running install_egg_info
[4.732s] removing '/home/robot/ros2_ws/install/serial_robot/lib/python3.12/site-packages/serial_robot-0.0.0-py3.12.egg-info' (and everything under it)
[4.732s] Copying ../../build/serial_robot/serial_robot.egg-info to /home/robot/ros2_ws/install/serial_robot/lib/python3.12/site-packages/serial_robot-0.0.0-py3.12.egg-info
[4.732s] running install_scripts
[5.171s] Installing ej script to /home/robot/ros2_ws/install/serial_robot/lib/serial_robot
[5.174s] writing list of installed files to '/home/robot/ros2_ws/build/serial_robot/install.log'
[5.303s] Invoked command in '/home/robot/ros2_ws/src/serial_robot' returned '0': DEBUGINFOD_URLS=https://debuginfod.ubuntu.com PYTHONPATH=/home/robot/ros2_ws/build/serial_robot/prefix_override:/usr/lib/python3/dist-packages/colcon_core/task/python/colcon_distutils_commands:/home/robot/ros2_ws/install/serial_robot/lib/python3.12/site-packages:${PYTHONPATH} /usr/bin/python3 -W ignore:setup.py install is deprecated -W ignore:easy_install command is deprecated setup.py egg_info --egg-base ../../build/serial_robot build --build-base /home/robot/ros2_ws/build/serial_robot/build install --record /home/robot/ros2_ws/build/serial_robot/install.log --single-version-externally-managed install_data
