[2.675s] Invoking command in '/home/robot/ros2_ws/src/bno055': DEBUGINFOD_URLS=https://debuginfod.ubuntu.com PYTHONPATH=/home/robot/ros2_ws/build/bno055/prefix_override:/usr/lib/python3/dist-packages/colcon_core/task/python/colcon_distutils_commands:/home/robot/ros2_ws/install/bno055/lib/python3.12/site-packages:${PYTHONPATH} /usr/bin/python3 -W ignore:setup.py install is deprecated -W ignore:easy_install command is deprecated setup.py egg_info --egg-base ../../build/bno055 build --build-base /home/robot/ros2_ws/build/bno055/build install --record /home/robot/ros2_ws/build/bno055/install.log --single-version-externally-managed install_data
[3.292s] running egg_info
[3.293s] creating ../../build/bno055/bno055.egg-info
[3.342s] writing ../../build/bno055/bno055.egg-info/PKG-INFO
[3.342s] writing dependency_links to ../../build/bno055/bno055.egg-info/dependency_links.txt
[3.342s] writing entry points to ../../build/bno055/bno055.egg-info/entry_points.txt
[3.342s] writing requirements to ../../build/bno055/bno055.egg-info/requires.txt
[3.342s] writing top-level names to ../../build/bno055/bno055.egg-info/top_level.txt
[3.342s] writing manifest file '../../build/bno055/bno055.egg-info/SOURCES.txt'
[3.430s] reading manifest file '../../build/bno055/bno055.egg-info/SOURCES.txt'
[3.431s] adding license file 'LICENSE'
[3.431s] adding license file 'AUTHORS'
[3.433s] writing manifest file '../../build/bno055/bno055.egg-info/SOURCES.txt'
[3.433s] running build
[3.434s] running build_py
[3.434s] creating /home/robot/ros2_ws/build/bno055/build
[3.435s] creating /home/robot/ros2_ws/build/bno055/build/lib
[3.436s] creating /home/robot/ros2_ws/build/bno055/build/lib/bno055
[3.436s] copying bno055/__init__.py -> /home/robot/ros2_ws/build/bno055/build/lib/bno055
[3.438s] copying bno055/bno055.py -> /home/robot/ros2_ws/build/bno055/build/lib/bno055
[3.438s] copying bno055/registers.py -> /home/robot/ros2_ws/build/bno055/build/lib/bno055
[3.439s] creating /home/robot/ros2_ws/build/bno055/build/lib/bno055/sensor
[3.440s] copying bno055/sensor/SensorService.py -> /home/robot/ros2_ws/build/bno055/build/lib/bno055/sensor
[3.440s] copying bno055/sensor/__init__.py -> /home/robot/ros2_ws/build/bno055/build/lib/bno055/sensor
[3.441s] creating /home/robot/ros2_ws/build/bno055/build/lib/bno055/params
[3.442s] copying bno055/params/NodeParameters.py -> /home/robot/ros2_ws/build/bno055/build/lib/bno055/params
[3.442s] copying bno055/params/__init__.py -> /home/robot/ros2_ws/build/bno055/build/lib/bno055/params
[3.443s] creating /home/robot/ros2_ws/build/bno055/build/lib/bno055/error_handling
[3.443s] copying bno055/error_handling/exceptions.py -> /home/robot/ros2_ws/build/bno055/build/lib/bno055/error_handling
[3.444s] copying bno055/error_handling/__init__.py -> /home/robot/ros2_ws/build/bno055/build/lib/bno055/error_handling
[3.445s] creating /home/robot/ros2_ws/build/bno055/build/lib/bno055/connectors
[3.445s] copying bno055/connectors/uart.py -> /home/robot/ros2_ws/build/bno055/build/lib/bno055/connectors
[3.445s] copying bno055/connectors/i2c.py -> /home/robot/ros2_ws/build/bno055/build/lib/bno055/connectors
[3.448s] copying bno055/connectors/Connector.py -> /home/robot/ros2_ws/build/bno055/build/lib/bno055/connectors
[3.449s] copying bno055/connectors/__init__.py -> /home/robot/ros2_ws/build/bno055/build/lib/bno055/connectors
[3.449s] running install
[3.464s] running install_lib
[3.511s] creating /home/robot/ros2_ws/install/bno055/lib/python3.12/site-packages/bno055
[3.511s] copying /home/robot/ros2_ws/build/bno055/build/lib/bno055/bno055.py -> /home/robot/ros2_ws/install/bno055/lib/python3.12/site-packages/bno055
[3.512s] creating /home/robot/ros2_ws/install/bno055/lib/python3.12/site-packages/bno055/sensor
[3.512s] copying /home/robot/ros2_ws/build/bno055/build/lib/bno055/sensor/SensorService.py -> /home/robot/ros2_ws/install/bno055/lib/python3.12/site-packages/bno055/sensor
[3.512s] copying /home/robot/ros2_ws/build/bno055/build/lib/bno055/sensor/__init__.py -> /home/robot/ros2_ws/install/bno055/lib/python3.12/site-packages/bno055/sensor
[3.513s] creating /home/robot/ros2_ws/install/bno055/lib/python3.12/site-packages/bno055/params
[3.514s] copying /home/robot/ros2_ws/build/bno055/build/lib/bno055/params/NodeParameters.py -> /home/robot/ros2_ws/install/bno055/lib/python3.12/site-packages/bno055/params
[3.514s] copying /home/robot/ros2_ws/build/bno055/build/lib/bno055/params/__init__.py -> /home/robot/ros2_ws/install/bno055/lib/python3.12/site-packages/bno055/params
[3.514s] copying /home/robot/ros2_ws/build/bno055/build/lib/bno055/registers.py -> /home/robot/ros2_ws/install/bno055/lib/python3.12/site-packages/bno055
[3.514s] creating /home/robot/ros2_ws/install/bno055/lib/python3.12/site-packages/bno055/error_handling
[3.515s] copying /home/robot/ros2_ws/build/bno055/build/lib/bno055/error_handling/exceptions.py -> /home/robot/ros2_ws/install/bno055/lib/python3.12/site-packages/bno055/error_handling
[3.515s] copying /home/robot/ros2_ws/build/bno055/build/lib/bno055/error_handling/__init__.py -> /home/robot/ros2_ws/install/bno055/lib/python3.12/site-packages/bno055/error_handling
[3.515s] creating /home/robot/ros2_ws/install/bno055/lib/python3.12/site-packages/bno055/connectors
[3.515s] copying /home/robot/ros2_ws/build/bno055/build/lib/bno055/connectors/uart.py -> /home/robot/ros2_ws/install/bno055/lib/python3.12/site-packages/bno055/connectors
[3.515s] copying /home/robot/ros2_ws/build/bno055/build/lib/bno055/connectors/i2c.py -> /home/robot/ros2_ws/install/bno055/lib/python3.12/site-packages/bno055/connectors
[3.516s] copying /home/robot/ros2_ws/build/bno055/build/lib/bno055/connectors/Connector.py -> /home/robot/ros2_ws/install/bno055/lib/python3.12/site-packages/bno055/connectors
[3.516s] copying /home/robot/ros2_ws/build/bno055/build/lib/bno055/connectors/__init__.py -> /home/robot/ros2_ws/install/bno055/lib/python3.12/site-packages/bno055/connectors
[3.518s] copying /home/robot/ros2_ws/build/bno055/build/lib/bno055/__init__.py -> /home/robot/ros2_ws/install/bno055/lib/python3.12/site-packages/bno055
[3.518s] byte-compiling /home/robot/ros2_ws/install/bno055/lib/python3.12/site-packages/bno055/bno055.py to bno055.cpython-312.pyc
[3.522s] byte-compiling /home/robot/ros2_ws/install/bno055/lib/python3.12/site-packages/bno055/sensor/SensorService.py to SensorService.cpython-312.pyc
[3.531s] byte-compiling /home/robot/ros2_ws/install/bno055/lib/python3.12/site-packages/bno055/sensor/__init__.py to __init__.cpython-312.pyc
[3.532s] byte-compiling /home/robot/ros2_ws/install/bno055/lib/python3.12/site-packages/bno055/params/NodeParameters.py to NodeParameters.cpython-312.pyc
[3.536s] byte-compiling /home/robot/ros2_ws/install/bno055/lib/python3.12/site-packages/bno055/params/__init__.py to __init__.cpython-312.pyc
[3.540s] byte-compiling /home/robot/ros2_ws/install/bno055/lib/python3.12/site-packages/bno055/registers.py to registers.cpython-312.pyc
[3.540s] byte-compiling /home/robot/ros2_ws/install/bno055/lib/python3.12/site-packages/bno055/error_handling/exceptions.py to exceptions.cpython-312.pyc
[3.541s] byte-compiling /home/robot/ros2_ws/install/bno055/lib/python3.12/site-packages/bno055/error_handling/__init__.py to __init__.cpython-312.pyc
[3.542s] byte-compiling /home/robot/ros2_ws/install/bno055/lib/python3.12/site-packages/bno055/connectors/uart.py to uart.cpython-312.pyc
[3.545s] byte-compiling /home/robot/ros2_ws/install/bno055/lib/python3.12/site-packages/bno055/connectors/i2c.py to i2c.cpython-312.pyc
[3.548s] byte-compiling /home/robot/ros2_ws/install/bno055/lib/python3.12/site-packages/bno055/connectors/Connector.py to Connector.cpython-312.pyc
[3.549s] byte-compiling /home/robot/ros2_ws/install/bno055/lib/python3.12/site-packages/bno055/connectors/__init__.py to __init__.cpython-312.pyc
[3.549s] byte-compiling /home/robot/ros2_ws/install/bno055/lib/python3.12/site-packages/bno055/__init__.py to __init__.cpython-312.pyc
[3.549s] running install_data
[3.549s] creating /home/robot/ros2_ws/install/bno055/share/ament_index
[3.550s] creating /home/robot/ros2_ws/install/bno055/share/ament_index/resource_index
[3.550s] creating /home/robot/ros2_ws/install/bno055/share/ament_index/resource_index/packages
[3.550s] copying resource/bno055 -> /home/robot/ros2_ws/install/bno055/share/ament_index/resource_index/packages
[3.550s] copying package.xml -> /home/robot/ros2_ws/install/bno055/share/bno055
[3.552s] creating /home/robot/ros2_ws/install/bno055/share/bno055/launch
[3.552s] copying launch/bno055.launch.py -> /home/robot/ros2_ws/install/bno055/share/bno055/launch
[3.555s] creating /home/robot/ros2_ws/install/bno055/share/bno055/config
[3.555s] copying bno055/params/bno055_params.yaml -> /home/robot/ros2_ws/install/bno055/share/bno055/config
[3.555s] copying bno055/params/bno055_params_i2c.yaml -> /home/robot/ros2_ws/install/bno055/share/bno055/config
[3.555s] copying bno055/params/bno055_params_test.yaml -> /home/robot/ros2_ws/install/bno055/share/bno055/config
[3.555s] running install_egg_info
[3.606s] Copying ../../build/bno055/bno055.egg-info to /home/robot/ros2_ws/install/bno055/lib/python3.12/site-packages/bno055-0.5.0-py3.12.egg-info
[3.608s] running install_scripts
[3.906s] Installing bno055 script to /home/robot/ros2_ws/install/bno055/lib/bno055
[3.908s] writing list of installed files to '/home/robot/ros2_ws/build/bno055/install.log'
[3.994s] Invoked command in '/home/robot/ros2_ws/src/bno055' returned '0': DEBUGINFOD_URLS=https://debuginfod.ubuntu.com PYTHONPATH=/home/robot/ros2_ws/build/bno055/prefix_override:/usr/lib/python3/dist-packages/colcon_core/task/python/colcon_distutils_commands:/home/robot/ros2_ws/install/bno055/lib/python3.12/site-packages:${PYTHONPATH} /usr/bin/python3 -W ignore:setup.py install is deprecated -W ignore:easy_install command is deprecated setup.py egg_info --egg-base ../../build/bno055 build --build-base /home/robot/ros2_ws/build/bno055/build install --record /home/robot/ros2_ws/build/bno055/install.log --single-version-externally-managed install_data
