[0.120s] DEBUG:colcon:Command line arguments: ['/usr/bin/colcon', 'build', '--packages-select', 'my_publisher_pkg', '--symlink-install']
[0.120s] DEBUG:colcon:Parsed command line arguments: Namespace(log_base=None, log_level=None, verb_name='build', build_base='build', install_base='install', merge_install=False, symlink_install=True, test_result_base=None, continue_on_error=False, executor='parallel', parallel_workers=4, event_handlers=None, ignore_user_meta=False, metas=['./colcon.meta'], base_paths=['.'], packages_ignore=None, packages_ignore_regex=None, paths=None, packages_up_to=None, packages_up_to_regex=None, packages_above=None, packages_above_and_dependencies=None, packages_above_depth=None, packages_select_by_dep=None, packages_skip_by_dep=None, packages_skip_up_to=None, packages_select_build_failed=False, packages_skip_build_finished=False, packages_select_test_failures=False, packages_skip_test_passed=False, packages_select=['my_publisher_pkg'], packages_skip=None, packages_select_regex=None, packages_skip_regex=None, packages_start=None, packages_end=None, cmake_args=None, cmake_target=None, cmake_target_skip_unavailable=False, cmake_clean_cache=False, cmake_clean_first=False, cmake_force_configure=False, ament_cmake_args=None, catkin_cmake_args=None, catkin_skip_building_tests=False, verb_parser=<colcon_defaults.argument_parser.defaults.DefaultArgumentsDecorator object at 0x778f8ea04920>, verb_extension=<colcon_core.verb.build.BuildVerb object at 0x778f8ea04650>, main=<bound method BuildVerb.main of <colcon_core.verb.build.BuildVerb object at 0x778f8ea04650>>)
[0.165s] Level 1:colcon.colcon_core.package_discovery:discover_packages(colcon_meta) check parameters
[0.165s] Level 1:colcon.colcon_core.package_discovery:discover_packages(recursive) check parameters
[0.165s] Level 1:colcon.colcon_core.package_discovery:discover_packages(ignore) check parameters
[0.165s] Level 1:colcon.colcon_core.package_discovery:discover_packages(path) check parameters
[0.165s] Level 1:colcon.colcon_core.package_discovery:discover_packages(colcon_meta) discover
[0.165s] Level 1:colcon.colcon_core.package_discovery:discover_packages(recursive) discover
[0.165s] INFO:colcon.colcon_core.package_discovery:Crawling recursively for packages in '/home/robot/prueba_ws'
[0.165s] Level 1:colcon.colcon_core.package_identification:_identify(.) by extensions ['ignore', 'ignore_ament_install']
[0.165s] Level 1:colcon.colcon_core.package_identification:_identify(.) by extension 'ignore'
[0.165s] Level 1:colcon.colcon_core.package_identification:_identify(.) by extension 'ignore_ament_install'
[0.165s] Level 1:colcon.colcon_core.package_identification:_identify(.) by extensions ['colcon_pkg']
[0.165s] Level 1:colcon.colcon_core.package_identification:_identify(.) by extension 'colcon_pkg'
[0.166s] Level 1:colcon.colcon_core.package_identification:_identify(.) by extensions ['colcon_meta']
[0.166s] Level 1:colcon.colcon_core.package_identification:_identify(.) by extension 'colcon_meta'
[0.166s] Level 1:colcon.colcon_core.package_identification:_identify(.) by extensions ['ros']
[0.166s] Level 1:colcon.colcon_core.package_identification:_identify(.) by extension 'ros'
[0.195s] Level 1:colcon.colcon_core.package_identification:_identify(.) by extensions ['cmake', 'python']
[0.195s] Level 1:colcon.colcon_core.package_identification:_identify(.) by extension 'cmake'
[0.195s] Level 1:colcon.colcon_core.package_identification:_identify(.) by extension 'python'
[0.195s] Level 1:colcon.colcon_core.package_identification:_identify(.) by extensions ['python_setup_py']
[0.195s] Level 1:colcon.colcon_core.package_identification:_identify(.) by extension 'python_setup_py'
[0.196s] Level 1:colcon.colcon_core.package_identification:_identify(build) by extensions ['ignore', 'ignore_ament_install']
[0.196s] Level 1:colcon.colcon_core.package_identification:_identify(build) by extension 'ignore'
[0.196s] Level 1:colcon.colcon_core.package_identification:_identify(build) ignored
[0.196s] Level 1:colcon.colcon_core.package_identification:_identify(install) by extensions ['ignore', 'ignore_ament_install']
[0.196s] Level 1:colcon.colcon_core.package_identification:_identify(install) by extension 'ignore'
[0.196s] Level 1:colcon.colcon_core.package_identification:_identify(install) ignored
[0.196s] Level 1:colcon.colcon_core.package_identification:_identify(log) by extensions ['ignore', 'ignore_ament_install']
[0.196s] Level 1:colcon.colcon_core.package_identification:_identify(log) by extension 'ignore'
[0.196s] Level 1:colcon.colcon_core.package_identification:_identify(log) ignored
[0.196s] Level 1:colcon.colcon_core.package_identification:_identify(onda_cuadrada_test_2025_07_14_15_48_14) by extensions ['ignore', 'ignore_ament_install']
[0.196s] Level 1:colcon.colcon_core.package_identification:_identify(onda_cuadrada_test_2025_07_14_15_48_14) by extension 'ignore'
[0.197s] Level 1:colcon.colcon_core.package_identification:_identify(onda_cuadrada_test_2025_07_14_15_48_14) by extension 'ignore_ament_install'
[0.197s] Level 1:colcon.colcon_core.package_identification:_identify(onda_cuadrada_test_2025_07_14_15_48_14) by extensions ['colcon_pkg']
[0.197s] Level 1:colcon.colcon_core.package_identification:_identify(onda_cuadrada_test_2025_07_14_15_48_14) by extension 'colcon_pkg'
[0.197s] Level 1:colcon.colcon_core.package_identification:_identify(onda_cuadrada_test_2025_07_14_15_48_14) by extensions ['colcon_meta']
[0.197s] Level 1:colcon.colcon_core.package_identification:_identify(onda_cuadrada_test_2025_07_14_15_48_14) by extension 'colcon_meta'
[0.197s] Level 1:colcon.colcon_core.package_identification:_identify(onda_cuadrada_test_2025_07_14_15_48_14) by extensions ['ros']
[0.197s] Level 1:colcon.colcon_core.package_identification:_identify(onda_cuadrada_test_2025_07_14_15_48_14) by extension 'ros'
[0.197s] Level 1:colcon.colcon_core.package_identification:_identify(onda_cuadrada_test_2025_07_14_15_48_14) by extensions ['cmake', 'python']
[0.197s] Level 1:colcon.colcon_core.package_identification:_identify(onda_cuadrada_test_2025_07_14_15_48_14) by extension 'cmake'
[0.197s] Level 1:colcon.colcon_core.package_identification:_identify(onda_cuadrada_test_2025_07_14_15_48_14) by extension 'python'
[0.197s] Level 1:colcon.colcon_core.package_identification:_identify(onda_cuadrada_test_2025_07_14_15_48_14) by extensions ['python_setup_py']
[0.197s] Level 1:colcon.colcon_core.package_identification:_identify(onda_cuadrada_test_2025_07_14_15_48_14) by extension 'python_setup_py'
[0.197s] Level 1:colcon.colcon_core.package_identification:_identify(onda_cuadrada_test_2025_07_14_15_51_22) by extensions ['ignore', 'ignore_ament_install']
[0.197s] Level 1:colcon.colcon_core.package_identification:_identify(onda_cuadrada_test_2025_07_14_15_51_22) by extension 'ignore'
[0.197s] Level 1:colcon.colcon_core.package_identification:_identify(onda_cuadrada_test_2025_07_14_15_51_22) by extension 'ignore_ament_install'
[0.197s] Level 1:colcon.colcon_core.package_identification:_identify(onda_cuadrada_test_2025_07_14_15_51_22) by extensions ['colcon_pkg']
[0.197s] Level 1:colcon.colcon_core.package_identification:_identify(onda_cuadrada_test_2025_07_14_15_51_22) by extension 'colcon_pkg'
[0.197s] Level 1:colcon.colcon_core.package_identification:_identify(onda_cuadrada_test_2025_07_14_15_51_22) by extensions ['colcon_meta']
[0.197s] Level 1:colcon.colcon_core.package_identification:_identify(onda_cuadrada_test_2025_07_14_15_51_22) by extension 'colcon_meta'
[0.197s] Level 1:colcon.colcon_core.package_identification:_identify(onda_cuadrada_test_2025_07_14_15_51_22) by extensions ['ros']
[0.197s] Level 1:colcon.colcon_core.package_identification:_identify(onda_cuadrada_test_2025_07_14_15_51_22) by extension 'ros'
[0.198s] Level 1:colcon.colcon_core.package_identification:_identify(onda_cuadrada_test_2025_07_14_15_51_22) by extensions ['cmake', 'python']
[0.198s] Level 1:colcon.colcon_core.package_identification:_identify(onda_cuadrada_test_2025_07_14_15_51_22) by extension 'cmake'
[0.198s] Level 1:colcon.colcon_core.package_identification:_identify(onda_cuadrada_test_2025_07_14_15_51_22) by extension 'python'
[0.198s] Level 1:colcon.colcon_core.package_identification:_identify(onda_cuadrada_test_2025_07_14_15_51_22) by extensions ['python_setup_py']
[0.198s] Level 1:colcon.colcon_core.package_identification:_identify(onda_cuadrada_test_2025_07_14_15_51_22) by extension 'python_setup_py'
[0.198s] Level 1:colcon.colcon_core.package_identification:_identify(onda_cuadrada_test_2025_07_14_15_52_06) by extensions ['ignore', 'ignore_ament_install']
[0.198s] Level 1:colcon.colcon_core.package_identification:_identify(onda_cuadrada_test_2025_07_14_15_52_06) by extension 'ignore'
[0.198s] Level 1:colcon.colcon_core.package_identification:_identify(onda_cuadrada_test_2025_07_14_15_52_06) by extension 'ignore_ament_install'
[0.198s] Level 1:colcon.colcon_core.package_identification:_identify(onda_cuadrada_test_2025_07_14_15_52_06) by extensions ['colcon_pkg']
[0.198s] Level 1:colcon.colcon_core.package_identification:_identify(onda_cuadrada_test_2025_07_14_15_52_06) by extension 'colcon_pkg'
[0.198s] Level 1:colcon.colcon_core.package_identification:_identify(onda_cuadrada_test_2025_07_14_15_52_06) by extensions ['colcon_meta']
[0.198s] Level 1:colcon.colcon_core.package_identification:_identify(onda_cuadrada_test_2025_07_14_15_52_06) by extension 'colcon_meta'
[0.198s] Level 1:colcon.colcon_core.package_identification:_identify(onda_cuadrada_test_2025_07_14_15_52_06) by extensions ['ros']
[0.198s] Level 1:colcon.colcon_core.package_identification:_identify(onda_cuadrada_test_2025_07_14_15_52_06) by extension 'ros'
[0.198s] Level 1:colcon.colcon_core.package_identification:_identify(onda_cuadrada_test_2025_07_14_15_52_06) by extensions ['cmake', 'python']
[0.198s] Level 1:colcon.colcon_core.package_identification:_identify(onda_cuadrada_test_2025_07_14_15_52_06) by extension 'cmake'
[0.198s] Level 1:colcon.colcon_core.package_identification:_identify(onda_cuadrada_test_2025_07_14_15_52_06) by extension 'python'
[0.198s] Level 1:colcon.colcon_core.package_identification:_identify(onda_cuadrada_test_2025_07_14_15_52_06) by extensions ['python_setup_py']
[0.198s] Level 1:colcon.colcon_core.package_identification:_identify(onda_cuadrada_test_2025_07_14_15_52_06) by extension 'python_setup_py'
[0.199s] Level 1:colcon.colcon_core.package_identification:_identify(onda_cuadrada_test_2025_07_14_15_56_54) by extensions ['ignore', 'ignore_ament_install']
[0.199s] Level 1:colcon.colcon_core.package_identification:_identify(onda_cuadrada_test_2025_07_14_15_56_54) by extension 'ignore'
[0.199s] Level 1:colcon.colcon_core.package_identification:_identify(onda_cuadrada_test_2025_07_14_15_56_54) by extension 'ignore_ament_install'
[0.199s] Level 1:colcon.colcon_core.package_identification:_identify(onda_cuadrada_test_2025_07_14_15_56_54) by extensions ['colcon_pkg']
[0.199s] Level 1:colcon.colcon_core.package_identification:_identify(onda_cuadrada_test_2025_07_14_15_56_54) by extension 'colcon_pkg'
[0.199s] Level 1:colcon.colcon_core.package_identification:_identify(onda_cuadrada_test_2025_07_14_15_56_54) by extensions ['colcon_meta']
[0.199s] Level 1:colcon.colcon_core.package_identification:_identify(onda_cuadrada_test_2025_07_14_15_56_54) by extension 'colcon_meta'
[0.199s] Level 1:colcon.colcon_core.package_identification:_identify(onda_cuadrada_test_2025_07_14_15_56_54) by extensions ['ros']
[0.199s] Level 1:colcon.colcon_core.package_identification:_identify(onda_cuadrada_test_2025_07_14_15_56_54) by extension 'ros'
[0.199s] Level 1:colcon.colcon_core.package_identification:_identify(onda_cuadrada_test_2025_07_14_15_56_54) by extensions ['cmake', 'python']
[0.199s] Level 1:colcon.colcon_core.package_identification:_identify(onda_cuadrada_test_2025_07_14_15_56_54) by extension 'cmake'
[0.199s] Level 1:colcon.colcon_core.package_identification:_identify(onda_cuadrada_test_2025_07_14_15_56_54) by extension 'python'
[0.199s] Level 1:colcon.colcon_core.package_identification:_identify(onda_cuadrada_test_2025_07_14_15_56_54) by extensions ['python_setup_py']
[0.199s] Level 1:colcon.colcon_core.package_identification:_identify(onda_cuadrada_test_2025_07_14_15_56_54) by extension 'python_setup_py'
[0.199s] Level 1:colcon.colcon_core.package_identification:_identify(onda_cuadrada_test_2025_07_14_15_58_05) by extensions ['ignore', 'ignore_ament_install']
[0.200s] Level 1:colcon.colcon_core.package_identification:_identify(onda_cuadrada_test_2025_07_14_15_58_05) by extension 'ignore'
[0.200s] Level 1:colcon.colcon_core.package_identification:_identify(onda_cuadrada_test_2025_07_14_15_58_05) by extension 'ignore_ament_install'
[0.200s] Level 1:colcon.colcon_core.package_identification:_identify(onda_cuadrada_test_2025_07_14_15_58_05) by extensions ['colcon_pkg']
[0.200s] Level 1:colcon.colcon_core.package_identification:_identify(onda_cuadrada_test_2025_07_14_15_58_05) by extension 'colcon_pkg'
[0.200s] Level 1:colcon.colcon_core.package_identification:_identify(onda_cuadrada_test_2025_07_14_15_58_05) by extensions ['colcon_meta']
[0.200s] Level 1:colcon.colcon_core.package_identification:_identify(onda_cuadrada_test_2025_07_14_15_58_05) by extension 'colcon_meta'
[0.200s] Level 1:colcon.colcon_core.package_identification:_identify(onda_cuadrada_test_2025_07_14_15_58_05) by extensions ['ros']
[0.200s] Level 1:colcon.colcon_core.package_identification:_identify(onda_cuadrada_test_2025_07_14_15_58_05) by extension 'ros'
[0.200s] Level 1:colcon.colcon_core.package_identification:_identify(onda_cuadrada_test_2025_07_14_15_58_05) by extensions ['cmake', 'python']
[0.200s] Level 1:colcon.colcon_core.package_identification:_identify(onda_cuadrada_test_2025_07_14_15_58_05) by extension 'cmake'
[0.200s] Level 1:colcon.colcon_core.package_identification:_identify(onda_cuadrada_test_2025_07_14_15_58_05) by extension 'python'
[0.200s] Level 1:colcon.colcon_core.package_identification:_identify(onda_cuadrada_test_2025_07_14_15_58_05) by extensions ['python_setup_py']
[0.200s] Level 1:colcon.colcon_core.package_identification:_identify(onda_cuadrada_test_2025_07_14_15_58_05) by extension 'python_setup_py'
[0.200s] Level 1:colcon.colcon_core.package_identification:_identify(onda_cuadrada_test_2025_07_14_15_59_13) by extensions ['ignore', 'ignore_ament_install']
[0.200s] Level 1:colcon.colcon_core.package_identification:_identify(onda_cuadrada_test_2025_07_14_15_59_13) by extension 'ignore'
[0.200s] Level 1:colcon.colcon_core.package_identification:_identify(onda_cuadrada_test_2025_07_14_15_59_13) by extension 'ignore_ament_install'
[0.200s] Level 1:colcon.colcon_core.package_identification:_identify(onda_cuadrada_test_2025_07_14_15_59_13) by extensions ['colcon_pkg']
[0.200s] Level 1:colcon.colcon_core.package_identification:_identify(onda_cuadrada_test_2025_07_14_15_59_13) by extension 'colcon_pkg'
[0.200s] Level 1:colcon.colcon_core.package_identification:_identify(onda_cuadrada_test_2025_07_14_15_59_13) by extensions ['colcon_meta']
[0.200s] Level 1:colcon.colcon_core.package_identification:_identify(onda_cuadrada_test_2025_07_14_15_59_13) by extension 'colcon_meta'
[0.200s] Level 1:colcon.colcon_core.package_identification:_identify(onda_cuadrada_test_2025_07_14_15_59_13) by extensions ['ros']
[0.201s] Level 1:colcon.colcon_core.package_identification:_identify(onda_cuadrada_test_2025_07_14_15_59_13) by extension 'ros'
[0.201s] Level 1:colcon.colcon_core.package_identification:_identify(onda_cuadrada_test_2025_07_14_15_59_13) by extensions ['cmake', 'python']
[0.201s] Level 1:colcon.colcon_core.package_identification:_identify(onda_cuadrada_test_2025_07_14_15_59_13) by extension 'cmake'
[0.201s] Level 1:colcon.colcon_core.package_identification:_identify(onda_cuadrada_test_2025_07_14_15_59_13) by extension 'python'
[0.201s] Level 1:colcon.colcon_core.package_identification:_identify(onda_cuadrada_test_2025_07_14_15_59_13) by extensions ['python_setup_py']
[0.201s] Level 1:colcon.colcon_core.package_identification:_identify(onda_cuadrada_test_2025_07_14_15_59_13) by extension 'python_setup_py'
[0.201s] Level 1:colcon.colcon_core.package_identification:_identify(square_wave_test_2025_07_14_16_11_12) by extensions ['ignore', 'ignore_ament_install']
[0.201s] Level 1:colcon.colcon_core.package_identification:_identify(square_wave_test_2025_07_14_16_11_12) by extension 'ignore'
[0.201s] Level 1:colcon.colcon_core.package_identification:_identify(square_wave_test_2025_07_14_16_11_12) by extension 'ignore_ament_install'
[0.201s] Level 1:colcon.colcon_core.package_identification:_identify(square_wave_test_2025_07_14_16_11_12) by extensions ['colcon_pkg']
[0.201s] Level 1:colcon.colcon_core.package_identification:_identify(square_wave_test_2025_07_14_16_11_12) by extension 'colcon_pkg'
[0.201s] Level 1:colcon.colcon_core.package_identification:_identify(square_wave_test_2025_07_14_16_11_12) by extensions ['colcon_meta']
[0.201s] Level 1:colcon.colcon_core.package_identification:_identify(square_wave_test_2025_07_14_16_11_12) by extension 'colcon_meta'
[0.201s] Level 1:colcon.colcon_core.package_identification:_identify(square_wave_test_2025_07_14_16_11_12) by extensions ['ros']
[0.201s] Level 1:colcon.colcon_core.package_identification:_identify(square_wave_test_2025_07_14_16_11_12) by extension 'ros'
[0.201s] Level 1:colcon.colcon_core.package_identification:_identify(square_wave_test_2025_07_14_16_11_12) by extensions ['cmake', 'python']
[0.201s] Level 1:colcon.colcon_core.package_identification:_identify(square_wave_test_2025_07_14_16_11_12) by extension 'cmake'
[0.201s] Level 1:colcon.colcon_core.package_identification:_identify(square_wave_test_2025_07_14_16_11_12) by extension 'python'
[0.201s] Level 1:colcon.colcon_core.package_identification:_identify(square_wave_test_2025_07_14_16_11_12) by extensions ['python_setup_py']
[0.201s] Level 1:colcon.colcon_core.package_identification:_identify(square_wave_test_2025_07_14_16_11_12) by extension 'python_setup_py'
[0.202s] Level 1:colcon.colcon_core.package_identification:_identify(square_wave_test_2025_07_14_16_12_04) by extensions ['ignore', 'ignore_ament_install']
[0.202s] Level 1:colcon.colcon_core.package_identification:_identify(square_wave_test_2025_07_14_16_12_04) by extension 'ignore'
[0.202s] Level 1:colcon.colcon_core.package_identification:_identify(square_wave_test_2025_07_14_16_12_04) by extension 'ignore_ament_install'
[0.202s] Level 1:colcon.colcon_core.package_identification:_identify(square_wave_test_2025_07_14_16_12_04) by extensions ['colcon_pkg']
[0.202s] Level 1:colcon.colcon_core.package_identification:_identify(square_wave_test_2025_07_14_16_12_04) by extension 'colcon_pkg'
[0.202s] Level 1:colcon.colcon_core.package_identification:_identify(square_wave_test_2025_07_14_16_12_04) by extensions ['colcon_meta']
[0.202s] Level 1:colcon.colcon_core.package_identification:_identify(square_wave_test_2025_07_14_16_12_04) by extension 'colcon_meta'
[0.202s] Level 1:colcon.colcon_core.package_identification:_identify(square_wave_test_2025_07_14_16_12_04) by extensions ['ros']
[0.202s] Level 1:colcon.colcon_core.package_identification:_identify(square_wave_test_2025_07_14_16_12_04) by extension 'ros'
[0.202s] Level 1:colcon.colcon_core.package_identification:_identify(square_wave_test_2025_07_14_16_12_04) by extensions ['cmake', 'python']
[0.202s] Level 1:colcon.colcon_core.package_identification:_identify(square_wave_test_2025_07_14_16_12_04) by extension 'cmake'
[0.202s] Level 1:colcon.colcon_core.package_identification:_identify(square_wave_test_2025_07_14_16_12_04) by extension 'python'
[0.202s] Level 1:colcon.colcon_core.package_identification:_identify(square_wave_test_2025_07_14_16_12_04) by extensions ['python_setup_py']
[0.202s] Level 1:colcon.colcon_core.package_identification:_identify(square_wave_test_2025_07_14_16_12_04) by extension 'python_setup_py'
[0.202s] Level 1:colcon.colcon_core.package_identification:_identify(square_wave_test_2025_07_14_16_14_02) by extensions ['ignore', 'ignore_ament_install']
[0.202s] Level 1:colcon.colcon_core.package_identification:_identify(square_wave_test_2025_07_14_16_14_02) by extension 'ignore'
[0.202s] Level 1:colcon.colcon_core.package_identification:_identify(square_wave_test_2025_07_14_16_14_02) by extension 'ignore_ament_install'
[0.202s] Level 1:colcon.colcon_core.package_identification:_identify(square_wave_test_2025_07_14_16_14_02) by extensions ['colcon_pkg']
[0.202s] Level 1:colcon.colcon_core.package_identification:_identify(square_wave_test_2025_07_14_16_14_02) by extension 'colcon_pkg'
[0.203s] Level 1:colcon.colcon_core.package_identification:_identify(square_wave_test_2025_07_14_16_14_02) by extensions ['colcon_meta']
[0.203s] Level 1:colcon.colcon_core.package_identification:_identify(square_wave_test_2025_07_14_16_14_02) by extension 'colcon_meta'
[0.203s] Level 1:colcon.colcon_core.package_identification:_identify(square_wave_test_2025_07_14_16_14_02) by extensions ['ros']
[0.203s] Level 1:colcon.colcon_core.package_identification:_identify(square_wave_test_2025_07_14_16_14_02) by extension 'ros'
[0.203s] Level 1:colcon.colcon_core.package_identification:_identify(square_wave_test_2025_07_14_16_14_02) by extensions ['cmake', 'python']
[0.203s] Level 1:colcon.colcon_core.package_identification:_identify(square_wave_test_2025_07_14_16_14_02) by extension 'cmake'
[0.203s] Level 1:colcon.colcon_core.package_identification:_identify(square_wave_test_2025_07_14_16_14_02) by extension 'python'
[0.203s] Level 1:colcon.colcon_core.package_identification:_identify(square_wave_test_2025_07_14_16_14_02) by extensions ['python_setup_py']
[0.203s] Level 1:colcon.colcon_core.package_identification:_identify(square_wave_test_2025_07_14_16_14_02) by extension 'python_setup_py'
[0.203s] Level 1:colcon.colcon_core.package_identification:_identify(square_wave_test_2025_07_14_16_15_55) by extensions ['ignore', 'ignore_ament_install']
[0.203s] Level 1:colcon.colcon_core.package_identification:_identify(square_wave_test_2025_07_14_16_15_55) by extension 'ignore'
[0.203s] Level 1:colcon.colcon_core.package_identification:_identify(square_wave_test_2025_07_14_16_15_55) by extension 'ignore_ament_install'
[0.203s] Level 1:colcon.colcon_core.package_identification:_identify(square_wave_test_2025_07_14_16_15_55) by extensions ['colcon_pkg']
[0.203s] Level 1:colcon.colcon_core.package_identification:_identify(square_wave_test_2025_07_14_16_15_55) by extension 'colcon_pkg'
[0.203s] Level 1:colcon.colcon_core.package_identification:_identify(square_wave_test_2025_07_14_16_15_55) by extensions ['colcon_meta']
[0.203s] Level 1:colcon.colcon_core.package_identification:_identify(square_wave_test_2025_07_14_16_15_55) by extension 'colcon_meta'
[0.203s] Level 1:colcon.colcon_core.package_identification:_identify(square_wave_test_2025_07_14_16_15_55) by extensions ['ros']
[0.203s] Level 1:colcon.colcon_core.package_identification:_identify(square_wave_test_2025_07_14_16_15_55) by extension 'ros'
[0.203s] Level 1:colcon.colcon_core.package_identification:_identify(square_wave_test_2025_07_14_16_15_55) by extensions ['cmake', 'python']
[0.203s] Level 1:colcon.colcon_core.package_identification:_identify(square_wave_test_2025_07_14_16_15_55) by extension 'cmake'
[0.203s] Level 1:colcon.colcon_core.package_identification:_identify(square_wave_test_2025_07_14_16_15_55) by extension 'python'
[0.204s] Level 1:colcon.colcon_core.package_identification:_identify(square_wave_test_2025_07_14_16_15_55) by extensions ['python_setup_py']
[0.204s] Level 1:colcon.colcon_core.package_identification:_identify(square_wave_test_2025_07_14_16_15_55) by extension 'python_setup_py'
[0.204s] Level 1:colcon.colcon_core.package_identification:_identify(square_wave_test_2025_07_14_16_17_08) by extensions ['ignore', 'ignore_ament_install']
[0.204s] Level 1:colcon.colcon_core.package_identification:_identify(square_wave_test_2025_07_14_16_17_08) by extension 'ignore'
[0.204s] Level 1:colcon.colcon_core.package_identification:_identify(square_wave_test_2025_07_14_16_17_08) by extension 'ignore_ament_install'
[0.204s] Level 1:colcon.colcon_core.package_identification:_identify(square_wave_test_2025_07_14_16_17_08) by extensions ['colcon_pkg']
[0.204s] Level 1:colcon.colcon_core.package_identification:_identify(square_wave_test_2025_07_14_16_17_08) by extension 'colcon_pkg'
[0.204s] Level 1:colcon.colcon_core.package_identification:_identify(square_wave_test_2025_07_14_16_17_08) by extensions ['colcon_meta']
[0.204s] Level 1:colcon.colcon_core.package_identification:_identify(square_wave_test_2025_07_14_16_17_08) by extension 'colcon_meta'
[0.204s] Level 1:colcon.colcon_core.package_identification:_identify(square_wave_test_2025_07_14_16_17_08) by extensions ['ros']
[0.204s] Level 1:colcon.colcon_core.package_identification:_identify(square_wave_test_2025_07_14_16_17_08) by extension 'ros'
[0.204s] Level 1:colcon.colcon_core.package_identification:_identify(square_wave_test_2025_07_14_16_17_08) by extensions ['cmake', 'python']
[0.204s] Level 1:colcon.colcon_core.package_identification:_identify(square_wave_test_2025_07_14_16_17_08) by extension 'cmake'
[0.204s] Level 1:colcon.colcon_core.package_identification:_identify(square_wave_test_2025_07_14_16_17_08) by extension 'python'
[0.204s] Level 1:colcon.colcon_core.package_identification:_identify(square_wave_test_2025_07_14_16_17_08) by extensions ['python_setup_py']
[0.204s] Level 1:colcon.colcon_core.package_identification:_identify(square_wave_test_2025_07_14_16_17_08) by extension 'python_setup_py'
[0.204s] Level 1:colcon.colcon_core.package_identification:_identify(src) by extensions ['ignore', 'ignore_ament_install']
[0.204s] Level 1:colcon.colcon_core.package_identification:_identify(src) by extension 'ignore'
[0.204s] Level 1:colcon.colcon_core.package_identification:_identify(src) by extension 'ignore_ament_install'
[0.205s] Level 1:colcon.colcon_core.package_identification:_identify(src) by extensions ['colcon_pkg']
[0.205s] Level 1:colcon.colcon_core.package_identification:_identify(src) by extension 'colcon_pkg'
[0.205s] Level 1:colcon.colcon_core.package_identification:_identify(src) by extensions ['colcon_meta']
[0.205s] Level 1:colcon.colcon_core.package_identification:_identify(src) by extension 'colcon_meta'
[0.205s] Level 1:colcon.colcon_core.package_identification:_identify(src) by extensions ['ros']
[0.205s] Level 1:colcon.colcon_core.package_identification:_identify(src) by extension 'ros'
[0.205s] Level 1:colcon.colcon_core.package_identification:_identify(src) by extensions ['cmake', 'python']
[0.205s] Level 1:colcon.colcon_core.package_identification:_identify(src) by extension 'cmake'
[0.205s] Level 1:colcon.colcon_core.package_identification:_identify(src) by extension 'python'
[0.205s] Level 1:colcon.colcon_core.package_identification:_identify(src) by extensions ['python_setup_py']
[0.205s] Level 1:colcon.colcon_core.package_identification:_identify(src) by extension 'python_setup_py'
[0.205s] Level 1:colcon.colcon_core.package_identification:_identify(src/my_publisher_pkg) by extensions ['ignore', 'ignore_ament_install']
[0.205s] Level 1:colcon.colcon_core.package_identification:_identify(src/my_publisher_pkg) by extension 'ignore'
[0.205s] Level 1:colcon.colcon_core.package_identification:_identify(src/my_publisher_pkg) by extension 'ignore_ament_install'
[0.205s] Level 1:colcon.colcon_core.package_identification:_identify(src/my_publisher_pkg) by extensions ['colcon_pkg']
[0.205s] Level 1:colcon.colcon_core.package_identification:_identify(src/my_publisher_pkg) by extension 'colcon_pkg'
[0.205s] Level 1:colcon.colcon_core.package_identification:_identify(src/my_publisher_pkg) by extensions ['colcon_meta']
[0.205s] Level 1:colcon.colcon_core.package_identification:_identify(src/my_publisher_pkg) by extension 'colcon_meta'
[0.205s] Level 1:colcon.colcon_core.package_identification:_identify(src/my_publisher_pkg) by extensions ['ros']
[0.205s] Level 1:colcon.colcon_core.package_identification:_identify(src/my_publisher_pkg) by extension 'ros'
[0.208s] DEBUG:colcon.colcon_core.package_identification:Package 'src/my_publisher_pkg' with type 'ros.ament_python' and name 'my_publisher_pkg'
[0.208s] Level 1:colcon.colcon_core.package_discovery:discover_packages(recursive) using defaults
[0.208s] Level 1:colcon.colcon_core.package_discovery:discover_packages(ignore) discover
[0.208s] Level 1:colcon.colcon_core.package_discovery:discover_packages(ignore) using defaults
[0.208s] Level 1:colcon.colcon_core.package_discovery:discover_packages(path) discover
[0.208s] Level 1:colcon.colcon_core.package_discovery:discover_packages(path) using defaults
[0.230s] Level 5:colcon.colcon_core.verb:set package 'my_publisher_pkg' build argument 'cmake_args' from command line to 'None'
[0.230s] Level 5:colcon.colcon_core.verb:set package 'my_publisher_pkg' build argument 'cmake_target' from command line to 'None'
[0.230s] Level 5:colcon.colcon_core.verb:set package 'my_publisher_pkg' build argument 'cmake_target_skip_unavailable' from command line to 'False'
[0.230s] Level 5:colcon.colcon_core.verb:set package 'my_publisher_pkg' build argument 'cmake_clean_cache' from command line to 'False'
[0.230s] Level 5:colcon.colcon_core.verb:set package 'my_publisher_pkg' build argument 'cmake_clean_first' from command line to 'False'
[0.230s] Level 5:colcon.colcon_core.verb:set package 'my_publisher_pkg' build argument 'cmake_force_configure' from command line to 'False'
[0.230s] Level 5:colcon.colcon_core.verb:set package 'my_publisher_pkg' build argument 'ament_cmake_args' from command line to 'None'
[0.230s] Level 5:colcon.colcon_core.verb:set package 'my_publisher_pkg' build argument 'catkin_cmake_args' from command line to 'None'
[0.230s] Level 5:colcon.colcon_core.verb:set package 'my_publisher_pkg' build argument 'catkin_skip_building_tests' from command line to 'False'
[0.230s] DEBUG:colcon.colcon_core.verb:Building package 'my_publisher_pkg' with the following arguments: {'ament_cmake_args': None, 'build_base': '/home/robot/prueba_ws/build/my_publisher_pkg', 'catkin_cmake_args': None, 'catkin_skip_building_tests': False, 'cmake_args': None, 'cmake_clean_cache': False, 'cmake_clean_first': False, 'cmake_force_configure': False, 'cmake_target': None, 'cmake_target_skip_unavailable': False, 'install_base': '/home/robot/prueba_ws/install/my_publisher_pkg', 'merge_install': False, 'path': '/home/robot/prueba_ws/src/my_publisher_pkg', 'symlink_install': True, 'test_result_base': None}
[0.231s] INFO:colcon.colcon_core.executor:Executing jobs using 'parallel' executor
[0.231s] DEBUG:colcon.colcon_parallel_executor.executor.parallel:run_until_complete
[0.232s] INFO:colcon.colcon_ros.task.ament_python.build:Building ROS package in '/home/robot/prueba_ws/src/my_publisher_pkg' with build type 'ament_python'
[0.232s] Level 1:colcon.colcon_core.shell:create_environment_hook('my_publisher_pkg', 'ament_prefix_path')
[0.235s] INFO:colcon.colcon_core.plugin_system:Skipping extension 'colcon_core.shell.bat': Not used on non-Windows systems
[0.236s] INFO:colcon.colcon_core.shell:Creating environment descriptor '/home/robot/prueba_ws/install/my_publisher_pkg/share/my_publisher_pkg/hook/ament_prefix_path.dsv'
[0.237s] INFO:colcon.colcon_core.shell:Creating environment hook '/home/robot/prueba_ws/install/my_publisher_pkg/share/my_publisher_pkg/hook/ament_prefix_path.sh'
[0.238s] DEBUG:colcon.colcon_core.shell:Skip shell extension 'dsv' for command environment
[0.541s] INFO:colcon.colcon_core.task.python.build:Building Python package in '/home/robot/prueba_ws/src/my_publisher_pkg'
[0.541s] DEBUG:colcon.colcon_core.shell:Skip shell extension 'dsv' for command environment
[1.273s] DEBUG:colcon.colcon_core.task.python.build:While undoing a previous installation files outside the Python library path are being ignored: /home/robot/prueba_ws/install/my_publisher_pkg/share/ament_index/resource_index/packages/my_publisher_pkg
[1.273s] DEBUG:colcon.colcon_core.task.python.build:While undoing a previous installation files outside the Python library path are being ignored: /home/robot/prueba_ws/install/my_publisher_pkg/share/my_publisher_pkg/package.xml
[1.273s] DEBUG:colcon.colcon_core.task.python.build:While undoing a previous installation files outside the Python library path are being ignored: /home/robot/prueba_ws/install/my_publisher_pkg/share/my_publisher_pkg/launch/square_wave_launch.py
[1.273s] DEBUG:colcon.colcon_core.task.python.build:While undoing a previous installation files outside the Python library path are being ignored: /home/robot/prueba_ws/install/my_publisher_pkg/lib/my_publisher_pkg/pi_controller
[1.273s] DEBUG:colcon.colcon_core.task.python.build:While undoing a previous installation files outside the Python library path are being ignored: /home/robot/prueba_ws/install/my_publisher_pkg/lib/my_publisher_pkg/publisher_node
[1.273s] DEBUG:colcon.colcon_core.task.python.build:While undoing a previous installation files outside the Python library path are being ignored: /home/robot/prueba_ws/install/my_publisher_pkg/lib/my_publisher_pkg/square_wave_publisher
[1.278s] DEBUG:colcon.colcon_core.event_handler.log_command:Invoking command in '/home/robot/prueba_ws/build/my_publisher_pkg': DEBUGINFOD_URLS=https://debuginfod.ubuntu.com PYTHONPATH=/home/robot/prueba_ws/build/my_publisher_pkg/prefix_override:/usr/lib/python3/dist-packages/colcon_core/task/python/colcon_distutils_commands:/home/robot/prueba_ws/install/my_publisher_pkg/lib/python3.12/site-packages:${PYTHONPATH} /usr/bin/python3 -W ignore:setup.py install is deprecated -W ignore:easy_install command is deprecated setup.py develop --editable --build-directory /home/robot/prueba_ws/build/my_publisher_pkg/build --no-deps symlink_data --force
[2.173s] Level 1:colcon.colcon_core.shell:create_environment_hook('my_publisher_pkg', 'pythonpath_develop')
[2.173s] DEBUG:colcon.colcon_core.event_handler.log_command:Invoked command in '/home/robot/prueba_ws/build/my_publisher_pkg' returned '0': DEBUGINFOD_URLS=https://debuginfod.ubuntu.com PYTHONPATH=/home/robot/prueba_ws/build/my_publisher_pkg/prefix_override:/usr/lib/python3/dist-packages/colcon_core/task/python/colcon_distutils_commands:/home/robot/prueba_ws/install/my_publisher_pkg/lib/python3.12/site-packages:${PYTHONPATH} /usr/bin/python3 -W ignore:setup.py install is deprecated -W ignore:easy_install command is deprecated setup.py develop --editable --build-directory /home/robot/prueba_ws/build/my_publisher_pkg/build --no-deps symlink_data --force
[2.174s] INFO:colcon.colcon_core.shell:Creating environment descriptor '/home/robot/prueba_ws/build/my_publisher_pkg/share/my_publisher_pkg/hook/pythonpath_develop.dsv'
[2.175s] INFO:colcon.colcon_core.shell:Creating environment hook '/home/robot/prueba_ws/build/my_publisher_pkg/share/my_publisher_pkg/hook/pythonpath_develop.sh'
[2.178s] Level 1:colcon.colcon_core.environment:checking '/home/robot/prueba_ws/install/my_publisher_pkg' for CMake module files
[2.178s] Level 1:colcon.colcon_core.environment:checking '/home/robot/prueba_ws/install/my_publisher_pkg' for CMake config files
[2.179s] Level 1:colcon.colcon_core.environment:checking '/home/robot/prueba_ws/install/my_publisher_pkg/lib'
[2.179s] Level 1:colcon.colcon_core.environment:checking '/home/robot/prueba_ws/install/my_publisher_pkg/bin'
[2.179s] Level 1:colcon.colcon_core.environment:checking '/home/robot/prueba_ws/install/my_publisher_pkg/lib/pkgconfig/my_publisher_pkg.pc'
[2.179s] Level 1:colcon.colcon_core.environment:checking '/home/robot/prueba_ws/install/my_publisher_pkg/lib/python3.12/site-packages'
[2.180s] Level 1:colcon.colcon_core.shell:create_environment_hook('my_publisher_pkg', 'pythonpath')
[2.180s] INFO:colcon.colcon_core.shell:Creating environment descriptor '/home/robot/prueba_ws/install/my_publisher_pkg/share/my_publisher_pkg/hook/pythonpath.dsv'
[2.180s] INFO:colcon.colcon_core.shell:Creating environment hook '/home/robot/prueba_ws/install/my_publisher_pkg/share/my_publisher_pkg/hook/pythonpath.sh'
[2.181s] Level 1:colcon.colcon_core.environment:checking '/home/robot/prueba_ws/install/my_publisher_pkg/bin'
[2.181s] Level 1:colcon.colcon_core.environment:create_environment_scripts_only(my_publisher_pkg)
[2.181s] INFO:colcon.colcon_core.shell:Creating package descriptor '/home/robot/prueba_ws/install/my_publisher_pkg/share/my_publisher_pkg/package.dsv'
[2.182s] INFO:colcon.colcon_core.shell:Creating package script '/home/robot/prueba_ws/install/my_publisher_pkg/share/my_publisher_pkg/package.sh'
[2.183s] INFO:colcon.colcon_core.shell:Creating package script '/home/robot/prueba_ws/install/my_publisher_pkg/share/my_publisher_pkg/package.bash'
[2.183s] INFO:colcon.colcon_core.shell:Creating package script '/home/robot/prueba_ws/install/my_publisher_pkg/share/my_publisher_pkg/package.zsh'
[2.184s] Level 1:colcon.colcon_core.environment:create_file_with_runtime_dependencies(/home/robot/prueba_ws/install/my_publisher_pkg/share/colcon-core/packages/my_publisher_pkg)
[2.184s] DEBUG:colcon.colcon_parallel_executor.executor.parallel:closing loop
[2.185s] DEBUG:colcon.colcon_parallel_executor.executor.parallel:loop closed
[2.185s] DEBUG:colcon.colcon_parallel_executor.executor.parallel:run_until_complete finished with '0'
[2.185s] DEBUG:colcon.colcon_core.event_reactor:joining thread
[2.196s] INFO:colcon.colcon_core.plugin_system:Skipping extension 'colcon_notification.desktop_notification.terminal_notifier': Not used on non-Darwin systems
[2.196s] INFO:colcon.colcon_core.plugin_system:Skipping extension 'colcon_notification.desktop_notification.win32': Not used on non-Windows systems
[2.196s] INFO:colcon.colcon_notification.desktop_notification:Sending desktop notification using 'notify2'
[2.214s] DEBUG:colcon.colcon_core.event_reactor:joined thread
[2.215s] INFO:colcon.colcon_core.shell:Creating prefix script '/home/robot/prueba_ws/install/local_setup.sh'
[2.216s] INFO:colcon.colcon_core.shell:Creating prefix util module '/home/robot/prueba_ws/install/_local_setup_util_sh.py'
[2.217s] INFO:colcon.colcon_core.shell:Creating prefix chain script '/home/robot/prueba_ws/install/setup.sh'
[2.218s] INFO:colcon.colcon_core.shell:Creating prefix script '/home/robot/prueba_ws/install/local_setup.bash'
[2.219s] INFO:colcon.colcon_core.shell:Creating prefix chain script '/home/robot/prueba_ws/install/setup.bash'
[2.220s] INFO:colcon.colcon_core.shell:Creating prefix script '/home/robot/prueba_ws/install/local_setup.zsh'
[2.221s] INFO:colcon.colcon_core.shell:Creating prefix chain script '/home/robot/prueba_ws/install/setup.zsh'
