[2.859s] Invoking command in '/home/robot/ros2_ws/src/nmea_navsat_driver-ros2': DEBUGINFOD_URLS=https://debuginfod.ubuntu.com PYTHONPATH=/home/robot/ros2_ws/build/nmea_navsat_driver/prefix_override:/usr/lib/python3/dist-packages/colcon_core/task/python/colcon_distutils_commands:/home/robot/ros2_ws/install/nmea_navsat_driver/lib/python3.12/site-packages:${PYTHONPATH} /usr/bin/python3 -W ignore:setup.py install is deprecated -W ignore:easy_install command is deprecated setup.py egg_info --egg-base ../../build/nmea_navsat_driver build --build-base /home/robot/ros2_ws/build/nmea_navsat_driver/build install --record /home/robot/ros2_ws/build/nmea_navsat_driver/install.log --single-version-externally-managed install_data
[3.537s] running egg_info
[3.583s] writing ../../build/nmea_navsat_driver/nmea_navsat_driver.egg-info/PKG-INFO
[3.587s] writing dependency_links to ../../build/nmea_navsat_driver/nmea_navsat_driver.egg-info/dependency_links.txt
[3.587s] writing entry points to ../../build/nmea_navsat_driver/nmea_navsat_driver.egg-info/entry_points.txt
[3.587s] writing requirements to ../../build/nmea_navsat_driver/nmea_navsat_driver.egg-info/requires.txt
[3.587s] writing top-level names to ../../build/nmea_navsat_driver/nmea_navsat_driver.egg-info/top_level.txt
[3.688s] reading manifest file '../../build/nmea_navsat_driver/nmea_navsat_driver.egg-info/SOURCES.txt'
[3.690s] writing manifest file '../../build/nmea_navsat_driver/nmea_navsat_driver.egg-info/SOURCES.txt'
[3.691s] running build
[3.691s] running build_py
[3.694s] running install
[3.711s] running install_lib
[3.762s] running install_data
[3.763s] running install_egg_info
[3.817s] removing '/home/robot/ros2_ws/install/nmea_navsat_driver/lib/python3.12/site-packages/nmea_navsat_driver-2.0.1-py3.12.egg-info' (and everything under it)
[3.820s] Copying ../../build/nmea_navsat_driver/nmea_navsat_driver.egg-info to /home/robot/ros2_ws/install/nmea_navsat_driver/lib/python3.12/site-packages/nmea_navsat_driver-2.0.1-py3.12.egg-info
[3.821s] running install_scripts
[4.137s] Installing nmea_serial_driver script to /home/robot/ros2_ws/install/nmea_navsat_driver/lib/nmea_navsat_driver
[4.150s] Installing nmea_socket_driver script to /home/robot/ros2_ws/install/nmea_navsat_driver/lib/nmea_navsat_driver
[4.151s] Installing nmea_tcpclient_driver script to /home/robot/ros2_ws/install/nmea_navsat_driver/lib/nmea_navsat_driver
[4.152s] Installing nmea_topic_driver script to /home/robot/ros2_ws/install/nmea_navsat_driver/lib/nmea_navsat_driver
[4.153s] Installing nmea_topic_serial_reader script to /home/robot/ros2_ws/install/nmea_navsat_driver/lib/nmea_navsat_driver
[4.154s] writing list of installed files to '/home/robot/ros2_ws/build/nmea_navsat_driver/install.log'
[4.224s] Invoked command in '/home/robot/ros2_ws/src/nmea_navsat_driver-ros2' returned '0': DEBUGINFOD_URLS=https://debuginfod.ubuntu.com PYTHONPATH=/home/robot/ros2_ws/build/nmea_navsat_driver/prefix_override:/usr/lib/python3/dist-packages/colcon_core/task/python/colcon_distutils_commands:/home/robot/ros2_ws/install/nmea_navsat_driver/lib/python3.12/site-packages:${PYTHONPATH} /usr/bin/python3 -W ignore:setup.py install is deprecated -W ignore:easy_install command is deprecated setup.py egg_info --egg-base ../../build/nmea_navsat_driver build --build-base /home/robot/ros2_ws/build/nmea_navsat_driver/build install --record /home/robot/ros2_ws/build/nmea_navsat_driver/install.log --single-version-externally-managed install_data
