[1.323s] Invoking command in '/home/robot/ros2_ws/src/paquete': DEBUGINFOD_URLS=https://debuginfod.ubuntu.com PYTHONPATH=/home/robot/ros2_ws/build/paquete/prefix_override:/usr/lib/python3/dist-packages/colcon_core/task/python/colcon_distutils_commands:/home/robot/ros2_ws/install/paquete/lib/python3.12/site-packages:${PYTHONPATH} /usr/bin/python3 -W ignore:setup.py install is deprecated -W ignore:easy_install command is deprecated setup.py egg_info --egg-base ../../build/paquete build --build-base /home/robot/ros2_ws/build/paquete/build install --record /home/robot/ros2_ws/build/paquete/install.log --single-version-externally-managed install_data
[1.677s] running egg_info
[1.704s] writing ../../build/paquete/paquete.egg-info/PKG-INFO
[1.704s] writing dependency_links to ../../build/paquete/paquete.egg-info/dependency_links.txt
[1.704s] writing entry points to ../../build/paquete/paquete.egg-info/entry_points.txt
[1.705s] writing requirements to ../../build/paquete/paquete.egg-info/requires.txt
[1.705s] writing top-level names to ../../build/paquete/paquete.egg-info/top_level.txt
[1.757s] reading manifest file '../../build/paquete/paquete.egg-info/SOURCES.txt'
[1.758s] adding license file 'LICENSE'
[1.759s] writing manifest file '../../build/paquete/paquete.egg-info/SOURCES.txt'
[1.759s] running build
[1.759s] running build_py
[1.759s] running install
[1.768s] running install_lib
[1.796s] running install_data
[1.796s] running install_egg_info
[1.824s] removing '/home/robot/ros2_ws/install/paquete/lib/python3.12/site-packages/paquete-0.0.0-py3.12.egg-info' (and everything under it)
[1.825s] Copying ../../build/paquete/paquete.egg-info to /home/robot/ros2_ws/install/paquete/lib/python3.12/site-packages/paquete-0.0.0-py3.12.egg-info
[1.826s] running install_scripts
[2.000s] Installing comunicacionROS script to /home/robot/ros2_ws/install/paquete/lib/paquete
[2.000s] Installing nodoSimple script to /home/robot/ros2_ws/install/paquete/lib/paquete
[2.000s] writing list of installed files to '/home/robot/ros2_ws/build/paquete/install.log'
[2.067s] Invoked command in '/home/robot/ros2_ws/src/paquete' returned '0': DEBUGINFOD_URLS=https://debuginfod.ubuntu.com PYTHONPATH=/home/robot/ros2_ws/build/paquete/prefix_override:/usr/lib/python3/dist-packages/colcon_core/task/python/colcon_distutils_commands:/home/robot/ros2_ws/install/paquete/lib/python3.12/site-packages:${PYTHONPATH} /usr/bin/python3 -W ignore:setup.py install is deprecated -W ignore:easy_install command is deprecated setup.py egg_info --egg-base ../../build/paquete build --build-base /home/robot/ros2_ws/build/paquete/build install --record /home/robot/ros2_ws/build/paquete/install.log --single-version-externally-managed install_data
