[0.321s] DEBUG:colcon:Command line arguments: ['/usr/bin/colcon', 'build']
[0.321s] DEBUG:colcon:Parsed command line arguments: Namespace(log_base=None, log_level=None, verb_name='build', build_base='build', install_base='install', merge_install=False, symlink_install=False, test_result_base=None, continue_on_error=False, executor='parallel', parallel_workers=4, event_handlers=None, ignore_user_meta=False, metas=['./colcon.meta'], base_paths=['.'], packages_ignore=None, packages_ignore_regex=None, paths=None, packages_up_to=None, packages_up_to_regex=None, packages_above=None, packages_above_and_dependencies=None, packages_above_depth=None, packages_select_by_dep=None, packages_skip_by_dep=None, packages_skip_up_to=None, packages_select_build_failed=False, packages_skip_build_finished=False, packages_select_test_failures=False, packages_skip_test_passed=False, packages_select=None, packages_skip=None, packages_select_regex=None, packages_skip_regex=None, packages_start=None, packages_end=None, cmake_args=None, cmake_target=None, cmake_target_skip_unavailable=False, cmake_clean_cache=False, cmake_clean_first=False, cmake_force_configure=False, ament_cmake_args=None, catkin_cmake_args=None, catkin_skip_building_tests=False, verb_parser=<colcon_defaults.argument_parser.defaults.DefaultArgumentsDecorator object at 0x705e72104c80>, verb_extension=<colcon_core.verb.build.BuildVerb object at 0x705e721049e0>, main=<bound method BuildVerb.main of <colcon_core.verb.build.BuildVerb object at 0x705e721049e0>>)
[0.428s] Level 1:colcon.colcon_core.package_discovery:discover_packages(colcon_meta) check parameters
[0.429s] Level 1:colcon.colcon_core.package_discovery:discover_packages(recursive) check parameters
[0.429s] Level 1:colcon.colcon_core.package_discovery:discover_packages(ignore) check parameters
[0.429s] Level 1:colcon.colcon_core.package_discovery:discover_packages(path) check parameters
[0.429s] Level 1:colcon.colcon_core.package_discovery:discover_packages(colcon_meta) discover
[0.430s] Level 1:colcon.colcon_core.package_discovery:discover_packages(recursive) discover
[0.430s] INFO:colcon.colcon_core.package_discovery:Crawling recursively for packages in '/home/robot/ros2_ws'
[0.431s] Level 1:colcon.colcon_core.package_identification:_identify(.) by extensions ['ignore', 'ignore_ament_install']
[0.431s] Level 1:colcon.colcon_core.package_identification:_identify(.) by extension 'ignore'
[0.431s] Level 1:colcon.colcon_core.package_identification:_identify(.) by extension 'ignore_ament_install'
[0.431s] Level 1:colcon.colcon_core.package_identification:_identify(.) by extensions ['colcon_pkg']
[0.431s] Level 1:colcon.colcon_core.package_identification:_identify(.) by extension 'colcon_pkg'
[0.432s] Level 1:colcon.colcon_core.package_identification:_identify(.) by extensions ['colcon_meta']
[0.432s] Level 1:colcon.colcon_core.package_identification:_identify(.) by extension 'colcon_meta'
[0.432s] Level 1:colcon.colcon_core.package_identification:_identify(.) by extensions ['ros']
[0.432s] Level 1:colcon.colcon_core.package_identification:_identify(.) by extension 'ros'
[0.498s] Level 1:colcon.colcon_core.package_identification:_identify(.) by extensions ['cmake', 'python']
[0.498s] Level 1:colcon.colcon_core.package_identification:_identify(.) by extension 'cmake'
[0.498s] Level 1:colcon.colcon_core.package_identification:_identify(.) by extension 'python'
[0.498s] Level 1:colcon.colcon_core.package_identification:_identify(.) by extensions ['python_setup_py']
[0.498s] Level 1:colcon.colcon_core.package_identification:_identify(.) by extension 'python_setup_py'
[0.498s] Level 1:colcon.colcon_core.package_identification:_identify(RosCommunication-Modificaciones-para-prueba) by extensions ['ignore', 'ignore_ament_install']
[0.499s] Level 1:colcon.colcon_core.package_identification:_identify(RosCommunication-Modificaciones-para-prueba) by extension 'ignore'
[0.499s] Level 1:colcon.colcon_core.package_identification:_identify(RosCommunication-Modificaciones-para-prueba) by extension 'ignore_ament_install'
[0.499s] Level 1:colcon.colcon_core.package_identification:_identify(RosCommunication-Modificaciones-para-prueba) by extensions ['colcon_pkg']
[0.499s] Level 1:colcon.colcon_core.package_identification:_identify(RosCommunication-Modificaciones-para-prueba) by extension 'colcon_pkg'
[0.499s] Level 1:colcon.colcon_core.package_identification:_identify(RosCommunication-Modificaciones-para-prueba) by extensions ['colcon_meta']
[0.500s] Level 1:colcon.colcon_core.package_identification:_identify(RosCommunication-Modificaciones-para-prueba) by extension 'colcon_meta'
[0.500s] Level 1:colcon.colcon_core.package_identification:_identify(RosCommunication-Modificaciones-para-prueba) by extensions ['ros']
[0.500s] Level 1:colcon.colcon_core.package_identification:_identify(RosCommunication-Modificaciones-para-prueba) by extension 'ros'
[0.500s] Level 1:colcon.colcon_core.package_identification:_identify(RosCommunication-Modificaciones-para-prueba) by extensions ['cmake', 'python']
[0.500s] Level 1:colcon.colcon_core.package_identification:_identify(RosCommunication-Modificaciones-para-prueba) by extension 'cmake'
[0.500s] Level 1:colcon.colcon_core.package_identification:_identify(RosCommunication-Modificaciones-para-prueba) by extension 'python'
[0.500s] Level 1:colcon.colcon_core.package_identification:_identify(RosCommunication-Modificaciones-para-prueba) by extensions ['python_setup_py']
[0.500s] Level 1:colcon.colcon_core.package_identification:_identify(RosCommunication-Modificaciones-para-prueba) by extension 'python_setup_py'
[0.500s] Level 1:colcon.colcon_core.package_identification:_identify(RosCommunication-Modificaciones-para-prueba/controllino_21_3_24) by extensions ['ignore', 'ignore_ament_install']
[0.501s] Level 1:colcon.colcon_core.package_identification:_identify(RosCommunication-Modificaciones-para-prueba/controllino_21_3_24) by extension 'ignore'
[0.501s] Level 1:colcon.colcon_core.package_identification:_identify(RosCommunication-Modificaciones-para-prueba/controllino_21_3_24) by extension 'ignore_ament_install'
[0.501s] Level 1:colcon.colcon_core.package_identification:_identify(RosCommunication-Modificaciones-para-prueba/controllino_21_3_24) by extensions ['colcon_pkg']
[0.501s] Level 1:colcon.colcon_core.package_identification:_identify(RosCommunication-Modificaciones-para-prueba/controllino_21_3_24) by extension 'colcon_pkg'
[0.501s] Level 1:colcon.colcon_core.package_identification:_identify(RosCommunication-Modificaciones-para-prueba/controllino_21_3_24) by extensions ['colcon_meta']
[0.501s] Level 1:colcon.colcon_core.package_identification:_identify(RosCommunication-Modificaciones-para-prueba/controllino_21_3_24) by extension 'colcon_meta'
[0.501s] Level 1:colcon.colcon_core.package_identification:_identify(RosCommunication-Modificaciones-para-prueba/controllino_21_3_24) by extensions ['ros']
[0.501s] Level 1:colcon.colcon_core.package_identification:_identify(RosCommunication-Modificaciones-para-prueba/controllino_21_3_24) by extension 'ros'
[0.501s] Level 1:colcon.colcon_core.package_identification:_identify(RosCommunication-Modificaciones-para-prueba/controllino_21_3_24) by extensions ['cmake', 'python']
[0.501s] Level 1:colcon.colcon_core.package_identification:_identify(RosCommunication-Modificaciones-para-prueba/controllino_21_3_24) by extension 'cmake'
[0.501s] Level 1:colcon.colcon_core.package_identification:_identify(RosCommunication-Modificaciones-para-prueba/controllino_21_3_24) by extension 'python'
[0.501s] Level 1:colcon.colcon_core.package_identification:_identify(RosCommunication-Modificaciones-para-prueba/controllino_21_3_24) by extensions ['python_setup_py']
[0.501s] Level 1:colcon.colcon_core.package_identification:_identify(RosCommunication-Modificaciones-para-prueba/controllino_21_3_24) by extension 'python_setup_py'
[0.502s] Level 1:colcon.colcon_core.package_identification:_identify(RosCommunication-Modificaciones-para-prueba/libraries) by extensions ['ignore', 'ignore_ament_install']
[0.502s] Level 1:colcon.colcon_core.package_identification:_identify(RosCommunication-Modificaciones-para-prueba/libraries) by extension 'ignore'
[0.502s] Level 1:colcon.colcon_core.package_identification:_identify(RosCommunication-Modificaciones-para-prueba/libraries) by extension 'ignore_ament_install'
[0.502s] Level 1:colcon.colcon_core.package_identification:_identify(RosCommunication-Modificaciones-para-prueba/libraries) by extensions ['colcon_pkg']
[0.502s] Level 1:colcon.colcon_core.package_identification:_identify(RosCommunication-Modificaciones-para-prueba/libraries) by extension 'colcon_pkg'
[0.502s] Level 1:colcon.colcon_core.package_identification:_identify(RosCommunication-Modificaciones-para-prueba/libraries) by extensions ['colcon_meta']
[0.502s] Level 1:colcon.colcon_core.package_identification:_identify(RosCommunication-Modificaciones-para-prueba/libraries) by extension 'colcon_meta'
[0.502s] Level 1:colcon.colcon_core.package_identification:_identify(RosCommunication-Modificaciones-para-prueba/libraries) by extensions ['ros']
[0.502s] Level 1:colcon.colcon_core.package_identification:_identify(RosCommunication-Modificaciones-para-prueba/libraries) by extension 'ros'
[0.502s] Level 1:colcon.colcon_core.package_identification:_identify(RosCommunication-Modificaciones-para-prueba/libraries) by extensions ['cmake', 'python']
[0.502s] Level 1:colcon.colcon_core.package_identification:_identify(RosCommunication-Modificaciones-para-prueba/libraries) by extension 'cmake'
[0.502s] Level 1:colcon.colcon_core.package_identification:_identify(RosCommunication-Modificaciones-para-prueba/libraries) by extension 'python'
[0.503s] Level 1:colcon.colcon_core.package_identification:_identify(RosCommunication-Modificaciones-para-prueba/libraries) by extensions ['python_setup_py']
[0.503s] Level 1:colcon.colcon_core.package_identification:_identify(RosCommunication-Modificaciones-para-prueba/libraries) by extension 'python_setup_py'
[0.503s] Level 1:colcon.colcon_core.package_identification:_identify(build) by extensions ['ignore', 'ignore_ament_install']
[0.503s] Level 1:colcon.colcon_core.package_identification:_identify(build) by extension 'ignore'
[0.503s] Level 1:colcon.colcon_core.package_identification:_identify(build) ignored
[0.503s] Level 1:colcon.colcon_core.package_identification:_identify(install) by extensions ['ignore', 'ignore_ament_install']
[0.503s] Level 1:colcon.colcon_core.package_identification:_identify(install) by extension 'ignore'
[0.503s] Level 1:colcon.colcon_core.package_identification:_identify(install) ignored
[0.504s] Level 1:colcon.colcon_core.package_identification:_identify(log) by extensions ['ignore', 'ignore_ament_install']
[0.504s] Level 1:colcon.colcon_core.package_identification:_identify(log) by extension 'ignore'
[0.504s] Level 1:colcon.colcon_core.package_identification:_identify(log) ignored
[0.504s] Level 1:colcon.colcon_core.package_identification:_identify(src) by extensions ['ignore', 'ignore_ament_install']
[0.504s] Level 1:colcon.colcon_core.package_identification:_identify(src) by extension 'ignore'
[0.504s] Level 1:colcon.colcon_core.package_identification:_identify(src) by extension 'ignore_ament_install'
[0.504s] Level 1:colcon.colcon_core.package_identification:_identify(src) by extensions ['colcon_pkg']
[0.504s] Level 1:colcon.colcon_core.package_identification:_identify(src) by extension 'colcon_pkg'
[0.504s] Level 1:colcon.colcon_core.package_identification:_identify(src) by extensions ['colcon_meta']
[0.504s] Level 1:colcon.colcon_core.package_identification:_identify(src) by extension 'colcon_meta'
[0.504s] Level 1:colcon.colcon_core.package_identification:_identify(src) by extensions ['ros']
[0.504s] Level 1:colcon.colcon_core.package_identification:_identify(src) by extension 'ros'
[0.505s] Level 1:colcon.colcon_core.package_identification:_identify(src) by extensions ['cmake', 'python']
[0.505s] Level 1:colcon.colcon_core.package_identification:_identify(src) by extension 'cmake'
[0.505s] Level 1:colcon.colcon_core.package_identification:_identify(src) by extension 'python'
[0.505s] Level 1:colcon.colcon_core.package_identification:_identify(src) by extensions ['python_setup_py']
[0.505s] Level 1:colcon.colcon_core.package_identification:_identify(src) by extension 'python_setup_py'
[0.505s] Level 1:colcon.colcon_core.package_identification:_identify(src/paquete) by extensions ['ignore', 'ignore_ament_install']
[0.505s] Level 1:colcon.colcon_core.package_identification:_identify(src/paquete) by extension 'ignore'
[0.505s] Level 1:colcon.colcon_core.package_identification:_identify(src/paquete) by extension 'ignore_ament_install'
[0.506s] Level 1:colcon.colcon_core.package_identification:_identify(src/paquete) by extensions ['colcon_pkg']
[0.506s] Level 1:colcon.colcon_core.package_identification:_identify(src/paquete) by extension 'colcon_pkg'
[0.506s] Level 1:colcon.colcon_core.package_identification:_identify(src/paquete) by extensions ['colcon_meta']
[0.506s] Level 1:colcon.colcon_core.package_identification:_identify(src/paquete) by extension 'colcon_meta'
[0.506s] Level 1:colcon.colcon_core.package_identification:_identify(src/paquete) by extensions ['ros']
[0.506s] Level 1:colcon.colcon_core.package_identification:_identify(src/paquete) by extension 'ros'
[0.513s] DEBUG:colcon.colcon_core.package_identification:Package 'src/paquete' with type 'ros.ament_python' and name 'paquete'
[0.513s] Level 1:colcon.colcon_core.package_identification:_identify(src/serial_robot) by extensions ['ignore', 'ignore_ament_install']
[0.514s] Level 1:colcon.colcon_core.package_identification:_identify(src/serial_robot) by extension 'ignore'
[0.514s] Level 1:colcon.colcon_core.package_identification:_identify(src/serial_robot) by extension 'ignore_ament_install'
[0.514s] Level 1:colcon.colcon_core.package_identification:_identify(src/serial_robot) by extensions ['colcon_pkg']
[0.514s] Level 1:colcon.colcon_core.package_identification:_identify(src/serial_robot) by extension 'colcon_pkg'
[0.514s] Level 1:colcon.colcon_core.package_identification:_identify(src/serial_robot) by extensions ['colcon_meta']
[0.514s] Level 1:colcon.colcon_core.package_identification:_identify(src/serial_robot) by extension 'colcon_meta'
[0.514s] Level 1:colcon.colcon_core.package_identification:_identify(src/serial_robot) by extensions ['ros']
[0.514s] Level 1:colcon.colcon_core.package_identification:_identify(src/serial_robot) by extension 'ros'
[0.516s] DEBUG:colcon.colcon_core.package_identification:Package 'src/serial_robot' with type 'ros.ament_python' and name 'serial_robot'
[0.516s] Level 1:colcon.colcon_core.package_discovery:discover_packages(recursive) using defaults
[0.516s] Level 1:colcon.colcon_core.package_discovery:discover_packages(ignore) discover
[0.516s] Level 1:colcon.colcon_core.package_discovery:discover_packages(ignore) using defaults
[0.516s] Level 1:colcon.colcon_core.package_discovery:discover_packages(path) discover
[0.516s] Level 1:colcon.colcon_core.package_discovery:discover_packages(path) using defaults
[0.559s] Level 5:colcon.colcon_core.verb:set package 'paquete' build argument 'cmake_args' from command line to 'None'
[0.559s] Level 5:colcon.colcon_core.verb:set package 'paquete' build argument 'cmake_target' from command line to 'None'
[0.560s] Level 5:colcon.colcon_core.verb:set package 'paquete' build argument 'cmake_target_skip_unavailable' from command line to 'False'
[0.560s] Level 5:colcon.colcon_core.verb:set package 'paquete' build argument 'cmake_clean_cache' from command line to 'False'
[0.560s] Level 5:colcon.colcon_core.verb:set package 'paquete' build argument 'cmake_clean_first' from command line to 'False'
[0.560s] Level 5:colcon.colcon_core.verb:set package 'paquete' build argument 'cmake_force_configure' from command line to 'False'
[0.560s] Level 5:colcon.colcon_core.verb:set package 'paquete' build argument 'ament_cmake_args' from command line to 'None'
[0.560s] Level 5:colcon.colcon_core.verb:set package 'paquete' build argument 'catkin_cmake_args' from command line to 'None'
[0.560s] Level 5:colcon.colcon_core.verb:set package 'paquete' build argument 'catkin_skip_building_tests' from command line to 'False'
[0.560s] DEBUG:colcon.colcon_core.verb:Building package 'paquete' with the following arguments: {'ament_cmake_args': None, 'build_base': '/home/robot/ros2_ws/build/paquete', 'catkin_cmake_args': None, 'catkin_skip_building_tests': False, 'cmake_args': None, 'cmake_clean_cache': False, 'cmake_clean_first': False, 'cmake_force_configure': False, 'cmake_target': None, 'cmake_target_skip_unavailable': False, 'install_base': '/home/robot/ros2_ws/install/paquete', 'merge_install': False, 'path': '/home/robot/ros2_ws/src/paquete', 'symlink_install': False, 'test_result_base': None}
[0.560s] Level 5:colcon.colcon_core.verb:set package 'serial_robot' build argument 'cmake_args' from command line to 'None'
[0.560s] Level 5:colcon.colcon_core.verb:set package 'serial_robot' build argument 'cmake_target' from command line to 'None'
[0.561s] Level 5:colcon.colcon_core.verb:set package 'serial_robot' build argument 'cmake_target_skip_unavailable' from command line to 'False'
[0.561s] Level 5:colcon.colcon_core.verb:set package 'serial_robot' build argument 'cmake_clean_cache' from command line to 'False'
[0.561s] Level 5:colcon.colcon_core.verb:set package 'serial_robot' build argument 'cmake_clean_first' from command line to 'False'
[0.561s] Level 5:colcon.colcon_core.verb:set package 'serial_robot' build argument 'cmake_force_configure' from command line to 'False'
[0.561s] Level 5:colcon.colcon_core.verb:set package 'serial_robot' build argument 'ament_cmake_args' from command line to 'None'
[0.561s] Level 5:colcon.colcon_core.verb:set package 'serial_robot' build argument 'catkin_cmake_args' from command line to 'None'
[0.561s] Level 5:colcon.colcon_core.verb:set package 'serial_robot' build argument 'catkin_skip_building_tests' from command line to 'False'
[0.561s] DEBUG:colcon.colcon_core.verb:Building package 'serial_robot' with the following arguments: {'ament_cmake_args': None, 'build_base': '/home/robot/ros2_ws/build/serial_robot', 'catkin_cmake_args': None, 'catkin_skip_building_tests': False, 'cmake_args': None, 'cmake_clean_cache': False, 'cmake_clean_first': False, 'cmake_force_configure': False, 'cmake_target': None, 'cmake_target_skip_unavailable': False, 'install_base': '/home/robot/ros2_ws/install/serial_robot', 'merge_install': False, 'path': '/home/robot/ros2_ws/src/serial_robot', 'symlink_install': False, 'test_result_base': None}
[0.561s] INFO:colcon.colcon_core.executor:Executing jobs using 'parallel' executor
[0.563s] DEBUG:colcon.colcon_parallel_executor.executor.parallel:run_until_complete
[0.563s] INFO:colcon.colcon_ros.task.ament_python.build:Building ROS package in '/home/robot/ros2_ws/src/paquete' with build type 'ament_python'
[0.563s] Level 1:colcon.colcon_core.shell:create_environment_hook('paquete', 'ament_prefix_path')
[0.571s] INFO:colcon.colcon_core.plugin_system:Skipping extension 'colcon_core.shell.bat': Not used on non-Windows systems
[0.572s] INFO:colcon.colcon_core.shell:Creating environment descriptor '/home/robot/ros2_ws/install/paquete/share/paquete/hook/ament_prefix_path.dsv'
[0.574s] INFO:colcon.colcon_core.shell:Creating environment hook '/home/robot/ros2_ws/install/paquete/share/paquete/hook/ament_prefix_path.sh'
[0.579s] DEBUG:colcon.colcon_core.shell:Skip shell extension 'dsv' for command environment
[0.601s] INFO:colcon.colcon_ros.task.ament_python.build:Building ROS package in '/home/robot/ros2_ws/src/serial_robot' with build type 'ament_python'
[0.602s] Level 1:colcon.colcon_core.shell:create_environment_hook('serial_robot', 'ament_prefix_path')
[0.602s] INFO:colcon.colcon_core.shell:Creating environment descriptor '/home/robot/ros2_ws/install/serial_robot/share/serial_robot/hook/ament_prefix_path.dsv'
[0.603s] INFO:colcon.colcon_core.shell:Creating environment hook '/home/robot/ros2_ws/install/serial_robot/share/serial_robot/hook/ament_prefix_path.sh'
[0.605s] DEBUG:colcon.colcon_core.shell:Skip shell extension 'dsv' for command environment
[1.242s] INFO:colcon.colcon_core.task.python.build:Building Python package in '/home/robot/ros2_ws/src/paquete'
[1.243s] DEBUG:colcon.colcon_core.shell:Skip shell extension 'dsv' for command environment
[1.837s] INFO:colcon.colcon_core.task.python.build:Building Python package in '/home/robot/ros2_ws/src/serial_robot'
[1.837s] DEBUG:colcon.colcon_core.shell:Skip shell extension 'dsv' for command environment
[3.961s] DEBUG:colcon.colcon_core.event_handler.log_command:Invoking command in '/home/robot/ros2_ws/src/serial_robot': DEBUGINFOD_URLS=https://debuginfod.ubuntu.com PYTHONPATH=/home/robot/ros2_ws/build/serial_robot/prefix_override:/usr/lib/python3/dist-packages/colcon_core/task/python/colcon_distutils_commands:/home/robot/ros2_ws/install/serial_robot/lib/python3.12/site-packages:${PYTHONPATH} /usr/bin/python3 -W ignore:setup.py install is deprecated -W ignore:easy_install command is deprecated setup.py egg_info --egg-base ../../build/serial_robot build --build-base /home/robot/ros2_ws/build/serial_robot/build install --record /home/robot/ros2_ws/build/serial_robot/install.log --single-version-externally-managed install_data
[4.058s] DEBUG:colcon.colcon_core.event_handler.log_command:Invoking command in '/home/robot/ros2_ws/src/paquete': DEBUGINFOD_URLS=https://debuginfod.ubuntu.com PYTHONPATH=/home/robot/ros2_ws/build/paquete/prefix_override:/usr/lib/python3/dist-packages/colcon_core/task/python/colcon_distutils_commands:/home/robot/ros2_ws/install/paquete/lib/python3.12/site-packages:${PYTHONPATH} /usr/bin/python3 -W ignore:setup.py install is deprecated -W ignore:easy_install command is deprecated setup.py egg_info --egg-base ../../build/paquete build --build-base /home/robot/ros2_ws/build/paquete/build install --record /home/robot/ros2_ws/build/paquete/install.log --single-version-externally-managed install_data
[5.905s] DEBUG:colcon.colcon_core.event_handler.log_command:Invoked command in '/home/robot/ros2_ws/src/serial_robot' returned '0': DEBUGINFOD_URLS=https://debuginfod.ubuntu.com PYTHONPATH=/home/robot/ros2_ws/build/serial_robot/prefix_override:/usr/lib/python3/dist-packages/colcon_core/task/python/colcon_distutils_commands:/home/robot/ros2_ws/install/serial_robot/lib/python3.12/site-packages:${PYTHONPATH} /usr/bin/python3 -W ignore:setup.py install is deprecated -W ignore:easy_install command is deprecated setup.py egg_info --egg-base ../../build/serial_robot build --build-base /home/robot/ros2_ws/build/serial_robot/build install --record /home/robot/ros2_ws/build/serial_robot/install.log --single-version-externally-managed install_data
[5.921s] Level 1:colcon.colcon_core.environment:checking '/home/robot/ros2_ws/install/serial_robot' for CMake module files
[5.924s] Level 1:colcon.colcon_core.environment:checking '/home/robot/ros2_ws/install/serial_robot' for CMake config files
[5.926s] Level 1:colcon.colcon_core.environment:checking '/home/robot/ros2_ws/install/serial_robot/lib'
[5.929s] Level 1:colcon.colcon_core.environment:checking '/home/robot/ros2_ws/install/serial_robot/bin'
[5.929s] Level 1:colcon.colcon_core.environment:checking '/home/robot/ros2_ws/install/serial_robot/lib/pkgconfig/serial_robot.pc'
[5.930s] Level 1:colcon.colcon_core.environment:checking '/home/robot/ros2_ws/install/serial_robot/lib/python3.12/site-packages'
[5.931s] Level 1:colcon.colcon_core.shell:create_environment_hook('serial_robot', 'pythonpath')
[5.931s] INFO:colcon.colcon_core.shell:Creating environment descriptor '/home/robot/ros2_ws/install/serial_robot/share/serial_robot/hook/pythonpath.dsv'
[5.932s] INFO:colcon.colcon_core.shell:Creating environment hook '/home/robot/ros2_ws/install/serial_robot/share/serial_robot/hook/pythonpath.sh'
[5.936s] Level 1:colcon.colcon_core.environment:checking '/home/robot/ros2_ws/install/serial_robot/bin'
[5.936s] Level 1:colcon.colcon_core.environment:create_environment_scripts_only(serial_robot)
[5.937s] INFO:colcon.colcon_core.shell:Creating package descriptor '/home/robot/ros2_ws/install/serial_robot/share/serial_robot/package.dsv'
[5.939s] INFO:colcon.colcon_core.shell:Creating package script '/home/robot/ros2_ws/install/serial_robot/share/serial_robot/package.sh'
[5.942s] INFO:colcon.colcon_core.shell:Creating package script '/home/robot/ros2_ws/install/serial_robot/share/serial_robot/package.bash'
[5.948s] INFO:colcon.colcon_core.shell:Creating package script '/home/robot/ros2_ws/install/serial_robot/share/serial_robot/package.zsh'
[5.950s] Level 1:colcon.colcon_core.environment:create_file_with_runtime_dependencies(/home/robot/ros2_ws/install/serial_robot/share/colcon-core/packages/serial_robot)
[5.987s] Level 1:colcon.colcon_core.environment:checking '/home/robot/ros2_ws/install/paquete' for CMake module files
[5.991s] DEBUG:colcon.colcon_core.event_handler.log_command:Invoked command in '/home/robot/ros2_ws/src/paquete' returned '0': DEBUGINFOD_URLS=https://debuginfod.ubuntu.com PYTHONPATH=/home/robot/ros2_ws/build/paquete/prefix_override:/usr/lib/python3/dist-packages/colcon_core/task/python/colcon_distutils_commands:/home/robot/ros2_ws/install/paquete/lib/python3.12/site-packages:${PYTHONPATH} /usr/bin/python3 -W ignore:setup.py install is deprecated -W ignore:easy_install command is deprecated setup.py egg_info --egg-base ../../build/paquete build --build-base /home/robot/ros2_ws/build/paquete/build install --record /home/robot/ros2_ws/build/paquete/install.log --single-version-externally-managed install_data
[5.992s] Level 1:colcon.colcon_core.environment:checking '/home/robot/ros2_ws/install/paquete' for CMake config files
[5.994s] Level 1:colcon.colcon_core.environment:checking '/home/robot/ros2_ws/install/paquete/lib'
[5.995s] Level 1:colcon.colcon_core.environment:checking '/home/robot/ros2_ws/install/paquete/bin'
[5.995s] Level 1:colcon.colcon_core.environment:checking '/home/robot/ros2_ws/install/paquete/lib/pkgconfig/paquete.pc'
[5.996s] Level 1:colcon.colcon_core.environment:checking '/home/robot/ros2_ws/install/paquete/lib/python3.12/site-packages'
[5.997s] Level 1:colcon.colcon_core.shell:create_environment_hook('paquete', 'pythonpath')
[5.998s] INFO:colcon.colcon_core.shell:Creating environment descriptor '/home/robot/ros2_ws/install/paquete/share/paquete/hook/pythonpath.dsv'
[5.999s] INFO:colcon.colcon_core.shell:Creating environment hook '/home/robot/ros2_ws/install/paquete/share/paquete/hook/pythonpath.sh'
[6.002s] Level 1:colcon.colcon_core.environment:checking '/home/robot/ros2_ws/install/paquete/bin'
[6.002s] Level 1:colcon.colcon_core.environment:create_environment_scripts_only(paquete)
[6.003s] INFO:colcon.colcon_core.shell:Creating package descriptor '/home/robot/ros2_ws/install/paquete/share/paquete/package.dsv'
[6.004s] INFO:colcon.colcon_core.shell:Creating package script '/home/robot/ros2_ws/install/paquete/share/paquete/package.sh'
[6.006s] INFO:colcon.colcon_core.shell:Creating package script '/home/robot/ros2_ws/install/paquete/share/paquete/package.bash'
[6.007s] INFO:colcon.colcon_core.shell:Creating package script '/home/robot/ros2_ws/install/paquete/share/paquete/package.zsh'
[6.008s] Level 1:colcon.colcon_core.environment:create_file_with_runtime_dependencies(/home/robot/ros2_ws/install/paquete/share/colcon-core/packages/paquete)
[6.009s] DEBUG:colcon.colcon_parallel_executor.executor.parallel:closing loop
[6.012s] DEBUG:colcon.colcon_parallel_executor.executor.parallel:loop closed
[6.012s] DEBUG:colcon.colcon_parallel_executor.executor.parallel:run_until_complete finished with '0'
[6.012s] DEBUG:colcon.colcon_core.event_reactor:joining thread
[6.038s] INFO:colcon.colcon_core.plugin_system:Skipping extension 'colcon_notification.desktop_notification.terminal_notifier': Not used on non-Darwin systems
[6.038s] INFO:colcon.colcon_core.plugin_system:Skipping extension 'colcon_notification.desktop_notification.win32': Not used on non-Windows systems
[6.038s] INFO:colcon.colcon_notification.desktop_notification:Sending desktop notification using 'notify2'
[6.084s] DEBUG:colcon.colcon_core.event_reactor:joined thread
[6.085s] INFO:colcon.colcon_core.shell:Creating prefix script '/home/robot/ros2_ws/install/local_setup.sh'
[6.086s] INFO:colcon.colcon_core.shell:Creating prefix util module '/home/robot/ros2_ws/install/_local_setup_util_sh.py'
[6.091s] INFO:colcon.colcon_core.shell:Creating prefix chain script '/home/robot/ros2_ws/install/setup.sh'
[6.095s] INFO:colcon.colcon_core.shell:Creating prefix script '/home/robot/ros2_ws/install/local_setup.bash'
[6.097s] INFO:colcon.colcon_core.shell:Creating prefix chain script '/home/robot/ros2_ws/install/setup.bash'
[6.101s] INFO:colcon.colcon_core.shell:Creating prefix script '/home/robot/ros2_ws/install/local_setup.zsh'
[6.103s] INFO:colcon.colcon_core.shell:Creating prefix chain script '/home/robot/ros2_ws/install/setup.zsh'
