[4.300s] Invoking command in '/home/robot/ros2_ws/src/paquete': DEBUGINFOD_URLS=https://debuginfod.ubuntu.com PYTHONPATH=/home/robot/ros2_ws/build/paquete/prefix_override:/usr/lib/python3/dist-packages/colcon_core/task/python/colcon_distutils_commands:/home/robot/ros2_ws/install/paquete/lib/python3.12/site-packages:${PYTHONPATH} /usr/bin/python3 -W ignore:setup.py install is deprecated -W ignore:easy_install command is deprecated setup.py egg_info --egg-base ../../build/paquete build --build-base /home/robot/ros2_ws/build/paquete/build install --record /home/robot/ros2_ws/build/paquete/install.log --single-version-externally-managed install_data
[5.738s] running egg_info
[5.836s] writing ../../build/paquete/paquete.egg-info/PKG-INFO
[5.839s] writing dependency_links to ../../build/paquete/paquete.egg-info/dependency_links.txt
[5.839s] writing entry points to ../../build/paquete/paquete.egg-info/entry_points.txt
[5.839s] writing requirements to ../../build/paquete/paquete.egg-info/requires.txt
[5.840s] writing top-level names to ../../build/paquete/paquete.egg-info/top_level.txt
[6.039s] reading manifest file '../../build/paquete/paquete.egg-info/SOURCES.txt'
[6.065s] adding license file 'LICENSE'
[6.067s] writing manifest file '../../build/paquete/paquete.egg-info/SOURCES.txt'
[6.067s] running build
[6.067s] running build_py
[6.067s] running install
[6.107s] running install_lib
[6.194s] running install_data
[6.198s] running install_egg_info
[6.322s] removing '/home/robot/ros2_ws/install/paquete/lib/python3.12/site-packages/paquete-0.0.0-py3.12.egg-info' (and everything under it)
[6.322s] Copying ../../build/paquete/paquete.egg-info to /home/robot/ros2_ws/install/paquete/lib/python3.12/site-packages/paquete-0.0.0-py3.12.egg-info
[6.330s] running install_scripts
[7.210s] Installing comunicacionROS script to /home/robot/ros2_ws/install/paquete/lib/paquete
[7.213s] Installing nodoSimple script to /home/robot/ros2_ws/install/paquete/lib/paquete
[7.224s] writing list of installed files to '/home/robot/ros2_ws/build/paquete/install.log'
[7.572s] Invoked command in '/home/robot/ros2_ws/src/paquete' returned '0': DEBUGINFOD_URLS=https://debuginfod.ubuntu.com PYTHONPATH=/home/robot/ros2_ws/build/paquete/prefix_override:/usr/lib/python3/dist-packages/colcon_core/task/python/colcon_distutils_commands:/home/robot/ros2_ws/install/paquete/lib/python3.12/site-packages:${PYTHONPATH} /usr/bin/python3 -W ignore:setup.py install is deprecated -W ignore:easy_install command is deprecated setup.py egg_info --egg-base ../../build/paquete build --build-base /home/robot/ros2_ws/build/paquete/build install --record /home/robot/ros2_ws/build/paquete/install.log --single-version-externally-managed install_data
