[0.172s] DEBUG:colcon:Command line arguments: ['/usr/bin/colcon', 'build']
[0.173s] DEBUG:colcon:Parsed command line arguments: Namespace(log_base=None, log_level=None, verb_name='build', build_base='build', install_base='install', merge_install=False, symlink_install=False, test_result_base=None, continue_on_error=False, executor='parallel', parallel_workers=4, event_handlers=None, ignore_user_meta=False, metas=['./colcon.meta'], base_paths=['.'], packages_ignore=None, packages_ignore_regex=None, paths=None, packages_up_to=None, packages_up_to_regex=None, packages_above=None, packages_above_and_dependencies=None, packages_above_depth=None, packages_select_by_dep=None, packages_skip_by_dep=None, packages_skip_up_to=None, packages_select_build_failed=False, packages_skip_build_finished=False, packages_select_test_failures=False, packages_skip_test_passed=False, packages_select=None, packages_skip=None, packages_select_regex=None, packages_skip_regex=None, packages_start=None, packages_end=None, cmake_args=None, cmake_target=None, cmake_target_skip_unavailable=False, cmake_clean_cache=False, cmake_clean_first=False, cmake_force_configure=False, ament_cmake_args=None, catkin_cmake_args=None, catkin_skip_building_tests=False, verb_parser=<colcon_defaults.argument_parser.defaults.DefaultArgumentsDecorator object at 0x753748ab4b60>, verb_extension=<colcon_core.verb.build.BuildVerb object at 0x753748ab48c0>, main=<bound method BuildVerb.main of <colcon_core.verb.build.BuildVerb object at 0x753748ab48c0>>)
[0.240s] Level 1:colcon.colcon_core.package_discovery:discover_packages(colcon_meta) check parameters
[0.240s] Level 1:colcon.colcon_core.package_discovery:discover_packages(recursive) check parameters
[0.240s] Level 1:colcon.colcon_core.package_discovery:discover_packages(ignore) check parameters
[0.240s] Level 1:colcon.colcon_core.package_discovery:discover_packages(path) check parameters
[0.240s] Level 1:colcon.colcon_core.package_discovery:discover_packages(colcon_meta) discover
[0.240s] Level 1:colcon.colcon_core.package_discovery:discover_packages(recursive) discover
[0.240s] INFO:colcon.colcon_core.package_discovery:Crawling recursively for packages in '/home/robot/prueba_ws'
[0.240s] Level 1:colcon.colcon_core.package_identification:_identify(.) by extensions ['ignore', 'ignore_ament_install']
[0.241s] Level 1:colcon.colcon_core.package_identification:_identify(.) by extension 'ignore'
[0.241s] Level 1:colcon.colcon_core.package_identification:_identify(.) by extension 'ignore_ament_install'
[0.241s] Level 1:colcon.colcon_core.package_identification:_identify(.) by extensions ['colcon_pkg']
[0.241s] Level 1:colcon.colcon_core.package_identification:_identify(.) by extension 'colcon_pkg'
[0.241s] Level 1:colcon.colcon_core.package_identification:_identify(.) by extensions ['colcon_meta']
[0.241s] Level 1:colcon.colcon_core.package_identification:_identify(.) by extension 'colcon_meta'
[0.241s] Level 1:colcon.colcon_core.package_identification:_identify(.) by extensions ['ros']
[0.241s] Level 1:colcon.colcon_core.package_identification:_identify(.) by extension 'ros'
[0.276s] Level 1:colcon.colcon_core.package_identification:_identify(.) by extensions ['cmake', 'python']
[0.276s] Level 1:colcon.colcon_core.package_identification:_identify(.) by extension 'cmake'
[0.276s] Level 1:colcon.colcon_core.package_identification:_identify(.) by extension 'python'
[0.276s] Level 1:colcon.colcon_core.package_identification:_identify(.) by extensions ['python_setup_py']
[0.276s] Level 1:colcon.colcon_core.package_identification:_identify(.) by extension 'python_setup_py'
[0.276s] Level 1:colcon.colcon_core.package_identification:_identify(build) by extensions ['ignore', 'ignore_ament_install']
[0.277s] Level 1:colcon.colcon_core.package_identification:_identify(build) by extension 'ignore'
[0.277s] Level 1:colcon.colcon_core.package_identification:_identify(build) ignored
[0.277s] Level 1:colcon.colcon_core.package_identification:_identify(install) by extensions ['ignore', 'ignore_ament_install']
[0.277s] Level 1:colcon.colcon_core.package_identification:_identify(install) by extension 'ignore'
[0.277s] Level 1:colcon.colcon_core.package_identification:_identify(install) ignored
[0.277s] Level 1:colcon.colcon_core.package_identification:_identify(log) by extensions ['ignore', 'ignore_ament_install']
[0.278s] Level 1:colcon.colcon_core.package_identification:_identify(log) by extension 'ignore'
[0.278s] Level 1:colcon.colcon_core.package_identification:_identify(log) ignored
[0.278s] Level 1:colcon.colcon_core.package_identification:_identify(onda_cuadrada_test_2025_07_14_15_48_14) by extensions ['ignore', 'ignore_ament_install']
[0.278s] Level 1:colcon.colcon_core.package_identification:_identify(onda_cuadrada_test_2025_07_14_15_48_14) by extension 'ignore'
[0.278s] Level 1:colcon.colcon_core.package_identification:_identify(onda_cuadrada_test_2025_07_14_15_48_14) by extension 'ignore_ament_install'
[0.278s] Level 1:colcon.colcon_core.package_identification:_identify(onda_cuadrada_test_2025_07_14_15_48_14) by extensions ['colcon_pkg']
[0.278s] Level 1:colcon.colcon_core.package_identification:_identify(onda_cuadrada_test_2025_07_14_15_48_14) by extension 'colcon_pkg'
[0.278s] Level 1:colcon.colcon_core.package_identification:_identify(onda_cuadrada_test_2025_07_14_15_48_14) by extensions ['colcon_meta']
[0.278s] Level 1:colcon.colcon_core.package_identification:_identify(onda_cuadrada_test_2025_07_14_15_48_14) by extension 'colcon_meta'
[0.278s] Level 1:colcon.colcon_core.package_identification:_identify(onda_cuadrada_test_2025_07_14_15_48_14) by extensions ['ros']
[0.278s] Level 1:colcon.colcon_core.package_identification:_identify(onda_cuadrada_test_2025_07_14_15_48_14) by extension 'ros'
[0.279s] Level 1:colcon.colcon_core.package_identification:_identify(onda_cuadrada_test_2025_07_14_15_48_14) by extensions ['cmake', 'python']
[0.279s] Level 1:colcon.colcon_core.package_identification:_identify(onda_cuadrada_test_2025_07_14_15_48_14) by extension 'cmake'
[0.279s] Level 1:colcon.colcon_core.package_identification:_identify(onda_cuadrada_test_2025_07_14_15_48_14) by extension 'python'
[0.279s] Level 1:colcon.colcon_core.package_identification:_identify(onda_cuadrada_test_2025_07_14_15_48_14) by extensions ['python_setup_py']
[0.279s] Level 1:colcon.colcon_core.package_identification:_identify(onda_cuadrada_test_2025_07_14_15_48_14) by extension 'python_setup_py'
[0.279s] Level 1:colcon.colcon_core.package_identification:_identify(onda_cuadrada_test_2025_07_14_15_51_22) by extensions ['ignore', 'ignore_ament_install']
[0.279s] Level 1:colcon.colcon_core.package_identification:_identify(onda_cuadrada_test_2025_07_14_15_51_22) by extension 'ignore'
[0.279s] Level 1:colcon.colcon_core.package_identification:_identify(onda_cuadrada_test_2025_07_14_15_51_22) by extension 'ignore_ament_install'
[0.279s] Level 1:colcon.colcon_core.package_identification:_identify(onda_cuadrada_test_2025_07_14_15_51_22) by extensions ['colcon_pkg']
[0.279s] Level 1:colcon.colcon_core.package_identification:_identify(onda_cuadrada_test_2025_07_14_15_51_22) by extension 'colcon_pkg'
[0.279s] Level 1:colcon.colcon_core.package_identification:_identify(onda_cuadrada_test_2025_07_14_15_51_22) by extensions ['colcon_meta']
[0.279s] Level 1:colcon.colcon_core.package_identification:_identify(onda_cuadrada_test_2025_07_14_15_51_22) by extension 'colcon_meta'
[0.279s] Level 1:colcon.colcon_core.package_identification:_identify(onda_cuadrada_test_2025_07_14_15_51_22) by extensions ['ros']
[0.279s] Level 1:colcon.colcon_core.package_identification:_identify(onda_cuadrada_test_2025_07_14_15_51_22) by extension 'ros'
[0.279s] Level 1:colcon.colcon_core.package_identification:_identify(onda_cuadrada_test_2025_07_14_15_51_22) by extensions ['cmake', 'python']
[0.280s] Level 1:colcon.colcon_core.package_identification:_identify(onda_cuadrada_test_2025_07_14_15_51_22) by extension 'cmake'
[0.280s] Level 1:colcon.colcon_core.package_identification:_identify(onda_cuadrada_test_2025_07_14_15_51_22) by extension 'python'
[0.280s] Level 1:colcon.colcon_core.package_identification:_identify(onda_cuadrada_test_2025_07_14_15_51_22) by extensions ['python_setup_py']
[0.280s] Level 1:colcon.colcon_core.package_identification:_identify(onda_cuadrada_test_2025_07_14_15_51_22) by extension 'python_setup_py'
[0.280s] Level 1:colcon.colcon_core.package_identification:_identify(onda_cuadrada_test_2025_07_14_15_52_06) by extensions ['ignore', 'ignore_ament_install']
[0.280s] Level 1:colcon.colcon_core.package_identification:_identify(onda_cuadrada_test_2025_07_14_15_52_06) by extension 'ignore'
[0.280s] Level 1:colcon.colcon_core.package_identification:_identify(onda_cuadrada_test_2025_07_14_15_52_06) by extension 'ignore_ament_install'
[0.280s] Level 1:colcon.colcon_core.package_identification:_identify(onda_cuadrada_test_2025_07_14_15_52_06) by extensions ['colcon_pkg']
[0.280s] Level 1:colcon.colcon_core.package_identification:_identify(onda_cuadrada_test_2025_07_14_15_52_06) by extension 'colcon_pkg'
[0.280s] Level 1:colcon.colcon_core.package_identification:_identify(onda_cuadrada_test_2025_07_14_15_52_06) by extensions ['colcon_meta']
[0.280s] Level 1:colcon.colcon_core.package_identification:_identify(onda_cuadrada_test_2025_07_14_15_52_06) by extension 'colcon_meta'
[0.280s] Level 1:colcon.colcon_core.package_identification:_identify(onda_cuadrada_test_2025_07_14_15_52_06) by extensions ['ros']
[0.280s] Level 1:colcon.colcon_core.package_identification:_identify(onda_cuadrada_test_2025_07_14_15_52_06) by extension 'ros'
[0.280s] Level 1:colcon.colcon_core.package_identification:_identify(onda_cuadrada_test_2025_07_14_15_52_06) by extensions ['cmake', 'python']
[0.280s] Level 1:colcon.colcon_core.package_identification:_identify(onda_cuadrada_test_2025_07_14_15_52_06) by extension 'cmake'
[0.280s] Level 1:colcon.colcon_core.package_identification:_identify(onda_cuadrada_test_2025_07_14_15_52_06) by extension 'python'
[0.280s] Level 1:colcon.colcon_core.package_identification:_identify(onda_cuadrada_test_2025_07_14_15_52_06) by extensions ['python_setup_py']
[0.280s] Level 1:colcon.colcon_core.package_identification:_identify(onda_cuadrada_test_2025_07_14_15_52_06) by extension 'python_setup_py'
[0.281s] Level 1:colcon.colcon_core.package_identification:_identify(onda_cuadrada_test_2025_07_14_15_56_54) by extensions ['ignore', 'ignore_ament_install']
[0.281s] Level 1:colcon.colcon_core.package_identification:_identify(onda_cuadrada_test_2025_07_14_15_56_54) by extension 'ignore'
[0.281s] Level 1:colcon.colcon_core.package_identification:_identify(onda_cuadrada_test_2025_07_14_15_56_54) by extension 'ignore_ament_install'
[0.281s] Level 1:colcon.colcon_core.package_identification:_identify(onda_cuadrada_test_2025_07_14_15_56_54) by extensions ['colcon_pkg']
[0.281s] Level 1:colcon.colcon_core.package_identification:_identify(onda_cuadrada_test_2025_07_14_15_56_54) by extension 'colcon_pkg'
[0.281s] Level 1:colcon.colcon_core.package_identification:_identify(onda_cuadrada_test_2025_07_14_15_56_54) by extensions ['colcon_meta']
[0.281s] Level 1:colcon.colcon_core.package_identification:_identify(onda_cuadrada_test_2025_07_14_15_56_54) by extension 'colcon_meta'
[0.281s] Level 1:colcon.colcon_core.package_identification:_identify(onda_cuadrada_test_2025_07_14_15_56_54) by extensions ['ros']
[0.281s] Level 1:colcon.colcon_core.package_identification:_identify(onda_cuadrada_test_2025_07_14_15_56_54) by extension 'ros'
[0.281s] Level 1:colcon.colcon_core.package_identification:_identify(onda_cuadrada_test_2025_07_14_15_56_54) by extensions ['cmake', 'python']
[0.281s] Level 1:colcon.colcon_core.package_identification:_identify(onda_cuadrada_test_2025_07_14_15_56_54) by extension 'cmake'
[0.281s] Level 1:colcon.colcon_core.package_identification:_identify(onda_cuadrada_test_2025_07_14_15_56_54) by extension 'python'
[0.281s] Level 1:colcon.colcon_core.package_identification:_identify(onda_cuadrada_test_2025_07_14_15_56_54) by extensions ['python_setup_py']
[0.281s] Level 1:colcon.colcon_core.package_identification:_identify(onda_cuadrada_test_2025_07_14_15_56_54) by extension 'python_setup_py'
[0.281s] Level 1:colcon.colcon_core.package_identification:_identify(onda_cuadrada_test_2025_07_14_15_58_05) by extensions ['ignore', 'ignore_ament_install']
[0.281s] Level 1:colcon.colcon_core.package_identification:_identify(onda_cuadrada_test_2025_07_14_15_58_05) by extension 'ignore'
[0.282s] Level 1:colcon.colcon_core.package_identification:_identify(onda_cuadrada_test_2025_07_14_15_58_05) by extension 'ignore_ament_install'
[0.282s] Level 1:colcon.colcon_core.package_identification:_identify(onda_cuadrada_test_2025_07_14_15_58_05) by extensions ['colcon_pkg']
[0.282s] Level 1:colcon.colcon_core.package_identification:_identify(onda_cuadrada_test_2025_07_14_15_58_05) by extension 'colcon_pkg'
[0.282s] Level 1:colcon.colcon_core.package_identification:_identify(onda_cuadrada_test_2025_07_14_15_58_05) by extensions ['colcon_meta']
[0.282s] Level 1:colcon.colcon_core.package_identification:_identify(onda_cuadrada_test_2025_07_14_15_58_05) by extension 'colcon_meta'
[0.282s] Level 1:colcon.colcon_core.package_identification:_identify(onda_cuadrada_test_2025_07_14_15_58_05) by extensions ['ros']
[0.282s] Level 1:colcon.colcon_core.package_identification:_identify(onda_cuadrada_test_2025_07_14_15_58_05) by extension 'ros'
[0.282s] Level 1:colcon.colcon_core.package_identification:_identify(onda_cuadrada_test_2025_07_14_15_58_05) by extensions ['cmake', 'python']
[0.282s] Level 1:colcon.colcon_core.package_identification:_identify(onda_cuadrada_test_2025_07_14_15_58_05) by extension 'cmake'
[0.282s] Level 1:colcon.colcon_core.package_identification:_identify(onda_cuadrada_test_2025_07_14_15_58_05) by extension 'python'
[0.282s] Level 1:colcon.colcon_core.package_identification:_identify(onda_cuadrada_test_2025_07_14_15_58_05) by extensions ['python_setup_py']
[0.282s] Level 1:colcon.colcon_core.package_identification:_identify(onda_cuadrada_test_2025_07_14_15_58_05) by extension 'python_setup_py'
[0.282s] Level 1:colcon.colcon_core.package_identification:_identify(onda_cuadrada_test_2025_07_14_15_59_13) by extensions ['ignore', 'ignore_ament_install']
[0.282s] Level 1:colcon.colcon_core.package_identification:_identify(onda_cuadrada_test_2025_07_14_15_59_13) by extension 'ignore'
[0.282s] Level 1:colcon.colcon_core.package_identification:_identify(onda_cuadrada_test_2025_07_14_15_59_13) by extension 'ignore_ament_install'
[0.282s] Level 1:colcon.colcon_core.package_identification:_identify(onda_cuadrada_test_2025_07_14_15_59_13) by extensions ['colcon_pkg']
[0.282s] Level 1:colcon.colcon_core.package_identification:_identify(onda_cuadrada_test_2025_07_14_15_59_13) by extension 'colcon_pkg'
[0.283s] Level 1:colcon.colcon_core.package_identification:_identify(onda_cuadrada_test_2025_07_14_15_59_13) by extensions ['colcon_meta']
[0.283s] Level 1:colcon.colcon_core.package_identification:_identify(onda_cuadrada_test_2025_07_14_15_59_13) by extension 'colcon_meta'
[0.283s] Level 1:colcon.colcon_core.package_identification:_identify(onda_cuadrada_test_2025_07_14_15_59_13) by extensions ['ros']
[0.283s] Level 1:colcon.colcon_core.package_identification:_identify(onda_cuadrada_test_2025_07_14_15_59_13) by extension 'ros'
[0.283s] Level 1:colcon.colcon_core.package_identification:_identify(onda_cuadrada_test_2025_07_14_15_59_13) by extensions ['cmake', 'python']
[0.283s] Level 1:colcon.colcon_core.package_identification:_identify(onda_cuadrada_test_2025_07_14_15_59_13) by extension 'cmake'
[0.283s] Level 1:colcon.colcon_core.package_identification:_identify(onda_cuadrada_test_2025_07_14_15_59_13) by extension 'python'
[0.283s] Level 1:colcon.colcon_core.package_identification:_identify(onda_cuadrada_test_2025_07_14_15_59_13) by extensions ['python_setup_py']
[0.283s] Level 1:colcon.colcon_core.package_identification:_identify(onda_cuadrada_test_2025_07_14_15_59_13) by extension 'python_setup_py'
[0.283s] Level 1:colcon.colcon_core.package_identification:_identify(square_wave_test_2025_07_14_16_11_12) by extensions ['ignore', 'ignore_ament_install']
[0.283s] Level 1:colcon.colcon_core.package_identification:_identify(square_wave_test_2025_07_14_16_11_12) by extension 'ignore'
[0.283s] Level 1:colcon.colcon_core.package_identification:_identify(square_wave_test_2025_07_14_16_11_12) by extension 'ignore_ament_install'
[0.283s] Level 1:colcon.colcon_core.package_identification:_identify(square_wave_test_2025_07_14_16_11_12) by extensions ['colcon_pkg']
[0.283s] Level 1:colcon.colcon_core.package_identification:_identify(square_wave_test_2025_07_14_16_11_12) by extension 'colcon_pkg'
[0.283s] Level 1:colcon.colcon_core.package_identification:_identify(square_wave_test_2025_07_14_16_11_12) by extensions ['colcon_meta']
[0.283s] Level 1:colcon.colcon_core.package_identification:_identify(square_wave_test_2025_07_14_16_11_12) by extension 'colcon_meta'
[0.283s] Level 1:colcon.colcon_core.package_identification:_identify(square_wave_test_2025_07_14_16_11_12) by extensions ['ros']
[0.283s] Level 1:colcon.colcon_core.package_identification:_identify(square_wave_test_2025_07_14_16_11_12) by extension 'ros'
[0.284s] Level 1:colcon.colcon_core.package_identification:_identify(square_wave_test_2025_07_14_16_11_12) by extensions ['cmake', 'python']
[0.284s] Level 1:colcon.colcon_core.package_identification:_identify(square_wave_test_2025_07_14_16_11_12) by extension 'cmake'
[0.284s] Level 1:colcon.colcon_core.package_identification:_identify(square_wave_test_2025_07_14_16_11_12) by extension 'python'
[0.284s] Level 1:colcon.colcon_core.package_identification:_identify(square_wave_test_2025_07_14_16_11_12) by extensions ['python_setup_py']
[0.284s] Level 1:colcon.colcon_core.package_identification:_identify(square_wave_test_2025_07_14_16_11_12) by extension 'python_setup_py'
[0.284s] Level 1:colcon.colcon_core.package_identification:_identify(square_wave_test_2025_07_14_16_12_04) by extensions ['ignore', 'ignore_ament_install']
[0.284s] Level 1:colcon.colcon_core.package_identification:_identify(square_wave_test_2025_07_14_16_12_04) by extension 'ignore'
[0.284s] Level 1:colcon.colcon_core.package_identification:_identify(square_wave_test_2025_07_14_16_12_04) by extension 'ignore_ament_install'
[0.284s] Level 1:colcon.colcon_core.package_identification:_identify(square_wave_test_2025_07_14_16_12_04) by extensions ['colcon_pkg']
[0.284s] Level 1:colcon.colcon_core.package_identification:_identify(square_wave_test_2025_07_14_16_12_04) by extension 'colcon_pkg'
[0.284s] Level 1:colcon.colcon_core.package_identification:_identify(square_wave_test_2025_07_14_16_12_04) by extensions ['colcon_meta']
[0.284s] Level 1:colcon.colcon_core.package_identification:_identify(square_wave_test_2025_07_14_16_12_04) by extension 'colcon_meta'
[0.284s] Level 1:colcon.colcon_core.package_identification:_identify(square_wave_test_2025_07_14_16_12_04) by extensions ['ros']
[0.284s] Level 1:colcon.colcon_core.package_identification:_identify(square_wave_test_2025_07_14_16_12_04) by extension 'ros'
[0.284s] Level 1:colcon.colcon_core.package_identification:_identify(square_wave_test_2025_07_14_16_12_04) by extensions ['cmake', 'python']
[0.284s] Level 1:colcon.colcon_core.package_identification:_identify(square_wave_test_2025_07_14_16_12_04) by extension 'cmake'
[0.284s] Level 1:colcon.colcon_core.package_identification:_identify(square_wave_test_2025_07_14_16_12_04) by extension 'python'
[0.284s] Level 1:colcon.colcon_core.package_identification:_identify(square_wave_test_2025_07_14_16_12_04) by extensions ['python_setup_py']
[0.285s] Level 1:colcon.colcon_core.package_identification:_identify(square_wave_test_2025_07_14_16_12_04) by extension 'python_setup_py'
[0.285s] Level 1:colcon.colcon_core.package_identification:_identify(square_wave_test_2025_07_14_16_14_02) by extensions ['ignore', 'ignore_ament_install']
[0.285s] Level 1:colcon.colcon_core.package_identification:_identify(square_wave_test_2025_07_14_16_14_02) by extension 'ignore'
[0.285s] Level 1:colcon.colcon_core.package_identification:_identify(square_wave_test_2025_07_14_16_14_02) by extension 'ignore_ament_install'
[0.285s] Level 1:colcon.colcon_core.package_identification:_identify(square_wave_test_2025_07_14_16_14_02) by extensions ['colcon_pkg']
[0.285s] Level 1:colcon.colcon_core.package_identification:_identify(square_wave_test_2025_07_14_16_14_02) by extension 'colcon_pkg'
[0.285s] Level 1:colcon.colcon_core.package_identification:_identify(square_wave_test_2025_07_14_16_14_02) by extensions ['colcon_meta']
[0.285s] Level 1:colcon.colcon_core.package_identification:_identify(square_wave_test_2025_07_14_16_14_02) by extension 'colcon_meta'
[0.285s] Level 1:colcon.colcon_core.package_identification:_identify(square_wave_test_2025_07_14_16_14_02) by extensions ['ros']
[0.285s] Level 1:colcon.colcon_core.package_identification:_identify(square_wave_test_2025_07_14_16_14_02) by extension 'ros'
[0.285s] Level 1:colcon.colcon_core.package_identification:_identify(square_wave_test_2025_07_14_16_14_02) by extensions ['cmake', 'python']
[0.285s] Level 1:colcon.colcon_core.package_identification:_identify(square_wave_test_2025_07_14_16_14_02) by extension 'cmake'
[0.285s] Level 1:colcon.colcon_core.package_identification:_identify(square_wave_test_2025_07_14_16_14_02) by extension 'python'
[0.285s] Level 1:colcon.colcon_core.package_identification:_identify(square_wave_test_2025_07_14_16_14_02) by extensions ['python_setup_py']
[0.285s] Level 1:colcon.colcon_core.package_identification:_identify(square_wave_test_2025_07_14_16_14_02) by extension 'python_setup_py'
[0.285s] Level 1:colcon.colcon_core.package_identification:_identify(square_wave_test_2025_07_14_16_15_55) by extensions ['ignore', 'ignore_ament_install']
[0.286s] Level 1:colcon.colcon_core.package_identification:_identify(square_wave_test_2025_07_14_16_15_55) by extension 'ignore'
[0.286s] Level 1:colcon.colcon_core.package_identification:_identify(square_wave_test_2025_07_14_16_15_55) by extension 'ignore_ament_install'
[0.286s] Level 1:colcon.colcon_core.package_identification:_identify(square_wave_test_2025_07_14_16_15_55) by extensions ['colcon_pkg']
[0.286s] Level 1:colcon.colcon_core.package_identification:_identify(square_wave_test_2025_07_14_16_15_55) by extension 'colcon_pkg'
[0.286s] Level 1:colcon.colcon_core.package_identification:_identify(square_wave_test_2025_07_14_16_15_55) by extensions ['colcon_meta']
[0.286s] Level 1:colcon.colcon_core.package_identification:_identify(square_wave_test_2025_07_14_16_15_55) by extension 'colcon_meta'
[0.286s] Level 1:colcon.colcon_core.package_identification:_identify(square_wave_test_2025_07_14_16_15_55) by extensions ['ros']
[0.286s] Level 1:colcon.colcon_core.package_identification:_identify(square_wave_test_2025_07_14_16_15_55) by extension 'ros'
[0.286s] Level 1:colcon.colcon_core.package_identification:_identify(square_wave_test_2025_07_14_16_15_55) by extensions ['cmake', 'python']
[0.286s] Level 1:colcon.colcon_core.package_identification:_identify(square_wave_test_2025_07_14_16_15_55) by extension 'cmake'
[0.286s] Level 1:colcon.colcon_core.package_identification:_identify(square_wave_test_2025_07_14_16_15_55) by extension 'python'
[0.286s] Level 1:colcon.colcon_core.package_identification:_identify(square_wave_test_2025_07_14_16_15_55) by extensions ['python_setup_py']
[0.286s] Level 1:colcon.colcon_core.package_identification:_identify(square_wave_test_2025_07_14_16_15_55) by extension 'python_setup_py'
[0.287s] Level 1:colcon.colcon_core.package_identification:_identify(src) by extensions ['ignore', 'ignore_ament_install']
[0.287s] Level 1:colcon.colcon_core.package_identification:_identify(src) by extension 'ignore'
[0.287s] Level 1:colcon.colcon_core.package_identification:_identify(src) by extension 'ignore_ament_install'
[0.287s] Level 1:colcon.colcon_core.package_identification:_identify(src) by extensions ['colcon_pkg']
[0.287s] Level 1:colcon.colcon_core.package_identification:_identify(src) by extension 'colcon_pkg'
[0.287s] Level 1:colcon.colcon_core.package_identification:_identify(src) by extensions ['colcon_meta']
[0.287s] Level 1:colcon.colcon_core.package_identification:_identify(src) by extension 'colcon_meta'
[0.287s] Level 1:colcon.colcon_core.package_identification:_identify(src) by extensions ['ros']
[0.287s] Level 1:colcon.colcon_core.package_identification:_identify(src) by extension 'ros'
[0.287s] Level 1:colcon.colcon_core.package_identification:_identify(src) by extensions ['cmake', 'python']
[0.288s] Level 1:colcon.colcon_core.package_identification:_identify(src) by extension 'cmake'
[0.288s] Level 1:colcon.colcon_core.package_identification:_identify(src) by extension 'python'
[0.288s] Level 1:colcon.colcon_core.package_identification:_identify(src) by extensions ['python_setup_py']
[0.288s] Level 1:colcon.colcon_core.package_identification:_identify(src) by extension 'python_setup_py'
[0.288s] Level 1:colcon.colcon_core.package_identification:_identify(src/my_publisher_pkg) by extensions ['ignore', 'ignore_ament_install']
[0.288s] Level 1:colcon.colcon_core.package_identification:_identify(src/my_publisher_pkg) by extension 'ignore'
[0.288s] Level 1:colcon.colcon_core.package_identification:_identify(src/my_publisher_pkg) by extension 'ignore_ament_install'
[0.288s] Level 1:colcon.colcon_core.package_identification:_identify(src/my_publisher_pkg) by extensions ['colcon_pkg']
[0.288s] Level 1:colcon.colcon_core.package_identification:_identify(src/my_publisher_pkg) by extension 'colcon_pkg'
[0.288s] Level 1:colcon.colcon_core.package_identification:_identify(src/my_publisher_pkg) by extensions ['colcon_meta']
[0.288s] Level 1:colcon.colcon_core.package_identification:_identify(src/my_publisher_pkg) by extension 'colcon_meta'
[0.288s] Level 1:colcon.colcon_core.package_identification:_identify(src/my_publisher_pkg) by extensions ['ros']
[0.288s] Level 1:colcon.colcon_core.package_identification:_identify(src/my_publisher_pkg) by extension 'ros'
[0.291s] DEBUG:colcon.colcon_core.package_identification:Package 'src/my_publisher_pkg' with type 'ros.ament_python' and name 'my_publisher_pkg'
[0.291s] Level 1:colcon.colcon_core.package_discovery:discover_packages(recursive) using defaults
[0.291s] Level 1:colcon.colcon_core.package_discovery:discover_packages(ignore) discover
[0.291s] Level 1:colcon.colcon_core.package_discovery:discover_packages(ignore) using defaults
[0.291s] Level 1:colcon.colcon_core.package_discovery:discover_packages(path) discover
[0.291s] Level 1:colcon.colcon_core.package_discovery:discover_packages(path) using defaults
[0.338s] Level 5:colcon.colcon_core.verb:set package 'my_publisher_pkg' build argument 'cmake_args' from command line to 'None'
[0.338s] Level 5:colcon.colcon_core.verb:set package 'my_publisher_pkg' build argument 'cmake_target' from command line to 'None'
[0.338s] Level 5:colcon.colcon_core.verb:set package 'my_publisher_pkg' build argument 'cmake_target_skip_unavailable' from command line to 'False'
[0.338s] Level 5:colcon.colcon_core.verb:set package 'my_publisher_pkg' build argument 'cmake_clean_cache' from command line to 'False'
[0.338s] Level 5:colcon.colcon_core.verb:set package 'my_publisher_pkg' build argument 'cmake_clean_first' from command line to 'False'
[0.338s] Level 5:colcon.colcon_core.verb:set package 'my_publisher_pkg' build argument 'cmake_force_configure' from command line to 'False'
[0.338s] Level 5:colcon.colcon_core.verb:set package 'my_publisher_pkg' build argument 'ament_cmake_args' from command line to 'None'
[0.338s] Level 5:colcon.colcon_core.verb:set package 'my_publisher_pkg' build argument 'catkin_cmake_args' from command line to 'None'
[0.338s] Level 5:colcon.colcon_core.verb:set package 'my_publisher_pkg' build argument 'catkin_skip_building_tests' from command line to 'False'
[0.338s] DEBUG:colcon.colcon_core.verb:Building package 'my_publisher_pkg' with the following arguments: {'ament_cmake_args': None, 'build_base': '/home/robot/prueba_ws/build/my_publisher_pkg', 'catkin_cmake_args': None, 'catkin_skip_building_tests': False, 'cmake_args': None, 'cmake_clean_cache': False, 'cmake_clean_first': False, 'cmake_force_configure': False, 'cmake_target': None, 'cmake_target_skip_unavailable': False, 'install_base': '/home/robot/prueba_ws/install/my_publisher_pkg', 'merge_install': False, 'path': '/home/robot/prueba_ws/src/my_publisher_pkg', 'symlink_install': False, 'test_result_base': None}
[0.338s] INFO:colcon.colcon_core.executor:Executing jobs using 'parallel' executor
[0.339s] DEBUG:colcon.colcon_parallel_executor.executor.parallel:run_until_complete
[0.340s] INFO:colcon.colcon_ros.task.ament_python.build:Building ROS package in '/home/robot/prueba_ws/src/my_publisher_pkg' with build type 'ament_python'
[0.340s] Level 1:colcon.colcon_core.shell:create_environment_hook('my_publisher_pkg', 'ament_prefix_path')
[0.343s] INFO:colcon.colcon_core.plugin_system:Skipping extension 'colcon_core.shell.bat': Not used on non-Windows systems
[0.344s] INFO:colcon.colcon_core.shell:Creating environment descriptor '/home/robot/prueba_ws/install/my_publisher_pkg/share/my_publisher_pkg/hook/ament_prefix_path.dsv'
[0.344s] INFO:colcon.colcon_core.shell:Creating environment hook '/home/robot/prueba_ws/install/my_publisher_pkg/share/my_publisher_pkg/hook/ament_prefix_path.sh'
[0.345s] DEBUG:colcon.colcon_core.shell:Skip shell extension 'dsv' for command environment
[0.702s] INFO:colcon.colcon_core.task.python.build:Building Python package in '/home/robot/prueba_ws/src/my_publisher_pkg'
[0.702s] DEBUG:colcon.colcon_core.shell:Skip shell extension 'dsv' for command environment
[1.775s] DEBUG:colcon.colcon_core.event_handler.log_command:Invoking command in '/home/robot/prueba_ws/src/my_publisher_pkg': DEBUGINFOD_URLS=https://debuginfod.ubuntu.com PYTHONPATH=/home/robot/prueba_ws/build/my_publisher_pkg/prefix_override:/usr/lib/python3/dist-packages/colcon_core/task/python/colcon_distutils_commands:/home/robot/prueba_ws/install/my_publisher_pkg/lib/python3.12/site-packages:${PYTHONPATH} /usr/bin/python3 -W ignore:setup.py install is deprecated -W ignore:easy_install command is deprecated setup.py egg_info --egg-base ../../build/my_publisher_pkg build --build-base /home/robot/prueba_ws/build/my_publisher_pkg/build install --record /home/robot/prueba_ws/build/my_publisher_pkg/install.log --single-version-externally-managed install_data
[2.799s] DEBUG:colcon.colcon_core.event_handler.log_command:Invoked command in '/home/robot/prueba_ws/src/my_publisher_pkg' returned '0': DEBUGINFOD_URLS=https://debuginfod.ubuntu.com PYTHONPATH=/home/robot/prueba_ws/build/my_publisher_pkg/prefix_override:/usr/lib/python3/dist-packages/colcon_core/task/python/colcon_distutils_commands:/home/robot/prueba_ws/install/my_publisher_pkg/lib/python3.12/site-packages:${PYTHONPATH} /usr/bin/python3 -W ignore:setup.py install is deprecated -W ignore:easy_install command is deprecated setup.py egg_info --egg-base ../../build/my_publisher_pkg build --build-base /home/robot/prueba_ws/build/my_publisher_pkg/build install --record /home/robot/prueba_ws/build/my_publisher_pkg/install.log --single-version-externally-managed install_data
[2.803s] Level 1:colcon.colcon_core.environment:checking '/home/robot/prueba_ws/install/my_publisher_pkg' for CMake module files
[2.804s] Level 1:colcon.colcon_core.environment:checking '/home/robot/prueba_ws/install/my_publisher_pkg' for CMake config files
[2.805s] Level 1:colcon.colcon_core.environment:checking '/home/robot/prueba_ws/install/my_publisher_pkg/lib'
[2.805s] Level 1:colcon.colcon_core.environment:checking '/home/robot/prueba_ws/install/my_publisher_pkg/bin'
[2.806s] Level 1:colcon.colcon_core.environment:checking '/home/robot/prueba_ws/install/my_publisher_pkg/lib/pkgconfig/my_publisher_pkg.pc'
[2.806s] Level 1:colcon.colcon_core.environment:checking '/home/robot/prueba_ws/install/my_publisher_pkg/lib/python3.12/site-packages'
[2.806s] Level 1:colcon.colcon_core.shell:create_environment_hook('my_publisher_pkg', 'pythonpath')
[2.807s] INFO:colcon.colcon_core.shell:Creating environment descriptor '/home/robot/prueba_ws/install/my_publisher_pkg/share/my_publisher_pkg/hook/pythonpath.dsv'
[2.807s] INFO:colcon.colcon_core.shell:Creating environment hook '/home/robot/prueba_ws/install/my_publisher_pkg/share/my_publisher_pkg/hook/pythonpath.sh'
[2.808s] Level 1:colcon.colcon_core.environment:checking '/home/robot/prueba_ws/install/my_publisher_pkg/bin'
[2.808s] Level 1:colcon.colcon_core.environment:create_environment_scripts_only(my_publisher_pkg)
[2.809s] INFO:colcon.colcon_core.shell:Creating package descriptor '/home/robot/prueba_ws/install/my_publisher_pkg/share/my_publisher_pkg/package.dsv'
[2.809s] INFO:colcon.colcon_core.shell:Creating package script '/home/robot/prueba_ws/install/my_publisher_pkg/share/my_publisher_pkg/package.sh'
[2.810s] INFO:colcon.colcon_core.shell:Creating package script '/home/robot/prueba_ws/install/my_publisher_pkg/share/my_publisher_pkg/package.bash'
[2.811s] INFO:colcon.colcon_core.shell:Creating package script '/home/robot/prueba_ws/install/my_publisher_pkg/share/my_publisher_pkg/package.zsh'
[2.811s] Level 1:colcon.colcon_core.environment:create_file_with_runtime_dependencies(/home/robot/prueba_ws/install/my_publisher_pkg/share/colcon-core/packages/my_publisher_pkg)
[2.812s] DEBUG:colcon.colcon_parallel_executor.executor.parallel:closing loop
[2.812s] DEBUG:colcon.colcon_parallel_executor.executor.parallel:loop closed
[2.813s] DEBUG:colcon.colcon_parallel_executor.executor.parallel:run_until_complete finished with '0'
[2.813s] DEBUG:colcon.colcon_core.event_reactor:joining thread
[2.824s] INFO:colcon.colcon_core.plugin_system:Skipping extension 'colcon_notification.desktop_notification.terminal_notifier': Not used on non-Darwin systems
[2.824s] INFO:colcon.colcon_core.plugin_system:Skipping extension 'colcon_notification.desktop_notification.win32': Not used on non-Windows systems
[2.825s] INFO:colcon.colcon_notification.desktop_notification:Sending desktop notification using 'notify2'
[2.850s] DEBUG:colcon.colcon_core.event_reactor:joined thread
[2.850s] INFO:colcon.colcon_core.shell:Creating prefix script '/home/robot/prueba_ws/install/local_setup.sh'
[2.851s] INFO:colcon.colcon_core.shell:Creating prefix util module '/home/robot/prueba_ws/install/_local_setup_util_sh.py'
[2.852s] INFO:colcon.colcon_core.shell:Creating prefix chain script '/home/robot/prueba_ws/install/setup.sh'
[2.854s] INFO:colcon.colcon_core.shell:Creating prefix script '/home/robot/prueba_ws/install/local_setup.bash'
[2.855s] INFO:colcon.colcon_core.shell:Creating prefix chain script '/home/robot/prueba_ws/install/setup.bash'
[2.858s] INFO:colcon.colcon_core.shell:Creating prefix script '/home/robot/prueba_ws/install/local_setup.zsh'
[2.859s] INFO:colcon.colcon_core.shell:Creating prefix chain script '/home/robot/prueba_ws/install/setup.zsh'
