[3.451s] Invoking command in '/home/robot/ros2_ws/src/serial_robot': DEBUGINFOD_URLS=https://debuginfod.ubuntu.com PYTHONPATH=/home/robot/ros2_ws/build/serial_robot/prefix_override:/usr/lib/python3/dist-packages/colcon_core/task/python/colcon_distutils_commands:/home/robot/ros2_ws/install/serial_robot/lib/python3.12/site-packages:${PYTHONPATH} /usr/bin/python3 -W ignore:setup.py install is deprecated -W ignore:easy_install command is deprecated setup.py egg_info --egg-base ../../build/serial_robot build --build-base /home/robot/ros2_ws/build/serial_robot/build install --record /home/robot/ros2_ws/build/serial_robot/install.log --single-version-externally-managed install_data
[4.436s] running egg_info
[4.529s] writing ../../build/serial_robot/serial_robot.egg-info/PKG-INFO
[4.530s] writing dependency_links to ../../build/serial_robot/serial_robot.egg-info/dependency_links.txt
[4.530s] writing entry points to ../../build/serial_robot/serial_robot.egg-info/entry_points.txt
[4.533s] writing requirements to ../../build/serial_robot/serial_robot.egg-info/requires.txt
[4.533s] writing top-level names to ../../build/serial_robot/serial_robot.egg-info/top_level.txt
[4.698s] reading manifest file '../../build/serial_robot/serial_robot.egg-info/SOURCES.txt'
[4.702s] adding license file 'LICENSE'
[4.703s] writing manifest file '../../build/serial_robot/serial_robot.egg-info/SOURCES.txt'
[4.703s] running build
[4.703s] running build_py
[4.704s] copying serial_robot/communication_serial.py -> /home/robot/ros2_ws/build/serial_robot/build/lib/serial_robot
[4.704s] running install
[4.726s] running install_lib
[4.814s] copying /home/robot/ros2_ws/build/serial_robot/build/lib/serial_robot/communication_serial.py -> /home/robot/ros2_ws/install/serial_robot/lib/python3.12/site-packages/serial_robot
[4.815s] byte-compiling /home/robot/ros2_ws/install/serial_robot/lib/python3.12/site-packages/serial_robot/communication_serial.py to communication_serial.cpython-312.pyc
[4.817s] running install_data
[4.817s] copying package.xml -> /home/robot/ros2_ws/install/serial_robot/share/serial_robot
[4.817s] running install_egg_info
[4.893s] removing '/home/robot/ros2_ws/install/serial_robot/lib/python3.12/site-packages/serial_robot-0.0.0-py3.12.egg-info' (and everything under it)
[4.893s] Copying ../../build/serial_robot/serial_robot.egg-info to /home/robot/ros2_ws/install/serial_robot/lib/python3.12/site-packages/serial_robot-0.0.0-py3.12.egg-info
[4.895s] running install_scripts
[5.389s] Installing serial_communication script to /home/robot/ros2_ws/install/serial_robot/lib/serial_robot
[5.392s] writing list of installed files to '/home/robot/ros2_ws/build/serial_robot/install.log'
[5.521s] Invoked command in '/home/robot/ros2_ws/src/serial_robot' returned '0': DEBUGINFOD_URLS=https://debuginfod.ubuntu.com PYTHONPATH=/home/robot/ros2_ws/build/serial_robot/prefix_override:/usr/lib/python3/dist-packages/colcon_core/task/python/colcon_distutils_commands:/home/robot/ros2_ws/install/serial_robot/lib/python3.12/site-packages:${PYTHONPATH} /usr/bin/python3 -W ignore:setup.py install is deprecated -W ignore:easy_install command is deprecated setup.py egg_info --egg-base ../../build/serial_robot build --build-base /home/robot/ros2_ws/build/serial_robot/build install --record /home/robot/ros2_ws/build/serial_robot/install.log --single-version-externally-managed install_data
