[2.051s] Invoking command in '/home/robot/ros2_ws/src/serial_robot': DEBUGINFOD_URLS=https://debuginfod.ubuntu.com PYTHONPATH=/home/robot/ros2_ws/build/serial_robot/prefix_override:/usr/lib/python3/dist-packages/colcon_core/task/python/colcon_distutils_commands:/home/robot/ros2_ws/install/serial_robot/lib/python3.12/site-packages:${PYTHONPATH} /usr/bin/python3 -W ignore:setup.py install is deprecated -W ignore:easy_install command is deprecated setup.py egg_info --egg-base ../../build/serial_robot build --build-base /home/robot/ros2_ws/build/serial_robot/build install --record /home/robot/ros2_ws/build/serial_robot/install.log --single-version-externally-managed install_data
[2.443s] running egg_info
[2.469s] writing ../../build/serial_robot/serial_robot.egg-info/PKG-INFO
[2.471s] writing dependency_links to ../../build/serial_robot/serial_robot.egg-info/dependency_links.txt
[2.471s] writing entry points to ../../build/serial_robot/serial_robot.egg-info/entry_points.txt
[2.472s] writing requirements to ../../build/serial_robot/serial_robot.egg-info/requires.txt
[2.472s] writing top-level names to ../../build/serial_robot/serial_robot.egg-info/top_level.txt
[2.529s] reading manifest file '../../build/serial_robot/serial_robot.egg-info/SOURCES.txt'
[2.550s] adding license file 'LICENSE'
[2.551s] writing manifest file '../../build/serial_robot/serial_robot.egg-info/SOURCES.txt'
[2.551s] running build
[2.551s] running build_py
[2.562s] running install
[2.571s] running install_lib
[2.600s] running install_data
[2.601s] running install_egg_info
[2.631s] removing '/home/robot/ros2_ws/install/serial_robot/lib/python3.12/site-packages/serial_robot-0.0.0-py3.12.egg-info' (and everything under it)
[2.631s] Copying ../../build/serial_robot/serial_robot.egg-info to /home/robot/ros2_ws/install/serial_robot/lib/python3.12/site-packages/serial_robot-0.0.0-py3.12.egg-info
[2.633s] running install_scripts
[2.814s] Installing serial_communication script to /home/robot/ros2_ws/install/serial_robot/lib/serial_robot
[2.814s] writing list of installed files to '/home/robot/ros2_ws/build/serial_robot/install.log'
[2.864s] Invoked command in '/home/robot/ros2_ws/src/serial_robot' returned '0': DEBUGINFOD_URLS=https://debuginfod.ubuntu.com PYTHONPATH=/home/robot/ros2_ws/build/serial_robot/prefix_override:/usr/lib/python3/dist-packages/colcon_core/task/python/colcon_distutils_commands:/home/robot/ros2_ws/install/serial_robot/lib/python3.12/site-packages:${PYTHONPATH} /usr/bin/python3 -W ignore:setup.py install is deprecated -W ignore:easy_install command is deprecated setup.py egg_info --egg-base ../../build/serial_robot build --build-base /home/robot/ros2_ws/build/serial_robot/build install --record /home/robot/ros2_ws/build/serial_robot/install.log --single-version-externally-managed install_data
