[2.488s] Invoking command in '/home/robot/ros2_ws/src/bno055': DEBUGINFOD_URLS=https://debuginfod.ubuntu.com PYTHONPATH=/home/robot/ros2_ws/build/bno055/prefix_override:/usr/lib/python3/dist-packages/colcon_core/task/python/colcon_distutils_commands:/home/robot/ros2_ws/install/bno055/lib/python3.12/site-packages:${PYTHONPATH} /usr/bin/python3 -W ignore:setup.py install is deprecated -W ignore:easy_install command is deprecated setup.py egg_info --egg-base ../../build/bno055 build --build-base /home/robot/ros2_ws/build/bno055/build install --record /home/robot/ros2_ws/build/bno055/install.log --single-version-externally-managed install_data
[3.113s] running egg_info
[3.160s] writing ../../build/bno055/bno055.egg-info/PKG-INFO
[3.160s] writing dependency_links to ../../build/bno055/bno055.egg-info/dependency_links.txt
[3.162s] writing entry points to ../../build/bno055/bno055.egg-info/entry_points.txt
[3.162s] writing requirements to ../../build/bno055/bno055.egg-info/requires.txt
[3.162s] writing top-level names to ../../build/bno055/bno055.egg-info/top_level.txt
[3.256s] reading manifest file '../../build/bno055/bno055.egg-info/SOURCES.txt'
[3.258s] adding license file 'LICENSE'
[3.258s] adding license file 'AUTHORS'
[3.259s] writing manifest file '../../build/bno055/bno055.egg-info/SOURCES.txt'
[3.259s] running build
[3.259s] running build_py
[3.260s] copying bno055/params/NodeParameters.py -> /home/robot/ros2_ws/build/bno055/build/lib/bno055/params
[3.261s] running install
[3.277s] running install_lib
[3.328s] copying /home/robot/ros2_ws/build/bno055/build/lib/bno055/params/NodeParameters.py -> /home/robot/ros2_ws/install/bno055/lib/python3.12/site-packages/bno055/params
[3.329s] byte-compiling /home/robot/ros2_ws/install/bno055/lib/python3.12/site-packages/bno055/params/NodeParameters.py to NodeParameters.cpython-312.pyc
[3.333s] running install_data
[3.334s] running install_egg_info
[3.385s] removing '/home/robot/ros2_ws/install/bno055/lib/python3.12/site-packages/bno055-0.5.0-py3.12.egg-info' (and everything under it)
[3.385s] Copying ../../build/bno055/bno055.egg-info to /home/robot/ros2_ws/install/bno055/lib/python3.12/site-packages/bno055-0.5.0-py3.12.egg-info
[3.385s] running install_scripts
[3.686s] Installing bno055 script to /home/robot/ros2_ws/install/bno055/lib/bno055
[3.686s] writing list of installed files to '/home/robot/ros2_ws/build/bno055/install.log'
[3.770s] Invoked command in '/home/robot/ros2_ws/src/bno055' returned '0': DEBUGINFOD_URLS=https://debuginfod.ubuntu.com PYTHONPATH=/home/robot/ros2_ws/build/bno055/prefix_override:/usr/lib/python3/dist-packages/colcon_core/task/python/colcon_distutils_commands:/home/robot/ros2_ws/install/bno055/lib/python3.12/site-packages:${PYTHONPATH} /usr/bin/python3 -W ignore:setup.py install is deprecated -W ignore:easy_install command is deprecated setup.py egg_info --egg-base ../../build/bno055 build --build-base /home/robot/ros2_ws/build/bno055/build install --record /home/robot/ros2_ws/build/bno055/install.log --single-version-externally-managed install_data
