[0.403s] Invoking command in '/home/robot/ros2_ws/build/nmea_navsat_driver': DEBUGINFOD_URLS=https://debuginfod.ubuntu.com /usr/bin/cmake /home/robot/ros2_ws/src/nmea_navsat_driver -DCATKIN_INSTALL_INTO_PREFIX_ROOT=0 -DCMAKE_INSTALL_PREFIX=/home/robot/ros2_ws/install/nmea_navsat_driver
[0.802s] [0mCMake Deprecation Warning at CMakeLists.txt:1 (cmake_minimum_required):
[0.803s]   Compatibility with CMake < 3.5 will be removed from a future version of
[0.803s]   CMake.
[0.803s] 
[0.803s]   Update the VERSION argument <min> value or use a ...<max> suffix to tell
[0.803s]   CMake that the project does not need compatibility with older versions.
[0.803s] 
[0.804s] [0m
[0.808s] -- The C compiler identification is GNU 13.3.0
[0.844s] -- The CXX compiler identification is GNU 13.3.0
[0.871s] -- Detecting C compiler ABI info
[1.030s] -- Detecting C compiler ABI info - done
[1.057s] -- Check for working C compiler: /usr/bin/cc - skipped
[1.057s] -- Detecting C compile features
[1.058s] -- Detecting C compile features - done
[1.083s] -- Detecting CXX compiler ABI info
[1.228s] -- Detecting CXX compiler ABI info - done
[1.242s] -- Check for working CXX compiler: /usr/bin/c++ - skipped
[1.242s] -- Detecting CXX compile features
[1.246s] -- Detecting CXX compile features - done
[1.275s] [31mCMake Error at CMakeLists.txt:5 (find_package):
[1.275s]   By not providing "Findcatkin.cmake" in CMAKE_MODULE_PATH this project has
[1.275s]   asked CMake to find a package configuration file provided by "catkin", but
[1.276s]   CMake did not find one.
[1.276s] 
[1.276s]   Could not find a package configuration file provided by "catkin" with any
[1.276s]   of the following names:
[1.276s] 
[1.277s]     catkinConfig.cmake
[1.277s]     catkin-config.cmake
[1.277s] 
[1.277s]   Add the installation prefix of "catkin" to CMAKE_PREFIX_PATH or set
[1.279s]   "catkin_DIR" to a directory containing one of the above files.  If "catkin"
[1.280s]   provides a separate development package or SDK, be sure it has been
[1.280s]   installed.
[1.280s] 
[1.280s] [0m
[1.280s] -- Configuring incomplete, errors occurred!
[1.284s] Invoked command in '/home/robot/ros2_ws/build/nmea_navsat_driver' returned '1': DEBUGINFOD_URLS=https://debuginfod.ubuntu.com /usr/bin/cmake /home/robot/ros2_ws/src/nmea_navsat_driver -DCATKIN_INSTALL_INTO_PREFIX_ROOT=0 -DCMAKE_INSTALL_PREFIX=/home/robot/ros2_ws/install/nmea_navsat_driver
