[0.951s] Invoking command in '/home/robot/ros2_ws/src/my_package': DEBUGINFOD_URLS=https://debuginfod.ubuntu.com PYTHONPATH=/home/robot/ros2_ws/build/my_package/prefix_override:/usr/lib/python3/dist-packages/colcon_core/task/python/colcon_distutils_commands:/home/robot/ros2_ws/install/my_package/lib/python3.12/site-packages:${PYTHONPATH} /usr/bin/python3 -W ignore:setup.py install is deprecated -W ignore:easy_install command is deprecated setup.py egg_info --egg-base ../../build/my_package build --build-base /home/robot/ros2_ws/build/my_package/build install --record /home/robot/ros2_ws/build/my_package/install.log --single-version-externally-managed install_data
[1.261s] running egg_info
[1.283s] writing ../../build/my_package/my_package.egg-info/PKG-INFO
[1.284s] writing dependency_links to ../../build/my_package/my_package.egg-info/dependency_links.txt
[1.284s] writing entry points to ../../build/my_package/my_package.egg-info/entry_points.txt
[1.284s] writing requirements to ../../build/my_package/my_package.egg-info/requires.txt
[1.284s] writing top-level names to ../../build/my_package/my_package.egg-info/top_level.txt
[1.342s] reading manifest file '../../build/my_package/my_package.egg-info/SOURCES.txt'
[1.342s] adding license file 'LICENSE'
[1.343s] writing manifest file '../../build/my_package/my_package.egg-info/SOURCES.txt'
[1.343s] running build
[1.343s] running build_py
[1.344s] running install
[1.351s] running install_lib
[1.375s] running install_data
[1.375s] running install_egg_info
[1.399s] removing '/home/robot/ros2_ws/install/my_package/lib/python3.12/site-packages/my_package-0.0.0-py3.12.egg-info' (and everything under it)
[1.400s] Copying ../../build/my_package/my_package.egg-info to /home/robot/ros2_ws/install/my_package/lib/python3.12/site-packages/my_package-0.0.0-py3.12.egg-info
[1.401s] running install_scripts
[1.555s] Installing my_node script to /home/robot/ros2_ws/install/my_package/lib/my_package
[1.555s] writing list of installed files to '/home/robot/ros2_ws/build/my_package/install.log'
[1.595s] Invoked command in '/home/robot/ros2_ws/src/my_package' returned '0': DEBUGINFOD_URLS=https://debuginfod.ubuntu.com PYTHONPATH=/home/robot/ros2_ws/build/my_package/prefix_override:/usr/lib/python3/dist-packages/colcon_core/task/python/colcon_distutils_commands:/home/robot/ros2_ws/install/my_package/lib/python3.12/site-packages:${PYTHONPATH} /usr/bin/python3 -W ignore:setup.py install is deprecated -W ignore:easy_install command is deprecated setup.py egg_info --egg-base ../../build/my_package build --build-base /home/robot/ros2_ws/build/my_package/build install --record /home/robot/ros2_ws/build/my_package/install.log --single-version-externally-managed install_data
