[2.530s] Invoking command in '/home/robot/ros2_ws/src/serial_robot': DEBUGINFOD_URLS=https://debuginfod.ubuntu.com PYTHONPATH=/home/robot/ros2_ws/build/serial_robot/prefix_override:/usr/lib/python3/dist-packages/colcon_core/task/python/colcon_distutils_commands:/home/robot/ros2_ws/install/serial_robot/lib/python3.12/site-packages:${PYTHONPATH} /usr/bin/python3 -W ignore:setup.py install is deprecated -W ignore:easy_install command is deprecated setup.py egg_info --egg-base ../../build/serial_robot build --build-base /home/robot/ros2_ws/build/serial_robot/build install --record /home/robot/ros2_ws/build/serial_robot/install.log --single-version-externally-managed install_data
[3.151s] running egg_info
[3.197s] writing ../../build/serial_robot/serial_robot.egg-info/PKG-INFO
[3.197s] writing dependency_links to ../../build/serial_robot/serial_robot.egg-info/dependency_links.txt
[3.198s] writing entry points to ../../build/serial_robot/serial_robot.egg-info/entry_points.txt
[3.201s] writing requirements to ../../build/serial_robot/serial_robot.egg-info/requires.txt
[3.201s] writing top-level names to ../../build/serial_robot/serial_robot.egg-info/top_level.txt
[3.292s] reading manifest file '../../build/serial_robot/serial_robot.egg-info/SOURCES.txt'
[3.293s] adding license file 'LICENSE'
[3.294s] writing manifest file '../../build/serial_robot/serial_robot.egg-info/SOURCES.txt'
[3.294s] running build
[3.294s] running build_py
[3.296s] running install
[3.311s] running install_lib
[3.359s] running install_data
[3.360s] running install_egg_info
[3.409s] removing '/home/robot/ros2_ws/install/serial_robot/lib/python3.12/site-packages/serial_robot-0.0.0-py3.12.egg-info' (and everything under it)
[3.409s] Copying ../../build/serial_robot/serial_robot.egg-info to /home/robot/ros2_ws/install/serial_robot/lib/python3.12/site-packages/serial_robot-0.0.0-py3.12.egg-info
[3.411s] running install_scripts
[3.713s] Installing serial_communication script to /home/robot/ros2_ws/install/serial_robot/lib/serial_robot
[3.716s] writing list of installed files to '/home/robot/ros2_ws/build/serial_robot/install.log'
[3.815s] Invoked command in '/home/robot/ros2_ws/src/serial_robot' returned '0': DEBUGINFOD_URLS=https://debuginfod.ubuntu.com PYTHONPATH=/home/robot/ros2_ws/build/serial_robot/prefix_override:/usr/lib/python3/dist-packages/colcon_core/task/python/colcon_distutils_commands:/home/robot/ros2_ws/install/serial_robot/lib/python3.12/site-packages:${PYTHONPATH} /usr/bin/python3 -W ignore:setup.py install is deprecated -W ignore:easy_install command is deprecated setup.py egg_info --egg-base ../../build/serial_robot build --build-base /home/robot/ros2_ws/build/serial_robot/build install --record /home/robot/ros2_ws/build/serial_robot/install.log --single-version-externally-managed install_data
