[2.852s] Invoking command in '/home/robot/ros2_ws/src/bno055': DEBUGINFOD_URLS=https://debuginfod.ubuntu.com PYTHONPATH=/home/robot/ros2_ws/build/bno055/prefix_override:/usr/lib/python3/dist-packages/colcon_core/task/python/colcon_distutils_commands:/home/robot/ros2_ws/install/bno055/lib/python3.12/site-packages:${PYTHONPATH} /usr/bin/python3 -W ignore:setup.py install is deprecated -W ignore:easy_install command is deprecated setup.py egg_info --egg-base ../../build/bno055 build --build-base /home/robot/ros2_ws/build/bno055/build install --record /home/robot/ros2_ws/build/bno055/install.log --single-version-externally-managed install_data
[3.492s] running egg_info
[3.536s] writing ../../build/bno055/bno055.egg-info/PKG-INFO
[3.537s] writing dependency_links to ../../build/bno055/bno055.egg-info/dependency_links.txt
[3.538s] writing entry points to ../../build/bno055/bno055.egg-info/entry_points.txt
[3.540s] writing requirements to ../../build/bno055/bno055.egg-info/requires.txt
[3.541s] writing top-level names to ../../build/bno055/bno055.egg-info/top_level.txt
[3.638s] reading manifest file '../../build/bno055/bno055.egg-info/SOURCES.txt'
[3.640s] adding license file 'LICENSE'
[3.641s] adding license file 'AUTHORS'
[3.641s] writing manifest file '../../build/bno055/bno055.egg-info/SOURCES.txt'
[3.641s] running build
[3.641s] running build_py
[3.643s] copying bno055/params/NodeParameters.py -> /home/robot/ros2_ws/build/bno055/build/lib/bno055/params
[3.647s] running install
[3.662s] running install_lib
[3.712s] copying /home/robot/ros2_ws/build/bno055/build/lib/bno055/params/NodeParameters.py -> /home/robot/ros2_ws/install/bno055/lib/python3.12/site-packages/bno055/params
[3.713s] byte-compiling /home/robot/ros2_ws/install/bno055/lib/python3.12/site-packages/bno055/params/NodeParameters.py to NodeParameters.cpython-312.pyc
[3.715s] running install_data
[3.720s] copying bno055/params/bno055_params.yaml -> /home/robot/ros2_ws/install/bno055/share/bno055/config
[3.720s] running install_egg_info
[3.772s] removing '/home/robot/ros2_ws/install/bno055/lib/python3.12/site-packages/bno055-0.5.0-py3.12.egg-info' (and everything under it)
[3.773s] Copying ../../build/bno055/bno055.egg-info to /home/robot/ros2_ws/install/bno055/lib/python3.12/site-packages/bno055-0.5.0-py3.12.egg-info
[3.774s] running install_scripts
[4.083s] Installing bno055 script to /home/robot/ros2_ws/install/bno055/lib/bno055
[4.086s] writing list of installed files to '/home/robot/ros2_ws/build/bno055/install.log'
[4.170s] Invoked command in '/home/robot/ros2_ws/src/bno055' returned '0': DEBUGINFOD_URLS=https://debuginfod.ubuntu.com PYTHONPATH=/home/robot/ros2_ws/build/bno055/prefix_override:/usr/lib/python3/dist-packages/colcon_core/task/python/colcon_distutils_commands:/home/robot/ros2_ws/install/bno055/lib/python3.12/site-packages:${PYTHONPATH} /usr/bin/python3 -W ignore:setup.py install is deprecated -W ignore:easy_install command is deprecated setup.py egg_info --egg-base ../../build/bno055 build --build-base /home/robot/ros2_ws/build/bno055/build install --record /home/robot/ros2_ws/build/bno055/install.log --single-version-externally-managed install_data
