[2.142s] Invoking command in '/home/robot/ros2_ws/src/paquete': DEBUGINFOD_URLS=https://debuginfod.ubuntu.com PYTHONPATH=/home/robot/ros2_ws/build/paquete/prefix_override:/usr/lib/python3/dist-packages/colcon_core/task/python/colcon_distutils_commands:/home/robot/ros2_ws/install/paquete/lib/python3.12/site-packages:${PYTHONPATH} /usr/bin/python3 -W ignore:setup.py install is deprecated -W ignore:easy_install command is deprecated setup.py egg_info --egg-base ../../build/paquete build --build-base /home/robot/ros2_ws/build/paquete/build install --record /home/robot/ros2_ws/build/paquete/install.log --single-version-externally-managed install_data
[2.667s] running egg_info
[2.693s] writing ../../build/paquete/paquete.egg-info/PKG-INFO
[2.693s] writing dependency_links to ../../build/paquete/paquete.egg-info/dependency_links.txt
[2.694s] writing entry points to ../../build/paquete/paquete.egg-info/entry_points.txt
[2.694s] writing requirements to ../../build/paquete/paquete.egg-info/requires.txt
[2.694s] writing top-level names to ../../build/paquete/paquete.egg-info/top_level.txt
[2.751s] reading manifest file '../../build/paquete/paquete.egg-info/SOURCES.txt'
[2.751s] adding license file 'LICENSE'
[2.752s] writing manifest file '../../build/paquete/paquete.egg-info/SOURCES.txt'
[2.752s] running build
[2.752s] running build_py
[2.753s] running install
[2.761s] running install_lib
[2.788s] running install_data
[2.788s] running install_egg_info
[2.818s] removing '/home/robot/ros2_ws/install/paquete/lib/python3.12/site-packages/paquete-0.0.0-py3.12.egg-info' (and everything under it)
[2.818s] Copying ../../build/paquete/paquete.egg-info to /home/robot/ros2_ws/install/paquete/lib/python3.12/site-packages/paquete-0.0.0-py3.12.egg-info
[2.819s] running install_scripts
[2.992s] Installing comunicacionROS script to /home/robot/ros2_ws/install/paquete/lib/paquete
[2.992s] Installing nodoSimple script to /home/robot/ros2_ws/install/paquete/lib/paquete
[2.993s] writing list of installed files to '/home/robot/ros2_ws/build/paquete/install.log'
[3.041s] Invoked command in '/home/robot/ros2_ws/src/paquete' returned '0': DEBUGINFOD_URLS=https://debuginfod.ubuntu.com PYTHONPATH=/home/robot/ros2_ws/build/paquete/prefix_override:/usr/lib/python3/dist-packages/colcon_core/task/python/colcon_distutils_commands:/home/robot/ros2_ws/install/paquete/lib/python3.12/site-packages:${PYTHONPATH} /usr/bin/python3 -W ignore:setup.py install is deprecated -W ignore:easy_install command is deprecated setup.py egg_info --egg-base ../../build/paquete build --build-base /home/robot/ros2_ws/build/paquete/build install --record /home/robot/ros2_ws/build/paquete/install.log --single-version-externally-managed install_data
