[4.213s] Invoking command in '/home/robot/ros2_ws/src/serial_robot': DEBUGINFOD_URLS=https://debuginfod.ubuntu.com PYTHONPATH=/home/robot/ros2_ws/build/serial_robot/prefix_override:/usr/lib/python3/dist-packages/colcon_core/task/python/colcon_distutils_commands:/home/robot/ros2_ws/install/serial_robot/lib/python3.12/site-packages:${PYTHONPATH} /usr/bin/python3 -W ignore:setup.py install is deprecated -W ignore:easy_install command is deprecated setup.py egg_info --egg-base ../../build/serial_robot build --build-base /home/robot/ros2_ws/build/serial_robot/build install --record /home/robot/ros2_ws/build/serial_robot/install.log --single-version-externally-managed install_data
[5.467s] running egg_info
[5.527s] writing ../../build/serial_robot/serial_robot.egg-info/PKG-INFO
[5.527s] writing dependency_links to ../../build/serial_robot/serial_robot.egg-info/dependency_links.txt
[5.528s] writing entry points to ../../build/serial_robot/serial_robot.egg-info/entry_points.txt
[5.528s] writing requirements to ../../build/serial_robot/serial_robot.egg-info/requires.txt
[5.528s] writing top-level names to ../../build/serial_robot/serial_robot.egg-info/top_level.txt
[5.677s] reading manifest file '../../build/serial_robot/serial_robot.egg-info/SOURCES.txt'
[5.678s] adding license file 'LICENSE'
[5.679s] writing manifest file '../../build/serial_robot/serial_robot.egg-info/SOURCES.txt'
[5.680s] running build
[5.680s] running build_py
[5.680s] running install
[5.699s] running install_lib
[5.763s] running install_data
[5.764s] running install_egg_info
[5.832s] removing '/home/robot/ros2_ws/install/serial_robot/lib/python3.12/site-packages/serial_robot-0.0.0-py3.12.egg-info' (and everything under it)
[5.832s] Copying ../../build/serial_robot/serial_robot.egg-info to /home/robot/ros2_ws/install/serial_robot/lib/python3.12/site-packages/serial_robot-0.0.0-py3.12.egg-info
[5.837s] running install_scripts
[6.582s] Installing ej script to /home/robot/ros2_ws/install/serial_robot/lib/serial_robot
[6.583s] writing list of installed files to '/home/robot/ros2_ws/build/serial_robot/install.log'
[6.675s] Invoked command in '/home/robot/ros2_ws/src/serial_robot' returned '0': DEBUGINFOD_URLS=https://debuginfod.ubuntu.com PYTHONPATH=/home/robot/ros2_ws/build/serial_robot/prefix_override:/usr/lib/python3/dist-packages/colcon_core/task/python/colcon_distutils_commands:/home/robot/ros2_ws/install/serial_robot/lib/python3.12/site-packages:${PYTHONPATH} /usr/bin/python3 -W ignore:setup.py install is deprecated -W ignore:easy_install command is deprecated setup.py egg_info --egg-base ../../build/serial_robot build --build-base /home/robot/ros2_ws/build/serial_robot/build install --record /home/robot/ros2_ws/build/serial_robot/install.log --single-version-externally-managed install_data
