[2.432s] Invoking command in '/home/robot/ros2_ws/src/nmea_navsat_driver-ros2': DEBUGINFOD_URLS=https://debuginfod.ubuntu.com PYTHONPATH=/home/robot/ros2_ws/build/nmea_navsat_driver/prefix_override:/usr/lib/python3/dist-packages/colcon_core/task/python/colcon_distutils_commands:/home/robot/ros2_ws/install/nmea_navsat_driver/lib/python3.12/site-packages:${PYTHONPATH} /usr/bin/python3 -W ignore:setup.py install is deprecated -W ignore:easy_install command is deprecated setup.py egg_info --egg-base ../../build/nmea_navsat_driver build --build-base /home/robot/ros2_ws/build/nmea_navsat_driver/build install --record /home/robot/ros2_ws/build/nmea_navsat_driver/install.log --single-version-externally-managed install_data
[3.058s] running egg_info
[3.118s] writing ../../build/nmea_navsat_driver/nmea_navsat_driver.egg-info/PKG-INFO
[3.118s] writing dependency_links to ../../build/nmea_navsat_driver/nmea_navsat_driver.egg-info/dependency_links.txt
[3.121s] writing entry points to ../../build/nmea_navsat_driver/nmea_navsat_driver.egg-info/entry_points.txt
[3.121s] writing requirements to ../../build/nmea_navsat_driver/nmea_navsat_driver.egg-info/requires.txt
[3.121s] writing top-level names to ../../build/nmea_navsat_driver/nmea_navsat_driver.egg-info/top_level.txt
[3.228s] reading manifest file '../../build/nmea_navsat_driver/nmea_navsat_driver.egg-info/SOURCES.txt'
[3.228s] writing manifest file '../../build/nmea_navsat_driver/nmea_navsat_driver.egg-info/SOURCES.txt'
[3.231s] running build
[3.231s] running build_py
[3.231s] running install
[3.249s] running install_lib
[3.299s] running install_data
[3.300s] running install_egg_info
[3.352s] removing '/home/robot/ros2_ws/install/nmea_navsat_driver/lib/python3.12/site-packages/nmea_navsat_driver-2.0.1-py3.12.egg-info' (and everything under it)
[3.354s] Copying ../../build/nmea_navsat_driver/nmea_navsat_driver.egg-info to /home/robot/ros2_ws/install/nmea_navsat_driver/lib/python3.12/site-packages/nmea_navsat_driver-2.0.1-py3.12.egg-info
[3.356s] running install_scripts
[3.716s] Installing nmea_serial_driver script to /home/robot/ros2_ws/install/nmea_navsat_driver/lib/nmea_navsat_driver
[3.716s] Installing nmea_socket_driver script to /home/robot/ros2_ws/install/nmea_navsat_driver/lib/nmea_navsat_driver
[3.719s] Installing nmea_tcpclient_driver script to /home/robot/ros2_ws/install/nmea_navsat_driver/lib/nmea_navsat_driver
[3.721s] Installing nmea_topic_driver script to /home/robot/ros2_ws/install/nmea_navsat_driver/lib/nmea_navsat_driver
[3.721s] Installing nmea_topic_serial_reader script to /home/robot/ros2_ws/install/nmea_navsat_driver/lib/nmea_navsat_driver
[3.722s] writing list of installed files to '/home/robot/ros2_ws/build/nmea_navsat_driver/install.log'
[3.814s] Invoked command in '/home/robot/ros2_ws/src/nmea_navsat_driver-ros2' returned '0': DEBUGINFOD_URLS=https://debuginfod.ubuntu.com PYTHONPATH=/home/robot/ros2_ws/build/nmea_navsat_driver/prefix_override:/usr/lib/python3/dist-packages/colcon_core/task/python/colcon_distutils_commands:/home/robot/ros2_ws/install/nmea_navsat_driver/lib/python3.12/site-packages:${PYTHONPATH} /usr/bin/python3 -W ignore:setup.py install is deprecated -W ignore:easy_install command is deprecated setup.py egg_info --egg-base ../../build/nmea_navsat_driver build --build-base /home/robot/ros2_ws/build/nmea_navsat_driver/build install --record /home/robot/ros2_ws/build/nmea_navsat_driver/install.log --single-version-externally-managed install_data
