[2.479s] Invoking command in '/home/robot/ros2_ws/src/base': DEBUGINFOD_URLS=https://debuginfod.ubuntu.com PYTHONPATH=/home/robot/ros2_ws/build/base/prefix_override:/usr/lib/python3/dist-packages/colcon_core/task/python/colcon_distutils_commands:/home/robot/ros2_ws/install/base/lib/python3.12/site-packages:${PYTHONPATH} /usr/bin/python3 -W ignore:setup.py install is deprecated -W ignore:easy_install command is deprecated setup.py egg_info --egg-base ../../build/base build --build-base /home/robot/ros2_ws/build/base/build install --record /home/robot/ros2_ws/build/base/install.log --single-version-externally-managed install_data
[3.173s] running egg_info
[3.218s] writing ../../build/base/base.egg-info/PKG-INFO
[3.218s] writing dependency_links to ../../build/base/base.egg-info/dependency_links.txt
[3.219s] writing entry points to ../../build/base/base.egg-info/entry_points.txt
[3.220s] writing requirements to ../../build/base/base.egg-info/requires.txt
[3.220s] writing top-level names to ../../build/base/base.egg-info/top_level.txt
[3.323s] reading manifest file '../../build/base/base.egg-info/SOURCES.txt'
[3.324s] adding license file 'LICENSE'
[3.326s] writing manifest file '../../build/base/base.egg-info/SOURCES.txt'
[3.326s] running build
[3.326s] running build_py
[3.326s] running install
[3.346s] running install_lib
[3.397s] running install_data
[3.397s] copying launch/telemetria.launch.py -> /home/robot/ros2_ws/install/base/share/base/launch
[3.397s] running install_egg_info
[3.450s] removing '/home/robot/ros2_ws/install/base/lib/python3.12/site-packages/base-0.0.0-py3.12.egg-info' (and everything under it)
[3.451s] Copying ../../build/base/base.egg-info to /home/robot/ros2_ws/install/base/lib/python3.12/site-packages/base-0.0.0-py3.12.egg-info
[3.453s] running install_scripts
[3.774s] Installing my_node script to /home/robot/ros2_ws/install/base/lib/base
[3.775s] writing list of installed files to '/home/robot/ros2_ws/build/base/install.log'
[3.866s] Invoked command in '/home/robot/ros2_ws/src/base' returned '0': DEBUGINFOD_URLS=https://debuginfod.ubuntu.com PYTHONPATH=/home/robot/ros2_ws/build/base/prefix_override:/usr/lib/python3/dist-packages/colcon_core/task/python/colcon_distutils_commands:/home/robot/ros2_ws/install/base/lib/python3.12/site-packages:${PYTHONPATH} /usr/bin/python3 -W ignore:setup.py install is deprecated -W ignore:easy_install command is deprecated setup.py egg_info --egg-base ../../build/base build --build-base /home/robot/ros2_ws/build/base/build install --record /home/robot/ros2_ws/build/base/install.log --single-version-externally-managed install_data
