[2.465s] Invoking command in '/home/robot/ros2_ws/src/bno055': DEBUGINFOD_URLS=https://debuginfod.ubuntu.com PYTHONPATH=/home/robot/ros2_ws/build/bno055/prefix_override:/usr/lib/python3/dist-packages/colcon_core/task/python/colcon_distutils_commands:/home/robot/ros2_ws/install/bno055/lib/python3.12/site-packages:${PYTHONPATH} /usr/bin/python3 -W ignore:setup.py install is deprecated -W ignore:easy_install command is deprecated setup.py egg_info --egg-base ../../build/bno055 build --build-base /home/robot/ros2_ws/build/bno055/build install --record /home/robot/ros2_ws/build/bno055/install.log --single-version-externally-managed install_data
[3.081s] running egg_info
[3.127s] writing ../../build/bno055/bno055.egg-info/PKG-INFO
[3.128s] writing dependency_links to ../../build/bno055/bno055.egg-info/dependency_links.txt
[3.129s] writing entry points to ../../build/bno055/bno055.egg-info/entry_points.txt
[3.129s] writing requirements to ../../build/bno055/bno055.egg-info/requires.txt
[3.130s] writing top-level names to ../../build/bno055/bno055.egg-info/top_level.txt
[3.228s] reading manifest file '../../build/bno055/bno055.egg-info/SOURCES.txt'
[3.231s] adding license file 'LICENSE'
[3.231s] adding license file 'AUTHORS'
[3.231s] writing manifest file '../../build/bno055/bno055.egg-info/SOURCES.txt'
[3.232s] running build
[3.232s] running build_py
[3.235s] running install
[3.255s] running install_lib
[3.306s] running install_data
[3.307s] running install_egg_info
[3.357s] removing '/home/robot/ros2_ws/install/bno055/lib/python3.12/site-packages/bno055-0.5.0-py3.12.egg-info' (and everything under it)
[3.358s] Copying ../../build/bno055/bno055.egg-info to /home/robot/ros2_ws/install/bno055/lib/python3.12/site-packages/bno055-0.5.0-py3.12.egg-info
[3.362s] running install_scripts
[3.665s] Installing bno055 script to /home/robot/ros2_ws/install/bno055/lib/bno055
[3.667s] writing list of installed files to '/home/robot/ros2_ws/build/bno055/install.log'
[3.746s] Invoked command in '/home/robot/ros2_ws/src/bno055' returned '0': DEBUGINFOD_URLS=https://debuginfod.ubuntu.com PYTHONPATH=/home/robot/ros2_ws/build/bno055/prefix_override:/usr/lib/python3/dist-packages/colcon_core/task/python/colcon_distutils_commands:/home/robot/ros2_ws/install/bno055/lib/python3.12/site-packages:${PYTHONPATH} /usr/bin/python3 -W ignore:setup.py install is deprecated -W ignore:easy_install command is deprecated setup.py egg_info --egg-base ../../build/bno055 build --build-base /home/robot/ros2_ws/build/bno055/build install --record /home/robot/ros2_ws/build/bno055/install.log --single-version-externally-managed install_data
