[0.129s] DEBUG:colcon:Command line arguments: ['/usr/bin/colcon', 'build']
[0.129s] DEBUG:colcon:Parsed command line arguments: Namespace(log_base=None, log_level=None, verb_name='build', build_base='build', install_base='install', merge_install=False, symlink_install=False, test_result_base=None, continue_on_error=False, executor='parallel', parallel_workers=4, event_handlers=None, ignore_user_meta=False, metas=['./colcon.meta'], base_paths=['.'], packages_ignore=None, packages_ignore_regex=None, paths=None, packages_up_to=None, packages_up_to_regex=None, packages_above=None, packages_above_and_dependencies=None, packages_above_depth=None, packages_select_by_dep=None, packages_skip_by_dep=None, packages_skip_up_to=None, packages_select_build_failed=False, packages_skip_build_finished=False, packages_select_test_failures=False, packages_skip_test_passed=False, packages_select=None, packages_skip=None, packages_select_regex=None, packages_skip_regex=None, packages_start=None, packages_end=None, cmake_args=None, cmake_target=None, cmake_target_skip_unavailable=False, cmake_clean_cache=False, cmake_clean_first=False, cmake_force_configure=False, ament_cmake_args=None, catkin_cmake_args=None, catkin_skip_building_tests=False, verb_parser=<colcon_defaults.argument_parser.defaults.DefaultArgumentsDecorator object at 0x782c9e325400>, verb_extension=<colcon_core.verb.build.BuildVerb object at 0x782c9e325190>, main=<bound method BuildVerb.main of <colcon_core.verb.build.BuildVerb object at 0x782c9e325190>>)
[0.172s] Level 1:colcon.colcon_core.package_discovery:discover_packages(colcon_meta) check parameters
[0.172s] Level 1:colcon.colcon_core.package_discovery:discover_packages(recursive) check parameters
[0.173s] Level 1:colcon.colcon_core.package_discovery:discover_packages(ignore) check parameters
[0.173s] Level 1:colcon.colcon_core.package_discovery:discover_packages(path) check parameters
[0.173s] Level 1:colcon.colcon_core.package_discovery:discover_packages(colcon_meta) discover
[0.173s] Level 1:colcon.colcon_core.package_discovery:discover_packages(recursive) discover
[0.173s] INFO:colcon.colcon_core.package_discovery:Crawling recursively for packages in '/home/robot/ros2_ws'
[0.173s] Level 1:colcon.colcon_core.package_identification:_identify(.) by extensions ['ignore', 'ignore_ament_install']
[0.173s] Level 1:colcon.colcon_core.package_identification:_identify(.) by extension 'ignore'
[0.173s] Level 1:colcon.colcon_core.package_identification:_identify(.) by extension 'ignore_ament_install'
[0.173s] Level 1:colcon.colcon_core.package_identification:_identify(.) by extensions ['colcon_pkg']
[0.173s] Level 1:colcon.colcon_core.package_identification:_identify(.) by extension 'colcon_pkg'
[0.173s] Level 1:colcon.colcon_core.package_identification:_identify(.) by extensions ['colcon_meta']
[0.173s] Level 1:colcon.colcon_core.package_identification:_identify(.) by extension 'colcon_meta'
[0.173s] Level 1:colcon.colcon_core.package_identification:_identify(.) by extensions ['ros']
[0.173s] Level 1:colcon.colcon_core.package_identification:_identify(.) by extension 'ros'
[0.201s] Level 1:colcon.colcon_core.package_identification:_identify(.) by extensions ['cmake', 'python']
[0.201s] Level 1:colcon.colcon_core.package_identification:_identify(.) by extension 'cmake'
[0.201s] Level 1:colcon.colcon_core.package_identification:_identify(.) by extension 'python'
[0.201s] Level 1:colcon.colcon_core.package_identification:_identify(.) by extensions ['python_setup_py']
[0.201s] Level 1:colcon.colcon_core.package_identification:_identify(.) by extension 'python_setup_py'
[0.201s] Level 1:colcon.colcon_core.package_identification:_identify(build) by extensions ['ignore', 'ignore_ament_install']
[0.202s] Level 1:colcon.colcon_core.package_identification:_identify(build) by extension 'ignore'
[0.202s] Level 1:colcon.colcon_core.package_identification:_identify(build) ignored
[0.202s] Level 1:colcon.colcon_core.package_identification:_identify(install) by extensions ['ignore', 'ignore_ament_install']
[0.202s] Level 1:colcon.colcon_core.package_identification:_identify(install) by extension 'ignore'
[0.202s] Level 1:colcon.colcon_core.package_identification:_identify(install) ignored
[0.202s] Level 1:colcon.colcon_core.package_identification:_identify(log) by extensions ['ignore', 'ignore_ament_install']
[0.202s] Level 1:colcon.colcon_core.package_identification:_identify(log) by extension 'ignore'
[0.202s] Level 1:colcon.colcon_core.package_identification:_identify(log) ignored
[0.202s] Level 1:colcon.colcon_core.package_identification:_identify(src) by extensions ['ignore', 'ignore_ament_install']
[0.202s] Level 1:colcon.colcon_core.package_identification:_identify(src) by extension 'ignore'
[0.202s] Level 1:colcon.colcon_core.package_identification:_identify(src) by extension 'ignore_ament_install'
[0.202s] Level 1:colcon.colcon_core.package_identification:_identify(src) by extensions ['colcon_pkg']
[0.202s] Level 1:colcon.colcon_core.package_identification:_identify(src) by extension 'colcon_pkg'
[0.203s] Level 1:colcon.colcon_core.package_identification:_identify(src) by extensions ['colcon_meta']
[0.203s] Level 1:colcon.colcon_core.package_identification:_identify(src) by extension 'colcon_meta'
[0.203s] Level 1:colcon.colcon_core.package_identification:_identify(src) by extensions ['ros']
[0.203s] Level 1:colcon.colcon_core.package_identification:_identify(src) by extension 'ros'
[0.203s] Level 1:colcon.colcon_core.package_identification:_identify(src) by extensions ['cmake', 'python']
[0.203s] Level 1:colcon.colcon_core.package_identification:_identify(src) by extension 'cmake'
[0.203s] Level 1:colcon.colcon_core.package_identification:_identify(src) by extension 'python'
[0.203s] Level 1:colcon.colcon_core.package_identification:_identify(src) by extensions ['python_setup_py']
[0.203s] Level 1:colcon.colcon_core.package_identification:_identify(src) by extension 'python_setup_py'
[0.203s] Level 1:colcon.colcon_core.package_identification:_identify(src/base) by extensions ['ignore', 'ignore_ament_install']
[0.203s] Level 1:colcon.colcon_core.package_identification:_identify(src/base) by extension 'ignore'
[0.203s] Level 1:colcon.colcon_core.package_identification:_identify(src/base) by extension 'ignore_ament_install'
[0.203s] Level 1:colcon.colcon_core.package_identification:_identify(src/base) by extensions ['colcon_pkg']
[0.203s] Level 1:colcon.colcon_core.package_identification:_identify(src/base) by extension 'colcon_pkg'
[0.203s] Level 1:colcon.colcon_core.package_identification:_identify(src/base) by extensions ['colcon_meta']
[0.203s] Level 1:colcon.colcon_core.package_identification:_identify(src/base) by extension 'colcon_meta'
[0.203s] Level 1:colcon.colcon_core.package_identification:_identify(src/base) by extensions ['ros']
[0.203s] Level 1:colcon.colcon_core.package_identification:_identify(src/base) by extension 'ros'
[0.206s] DEBUG:colcon.colcon_core.package_identification:Package 'src/base' with type 'ros.ament_python' and name 'base'
[0.206s] Level 1:colcon.colcon_core.package_identification:_identify(src/bno055) by extensions ['ignore', 'ignore_ament_install']
[0.206s] Level 1:colcon.colcon_core.package_identification:_identify(src/bno055) by extension 'ignore'
[0.206s] Level 1:colcon.colcon_core.package_identification:_identify(src/bno055) by extension 'ignore_ament_install'
[0.206s] Level 1:colcon.colcon_core.package_identification:_identify(src/bno055) by extensions ['colcon_pkg']
[0.206s] Level 1:colcon.colcon_core.package_identification:_identify(src/bno055) by extension 'colcon_pkg'
[0.206s] Level 1:colcon.colcon_core.package_identification:_identify(src/bno055) by extensions ['colcon_meta']
[0.206s] Level 1:colcon.colcon_core.package_identification:_identify(src/bno055) by extension 'colcon_meta'
[0.206s] Level 1:colcon.colcon_core.package_identification:_identify(src/bno055) by extensions ['ros']
[0.206s] Level 1:colcon.colcon_core.package_identification:_identify(src/bno055) by extension 'ros'
[0.207s] DEBUG:colcon.colcon_core.package_identification:Package 'src/bno055' with type 'ros.ament_python' and name 'bno055'
[0.207s] Level 1:colcon.colcon_core.package_identification:_identify(src/nmea_navsat_driver-ros2) by extensions ['ignore', 'ignore_ament_install']
[0.207s] Level 1:colcon.colcon_core.package_identification:_identify(src/nmea_navsat_driver-ros2) by extension 'ignore'
[0.207s] Level 1:colcon.colcon_core.package_identification:_identify(src/nmea_navsat_driver-ros2) by extension 'ignore_ament_install'
[0.207s] Level 1:colcon.colcon_core.package_identification:_identify(src/nmea_navsat_driver-ros2) by extensions ['colcon_pkg']
[0.207s] Level 1:colcon.colcon_core.package_identification:_identify(src/nmea_navsat_driver-ros2) by extension 'colcon_pkg'
[0.207s] Level 1:colcon.colcon_core.package_identification:_identify(src/nmea_navsat_driver-ros2) by extensions ['colcon_meta']
[0.207s] Level 1:colcon.colcon_core.package_identification:_identify(src/nmea_navsat_driver-ros2) by extension 'colcon_meta'
[0.207s] Level 1:colcon.colcon_core.package_identification:_identify(src/nmea_navsat_driver-ros2) by extensions ['ros']
[0.207s] Level 1:colcon.colcon_core.package_identification:_identify(src/nmea_navsat_driver-ros2) by extension 'ros'
[0.208s] DEBUG:colcon.colcon_core.package_identification:Package 'src/nmea_navsat_driver-ros2' with type 'ros.ament_python' and name 'nmea_navsat_driver'
[0.208s] Level 1:colcon.colcon_core.package_identification:_identify(src/serial_robot) by extensions ['ignore', 'ignore_ament_install']
[0.208s] Level 1:colcon.colcon_core.package_identification:_identify(src/serial_robot) by extension 'ignore'
[0.208s] Level 1:colcon.colcon_core.package_identification:_identify(src/serial_robot) by extension 'ignore_ament_install'
[0.208s] Level 1:colcon.colcon_core.package_identification:_identify(src/serial_robot) by extensions ['colcon_pkg']
[0.208s] Level 1:colcon.colcon_core.package_identification:_identify(src/serial_robot) by extension 'colcon_pkg'
[0.208s] Level 1:colcon.colcon_core.package_identification:_identify(src/serial_robot) by extensions ['colcon_meta']
[0.208s] Level 1:colcon.colcon_core.package_identification:_identify(src/serial_robot) by extension 'colcon_meta'
[0.208s] Level 1:colcon.colcon_core.package_identification:_identify(src/serial_robot) by extensions ['ros']
[0.209s] Level 1:colcon.colcon_core.package_identification:_identify(src/serial_robot) by extension 'ros'
[0.210s] DEBUG:colcon.colcon_core.package_identification:Package 'src/serial_robot' with type 'ros.ament_python' and name 'serial_robot'
[0.210s] Level 1:colcon.colcon_core.package_discovery:discover_packages(recursive) using defaults
[0.210s] Level 1:colcon.colcon_core.package_discovery:discover_packages(ignore) discover
[0.210s] Level 1:colcon.colcon_core.package_discovery:discover_packages(ignore) using defaults
[0.210s] Level 1:colcon.colcon_core.package_discovery:discover_packages(path) discover
[0.210s] Level 1:colcon.colcon_core.package_discovery:discover_packages(path) using defaults
[0.230s] Level 5:colcon.colcon_core.verb:set package 'base' build argument 'cmake_args' from command line to 'None'
[0.230s] Level 5:colcon.colcon_core.verb:set package 'base' build argument 'cmake_target' from command line to 'None'
[0.230s] Level 5:colcon.colcon_core.verb:set package 'base' build argument 'cmake_target_skip_unavailable' from command line to 'False'
[0.230s] Level 5:colcon.colcon_core.verb:set package 'base' build argument 'cmake_clean_cache' from command line to 'False'
[0.230s] Level 5:colcon.colcon_core.verb:set package 'base' build argument 'cmake_clean_first' from command line to 'False'
[0.230s] Level 5:colcon.colcon_core.verb:set package 'base' build argument 'cmake_force_configure' from command line to 'False'
[0.230s] Level 5:colcon.colcon_core.verb:set package 'base' build argument 'ament_cmake_args' from command line to 'None'
[0.230s] Level 5:colcon.colcon_core.verb:set package 'base' build argument 'catkin_cmake_args' from command line to 'None'
[0.230s] Level 5:colcon.colcon_core.verb:set package 'base' build argument 'catkin_skip_building_tests' from command line to 'False'
[0.230s] DEBUG:colcon.colcon_core.verb:Building package 'base' with the following arguments: {'ament_cmake_args': None, 'build_base': '/home/robot/ros2_ws/build/base', 'catkin_cmake_args': None, 'catkin_skip_building_tests': False, 'cmake_args': None, 'cmake_clean_cache': False, 'cmake_clean_first': False, 'cmake_force_configure': False, 'cmake_target': None, 'cmake_target_skip_unavailable': False, 'install_base': '/home/robot/ros2_ws/install/base', 'merge_install': False, 'path': '/home/robot/ros2_ws/src/base', 'symlink_install': False, 'test_result_base': None}
[0.231s] Level 5:colcon.colcon_core.verb:set package 'bno055' build argument 'cmake_args' from command line to 'None'
[0.231s] Level 5:colcon.colcon_core.verb:set package 'bno055' build argument 'cmake_target' from command line to 'None'
[0.231s] Level 5:colcon.colcon_core.verb:set package 'bno055' build argument 'cmake_target_skip_unavailable' from command line to 'False'
[0.231s] Level 5:colcon.colcon_core.verb:set package 'bno055' build argument 'cmake_clean_cache' from command line to 'False'
[0.231s] Level 5:colcon.colcon_core.verb:set package 'bno055' build argument 'cmake_clean_first' from command line to 'False'
[0.231s] Level 5:colcon.colcon_core.verb:set package 'bno055' build argument 'cmake_force_configure' from command line to 'False'
[0.231s] Level 5:colcon.colcon_core.verb:set package 'bno055' build argument 'ament_cmake_args' from command line to 'None'
[0.231s] Level 5:colcon.colcon_core.verb:set package 'bno055' build argument 'catkin_cmake_args' from command line to 'None'
[0.231s] Level 5:colcon.colcon_core.verb:set package 'bno055' build argument 'catkin_skip_building_tests' from command line to 'False'
[0.231s] DEBUG:colcon.colcon_core.verb:Building package 'bno055' with the following arguments: {'ament_cmake_args': None, 'build_base': '/home/robot/ros2_ws/build/bno055', 'catkin_cmake_args': None, 'catkin_skip_building_tests': False, 'cmake_args': None, 'cmake_clean_cache': False, 'cmake_clean_first': False, 'cmake_force_configure': False, 'cmake_target': None, 'cmake_target_skip_unavailable': False, 'install_base': '/home/robot/ros2_ws/install/bno055', 'merge_install': False, 'path': '/home/robot/ros2_ws/src/bno055', 'symlink_install': False, 'test_result_base': None}
[0.231s] Level 5:colcon.colcon_core.verb:set package 'nmea_navsat_driver' build argument 'cmake_args' from command line to 'None'
[0.231s] Level 5:colcon.colcon_core.verb:set package 'nmea_navsat_driver' build argument 'cmake_target' from command line to 'None'
[0.231s] Level 5:colcon.colcon_core.verb:set package 'nmea_navsat_driver' build argument 'cmake_target_skip_unavailable' from command line to 'False'
[0.231s] Level 5:colcon.colcon_core.verb:set package 'nmea_navsat_driver' build argument 'cmake_clean_cache' from command line to 'False'
[0.231s] Level 5:colcon.colcon_core.verb:set package 'nmea_navsat_driver' build argument 'cmake_clean_first' from command line to 'False'
[0.231s] Level 5:colcon.colcon_core.verb:set package 'nmea_navsat_driver' build argument 'cmake_force_configure' from command line to 'False'
[0.231s] Level 5:colcon.colcon_core.verb:set package 'nmea_navsat_driver' build argument 'ament_cmake_args' from command line to 'None'
[0.231s] Level 5:colcon.colcon_core.verb:set package 'nmea_navsat_driver' build argument 'catkin_cmake_args' from command line to 'None'
[0.231s] Level 5:colcon.colcon_core.verb:set package 'nmea_navsat_driver' build argument 'catkin_skip_building_tests' from command line to 'False'
[0.231s] DEBUG:colcon.colcon_core.verb:Building package 'nmea_navsat_driver' with the following arguments: {'ament_cmake_args': None, 'build_base': '/home/robot/ros2_ws/build/nmea_navsat_driver', 'catkin_cmake_args': None, 'catkin_skip_building_tests': False, 'cmake_args': None, 'cmake_clean_cache': False, 'cmake_clean_first': False, 'cmake_force_configure': False, 'cmake_target': None, 'cmake_target_skip_unavailable': False, 'install_base': '/home/robot/ros2_ws/install/nmea_navsat_driver', 'merge_install': False, 'path': '/home/robot/ros2_ws/src/nmea_navsat_driver-ros2', 'symlink_install': False, 'test_result_base': None}
[0.232s] Level 5:colcon.colcon_core.verb:set package 'serial_robot' build argument 'cmake_args' from command line to 'None'
[0.232s] Level 5:colcon.colcon_core.verb:set package 'serial_robot' build argument 'cmake_target' from command line to 'None'
[0.232s] Level 5:colcon.colcon_core.verb:set package 'serial_robot' build argument 'cmake_target_skip_unavailable' from command line to 'False'
[0.232s] Level 5:colcon.colcon_core.verb:set package 'serial_robot' build argument 'cmake_clean_cache' from command line to 'False'
[0.232s] Level 5:colcon.colcon_core.verb:set package 'serial_robot' build argument 'cmake_clean_first' from command line to 'False'
[0.232s] Level 5:colcon.colcon_core.verb:set package 'serial_robot' build argument 'cmake_force_configure' from command line to 'False'
[0.232s] Level 5:colcon.colcon_core.verb:set package 'serial_robot' build argument 'ament_cmake_args' from command line to 'None'
[0.232s] Level 5:colcon.colcon_core.verb:set package 'serial_robot' build argument 'catkin_cmake_args' from command line to 'None'
[0.232s] Level 5:colcon.colcon_core.verb:set package 'serial_robot' build argument 'catkin_skip_building_tests' from command line to 'False'
[0.232s] DEBUG:colcon.colcon_core.verb:Building package 'serial_robot' with the following arguments: {'ament_cmake_args': None, 'build_base': '/home/robot/ros2_ws/build/serial_robot', 'catkin_cmake_args': None, 'catkin_skip_building_tests': False, 'cmake_args': None, 'cmake_clean_cache': False, 'cmake_clean_first': False, 'cmake_force_configure': False, 'cmake_target': None, 'cmake_target_skip_unavailable': False, 'install_base': '/home/robot/ros2_ws/install/serial_robot', 'merge_install': False, 'path': '/home/robot/ros2_ws/src/serial_robot', 'symlink_install': False, 'test_result_base': None}
[0.232s] INFO:colcon.colcon_core.executor:Executing jobs using 'parallel' executor
[0.233s] DEBUG:colcon.colcon_parallel_executor.executor.parallel:run_until_complete
[0.234s] INFO:colcon.colcon_ros.task.ament_python.build:Building ROS package in '/home/robot/ros2_ws/src/base' with build type 'ament_python'
[0.234s] Level 1:colcon.colcon_core.shell:create_environment_hook('base', 'ament_prefix_path')
[0.237s] INFO:colcon.colcon_core.plugin_system:Skipping extension 'colcon_core.shell.bat': Not used on non-Windows systems
[0.237s] INFO:colcon.colcon_core.shell:Creating environment descriptor '/home/robot/ros2_ws/install/base/share/base/hook/ament_prefix_path.dsv'
[0.239s] INFO:colcon.colcon_core.shell:Creating environment hook '/home/robot/ros2_ws/install/base/share/base/hook/ament_prefix_path.sh'
[0.241s] DEBUG:colcon.colcon_core.shell:Skip shell extension 'dsv' for command environment
[0.246s] INFO:colcon.colcon_ros.task.ament_python.build:Building ROS package in '/home/robot/ros2_ws/src/bno055' with build type 'ament_python'
[0.247s] Level 1:colcon.colcon_core.shell:create_environment_hook('bno055', 'ament_prefix_path')
[0.247s] INFO:colcon.colcon_core.shell:Creating environment descriptor '/home/robot/ros2_ws/install/bno055/share/bno055/hook/ament_prefix_path.dsv'
[0.248s] INFO:colcon.colcon_core.shell:Creating environment hook '/home/robot/ros2_ws/install/bno055/share/bno055/hook/ament_prefix_path.sh'
[0.248s] DEBUG:colcon.colcon_core.shell:Skip shell extension 'dsv' for command environment
[0.252s] INFO:colcon.colcon_ros.task.ament_python.build:Building ROS package in '/home/robot/ros2_ws/src/nmea_navsat_driver-ros2' with build type 'ament_python'
[0.252s] Level 1:colcon.colcon_core.shell:create_environment_hook('nmea_navsat_driver', 'ament_prefix_path')
[0.252s] INFO:colcon.colcon_core.shell:Creating environment descriptor '/home/robot/ros2_ws/install/nmea_navsat_driver/share/nmea_navsat_driver/hook/ament_prefix_path.dsv'
[0.253s] INFO:colcon.colcon_core.shell:Creating environment hook '/home/robot/ros2_ws/install/nmea_navsat_driver/share/nmea_navsat_driver/hook/ament_prefix_path.sh'
[0.253s] DEBUG:colcon.colcon_core.shell:Skip shell extension 'dsv' for command environment
[0.257s] INFO:colcon.colcon_ros.task.ament_python.build:Building ROS package in '/home/robot/ros2_ws/src/serial_robot' with build type 'ament_python'
[0.257s] Level 1:colcon.colcon_core.shell:create_environment_hook('serial_robot', 'ament_prefix_path')
[0.257s] INFO:colcon.colcon_core.shell:Creating environment descriptor '/home/robot/ros2_ws/install/serial_robot/share/serial_robot/hook/ament_prefix_path.dsv'
[0.258s] INFO:colcon.colcon_core.shell:Creating environment hook '/home/robot/ros2_ws/install/serial_robot/share/serial_robot/hook/ament_prefix_path.sh'
[0.260s] DEBUG:colcon.colcon_core.shell:Skip shell extension 'dsv' for command environment
[0.531s] INFO:colcon.colcon_core.task.python.build:Building Python package in '/home/robot/ros2_ws/src/base'
[0.531s] DEBUG:colcon.colcon_core.shell:Skip shell extension 'dsv' for command environment
[0.784s] INFO:colcon.colcon_core.task.python.build:Building Python package in '/home/robot/ros2_ws/src/bno055'
[0.784s] DEBUG:colcon.colcon_core.shell:Skip shell extension 'dsv' for command environment
[1.044s] INFO:colcon.colcon_core.task.python.build:Building Python package in '/home/robot/ros2_ws/src/nmea_navsat_driver-ros2'
[1.045s] DEBUG:colcon.colcon_core.shell:Skip shell extension 'dsv' for command environment
[1.302s] INFO:colcon.colcon_core.task.python.build:Building Python package in '/home/robot/ros2_ws/src/serial_robot'
[1.303s] DEBUG:colcon.colcon_core.shell:Skip shell extension 'dsv' for command environment
[2.671s] DEBUG:colcon.colcon_core.event_handler.log_command:Invoking command in '/home/robot/ros2_ws/src/base': DEBUGINFOD_URLS=https://debuginfod.ubuntu.com PYTHONPATH=/home/robot/ros2_ws/build/base/prefix_override:/usr/lib/python3/dist-packages/colcon_core/task/python/colcon_distutils_commands:/home/robot/ros2_ws/install/base/lib/python3.12/site-packages:${PYTHONPATH} /usr/bin/python3 -W ignore:setup.py install is deprecated -W ignore:easy_install command is deprecated setup.py egg_info --egg-base ../../build/base build --build-base /home/robot/ros2_ws/build/base/build install --record /home/robot/ros2_ws/build/base/install.log --single-version-externally-managed install_data
[2.706s] DEBUG:colcon.colcon_core.event_handler.log_command:Invoking command in '/home/robot/ros2_ws/src/serial_robot': DEBUGINFOD_URLS=https://debuginfod.ubuntu.com PYTHONPATH=/home/robot/ros2_ws/build/serial_robot/prefix_override:/usr/lib/python3/dist-packages/colcon_core/task/python/colcon_distutils_commands:/home/robot/ros2_ws/install/serial_robot/lib/python3.12/site-packages:${PYTHONPATH} /usr/bin/python3 -W ignore:setup.py install is deprecated -W ignore:easy_install command is deprecated setup.py egg_info --egg-base ../../build/serial_robot build --build-base /home/robot/ros2_ws/build/serial_robot/build install --record /home/robot/ros2_ws/build/serial_robot/install.log --single-version-externally-managed install_data
[2.735s] DEBUG:colcon.colcon_core.event_handler.log_command:Invoking command in '/home/robot/ros2_ws/src/bno055': DEBUGINFOD_URLS=https://debuginfod.ubuntu.com PYTHONPATH=/home/robot/ros2_ws/build/bno055/prefix_override:/usr/lib/python3/dist-packages/colcon_core/task/python/colcon_distutils_commands:/home/robot/ros2_ws/install/bno055/lib/python3.12/site-packages:${PYTHONPATH} /usr/bin/python3 -W ignore:setup.py install is deprecated -W ignore:easy_install command is deprecated setup.py egg_info --egg-base ../../build/bno055 build --build-base /home/robot/ros2_ws/build/bno055/build install --record /home/robot/ros2_ws/build/bno055/install.log --single-version-externally-managed install_data
[2.744s] DEBUG:colcon.colcon_core.event_handler.log_command:Invoking command in '/home/robot/ros2_ws/src/nmea_navsat_driver-ros2': DEBUGINFOD_URLS=https://debuginfod.ubuntu.com PYTHONPATH=/home/robot/ros2_ws/build/nmea_navsat_driver/prefix_override:/usr/lib/python3/dist-packages/colcon_core/task/python/colcon_distutils_commands:/home/robot/ros2_ws/install/nmea_navsat_driver/lib/python3.12/site-packages:${PYTHONPATH} /usr/bin/python3 -W ignore:setup.py install is deprecated -W ignore:easy_install command is deprecated setup.py egg_info --egg-base ../../build/nmea_navsat_driver build --build-base /home/robot/ros2_ws/build/nmea_navsat_driver/build install --record /home/robot/ros2_ws/build/nmea_navsat_driver/install.log --single-version-externally-managed install_data
[4.017s] DEBUG:colcon.colcon_core.event_handler.log_command:Invoked command in '/home/robot/ros2_ws/src/bno055' returned '0': DEBUGINFOD_URLS=https://debuginfod.ubuntu.com PYTHONPATH=/home/robot/ros2_ws/build/bno055/prefix_override:/usr/lib/python3/dist-packages/colcon_core/task/python/colcon_distutils_commands:/home/robot/ros2_ws/install/bno055/lib/python3.12/site-packages:${PYTHONPATH} /usr/bin/python3 -W ignore:setup.py install is deprecated -W ignore:easy_install command is deprecated setup.py egg_info --egg-base ../../build/bno055 build --build-base /home/robot/ros2_ws/build/bno055/build install --record /home/robot/ros2_ws/build/bno055/install.log --single-version-externally-managed install_data
[4.020s] Level 1:colcon.colcon_core.environment:checking '/home/robot/ros2_ws/install/bno055' for CMake module files
[4.021s] Level 1:colcon.colcon_core.environment:checking '/home/robot/ros2_ws/install/bno055' for CMake config files
[4.023s] Level 1:colcon.colcon_core.environment:checking '/home/robot/ros2_ws/install/bno055/lib'
[4.023s] Level 1:colcon.colcon_core.environment:checking '/home/robot/ros2_ws/install/bno055/bin'
[4.023s] Level 1:colcon.colcon_core.environment:checking '/home/robot/ros2_ws/install/bno055/lib/pkgconfig/bno055.pc'
[4.024s] Level 1:colcon.colcon_core.environment:checking '/home/robot/ros2_ws/install/bno055/lib/python3.12/site-packages'
[4.024s] Level 1:colcon.colcon_core.shell:create_environment_hook('bno055', 'pythonpath')
[4.024s] INFO:colcon.colcon_core.shell:Creating environment descriptor '/home/robot/ros2_ws/install/bno055/share/bno055/hook/pythonpath.dsv'
[4.025s] INFO:colcon.colcon_core.shell:Creating environment hook '/home/robot/ros2_ws/install/bno055/share/bno055/hook/pythonpath.sh'
[4.026s] Level 1:colcon.colcon_core.environment:checking '/home/robot/ros2_ws/install/bno055/bin'
[4.026s] Level 1:colcon.colcon_core.environment:create_environment_scripts_only(bno055)
[4.026s] INFO:colcon.colcon_core.shell:Creating package descriptor '/home/robot/ros2_ws/install/bno055/share/bno055/package.dsv'
[4.027s] INFO:colcon.colcon_core.shell:Creating package script '/home/robot/ros2_ws/install/bno055/share/bno055/package.sh'
[4.028s] INFO:colcon.colcon_core.shell:Creating package script '/home/robot/ros2_ws/install/bno055/share/bno055/package.bash'
[4.029s] INFO:colcon.colcon_core.shell:Creating package script '/home/robot/ros2_ws/install/bno055/share/bno055/package.zsh'
[4.030s] Level 1:colcon.colcon_core.environment:create_file_with_runtime_dependencies(/home/robot/ros2_ws/install/bno055/share/colcon-core/packages/bno055)
[4.032s] Level 1:colcon.colcon_core.environment:checking '/home/robot/ros2_ws/install/serial_robot' for CMake module files
[4.033s] Level 1:colcon.colcon_core.environment:checking '/home/robot/ros2_ws/install/serial_robot' for CMake config files
[4.034s] DEBUG:colcon.colcon_core.event_handler.log_command:Invoked command in '/home/robot/ros2_ws/src/serial_robot' returned '0': DEBUGINFOD_URLS=https://debuginfod.ubuntu.com PYTHONPATH=/home/robot/ros2_ws/build/serial_robot/prefix_override:/usr/lib/python3/dist-packages/colcon_core/task/python/colcon_distutils_commands:/home/robot/ros2_ws/install/serial_robot/lib/python3.12/site-packages:${PYTHONPATH} /usr/bin/python3 -W ignore:setup.py install is deprecated -W ignore:easy_install command is deprecated setup.py egg_info --egg-base ../../build/serial_robot build --build-base /home/robot/ros2_ws/build/serial_robot/build install --record /home/robot/ros2_ws/build/serial_robot/install.log --single-version-externally-managed install_data
[4.035s] Level 1:colcon.colcon_core.environment:checking '/home/robot/ros2_ws/install/serial_robot/lib'
[4.035s] Level 1:colcon.colcon_core.environment:checking '/home/robot/ros2_ws/install/serial_robot/bin'
[4.036s] Level 1:colcon.colcon_core.environment:checking '/home/robot/ros2_ws/install/serial_robot/lib/pkgconfig/serial_robot.pc'
[4.036s] Level 1:colcon.colcon_core.environment:checking '/home/robot/ros2_ws/install/serial_robot/lib/python3.12/site-packages'
[4.036s] Level 1:colcon.colcon_core.shell:create_environment_hook('serial_robot', 'pythonpath')
[4.037s] INFO:colcon.colcon_core.shell:Creating environment descriptor '/home/robot/ros2_ws/install/serial_robot/share/serial_robot/hook/pythonpath.dsv'
[4.038s] INFO:colcon.colcon_core.shell:Creating environment hook '/home/robot/ros2_ws/install/serial_robot/share/serial_robot/hook/pythonpath.sh'
[4.040s] Level 1:colcon.colcon_core.environment:checking '/home/robot/ros2_ws/install/serial_robot/bin'
[4.040s] Level 1:colcon.colcon_core.environment:create_environment_scripts_only(serial_robot)
[4.041s] INFO:colcon.colcon_core.shell:Creating package descriptor '/home/robot/ros2_ws/install/serial_robot/share/serial_robot/package.dsv'
[4.041s] INFO:colcon.colcon_core.shell:Creating package script '/home/robot/ros2_ws/install/serial_robot/share/serial_robot/package.sh'
[4.042s] INFO:colcon.colcon_core.shell:Creating package script '/home/robot/ros2_ws/install/serial_robot/share/serial_robot/package.bash'
[4.043s] INFO:colcon.colcon_core.shell:Creating package script '/home/robot/ros2_ws/install/serial_robot/share/serial_robot/package.zsh'
[4.043s] Level 1:colcon.colcon_core.environment:create_file_with_runtime_dependencies(/home/robot/ros2_ws/install/serial_robot/share/colcon-core/packages/serial_robot)
[4.066s] Level 1:colcon.colcon_core.environment:checking '/home/robot/ros2_ws/install/base' for CMake module files
[4.066s] DEBUG:colcon.colcon_core.event_handler.log_command:Invoked command in '/home/robot/ros2_ws/src/base' returned '0': DEBUGINFOD_URLS=https://debuginfod.ubuntu.com PYTHONPATH=/home/robot/ros2_ws/build/base/prefix_override:/usr/lib/python3/dist-packages/colcon_core/task/python/colcon_distutils_commands:/home/robot/ros2_ws/install/base/lib/python3.12/site-packages:${PYTHONPATH} /usr/bin/python3 -W ignore:setup.py install is deprecated -W ignore:easy_install command is deprecated setup.py egg_info --egg-base ../../build/base build --build-base /home/robot/ros2_ws/build/base/build install --record /home/robot/ros2_ws/build/base/install.log --single-version-externally-managed install_data
[4.067s] Level 1:colcon.colcon_core.environment:checking '/home/robot/ros2_ws/install/base' for CMake config files
[4.067s] Level 1:colcon.colcon_core.environment:checking '/home/robot/ros2_ws/install/base/lib'
[4.067s] Level 1:colcon.colcon_core.environment:checking '/home/robot/ros2_ws/install/base/bin'
[4.068s] Level 1:colcon.colcon_core.environment:checking '/home/robot/ros2_ws/install/base/lib/pkgconfig/base.pc'
[4.068s] Level 1:colcon.colcon_core.environment:checking '/home/robot/ros2_ws/install/base/lib/python3.12/site-packages'
[4.068s] Level 1:colcon.colcon_core.shell:create_environment_hook('base', 'pythonpath')
[4.068s] INFO:colcon.colcon_core.shell:Creating environment descriptor '/home/robot/ros2_ws/install/base/share/base/hook/pythonpath.dsv'
[4.069s] INFO:colcon.colcon_core.shell:Creating environment hook '/home/robot/ros2_ws/install/base/share/base/hook/pythonpath.sh'
[4.070s] Level 1:colcon.colcon_core.environment:checking '/home/robot/ros2_ws/install/base/bin'
[4.070s] Level 1:colcon.colcon_core.environment:create_environment_scripts_only(base)
[4.070s] INFO:colcon.colcon_core.shell:Creating package descriptor '/home/robot/ros2_ws/install/base/share/base/package.dsv'
[4.070s] INFO:colcon.colcon_core.shell:Creating package script '/home/robot/ros2_ws/install/base/share/base/package.sh'
[4.071s] INFO:colcon.colcon_core.shell:Creating package script '/home/robot/ros2_ws/install/base/share/base/package.bash'
[4.071s] INFO:colcon.colcon_core.shell:Creating package script '/home/robot/ros2_ws/install/base/share/base/package.zsh'
[4.072s] Level 1:colcon.colcon_core.environment:create_file_with_runtime_dependencies(/home/robot/ros2_ws/install/base/share/colcon-core/packages/base)
[4.073s] Level 1:colcon.colcon_core.environment:checking '/home/robot/ros2_ws/install/nmea_navsat_driver' for CMake module files
[4.074s] DEBUG:colcon.colcon_core.event_handler.log_command:Invoked command in '/home/robot/ros2_ws/src/nmea_navsat_driver-ros2' returned '0': DEBUGINFOD_URLS=https://debuginfod.ubuntu.com PYTHONPATH=/home/robot/ros2_ws/build/nmea_navsat_driver/prefix_override:/usr/lib/python3/dist-packages/colcon_core/task/python/colcon_distutils_commands:/home/robot/ros2_ws/install/nmea_navsat_driver/lib/python3.12/site-packages:${PYTHONPATH} /usr/bin/python3 -W ignore:setup.py install is deprecated -W ignore:easy_install command is deprecated setup.py egg_info --egg-base ../../build/nmea_navsat_driver build --build-base /home/robot/ros2_ws/build/nmea_navsat_driver/build install --record /home/robot/ros2_ws/build/nmea_navsat_driver/install.log --single-version-externally-managed install_data
[4.074s] Level 1:colcon.colcon_core.environment:checking '/home/robot/ros2_ws/install/nmea_navsat_driver' for CMake config files
[4.075s] Level 1:colcon.colcon_core.environment:checking '/home/robot/ros2_ws/install/nmea_navsat_driver/lib'
[4.075s] Level 1:colcon.colcon_core.environment:checking '/home/robot/ros2_ws/install/nmea_navsat_driver/bin'
[4.075s] Level 1:colcon.colcon_core.environment:checking '/home/robot/ros2_ws/install/nmea_navsat_driver/lib/pkgconfig/nmea_navsat_driver.pc'
[4.076s] Level 1:colcon.colcon_core.environment:checking '/home/robot/ros2_ws/install/nmea_navsat_driver/lib/python3.12/site-packages'
[4.076s] Level 1:colcon.colcon_core.shell:create_environment_hook('nmea_navsat_driver', 'pythonpath')
[4.076s] INFO:colcon.colcon_core.shell:Creating environment descriptor '/home/robot/ros2_ws/install/nmea_navsat_driver/share/nmea_navsat_driver/hook/pythonpath.dsv'
[4.078s] INFO:colcon.colcon_core.shell:Creating environment hook '/home/robot/ros2_ws/install/nmea_navsat_driver/share/nmea_navsat_driver/hook/pythonpath.sh'
[4.079s] Level 1:colcon.colcon_core.environment:checking '/home/robot/ros2_ws/install/nmea_navsat_driver/bin'
[4.079s] Level 1:colcon.colcon_core.environment:create_environment_scripts_only(nmea_navsat_driver)
[4.080s] INFO:colcon.colcon_core.shell:Creating package descriptor '/home/robot/ros2_ws/install/nmea_navsat_driver/share/nmea_navsat_driver/package.dsv'
[4.080s] INFO:colcon.colcon_core.shell:Creating package script '/home/robot/ros2_ws/install/nmea_navsat_driver/share/nmea_navsat_driver/package.sh'
[4.081s] INFO:colcon.colcon_core.shell:Creating package script '/home/robot/ros2_ws/install/nmea_navsat_driver/share/nmea_navsat_driver/package.bash'
[4.082s] INFO:colcon.colcon_core.shell:Creating package script '/home/robot/ros2_ws/install/nmea_navsat_driver/share/nmea_navsat_driver/package.zsh'
[4.082s] Level 1:colcon.colcon_core.environment:create_file_with_runtime_dependencies(/home/robot/ros2_ws/install/nmea_navsat_driver/share/colcon-core/packages/nmea_navsat_driver)
[4.083s] DEBUG:colcon.colcon_parallel_executor.executor.parallel:closing loop
[4.083s] DEBUG:colcon.colcon_parallel_executor.executor.parallel:loop closed
[4.083s] DEBUG:colcon.colcon_parallel_executor.executor.parallel:run_until_complete finished with '0'
[4.083s] DEBUG:colcon.colcon_core.event_reactor:joining thread
[4.091s] INFO:colcon.colcon_core.plugin_system:Skipping extension 'colcon_notification.desktop_notification.terminal_notifier': Not used on non-Darwin systems
[4.091s] INFO:colcon.colcon_core.plugin_system:Skipping extension 'colcon_notification.desktop_notification.win32': Not used on non-Windows systems
[4.092s] INFO:colcon.colcon_notification.desktop_notification:Sending desktop notification using 'notify2'
[4.109s] DEBUG:colcon.colcon_core.event_reactor:joined thread
[4.109s] INFO:colcon.colcon_core.shell:Creating prefix script '/home/robot/ros2_ws/install/local_setup.sh'
[4.110s] INFO:colcon.colcon_core.shell:Creating prefix util module '/home/robot/ros2_ws/install/_local_setup_util_sh.py'
[4.112s] INFO:colcon.colcon_core.shell:Creating prefix chain script '/home/robot/ros2_ws/install/setup.sh'
[4.114s] INFO:colcon.colcon_core.shell:Creating prefix script '/home/robot/ros2_ws/install/local_setup.bash'
[4.115s] INFO:colcon.colcon_core.shell:Creating prefix chain script '/home/robot/ros2_ws/install/setup.bash'
[4.116s] INFO:colcon.colcon_core.shell:Creating prefix script '/home/robot/ros2_ws/install/local_setup.zsh'
[4.117s] INFO:colcon.colcon_core.shell:Creating prefix chain script '/home/robot/ros2_ws/install/setup.zsh'
