[3.238s] Invoking command in '/home/robot/ros2_ws/src/nmea_navsat_driver-ros2': DEBUGINFOD_URLS=https://debuginfod.ubuntu.com PYTHONPATH=/home/robot/ros2_ws/build/nmea_navsat_driver/prefix_override:/usr/lib/python3/dist-packages/colcon_core/task/python/colcon_distutils_commands:/home/robot/ros2_ws/install/nmea_navsat_driver/lib/python3.12/site-packages:${PYTHONPATH} /usr/bin/python3 -W ignore:setup.py install is deprecated -W ignore:easy_install command is deprecated setup.py egg_info --egg-base ../../build/nmea_navsat_driver build --build-base /home/robot/ros2_ws/build/nmea_navsat_driver/build install --record /home/robot/ros2_ws/build/nmea_navsat_driver/install.log --single-version-externally-managed install_data
[3.991s] running egg_info
[4.048s] writing ../../build/nmea_navsat_driver/nmea_navsat_driver.egg-info/PKG-INFO
[4.048s] writing dependency_links to ../../build/nmea_navsat_driver/nmea_navsat_driver.egg-info/dependency_links.txt
[4.049s] writing entry points to ../../build/nmea_navsat_driver/nmea_navsat_driver.egg-info/entry_points.txt
[4.050s] writing requirements to ../../build/nmea_navsat_driver/nmea_navsat_driver.egg-info/requires.txt
[4.050s] writing top-level names to ../../build/nmea_navsat_driver/nmea_navsat_driver.egg-info/top_level.txt
[4.155s] reading manifest file '../../build/nmea_navsat_driver/nmea_navsat_driver.egg-info/SOURCES.txt'
[4.157s] writing manifest file '../../build/nmea_navsat_driver/nmea_navsat_driver.egg-info/SOURCES.txt'
[4.160s] running build
[4.161s] running build_py
[4.162s] copying src/libnmea_navsat_driver/nodes/nmea_serial_driver.py -> /home/robot/ros2_ws/build/nmea_navsat_driver/build/lib/libnmea_navsat_driver/nodes
[4.162s] running install
[4.177s] running install_lib
[4.214s] copying /home/robot/ros2_ws/build/nmea_navsat_driver/build/lib/libnmea_navsat_driver/nodes/nmea_serial_driver.py -> /home/robot/ros2_ws/install/nmea_navsat_driver/lib/python3.12/site-packages/libnmea_navsat_driver/nodes
[4.217s] byte-compiling /home/robot/ros2_ws/install/nmea_navsat_driver/lib/python3.12/site-packages/libnmea_navsat_driver/nodes/nmea_serial_driver.py to nmea_serial_driver.cpython-312.pyc
[4.218s] running install_data
[4.219s] copying config/nmea_serial_driver.yaml -> /home/robot/ros2_ws/install/nmea_navsat_driver/share/nmea_navsat_driver/config
[4.259s] running install_egg_info
[4.292s] removing '/home/robot/ros2_ws/install/nmea_navsat_driver/lib/python3.12/site-packages/nmea_navsat_driver-2.0.1-py3.12.egg-info' (and everything under it)
[4.292s] Copying ../../build/nmea_navsat_driver/nmea_navsat_driver.egg-info to /home/robot/ros2_ws/install/nmea_navsat_driver/lib/python3.12/site-packages/nmea_navsat_driver-2.0.1-py3.12.egg-info
[4.295s] running install_scripts
[4.502s] Installing nmea_serial_driver script to /home/robot/ros2_ws/install/nmea_navsat_driver/lib/nmea_navsat_driver
[4.503s] Installing nmea_socket_driver script to /home/robot/ros2_ws/install/nmea_navsat_driver/lib/nmea_navsat_driver
[4.503s] Installing nmea_tcpclient_driver script to /home/robot/ros2_ws/install/nmea_navsat_driver/lib/nmea_navsat_driver
[4.503s] Installing nmea_topic_driver script to /home/robot/ros2_ws/install/nmea_navsat_driver/lib/nmea_navsat_driver
[4.503s] Installing nmea_topic_serial_reader script to /home/robot/ros2_ws/install/nmea_navsat_driver/lib/nmea_navsat_driver
[4.504s] writing list of installed files to '/home/robot/ros2_ws/build/nmea_navsat_driver/install.log'
[4.555s] Invoked command in '/home/robot/ros2_ws/src/nmea_navsat_driver-ros2' returned '0': DEBUGINFOD_URLS=https://debuginfod.ubuntu.com PYTHONPATH=/home/robot/ros2_ws/build/nmea_navsat_driver/prefix_override:/usr/lib/python3/dist-packages/colcon_core/task/python/colcon_distutils_commands:/home/robot/ros2_ws/install/nmea_navsat_driver/lib/python3.12/site-packages:${PYTHONPATH} /usr/bin/python3 -W ignore:setup.py install is deprecated -W ignore:easy_install command is deprecated setup.py egg_info --egg-base ../../build/nmea_navsat_driver build --build-base /home/robot/ros2_ws/build/nmea_navsat_driver/build install --record /home/robot/ros2_ws/build/nmea_navsat_driver/install.log --single-version-externally-managed install_data
