running egg_info
writing ../../build/paquete/paquete.egg-info/PKG-INFO
writing dependency_links to ../../build/paquete/paquete.egg-info/dependency_links.txt
writing entry points to ../../build/paquete/paquete.egg-info/entry_points.txt
writing requirements to ../../build/paquete/paquete.egg-info/requires.txt
writing top-level names to ../../build/paquete/paquete.egg-info/top_level.txt
reading manifest file '../../build/paquete/paquete.egg-info/SOURCES.txt'
adding license file 'LICENSE'
writing manifest file '../../build/paquete/paquete.egg-info/SOURCES.txt'
running build
running build_py
copying paquete/comunicacionROS.py -> /home/robot/ros2_ws/build/paquete/build/lib/paquete
running install
running install_lib
copying /home/robot/ros2_ws/build/paquete/build/lib/paquete/comunicacionROS.py -> /home/robot/ros2_ws/install/paquete/lib/python3.12/site-packages/paquete
byte-compiling /home/robot/ros2_ws/install/paquete/lib/python3.12/site-packages/paquete/comunicacionROS.py to comunicacionROS.cpython-312.pyc
running install_data
running install_egg_info
removing '/home/robot/ros2_ws/install/paquete/lib/python3.12/site-packages/paquete-0.0.0-py3.12.egg-info' (and everything under it)
Copying ../../build/paquete/paquete.egg-info to /home/robot/ros2_ws/install/paquete/lib/python3.12/site-packages/paquete-0.0.0-py3.12.egg-info
running install_scripts
Installing comunicacionROS script to /home/robot/ros2_ws/install/paquete/lib/paquete
Installing nodoSimple script to /home/robot/ros2_ws/install/paquete/lib/paquete
writing list of installed files to '/home/robot/ros2_ws/build/paquete/install.log'
