[3.528s] Invoking command in '/home/robot/ros2_ws/src/paquete': DEBUGINFOD_URLS=https://debuginfod.ubuntu.com PYTHONPATH=/home/robot/ros2_ws/build/paquete/prefix_override:/usr/lib/python3/dist-packages/colcon_core/task/python/colcon_distutils_commands:/home/robot/ros2_ws/install/paquete/lib/python3.12/site-packages:${PYTHONPATH} /usr/bin/python3 -W ignore:setup.py install is deprecated -W ignore:easy_install command is deprecated setup.py egg_info --egg-base ../../build/paquete build --build-base /home/robot/ros2_ws/build/paquete/build install --record /home/robot/ros2_ws/build/paquete/install.log --single-version-externally-managed install_data
[4.501s] running egg_info
[4.575s] writing ../../build/paquete/paquete.egg-info/PKG-INFO
[4.576s] writing dependency_links to ../../build/paquete/paquete.egg-info/dependency_links.txt
[4.576s] writing entry points to ../../build/paquete/paquete.egg-info/entry_points.txt
[4.577s] writing requirements to ../../build/paquete/paquete.egg-info/requires.txt
[4.577s] writing top-level names to ../../build/paquete/paquete.egg-info/top_level.txt
[4.730s] reading manifest file '../../build/paquete/paquete.egg-info/SOURCES.txt'
[4.730s] adding license file 'LICENSE'
[4.734s] writing manifest file '../../build/paquete/paquete.egg-info/SOURCES.txt'
[4.734s] running build
[4.734s] running build_py
[4.735s] running install
[4.758s] running install_lib
[4.842s] running install_data
[4.842s] running install_egg_info
[4.921s] removing '/home/robot/ros2_ws/install/paquete/lib/python3.12/site-packages/paquete-0.0.0-py3.12.egg-info' (and everything under it)
[4.921s] Copying ../../build/paquete/paquete.egg-info to /home/robot/ros2_ws/install/paquete/lib/python3.12/site-packages/paquete-0.0.0-py3.12.egg-info
[4.925s] running install_scripts
[5.369s] Installing comunicacionROS script to /home/robot/ros2_ws/install/paquete/lib/paquete
[5.369s] Installing nodoSimple script to /home/robot/ros2_ws/install/paquete/lib/paquete
[5.372s] writing list of installed files to '/home/robot/ros2_ws/build/paquete/install.log'
[5.529s] Invoked command in '/home/robot/ros2_ws/src/paquete' returned '0': DEBUGINFOD_URLS=https://debuginfod.ubuntu.com PYTHONPATH=/home/robot/ros2_ws/build/paquete/prefix_override:/usr/lib/python3/dist-packages/colcon_core/task/python/colcon_distutils_commands:/home/robot/ros2_ws/install/paquete/lib/python3.12/site-packages:${PYTHONPATH} /usr/bin/python3 -W ignore:setup.py install is deprecated -W ignore:easy_install command is deprecated setup.py egg_info --egg-base ../../build/paquete build --build-base /home/robot/ros2_ws/build/paquete/build install --record /home/robot/ros2_ws/build/paquete/install.log --single-version-externally-managed install_data
