[2.875s] Invoking command in '/home/robot/ros2_ws/src/bno055': DEBUGINFOD_URLS=https://debuginfod.ubuntu.com PYTHONPATH=/home/robot/ros2_ws/build/bno055/prefix_override:/usr/lib/python3/dist-packages/colcon_core/task/python/colcon_distutils_commands:/home/robot/ros2_ws/install/bno055/lib/python3.12/site-packages:${PYTHONPATH} /usr/bin/python3 -W ignore:setup.py install is deprecated -W ignore:easy_install command is deprecated setup.py egg_info --egg-base ../../build/bno055 build --build-base /home/robot/ros2_ws/build/bno055/build install --record /home/robot/ros2_ws/build/bno055/install.log --single-version-externally-managed install_data
[3.581s] running egg_info
[3.628s] writing ../../build/bno055/bno055.egg-info/PKG-INFO
[3.629s] writing dependency_links to ../../build/bno055/bno055.egg-info/dependency_links.txt
[3.629s] writing entry points to ../../build/bno055/bno055.egg-info/entry_points.txt
[3.630s] writing requirements to ../../build/bno055/bno055.egg-info/requires.txt
[3.633s] writing top-level names to ../../build/bno055/bno055.egg-info/top_level.txt
[3.728s] reading manifest file '../../build/bno055/bno055.egg-info/SOURCES.txt'
[3.729s] adding license file 'LICENSE'
[3.729s] adding license file 'AUTHORS'
[3.731s] writing manifest file '../../build/bno055/bno055.egg-info/SOURCES.txt'
[3.731s] running build
[3.731s] running build_py
[3.735s] running install
[3.755s] running install_lib
[3.809s] running install_data
[3.809s] running install_egg_info
[3.864s] removing '/home/robot/ros2_ws/install/bno055/lib/python3.12/site-packages/bno055-0.5.0-py3.12.egg-info' (and everything under it)
[3.867s] Copying ../../build/bno055/bno055.egg-info to /home/robot/ros2_ws/install/bno055/lib/python3.12/site-packages/bno055-0.5.0-py3.12.egg-info
[3.867s] running install_scripts
[4.248s] Installing bno055 script to /home/robot/ros2_ws/install/bno055/lib/bno055
[4.248s] writing list of installed files to '/home/robot/ros2_ws/build/bno055/install.log'
[4.321s] Invoked command in '/home/robot/ros2_ws/src/bno055' returned '0': DEBUGINFOD_URLS=https://debuginfod.ubuntu.com PYTHONPATH=/home/robot/ros2_ws/build/bno055/prefix_override:/usr/lib/python3/dist-packages/colcon_core/task/python/colcon_distutils_commands:/home/robot/ros2_ws/install/bno055/lib/python3.12/site-packages:${PYTHONPATH} /usr/bin/python3 -W ignore:setup.py install is deprecated -W ignore:easy_install command is deprecated setup.py egg_info --egg-base ../../build/bno055 build --build-base /home/robot/ros2_ws/build/bno055/build install --record /home/robot/ros2_ws/build/bno055/install.log --single-version-externally-managed install_data
