[0.122s] DEBUG:colcon:Command line arguments: ['/usr/bin/colcon', 'build']
[0.122s] DEBUG:colcon:Parsed command line arguments: Namespace(log_base=None, log_level=None, verb_name='build', build_base='build', install_base='install', merge_install=False, symlink_install=False, test_result_base=None, continue_on_error=False, executor='parallel', parallel_workers=4, event_handlers=None, ignore_user_meta=False, metas=['./colcon.meta'], base_paths=['.'], packages_ignore=None, packages_ignore_regex=None, paths=None, packages_up_to=None, packages_up_to_regex=None, packages_above=None, packages_above_and_dependencies=None, packages_above_depth=None, packages_select_by_dep=None, packages_skip_by_dep=None, packages_skip_up_to=None, packages_select_build_failed=False, packages_skip_build_finished=False, packages_select_test_failures=False, packages_skip_test_passed=False, packages_select=None, packages_skip=None, packages_select_regex=None, packages_skip_regex=None, packages_start=None, packages_end=None, cmake_args=None, cmake_target=None, cmake_target_skip_unavailable=False, cmake_clean_cache=False, cmake_clean_first=False, cmake_force_configure=False, ament_cmake_args=None, catkin_cmake_args=None, catkin_skip_building_tests=False, verb_parser=<colcon_defaults.argument_parser.defaults.DefaultArgumentsDecorator object at 0x72fbbbb08ec0>, verb_extension=<colcon_core.verb.build.BuildVerb object at 0x72fbbbb08b90>, main=<bound method BuildVerb.main of <colcon_core.verb.build.BuildVerb object at 0x72fbbbb08b90>>)
[0.170s] Level 1:colcon.colcon_core.package_discovery:discover_packages(colcon_meta) check parameters
[0.171s] Level 1:colcon.colcon_core.package_discovery:discover_packages(recursive) check parameters
[0.171s] Level 1:colcon.colcon_core.package_discovery:discover_packages(ignore) check parameters
[0.171s] Level 1:colcon.colcon_core.package_discovery:discover_packages(path) check parameters
[0.171s] Level 1:colcon.colcon_core.package_discovery:discover_packages(colcon_meta) discover
[0.171s] Level 1:colcon.colcon_core.package_discovery:discover_packages(recursive) discover
[0.171s] INFO:colcon.colcon_core.package_discovery:Crawling recursively for packages in '/home/robot/prueba_ws'
[0.171s] Level 1:colcon.colcon_core.package_identification:_identify(.) by extensions ['ignore', 'ignore_ament_install']
[0.171s] Level 1:colcon.colcon_core.package_identification:_identify(.) by extension 'ignore'
[0.172s] Level 1:colcon.colcon_core.package_identification:_identify(.) by extension 'ignore_ament_install'
[0.172s] Level 1:colcon.colcon_core.package_identification:_identify(.) by extensions ['colcon_pkg']
[0.172s] Level 1:colcon.colcon_core.package_identification:_identify(.) by extension 'colcon_pkg'
[0.172s] Level 1:colcon.colcon_core.package_identification:_identify(.) by extensions ['colcon_meta']
[0.172s] Level 1:colcon.colcon_core.package_identification:_identify(.) by extension 'colcon_meta'
[0.172s] Level 1:colcon.colcon_core.package_identification:_identify(.) by extensions ['ros']
[0.172s] Level 1:colcon.colcon_core.package_identification:_identify(.) by extension 'ros'
[0.207s] Level 1:colcon.colcon_core.package_identification:_identify(.) by extensions ['cmake', 'python']
[0.207s] Level 1:colcon.colcon_core.package_identification:_identify(.) by extension 'cmake'
[0.207s] Level 1:colcon.colcon_core.package_identification:_identify(.) by extension 'python'
[0.207s] Level 1:colcon.colcon_core.package_identification:_identify(.) by extensions ['python_setup_py']
[0.207s] Level 1:colcon.colcon_core.package_identification:_identify(.) by extension 'python_setup_py'
[0.207s] Level 1:colcon.colcon_core.package_identification:_identify(build) by extensions ['ignore', 'ignore_ament_install']
[0.207s] Level 1:colcon.colcon_core.package_identification:_identify(build) by extension 'ignore'
[0.207s] Level 1:colcon.colcon_core.package_identification:_identify(build) ignored
[0.207s] Level 1:colcon.colcon_core.package_identification:_identify(install) by extensions ['ignore', 'ignore_ament_install']
[0.208s] Level 1:colcon.colcon_core.package_identification:_identify(install) by extension 'ignore'
[0.208s] Level 1:colcon.colcon_core.package_identification:_identify(install) ignored
[0.208s] Level 1:colcon.colcon_core.package_identification:_identify(log) by extensions ['ignore', 'ignore_ament_install']
[0.208s] Level 1:colcon.colcon_core.package_identification:_identify(log) by extension 'ignore'
[0.208s] Level 1:colcon.colcon_core.package_identification:_identify(log) ignored
[0.208s] Level 1:colcon.colcon_core.package_identification:_identify(publisher_cruva_test_2025_07_14_16_33_58) by extensions ['ignore', 'ignore_ament_install']
[0.208s] Level 1:colcon.colcon_core.package_identification:_identify(publisher_cruva_test_2025_07_14_16_33_58) by extension 'ignore'
[0.208s] Level 1:colcon.colcon_core.package_identification:_identify(publisher_cruva_test_2025_07_14_16_33_58) by extension 'ignore_ament_install'
[0.208s] Level 1:colcon.colcon_core.package_identification:_identify(publisher_cruva_test_2025_07_14_16_33_58) by extensions ['colcon_pkg']
[0.208s] Level 1:colcon.colcon_core.package_identification:_identify(publisher_cruva_test_2025_07_14_16_33_58) by extension 'colcon_pkg'
[0.208s] Level 1:colcon.colcon_core.package_identification:_identify(publisher_cruva_test_2025_07_14_16_33_58) by extensions ['colcon_meta']
[0.208s] Level 1:colcon.colcon_core.package_identification:_identify(publisher_cruva_test_2025_07_14_16_33_58) by extension 'colcon_meta'
[0.208s] Level 1:colcon.colcon_core.package_identification:_identify(publisher_cruva_test_2025_07_14_16_33_58) by extensions ['ros']
[0.208s] Level 1:colcon.colcon_core.package_identification:_identify(publisher_cruva_test_2025_07_14_16_33_58) by extension 'ros'
[0.209s] Level 1:colcon.colcon_core.package_identification:_identify(publisher_cruva_test_2025_07_14_16_33_58) by extensions ['cmake', 'python']
[0.209s] Level 1:colcon.colcon_core.package_identification:_identify(publisher_cruva_test_2025_07_14_16_33_58) by extension 'cmake'
[0.209s] Level 1:colcon.colcon_core.package_identification:_identify(publisher_cruva_test_2025_07_14_16_33_58) by extension 'python'
[0.209s] Level 1:colcon.colcon_core.package_identification:_identify(publisher_cruva_test_2025_07_14_16_33_58) by extensions ['python_setup_py']
[0.209s] Level 1:colcon.colcon_core.package_identification:_identify(publisher_cruva_test_2025_07_14_16_33_58) by extension 'python_setup_py'
[0.209s] Level 1:colcon.colcon_core.package_identification:_identify(publisher_cruva_test_2025_07_14_16_34_34) by extensions ['ignore', 'ignore_ament_install']
[0.209s] Level 1:colcon.colcon_core.package_identification:_identify(publisher_cruva_test_2025_07_14_16_34_34) by extension 'ignore'
[0.209s] Level 1:colcon.colcon_core.package_identification:_identify(publisher_cruva_test_2025_07_14_16_34_34) by extension 'ignore_ament_install'
[0.209s] Level 1:colcon.colcon_core.package_identification:_identify(publisher_cruva_test_2025_07_14_16_34_34) by extensions ['colcon_pkg']
[0.209s] Level 1:colcon.colcon_core.package_identification:_identify(publisher_cruva_test_2025_07_14_16_34_34) by extension 'colcon_pkg'
[0.209s] Level 1:colcon.colcon_core.package_identification:_identify(publisher_cruva_test_2025_07_14_16_34_34) by extensions ['colcon_meta']
[0.209s] Level 1:colcon.colcon_core.package_identification:_identify(publisher_cruva_test_2025_07_14_16_34_34) by extension 'colcon_meta'
[0.209s] Level 1:colcon.colcon_core.package_identification:_identify(publisher_cruva_test_2025_07_14_16_34_34) by extensions ['ros']
[0.209s] Level 1:colcon.colcon_core.package_identification:_identify(publisher_cruva_test_2025_07_14_16_34_34) by extension 'ros'
[0.209s] Level 1:colcon.colcon_core.package_identification:_identify(publisher_cruva_test_2025_07_14_16_34_34) by extensions ['cmake', 'python']
[0.209s] Level 1:colcon.colcon_core.package_identification:_identify(publisher_cruva_test_2025_07_14_16_34_34) by extension 'cmake'
[0.209s] Level 1:colcon.colcon_core.package_identification:_identify(publisher_cruva_test_2025_07_14_16_34_34) by extension 'python'
[0.209s] Level 1:colcon.colcon_core.package_identification:_identify(publisher_cruva_test_2025_07_14_16_34_34) by extensions ['python_setup_py']
[0.209s] Level 1:colcon.colcon_core.package_identification:_identify(publisher_cruva_test_2025_07_14_16_34_34) by extension 'python_setup_py'
[0.210s] Level 1:colcon.colcon_core.package_identification:_identify(publisher_cruva_test_2025_07_14_16_35_04) by extensions ['ignore', 'ignore_ament_install']
[0.210s] Level 1:colcon.colcon_core.package_identification:_identify(publisher_cruva_test_2025_07_14_16_35_04) by extension 'ignore'
[0.210s] Level 1:colcon.colcon_core.package_identification:_identify(publisher_cruva_test_2025_07_14_16_35_04) by extension 'ignore_ament_install'
[0.210s] Level 1:colcon.colcon_core.package_identification:_identify(publisher_cruva_test_2025_07_14_16_35_04) by extensions ['colcon_pkg']
[0.210s] Level 1:colcon.colcon_core.package_identification:_identify(publisher_cruva_test_2025_07_14_16_35_04) by extension 'colcon_pkg'
[0.210s] Level 1:colcon.colcon_core.package_identification:_identify(publisher_cruva_test_2025_07_14_16_35_04) by extensions ['colcon_meta']
[0.210s] Level 1:colcon.colcon_core.package_identification:_identify(publisher_cruva_test_2025_07_14_16_35_04) by extension 'colcon_meta'
[0.210s] Level 1:colcon.colcon_core.package_identification:_identify(publisher_cruva_test_2025_07_14_16_35_04) by extensions ['ros']
[0.210s] Level 1:colcon.colcon_core.package_identification:_identify(publisher_cruva_test_2025_07_14_16_35_04) by extension 'ros'
[0.210s] Level 1:colcon.colcon_core.package_identification:_identify(publisher_cruva_test_2025_07_14_16_35_04) by extensions ['cmake', 'python']
[0.210s] Level 1:colcon.colcon_core.package_identification:_identify(publisher_cruva_test_2025_07_14_16_35_04) by extension 'cmake'
[0.210s] Level 1:colcon.colcon_core.package_identification:_identify(publisher_cruva_test_2025_07_14_16_35_04) by extension 'python'
[0.210s] Level 1:colcon.colcon_core.package_identification:_identify(publisher_cruva_test_2025_07_14_16_35_04) by extensions ['python_setup_py']
[0.210s] Level 1:colcon.colcon_core.package_identification:_identify(publisher_cruva_test_2025_07_14_16_35_04) by extension 'python_setup_py'
[0.210s] Level 1:colcon.colcon_core.package_identification:_identify(publisher_cruva_test_2025_07_14_16_36_24) by extensions ['ignore', 'ignore_ament_install']
[0.210s] Level 1:colcon.colcon_core.package_identification:_identify(publisher_cruva_test_2025_07_14_16_36_24) by extension 'ignore'
[0.210s] Level 1:colcon.colcon_core.package_identification:_identify(publisher_cruva_test_2025_07_14_16_36_24) by extension 'ignore_ament_install'
[0.211s] Level 1:colcon.colcon_core.package_identification:_identify(publisher_cruva_test_2025_07_14_16_36_24) by extensions ['colcon_pkg']
[0.211s] Level 1:colcon.colcon_core.package_identification:_identify(publisher_cruva_test_2025_07_14_16_36_24) by extension 'colcon_pkg'
[0.211s] Level 1:colcon.colcon_core.package_identification:_identify(publisher_cruva_test_2025_07_14_16_36_24) by extensions ['colcon_meta']
[0.211s] Level 1:colcon.colcon_core.package_identification:_identify(publisher_cruva_test_2025_07_14_16_36_24) by extension 'colcon_meta'
[0.211s] Level 1:colcon.colcon_core.package_identification:_identify(publisher_cruva_test_2025_07_14_16_36_24) by extensions ['ros']
[0.211s] Level 1:colcon.colcon_core.package_identification:_identify(publisher_cruva_test_2025_07_14_16_36_24) by extension 'ros'
[0.211s] Level 1:colcon.colcon_core.package_identification:_identify(publisher_cruva_test_2025_07_14_16_36_24) by extensions ['cmake', 'python']
[0.211s] Level 1:colcon.colcon_core.package_identification:_identify(publisher_cruva_test_2025_07_14_16_36_24) by extension 'cmake'
[0.211s] Level 1:colcon.colcon_core.package_identification:_identify(publisher_cruva_test_2025_07_14_16_36_24) by extension 'python'
[0.211s] Level 1:colcon.colcon_core.package_identification:_identify(publisher_cruva_test_2025_07_14_16_36_24) by extensions ['python_setup_py']
[0.211s] Level 1:colcon.colcon_core.package_identification:_identify(publisher_cruva_test_2025_07_14_16_36_24) by extension 'python_setup_py'
[0.211s] Level 1:colcon.colcon_core.package_identification:_identify(publisher_cruva_test_2025_07_14_16_36_46) by extensions ['ignore', 'ignore_ament_install']
[0.211s] Level 1:colcon.colcon_core.package_identification:_identify(publisher_cruva_test_2025_07_14_16_36_46) by extension 'ignore'
[0.212s] Level 1:colcon.colcon_core.package_identification:_identify(publisher_cruva_test_2025_07_14_16_36_46) by extension 'ignore_ament_install'
[0.212s] Level 1:colcon.colcon_core.package_identification:_identify(publisher_cruva_test_2025_07_14_16_36_46) by extensions ['colcon_pkg']
[0.212s] Level 1:colcon.colcon_core.package_identification:_identify(publisher_cruva_test_2025_07_14_16_36_46) by extension 'colcon_pkg'
[0.212s] Level 1:colcon.colcon_core.package_identification:_identify(publisher_cruva_test_2025_07_14_16_36_46) by extensions ['colcon_meta']
[0.212s] Level 1:colcon.colcon_core.package_identification:_identify(publisher_cruva_test_2025_07_14_16_36_46) by extension 'colcon_meta'
[0.212s] Level 1:colcon.colcon_core.package_identification:_identify(publisher_cruva_test_2025_07_14_16_36_46) by extensions ['ros']
[0.212s] Level 1:colcon.colcon_core.package_identification:_identify(publisher_cruva_test_2025_07_14_16_36_46) by extension 'ros'
[0.212s] Level 1:colcon.colcon_core.package_identification:_identify(publisher_cruva_test_2025_07_14_16_36_46) by extensions ['cmake', 'python']
[0.212s] Level 1:colcon.colcon_core.package_identification:_identify(publisher_cruva_test_2025_07_14_16_36_46) by extension 'cmake'
[0.212s] Level 1:colcon.colcon_core.package_identification:_identify(publisher_cruva_test_2025_07_14_16_36_46) by extension 'python'
[0.212s] Level 1:colcon.colcon_core.package_identification:_identify(publisher_cruva_test_2025_07_14_16_36_46) by extensions ['python_setup_py']
[0.212s] Level 1:colcon.colcon_core.package_identification:_identify(publisher_cruva_test_2025_07_14_16_36_46) by extension 'python_setup_py'
[0.213s] Level 1:colcon.colcon_core.package_identification:_identify(publisher_cruva_test_2025_07_14_16_37_05) by extensions ['ignore', 'ignore_ament_install']
[0.213s] Level 1:colcon.colcon_core.package_identification:_identify(publisher_cruva_test_2025_07_14_16_37_05) by extension 'ignore'
[0.213s] Level 1:colcon.colcon_core.package_identification:_identify(publisher_cruva_test_2025_07_14_16_37_05) by extension 'ignore_ament_install'
[0.213s] Level 1:colcon.colcon_core.package_identification:_identify(publisher_cruva_test_2025_07_14_16_37_05) by extensions ['colcon_pkg']
[0.213s] Level 1:colcon.colcon_core.package_identification:_identify(publisher_cruva_test_2025_07_14_16_37_05) by extension 'colcon_pkg'
[0.213s] Level 1:colcon.colcon_core.package_identification:_identify(publisher_cruva_test_2025_07_14_16_37_05) by extensions ['colcon_meta']
[0.213s] Level 1:colcon.colcon_core.package_identification:_identify(publisher_cruva_test_2025_07_14_16_37_05) by extension 'colcon_meta'
[0.213s] Level 1:colcon.colcon_core.package_identification:_identify(publisher_cruva_test_2025_07_14_16_37_05) by extensions ['ros']
[0.213s] Level 1:colcon.colcon_core.package_identification:_identify(publisher_cruva_test_2025_07_14_16_37_05) by extension 'ros'
[0.214s] Level 1:colcon.colcon_core.package_identification:_identify(publisher_cruva_test_2025_07_14_16_37_05) by extensions ['cmake', 'python']
[0.214s] Level 1:colcon.colcon_core.package_identification:_identify(publisher_cruva_test_2025_07_14_16_37_05) by extension 'cmake'
[0.214s] Level 1:colcon.colcon_core.package_identification:_identify(publisher_cruva_test_2025_07_14_16_37_05) by extension 'python'
[0.214s] Level 1:colcon.colcon_core.package_identification:_identify(publisher_cruva_test_2025_07_14_16_37_05) by extensions ['python_setup_py']
[0.214s] Level 1:colcon.colcon_core.package_identification:_identify(publisher_cruva_test_2025_07_14_16_37_05) by extension 'python_setup_py'
[0.214s] Level 1:colcon.colcon_core.package_identification:_identify(publisher_cruva_test_2025_07_14_16_37_52) by extensions ['ignore', 'ignore_ament_install']
[0.214s] Level 1:colcon.colcon_core.package_identification:_identify(publisher_cruva_test_2025_07_14_16_37_52) by extension 'ignore'
[0.214s] Level 1:colcon.colcon_core.package_identification:_identify(publisher_cruva_test_2025_07_14_16_37_52) by extension 'ignore_ament_install'
[0.215s] Level 1:colcon.colcon_core.package_identification:_identify(publisher_cruva_test_2025_07_14_16_37_52) by extensions ['colcon_pkg']
[0.215s] Level 1:colcon.colcon_core.package_identification:_identify(publisher_cruva_test_2025_07_14_16_37_52) by extension 'colcon_pkg'
[0.215s] Level 1:colcon.colcon_core.package_identification:_identify(publisher_cruva_test_2025_07_14_16_37_52) by extensions ['colcon_meta']
[0.215s] Level 1:colcon.colcon_core.package_identification:_identify(publisher_cruva_test_2025_07_14_16_37_52) by extension 'colcon_meta'
[0.215s] Level 1:colcon.colcon_core.package_identification:_identify(publisher_cruva_test_2025_07_14_16_37_52) by extensions ['ros']
[0.215s] Level 1:colcon.colcon_core.package_identification:_identify(publisher_cruva_test_2025_07_14_16_37_52) by extension 'ros'
[0.215s] Level 1:colcon.colcon_core.package_identification:_identify(publisher_cruva_test_2025_07_14_16_37_52) by extensions ['cmake', 'python']
[0.216s] Level 1:colcon.colcon_core.package_identification:_identify(publisher_cruva_test_2025_07_14_16_37_52) by extension 'cmake'
[0.216s] Level 1:colcon.colcon_core.package_identification:_identify(publisher_cruva_test_2025_07_14_16_37_52) by extension 'python'
[0.216s] Level 1:colcon.colcon_core.package_identification:_identify(publisher_cruva_test_2025_07_14_16_37_52) by extensions ['python_setup_py']
[0.216s] Level 1:colcon.colcon_core.package_identification:_identify(publisher_cruva_test_2025_07_14_16_37_52) by extension 'python_setup_py'
[0.216s] Level 1:colcon.colcon_core.package_identification:_identify(publisher_cruva_test_2025_07_14_16_38_20) by extensions ['ignore', 'ignore_ament_install']
[0.216s] Level 1:colcon.colcon_core.package_identification:_identify(publisher_cruva_test_2025_07_14_16_38_20) by extension 'ignore'
[0.217s] Level 1:colcon.colcon_core.package_identification:_identify(publisher_cruva_test_2025_07_14_16_38_20) by extension 'ignore_ament_install'
[0.217s] Level 1:colcon.colcon_core.package_identification:_identify(publisher_cruva_test_2025_07_14_16_38_20) by extensions ['colcon_pkg']
[0.217s] Level 1:colcon.colcon_core.package_identification:_identify(publisher_cruva_test_2025_07_14_16_38_20) by extension 'colcon_pkg'
[0.217s] Level 1:colcon.colcon_core.package_identification:_identify(publisher_cruva_test_2025_07_14_16_38_20) by extensions ['colcon_meta']
[0.217s] Level 1:colcon.colcon_core.package_identification:_identify(publisher_cruva_test_2025_07_14_16_38_20) by extension 'colcon_meta'
[0.217s] Level 1:colcon.colcon_core.package_identification:_identify(publisher_cruva_test_2025_07_14_16_38_20) by extensions ['ros']
[0.217s] Level 1:colcon.colcon_core.package_identification:_identify(publisher_cruva_test_2025_07_14_16_38_20) by extension 'ros'
[0.217s] Level 1:colcon.colcon_core.package_identification:_identify(publisher_cruva_test_2025_07_14_16_38_20) by extensions ['cmake', 'python']
[0.217s] Level 1:colcon.colcon_core.package_identification:_identify(publisher_cruva_test_2025_07_14_16_38_20) by extension 'cmake'
[0.218s] Level 1:colcon.colcon_core.package_identification:_identify(publisher_cruva_test_2025_07_14_16_38_20) by extension 'python'
[0.218s] Level 1:colcon.colcon_core.package_identification:_identify(publisher_cruva_test_2025_07_14_16_38_20) by extensions ['python_setup_py']
[0.218s] Level 1:colcon.colcon_core.package_identification:_identify(publisher_cruva_test_2025_07_14_16_38_20) by extension 'python_setup_py'
[0.218s] Level 1:colcon.colcon_core.package_identification:_identify(publisher_cruva_test_2025_07_14_16_38_40) by extensions ['ignore', 'ignore_ament_install']
[0.218s] Level 1:colcon.colcon_core.package_identification:_identify(publisher_cruva_test_2025_07_14_16_38_40) by extension 'ignore'
[0.219s] Level 1:colcon.colcon_core.package_identification:_identify(publisher_cruva_test_2025_07_14_16_38_40) by extension 'ignore_ament_install'
[0.219s] Level 1:colcon.colcon_core.package_identification:_identify(publisher_cruva_test_2025_07_14_16_38_40) by extensions ['colcon_pkg']
[0.219s] Level 1:colcon.colcon_core.package_identification:_identify(publisher_cruva_test_2025_07_14_16_38_40) by extension 'colcon_pkg'
[0.219s] Level 1:colcon.colcon_core.package_identification:_identify(publisher_cruva_test_2025_07_14_16_38_40) by extensions ['colcon_meta']
[0.219s] Level 1:colcon.colcon_core.package_identification:_identify(publisher_cruva_test_2025_07_14_16_38_40) by extension 'colcon_meta'
[0.219s] Level 1:colcon.colcon_core.package_identification:_identify(publisher_cruva_test_2025_07_14_16_38_40) by extensions ['ros']
[0.219s] Level 1:colcon.colcon_core.package_identification:_identify(publisher_cruva_test_2025_07_14_16_38_40) by extension 'ros'
[0.219s] Level 1:colcon.colcon_core.package_identification:_identify(publisher_cruva_test_2025_07_14_16_38_40) by extensions ['cmake', 'python']
[0.219s] Level 1:colcon.colcon_core.package_identification:_identify(publisher_cruva_test_2025_07_14_16_38_40) by extension 'cmake'
[0.220s] Level 1:colcon.colcon_core.package_identification:_identify(publisher_cruva_test_2025_07_14_16_38_40) by extension 'python'
[0.220s] Level 1:colcon.colcon_core.package_identification:_identify(publisher_cruva_test_2025_07_14_16_38_40) by extensions ['python_setup_py']
[0.220s] Level 1:colcon.colcon_core.package_identification:_identify(publisher_cruva_test_2025_07_14_16_38_40) by extension 'python_setup_py'
[0.220s] Level 1:colcon.colcon_core.package_identification:_identify(publisher_cruva_test_2025_07_14_16_38_51) by extensions ['ignore', 'ignore_ament_install']
[0.220s] Level 1:colcon.colcon_core.package_identification:_identify(publisher_cruva_test_2025_07_14_16_38_51) by extension 'ignore'
[0.220s] Level 1:colcon.colcon_core.package_identification:_identify(publisher_cruva_test_2025_07_14_16_38_51) by extension 'ignore_ament_install'
[0.220s] Level 1:colcon.colcon_core.package_identification:_identify(publisher_cruva_test_2025_07_14_16_38_51) by extensions ['colcon_pkg']
[0.220s] Level 1:colcon.colcon_core.package_identification:_identify(publisher_cruva_test_2025_07_14_16_38_51) by extension 'colcon_pkg'
[0.220s] Level 1:colcon.colcon_core.package_identification:_identify(publisher_cruva_test_2025_07_14_16_38_51) by extensions ['colcon_meta']
[0.220s] Level 1:colcon.colcon_core.package_identification:_identify(publisher_cruva_test_2025_07_14_16_38_51) by extension 'colcon_meta'
[0.221s] Level 1:colcon.colcon_core.package_identification:_identify(publisher_cruva_test_2025_07_14_16_38_51) by extensions ['ros']
[0.221s] Level 1:colcon.colcon_core.package_identification:_identify(publisher_cruva_test_2025_07_14_16_38_51) by extension 'ros'
[0.221s] Level 1:colcon.colcon_core.package_identification:_identify(publisher_cruva_test_2025_07_14_16_38_51) by extensions ['cmake', 'python']
[0.221s] Level 1:colcon.colcon_core.package_identification:_identify(publisher_cruva_test_2025_07_14_16_38_51) by extension 'cmake'
[0.221s] Level 1:colcon.colcon_core.package_identification:_identify(publisher_cruva_test_2025_07_14_16_38_51) by extension 'python'
[0.221s] Level 1:colcon.colcon_core.package_identification:_identify(publisher_cruva_test_2025_07_14_16_38_51) by extensions ['python_setup_py']
[0.221s] Level 1:colcon.colcon_core.package_identification:_identify(publisher_cruva_test_2025_07_14_16_38_51) by extension 'python_setup_py'
[0.221s] Level 1:colcon.colcon_core.package_identification:_identify(publisher_cruva_test_2025_07_14_16_41_19) by extensions ['ignore', 'ignore_ament_install']
[0.221s] Level 1:colcon.colcon_core.package_identification:_identify(publisher_cruva_test_2025_07_14_16_41_19) by extension 'ignore'
[0.221s] Level 1:colcon.colcon_core.package_identification:_identify(publisher_cruva_test_2025_07_14_16_41_19) by extension 'ignore_ament_install'
[0.222s] Level 1:colcon.colcon_core.package_identification:_identify(publisher_cruva_test_2025_07_14_16_41_19) by extensions ['colcon_pkg']
[0.222s] Level 1:colcon.colcon_core.package_identification:_identify(publisher_cruva_test_2025_07_14_16_41_19) by extension 'colcon_pkg'
[0.222s] Level 1:colcon.colcon_core.package_identification:_identify(publisher_cruva_test_2025_07_14_16_41_19) by extensions ['colcon_meta']
[0.222s] Level 1:colcon.colcon_core.package_identification:_identify(publisher_cruva_test_2025_07_14_16_41_19) by extension 'colcon_meta'
[0.222s] Level 1:colcon.colcon_core.package_identification:_identify(publisher_cruva_test_2025_07_14_16_41_19) by extensions ['ros']
[0.222s] Level 1:colcon.colcon_core.package_identification:_identify(publisher_cruva_test_2025_07_14_16_41_19) by extension 'ros'
[0.222s] Level 1:colcon.colcon_core.package_identification:_identify(publisher_cruva_test_2025_07_14_16_41_19) by extensions ['cmake', 'python']
[0.222s] Level 1:colcon.colcon_core.package_identification:_identify(publisher_cruva_test_2025_07_14_16_41_19) by extension 'cmake'
[0.222s] Level 1:colcon.colcon_core.package_identification:_identify(publisher_cruva_test_2025_07_14_16_41_19) by extension 'python'
[0.222s] Level 1:colcon.colcon_core.package_identification:_identify(publisher_cruva_test_2025_07_14_16_41_19) by extensions ['python_setup_py']
[0.222s] Level 1:colcon.colcon_core.package_identification:_identify(publisher_cruva_test_2025_07_14_16_41_19) by extension 'python_setup_py'
[0.223s] Level 1:colcon.colcon_core.package_identification:_identify(publisher_cruva_test_2025_07_14_16_41_31) by extensions ['ignore', 'ignore_ament_install']
[0.223s] Level 1:colcon.colcon_core.package_identification:_identify(publisher_cruva_test_2025_07_14_16_41_31) by extension 'ignore'
[0.223s] Level 1:colcon.colcon_core.package_identification:_identify(publisher_cruva_test_2025_07_14_16_41_31) by extension 'ignore_ament_install'
[0.223s] Level 1:colcon.colcon_core.package_identification:_identify(publisher_cruva_test_2025_07_14_16_41_31) by extensions ['colcon_pkg']
[0.223s] Level 1:colcon.colcon_core.package_identification:_identify(publisher_cruva_test_2025_07_14_16_41_31) by extension 'colcon_pkg'
[0.223s] Level 1:colcon.colcon_core.package_identification:_identify(publisher_cruva_test_2025_07_14_16_41_31) by extensions ['colcon_meta']
[0.223s] Level 1:colcon.colcon_core.package_identification:_identify(publisher_cruva_test_2025_07_14_16_41_31) by extension 'colcon_meta'
[0.223s] Level 1:colcon.colcon_core.package_identification:_identify(publisher_cruva_test_2025_07_14_16_41_31) by extensions ['ros']
[0.223s] Level 1:colcon.colcon_core.package_identification:_identify(publisher_cruva_test_2025_07_14_16_41_31) by extension 'ros'
[0.224s] Level 1:colcon.colcon_core.package_identification:_identify(publisher_cruva_test_2025_07_14_16_41_31) by extensions ['cmake', 'python']
[0.224s] Level 1:colcon.colcon_core.package_identification:_identify(publisher_cruva_test_2025_07_14_16_41_31) by extension 'cmake'
[0.224s] Level 1:colcon.colcon_core.package_identification:_identify(publisher_cruva_test_2025_07_14_16_41_31) by extension 'python'
[0.224s] Level 1:colcon.colcon_core.package_identification:_identify(publisher_cruva_test_2025_07_14_16_41_31) by extensions ['python_setup_py']
[0.224s] Level 1:colcon.colcon_core.package_identification:_identify(publisher_cruva_test_2025_07_14_16_41_31) by extension 'python_setup_py'
[0.224s] Level 1:colcon.colcon_core.package_identification:_identify(publisher_derecho_test_2025_07_14_16_28_33) by extensions ['ignore', 'ignore_ament_install']
[0.224s] Level 1:colcon.colcon_core.package_identification:_identify(publisher_derecho_test_2025_07_14_16_28_33) by extension 'ignore'
[0.224s] Level 1:colcon.colcon_core.package_identification:_identify(publisher_derecho_test_2025_07_14_16_28_33) by extension 'ignore_ament_install'
[0.224s] Level 1:colcon.colcon_core.package_identification:_identify(publisher_derecho_test_2025_07_14_16_28_33) by extensions ['colcon_pkg']
[0.224s] Level 1:colcon.colcon_core.package_identification:_identify(publisher_derecho_test_2025_07_14_16_28_33) by extension 'colcon_pkg'
[0.225s] Level 1:colcon.colcon_core.package_identification:_identify(publisher_derecho_test_2025_07_14_16_28_33) by extensions ['colcon_meta']
[0.225s] Level 1:colcon.colcon_core.package_identification:_identify(publisher_derecho_test_2025_07_14_16_28_33) by extension 'colcon_meta'
[0.225s] Level 1:colcon.colcon_core.package_identification:_identify(publisher_derecho_test_2025_07_14_16_28_33) by extensions ['ros']
[0.225s] Level 1:colcon.colcon_core.package_identification:_identify(publisher_derecho_test_2025_07_14_16_28_33) by extension 'ros'
[0.225s] Level 1:colcon.colcon_core.package_identification:_identify(publisher_derecho_test_2025_07_14_16_28_33) by extensions ['cmake', 'python']
[0.225s] Level 1:colcon.colcon_core.package_identification:_identify(publisher_derecho_test_2025_07_14_16_28_33) by extension 'cmake'
[0.225s] Level 1:colcon.colcon_core.package_identification:_identify(publisher_derecho_test_2025_07_14_16_28_33) by extension 'python'
[0.225s] Level 1:colcon.colcon_core.package_identification:_identify(publisher_derecho_test_2025_07_14_16_28_33) by extensions ['python_setup_py']
[0.225s] Level 1:colcon.colcon_core.package_identification:_identify(publisher_derecho_test_2025_07_14_16_28_33) by extension 'python_setup_py'
[0.225s] Level 1:colcon.colcon_core.package_identification:_identify(publisher_derecho_test_2025_07_14_16_30_37) by extensions ['ignore', 'ignore_ament_install']
[0.225s] Level 1:colcon.colcon_core.package_identification:_identify(publisher_derecho_test_2025_07_14_16_30_37) by extension 'ignore'
[0.225s] Level 1:colcon.colcon_core.package_identification:_identify(publisher_derecho_test_2025_07_14_16_30_37) by extension 'ignore_ament_install'
[0.226s] Level 1:colcon.colcon_core.package_identification:_identify(publisher_derecho_test_2025_07_14_16_30_37) by extensions ['colcon_pkg']
[0.226s] Level 1:colcon.colcon_core.package_identification:_identify(publisher_derecho_test_2025_07_14_16_30_37) by extension 'colcon_pkg'
[0.226s] Level 1:colcon.colcon_core.package_identification:_identify(publisher_derecho_test_2025_07_14_16_30_37) by extensions ['colcon_meta']
[0.226s] Level 1:colcon.colcon_core.package_identification:_identify(publisher_derecho_test_2025_07_14_16_30_37) by extension 'colcon_meta'
[0.226s] Level 1:colcon.colcon_core.package_identification:_identify(publisher_derecho_test_2025_07_14_16_30_37) by extensions ['ros']
[0.226s] Level 1:colcon.colcon_core.package_identification:_identify(publisher_derecho_test_2025_07_14_16_30_37) by extension 'ros'
[0.226s] Level 1:colcon.colcon_core.package_identification:_identify(publisher_derecho_test_2025_07_14_16_30_37) by extensions ['cmake', 'python']
[0.226s] Level 1:colcon.colcon_core.package_identification:_identify(publisher_derecho_test_2025_07_14_16_30_37) by extension 'cmake'
[0.226s] Level 1:colcon.colcon_core.package_identification:_identify(publisher_derecho_test_2025_07_14_16_30_37) by extension 'python'
[0.226s] Level 1:colcon.colcon_core.package_identification:_identify(publisher_derecho_test_2025_07_14_16_30_37) by extensions ['python_setup_py']
[0.226s] Level 1:colcon.colcon_core.package_identification:_identify(publisher_derecho_test_2025_07_14_16_30_37) by extension 'python_setup_py'
[0.226s] Level 1:colcon.colcon_core.package_identification:_identify(publisher_derecho_test_2025_07_14_16_30_56) by extensions ['ignore', 'ignore_ament_install']
[0.226s] Level 1:colcon.colcon_core.package_identification:_identify(publisher_derecho_test_2025_07_14_16_30_56) by extension 'ignore'
[0.226s] Level 1:colcon.colcon_core.package_identification:_identify(publisher_derecho_test_2025_07_14_16_30_56) by extension 'ignore_ament_install'
[0.226s] Level 1:colcon.colcon_core.package_identification:_identify(publisher_derecho_test_2025_07_14_16_30_56) by extensions ['colcon_pkg']
[0.226s] Level 1:colcon.colcon_core.package_identification:_identify(publisher_derecho_test_2025_07_14_16_30_56) by extension 'colcon_pkg'
[0.226s] Level 1:colcon.colcon_core.package_identification:_identify(publisher_derecho_test_2025_07_14_16_30_56) by extensions ['colcon_meta']
[0.226s] Level 1:colcon.colcon_core.package_identification:_identify(publisher_derecho_test_2025_07_14_16_30_56) by extension 'colcon_meta'
[0.227s] Level 1:colcon.colcon_core.package_identification:_identify(publisher_derecho_test_2025_07_14_16_30_56) by extensions ['ros']
[0.227s] Level 1:colcon.colcon_core.package_identification:_identify(publisher_derecho_test_2025_07_14_16_30_56) by extension 'ros'
[0.227s] Level 1:colcon.colcon_core.package_identification:_identify(publisher_derecho_test_2025_07_14_16_30_56) by extensions ['cmake', 'python']
[0.227s] Level 1:colcon.colcon_core.package_identification:_identify(publisher_derecho_test_2025_07_14_16_30_56) by extension 'cmake'
[0.227s] Level 1:colcon.colcon_core.package_identification:_identify(publisher_derecho_test_2025_07_14_16_30_56) by extension 'python'
[0.227s] Level 1:colcon.colcon_core.package_identification:_identify(publisher_derecho_test_2025_07_14_16_30_56) by extensions ['python_setup_py']
[0.227s] Level 1:colcon.colcon_core.package_identification:_identify(publisher_derecho_test_2025_07_14_16_30_56) by extension 'python_setup_py'
[0.227s] Level 1:colcon.colcon_core.package_identification:_identify(publisher_derecho_test_2025_07_14_16_31_40) by extensions ['ignore', 'ignore_ament_install']
[0.227s] Level 1:colcon.colcon_core.package_identification:_identify(publisher_derecho_test_2025_07_14_16_31_40) by extension 'ignore'
[0.227s] Level 1:colcon.colcon_core.package_identification:_identify(publisher_derecho_test_2025_07_14_16_31_40) by extension 'ignore_ament_install'
[0.227s] Level 1:colcon.colcon_core.package_identification:_identify(publisher_derecho_test_2025_07_14_16_31_40) by extensions ['colcon_pkg']
[0.227s] Level 1:colcon.colcon_core.package_identification:_identify(publisher_derecho_test_2025_07_14_16_31_40) by extension 'colcon_pkg'
[0.227s] Level 1:colcon.colcon_core.package_identification:_identify(publisher_derecho_test_2025_07_14_16_31_40) by extensions ['colcon_meta']
[0.227s] Level 1:colcon.colcon_core.package_identification:_identify(publisher_derecho_test_2025_07_14_16_31_40) by extension 'colcon_meta'
[0.227s] Level 1:colcon.colcon_core.package_identification:_identify(publisher_derecho_test_2025_07_14_16_31_40) by extensions ['ros']
[0.227s] Level 1:colcon.colcon_core.package_identification:_identify(publisher_derecho_test_2025_07_14_16_31_40) by extension 'ros'
[0.227s] Level 1:colcon.colcon_core.package_identification:_identify(publisher_derecho_test_2025_07_14_16_31_40) by extensions ['cmake', 'python']
[0.227s] Level 1:colcon.colcon_core.package_identification:_identify(publisher_derecho_test_2025_07_14_16_31_40) by extension 'cmake'
[0.227s] Level 1:colcon.colcon_core.package_identification:_identify(publisher_derecho_test_2025_07_14_16_31_40) by extension 'python'
[0.228s] Level 1:colcon.colcon_core.package_identification:_identify(publisher_derecho_test_2025_07_14_16_31_40) by extensions ['python_setup_py']
[0.228s] Level 1:colcon.colcon_core.package_identification:_identify(publisher_derecho_test_2025_07_14_16_31_40) by extension 'python_setup_py'
[0.228s] Level 1:colcon.colcon_core.package_identification:_identify(publisher_derecho_test_2025_07_14_16_32_13) by extensions ['ignore', 'ignore_ament_install']
[0.228s] Level 1:colcon.colcon_core.package_identification:_identify(publisher_derecho_test_2025_07_14_16_32_13) by extension 'ignore'
[0.228s] Level 1:colcon.colcon_core.package_identification:_identify(publisher_derecho_test_2025_07_14_16_32_13) by extension 'ignore_ament_install'
[0.228s] Level 1:colcon.colcon_core.package_identification:_identify(publisher_derecho_test_2025_07_14_16_32_13) by extensions ['colcon_pkg']
[0.228s] Level 1:colcon.colcon_core.package_identification:_identify(publisher_derecho_test_2025_07_14_16_32_13) by extension 'colcon_pkg'
[0.228s] Level 1:colcon.colcon_core.package_identification:_identify(publisher_derecho_test_2025_07_14_16_32_13) by extensions ['colcon_meta']
[0.228s] Level 1:colcon.colcon_core.package_identification:_identify(publisher_derecho_test_2025_07_14_16_32_13) by extension 'colcon_meta'
[0.228s] Level 1:colcon.colcon_core.package_identification:_identify(publisher_derecho_test_2025_07_14_16_32_13) by extensions ['ros']
[0.228s] Level 1:colcon.colcon_core.package_identification:_identify(publisher_derecho_test_2025_07_14_16_32_13) by extension 'ros'
[0.228s] Level 1:colcon.colcon_core.package_identification:_identify(publisher_derecho_test_2025_07_14_16_32_13) by extensions ['cmake', 'python']
[0.228s] Level 1:colcon.colcon_core.package_identification:_identify(publisher_derecho_test_2025_07_14_16_32_13) by extension 'cmake'
[0.228s] Level 1:colcon.colcon_core.package_identification:_identify(publisher_derecho_test_2025_07_14_16_32_13) by extension 'python'
[0.228s] Level 1:colcon.colcon_core.package_identification:_identify(publisher_derecho_test_2025_07_14_16_32_13) by extensions ['python_setup_py']
[0.228s] Level 1:colcon.colcon_core.package_identification:_identify(publisher_derecho_test_2025_07_14_16_32_13) by extension 'python_setup_py'
[0.228s] Level 1:colcon.colcon_core.package_identification:_identify(src) by extensions ['ignore', 'ignore_ament_install']
[0.228s] Level 1:colcon.colcon_core.package_identification:_identify(src) by extension 'ignore'
[0.229s] Level 1:colcon.colcon_core.package_identification:_identify(src) by extension 'ignore_ament_install'
[0.229s] Level 1:colcon.colcon_core.package_identification:_identify(src) by extensions ['colcon_pkg']
[0.229s] Level 1:colcon.colcon_core.package_identification:_identify(src) by extension 'colcon_pkg'
[0.229s] Level 1:colcon.colcon_core.package_identification:_identify(src) by extensions ['colcon_meta']
[0.229s] Level 1:colcon.colcon_core.package_identification:_identify(src) by extension 'colcon_meta'
[0.229s] Level 1:colcon.colcon_core.package_identification:_identify(src) by extensions ['ros']
[0.229s] Level 1:colcon.colcon_core.package_identification:_identify(src) by extension 'ros'
[0.229s] Level 1:colcon.colcon_core.package_identification:_identify(src) by extensions ['cmake', 'python']
[0.229s] Level 1:colcon.colcon_core.package_identification:_identify(src) by extension 'cmake'
[0.229s] Level 1:colcon.colcon_core.package_identification:_identify(src) by extension 'python'
[0.229s] Level 1:colcon.colcon_core.package_identification:_identify(src) by extensions ['python_setup_py']
[0.229s] Level 1:colcon.colcon_core.package_identification:_identify(src) by extension 'python_setup_py'
[0.229s] Level 1:colcon.colcon_core.package_identification:_identify(src/my_publisher_pkg) by extensions ['ignore', 'ignore_ament_install']
[0.229s] Level 1:colcon.colcon_core.package_identification:_identify(src/my_publisher_pkg) by extension 'ignore'
[0.229s] Level 1:colcon.colcon_core.package_identification:_identify(src/my_publisher_pkg) by extension 'ignore_ament_install'
[0.229s] Level 1:colcon.colcon_core.package_identification:_identify(src/my_publisher_pkg) by extensions ['colcon_pkg']
[0.229s] Level 1:colcon.colcon_core.package_identification:_identify(src/my_publisher_pkg) by extension 'colcon_pkg'
[0.229s] Level 1:colcon.colcon_core.package_identification:_identify(src/my_publisher_pkg) by extensions ['colcon_meta']
[0.229s] Level 1:colcon.colcon_core.package_identification:_identify(src/my_publisher_pkg) by extension 'colcon_meta'
[0.230s] Level 1:colcon.colcon_core.package_identification:_identify(src/my_publisher_pkg) by extensions ['ros']
[0.230s] Level 1:colcon.colcon_core.package_identification:_identify(src/my_publisher_pkg) by extension 'ros'
[0.233s] DEBUG:colcon.colcon_core.package_identification:Package 'src/my_publisher_pkg' with type 'ros.ament_python' and name 'my_publisher_pkg'
[0.233s] Level 1:colcon.colcon_core.package_discovery:discover_packages(recursive) using defaults
[0.233s] Level 1:colcon.colcon_core.package_discovery:discover_packages(ignore) discover
[0.233s] Level 1:colcon.colcon_core.package_discovery:discover_packages(ignore) using defaults
[0.233s] Level 1:colcon.colcon_core.package_discovery:discover_packages(path) discover
[0.234s] Level 1:colcon.colcon_core.package_discovery:discover_packages(path) using defaults
[0.258s] Level 5:colcon.colcon_core.verb:set package 'my_publisher_pkg' build argument 'cmake_args' from command line to 'None'
[0.258s] Level 5:colcon.colcon_core.verb:set package 'my_publisher_pkg' build argument 'cmake_target' from command line to 'None'
[0.258s] Level 5:colcon.colcon_core.verb:set package 'my_publisher_pkg' build argument 'cmake_target_skip_unavailable' from command line to 'False'
[0.258s] Level 5:colcon.colcon_core.verb:set package 'my_publisher_pkg' build argument 'cmake_clean_cache' from command line to 'False'
[0.258s] Level 5:colcon.colcon_core.verb:set package 'my_publisher_pkg' build argument 'cmake_clean_first' from command line to 'False'
[0.258s] Level 5:colcon.colcon_core.verb:set package 'my_publisher_pkg' build argument 'cmake_force_configure' from command line to 'False'
[0.258s] Level 5:colcon.colcon_core.verb:set package 'my_publisher_pkg' build argument 'ament_cmake_args' from command line to 'None'
[0.258s] Level 5:colcon.colcon_core.verb:set package 'my_publisher_pkg' build argument 'catkin_cmake_args' from command line to 'None'
[0.258s] Level 5:colcon.colcon_core.verb:set package 'my_publisher_pkg' build argument 'catkin_skip_building_tests' from command line to 'False'
[0.258s] DEBUG:colcon.colcon_core.verb:Building package 'my_publisher_pkg' with the following arguments: {'ament_cmake_args': None, 'build_base': '/home/robot/prueba_ws/build/my_publisher_pkg', 'catkin_cmake_args': None, 'catkin_skip_building_tests': False, 'cmake_args': None, 'cmake_clean_cache': False, 'cmake_clean_first': False, 'cmake_force_configure': False, 'cmake_target': None, 'cmake_target_skip_unavailable': False, 'install_base': '/home/robot/prueba_ws/install/my_publisher_pkg', 'merge_install': False, 'path': '/home/robot/prueba_ws/src/my_publisher_pkg', 'symlink_install': False, 'test_result_base': None}
[0.258s] INFO:colcon.colcon_core.executor:Executing jobs using 'parallel' executor
[0.259s] DEBUG:colcon.colcon_parallel_executor.executor.parallel:run_until_complete
[0.260s] INFO:colcon.colcon_ros.task.ament_python.build:Building ROS package in '/home/robot/prueba_ws/src/my_publisher_pkg' with build type 'ament_python'
[0.260s] Level 1:colcon.colcon_core.shell:create_environment_hook('my_publisher_pkg', 'ament_prefix_path')
[0.263s] INFO:colcon.colcon_core.plugin_system:Skipping extension 'colcon_core.shell.bat': Not used on non-Windows systems
[0.263s] INFO:colcon.colcon_core.shell:Creating environment descriptor '/home/robot/prueba_ws/install/my_publisher_pkg/share/my_publisher_pkg/hook/ament_prefix_path.dsv'
[0.264s] INFO:colcon.colcon_core.shell:Creating environment hook '/home/robot/prueba_ws/install/my_publisher_pkg/share/my_publisher_pkg/hook/ament_prefix_path.sh'
[0.264s] DEBUG:colcon.colcon_core.shell:Skip shell extension 'dsv' for command environment
[0.535s] INFO:colcon.colcon_core.task.python.build:Building Python package in '/home/robot/prueba_ws/src/my_publisher_pkg'
[0.535s] DEBUG:colcon.colcon_core.shell:Skip shell extension 'dsv' for command environment
[1.281s] DEBUG:colcon.colcon_core.event_handler.log_command:Invoking command in '/home/robot/prueba_ws/src/my_publisher_pkg': DEBUGINFOD_URLS=https://debuginfod.ubuntu.com PYTHONPATH=/home/robot/prueba_ws/build/my_publisher_pkg/prefix_override:/usr/lib/python3/dist-packages/colcon_core/task/python/colcon_distutils_commands:/home/robot/prueba_ws/install/my_publisher_pkg/lib/python3.12/site-packages:${PYTHONPATH} /usr/bin/python3 -W ignore:setup.py install is deprecated -W ignore:easy_install command is deprecated setup.py egg_info --egg-base ../../build/my_publisher_pkg build --build-base /home/robot/prueba_ws/build/my_publisher_pkg/build install --record /home/robot/prueba_ws/build/my_publisher_pkg/install.log --single-version-externally-managed install_data
[1.969s] DEBUG:colcon.colcon_core.event_handler.log_command:Invoked command in '/home/robot/prueba_ws/src/my_publisher_pkg' returned '0': DEBUGINFOD_URLS=https://debuginfod.ubuntu.com PYTHONPATH=/home/robot/prueba_ws/build/my_publisher_pkg/prefix_override:/usr/lib/python3/dist-packages/colcon_core/task/python/colcon_distutils_commands:/home/robot/prueba_ws/install/my_publisher_pkg/lib/python3.12/site-packages:${PYTHONPATH} /usr/bin/python3 -W ignore:setup.py install is deprecated -W ignore:easy_install command is deprecated setup.py egg_info --egg-base ../../build/my_publisher_pkg build --build-base /home/robot/prueba_ws/build/my_publisher_pkg/build install --record /home/robot/prueba_ws/build/my_publisher_pkg/install.log --single-version-externally-managed install_data
[1.971s] Level 1:colcon.colcon_core.environment:checking '/home/robot/prueba_ws/install/my_publisher_pkg' for CMake module files
[1.971s] Level 1:colcon.colcon_core.environment:checking '/home/robot/prueba_ws/install/my_publisher_pkg' for CMake config files
[1.972s] Level 1:colcon.colcon_core.environment:checking '/home/robot/prueba_ws/install/my_publisher_pkg/lib'
[1.972s] Level 1:colcon.colcon_core.environment:checking '/home/robot/prueba_ws/install/my_publisher_pkg/bin'
[1.972s] Level 1:colcon.colcon_core.environment:checking '/home/robot/prueba_ws/install/my_publisher_pkg/lib/pkgconfig/my_publisher_pkg.pc'
[1.973s] Level 1:colcon.colcon_core.environment:checking '/home/robot/prueba_ws/install/my_publisher_pkg/lib/python3.12/site-packages'
[1.973s] Level 1:colcon.colcon_core.shell:create_environment_hook('my_publisher_pkg', 'pythonpath')
[1.973s] INFO:colcon.colcon_core.shell:Creating environment descriptor '/home/robot/prueba_ws/install/my_publisher_pkg/share/my_publisher_pkg/hook/pythonpath.dsv'
[1.974s] INFO:colcon.colcon_core.shell:Creating environment hook '/home/robot/prueba_ws/install/my_publisher_pkg/share/my_publisher_pkg/hook/pythonpath.sh'
[1.974s] Level 1:colcon.colcon_core.environment:checking '/home/robot/prueba_ws/install/my_publisher_pkg/bin'
[1.974s] Level 1:colcon.colcon_core.environment:create_environment_scripts_only(my_publisher_pkg)
[1.974s] INFO:colcon.colcon_core.shell:Creating package descriptor '/home/robot/prueba_ws/install/my_publisher_pkg/share/my_publisher_pkg/package.dsv'
[2.009s] INFO:colcon.colcon_core.shell:Creating package script '/home/robot/prueba_ws/install/my_publisher_pkg/share/my_publisher_pkg/package.sh'
[2.012s] INFO:colcon.colcon_core.shell:Creating package script '/home/robot/prueba_ws/install/my_publisher_pkg/share/my_publisher_pkg/package.bash'
[2.014s] INFO:colcon.colcon_core.shell:Creating package script '/home/robot/prueba_ws/install/my_publisher_pkg/share/my_publisher_pkg/package.zsh'
[2.017s] Level 1:colcon.colcon_core.environment:create_file_with_runtime_dependencies(/home/robot/prueba_ws/install/my_publisher_pkg/share/colcon-core/packages/my_publisher_pkg)
[2.019s] DEBUG:colcon.colcon_parallel_executor.executor.parallel:closing loop
[2.020s] DEBUG:colcon.colcon_parallel_executor.executor.parallel:loop closed
[2.020s] DEBUG:colcon.colcon_parallel_executor.executor.parallel:run_until_complete finished with '0'
[2.020s] DEBUG:colcon.colcon_core.event_reactor:joining thread
[2.038s] INFO:colcon.colcon_core.plugin_system:Skipping extension 'colcon_notification.desktop_notification.terminal_notifier': Not used on non-Darwin systems
[2.039s] INFO:colcon.colcon_core.plugin_system:Skipping extension 'colcon_notification.desktop_notification.win32': Not used on non-Windows systems
[2.039s] INFO:colcon.colcon_notification.desktop_notification:Sending desktop notification using 'notify2'
[2.075s] DEBUG:colcon.colcon_core.event_reactor:joined thread
[2.075s] INFO:colcon.colcon_core.shell:Creating prefix script '/home/robot/prueba_ws/install/local_setup.sh'
[2.076s] INFO:colcon.colcon_core.shell:Creating prefix util module '/home/robot/prueba_ws/install/_local_setup_util_sh.py'
[2.078s] INFO:colcon.colcon_core.shell:Creating prefix chain script '/home/robot/prueba_ws/install/setup.sh'
[2.080s] INFO:colcon.colcon_core.shell:Creating prefix script '/home/robot/prueba_ws/install/local_setup.bash'
[2.081s] INFO:colcon.colcon_core.shell:Creating prefix chain script '/home/robot/prueba_ws/install/setup.bash'
[2.082s] INFO:colcon.colcon_core.shell:Creating prefix script '/home/robot/prueba_ws/install/local_setup.zsh'
[2.083s] INFO:colcon.colcon_core.shell:Creating prefix chain script '/home/robot/prueba_ws/install/setup.zsh'
