[2.453s] Invoking command in '/home/robot/ros2_ws/src/nmea_navsat_driver-ros2': DEBUGINFOD_URLS=https://debuginfod.ubuntu.com PYTHONPATH=/home/robot/ros2_ws/build/nmea_navsat_driver/prefix_override:/usr/lib/python3/dist-packages/colcon_core/task/python/colcon_distutils_commands:/home/robot/ros2_ws/install/nmea_navsat_driver/lib/python3.12/site-packages:${PYTHONPATH} /usr/bin/python3 -W ignore:setup.py install is deprecated -W ignore:easy_install command is deprecated setup.py egg_info --egg-base ../../build/nmea_navsat_driver build --build-base /home/robot/ros2_ws/build/nmea_navsat_driver/build install --record /home/robot/ros2_ws/build/nmea_navsat_driver/install.log --single-version-externally-managed install_data
[3.096s] running egg_info
[3.143s] writing ../../build/nmea_navsat_driver/nmea_navsat_driver.egg-info/PKG-INFO
[3.145s] writing dependency_links to ../../build/nmea_navsat_driver/nmea_navsat_driver.egg-info/dependency_links.txt
[3.145s] writing entry points to ../../build/nmea_navsat_driver/nmea_navsat_driver.egg-info/entry_points.txt
[3.145s] writing requirements to ../../build/nmea_navsat_driver/nmea_navsat_driver.egg-info/requires.txt
[3.145s] writing top-level names to ../../build/nmea_navsat_driver/nmea_navsat_driver.egg-info/top_level.txt
[3.247s] reading manifest file '../../build/nmea_navsat_driver/nmea_navsat_driver.egg-info/SOURCES.txt'
[3.249s] writing manifest file '../../build/nmea_navsat_driver/nmea_navsat_driver.egg-info/SOURCES.txt'
[3.249s] running build
[3.249s] running build_py
[3.252s] running install
[3.268s] running install_lib
[3.322s] running install_data
[3.323s] running install_egg_info
[3.374s] removing '/home/robot/ros2_ws/install/nmea_navsat_driver/lib/python3.12/site-packages/nmea_navsat_driver-2.0.1-py3.12.egg-info' (and everything under it)
[3.376s] Copying ../../build/nmea_navsat_driver/nmea_navsat_driver.egg-info to /home/robot/ros2_ws/install/nmea_navsat_driver/lib/python3.12/site-packages/nmea_navsat_driver-2.0.1-py3.12.egg-info
[3.379s] running install_scripts
[3.695s] Installing nmea_serial_driver script to /home/robot/ros2_ws/install/nmea_navsat_driver/lib/nmea_navsat_driver
[3.695s] Installing nmea_socket_driver script to /home/robot/ros2_ws/install/nmea_navsat_driver/lib/nmea_navsat_driver
[3.695s] Installing nmea_tcpclient_driver script to /home/robot/ros2_ws/install/nmea_navsat_driver/lib/nmea_navsat_driver
[3.696s] Installing nmea_topic_driver script to /home/robot/ros2_ws/install/nmea_navsat_driver/lib/nmea_navsat_driver
[3.699s] Installing nmea_topic_serial_reader script to /home/robot/ros2_ws/install/nmea_navsat_driver/lib/nmea_navsat_driver
[3.699s] writing list of installed files to '/home/robot/ros2_ws/build/nmea_navsat_driver/install.log'
[3.785s] Invoked command in '/home/robot/ros2_ws/src/nmea_navsat_driver-ros2' returned '0': DEBUGINFOD_URLS=https://debuginfod.ubuntu.com PYTHONPATH=/home/robot/ros2_ws/build/nmea_navsat_driver/prefix_override:/usr/lib/python3/dist-packages/colcon_core/task/python/colcon_distutils_commands:/home/robot/ros2_ws/install/nmea_navsat_driver/lib/python3.12/site-packages:${PYTHONPATH} /usr/bin/python3 -W ignore:setup.py install is deprecated -W ignore:easy_install command is deprecated setup.py egg_info --egg-base ../../build/nmea_navsat_driver build --build-base /home/robot/ros2_ws/build/nmea_navsat_driver/build install --record /home/robot/ros2_ws/build/nmea_navsat_driver/install.log --single-version-externally-managed install_data
