[2.881s] Invoking command in '/home/robot/ros2_ws/src/paquete': DEBUGINFOD_URLS=https://debuginfod.ubuntu.com PYTHONPATH=/home/robot/ros2_ws/build/paquete/prefix_override:/usr/lib/python3/dist-packages/colcon_core/task/python/colcon_distutils_commands:/home/robot/ros2_ws/install/paquete/lib/python3.12/site-packages:${PYTHONPATH} /usr/bin/python3 -W ignore:setup.py install is deprecated -W ignore:easy_install command is deprecated setup.py egg_info --egg-base ../../build/paquete build --build-base /home/robot/ros2_ws/build/paquete/build install --record /home/robot/ros2_ws/build/paquete/install.log --single-version-externally-managed install_data
[3.713s] running egg_info
[3.772s] writing ../../build/paquete/paquete.egg-info/PKG-INFO
[3.775s] writing dependency_links to ../../build/paquete/paquete.egg-info/dependency_links.txt
[3.776s] writing entry points to ../../build/paquete/paquete.egg-info/entry_points.txt
[3.776s] writing requirements to ../../build/paquete/paquete.egg-info/requires.txt
[3.777s] writing top-level names to ../../build/paquete/paquete.egg-info/top_level.txt
[3.894s] reading manifest file '../../build/paquete/paquete.egg-info/SOURCES.txt'
[3.929s] adding license file 'LICENSE'
[3.936s] writing manifest file '../../build/paquete/paquete.egg-info/SOURCES.txt'
[3.938s] running build
[3.938s] running build_py
[3.940s] copying paquete/comunicacionROS.py -> /home/robot/ros2_ws/build/paquete/build/lib/paquete
[3.941s] running install
[3.958s] running install_lib
[4.015s] copying /home/robot/ros2_ws/build/paquete/build/lib/paquete/comunicacionROS.py -> /home/robot/ros2_ws/install/paquete/lib/python3.12/site-packages/paquete
[4.017s] byte-compiling /home/robot/ros2_ws/install/paquete/lib/python3.12/site-packages/paquete/comunicacionROS.py to comunicacionROS.cpython-312.pyc
[4.030s] running install_data
[4.031s] running install_egg_info
[4.090s] removing '/home/robot/ros2_ws/install/paquete/lib/python3.12/site-packages/paquete-0.0.0-py3.12.egg-info' (and everything under it)
[4.091s] Copying ../../build/paquete/paquete.egg-info to /home/robot/ros2_ws/install/paquete/lib/python3.12/site-packages/paquete-0.0.0-py3.12.egg-info
[4.094s] running install_scripts
[4.484s] Installing comunicacionROS script to /home/robot/ros2_ws/install/paquete/lib/paquete
[4.485s] Installing nodoSimple script to /home/robot/ros2_ws/install/paquete/lib/paquete
[4.485s] writing list of installed files to '/home/robot/ros2_ws/build/paquete/install.log'
[4.605s] Invoked command in '/home/robot/ros2_ws/src/paquete' returned '0': DEBUGINFOD_URLS=https://debuginfod.ubuntu.com PYTHONPATH=/home/robot/ros2_ws/build/paquete/prefix_override:/usr/lib/python3/dist-packages/colcon_core/task/python/colcon_distutils_commands:/home/robot/ros2_ws/install/paquete/lib/python3.12/site-packages:${PYTHONPATH} /usr/bin/python3 -W ignore:setup.py install is deprecated -W ignore:easy_install command is deprecated setup.py egg_info --egg-base ../../build/paquete build --build-base /home/robot/ros2_ws/build/paquete/build install --record /home/robot/ros2_ws/build/paquete/install.log --single-version-externally-managed install_data
