[1.914s] Invoking command in '/home/robot/ros2_ws/src/serial_robot': DEBUGINFOD_URLS=https://debuginfod.ubuntu.com PYTHONPATH=/home/robot/ros2_ws/build/serial_robot/prefix_override:/usr/lib/python3/dist-packages/colcon_core/task/python/colcon_distutils_commands:/home/robot/ros2_ws/install/serial_robot/lib/python3.12/site-packages:${PYTHONPATH} /usr/bin/python3 -W ignore:setup.py install is deprecated -W ignore:easy_install command is deprecated setup.py egg_info --egg-base ../../build/serial_robot build --build-base /home/robot/ros2_ws/build/serial_robot/build install --record /home/robot/ros2_ws/build/serial_robot/install.log --single-version-externally-managed install_data
[2.367s] running egg_info
[2.413s] writing ../../build/serial_robot/serial_robot.egg-info/PKG-INFO
[2.413s] writing dependency_links to ../../build/serial_robot/serial_robot.egg-info/dependency_links.txt
[2.414s] writing entry points to ../../build/serial_robot/serial_robot.egg-info/entry_points.txt
[2.414s] writing requirements to ../../build/serial_robot/serial_robot.egg-info/requires.txt
[2.416s] writing top-level names to ../../build/serial_robot/serial_robot.egg-info/top_level.txt
[2.469s] reading manifest file '../../build/serial_robot/serial_robot.egg-info/SOURCES.txt'
[2.470s] adding license file 'LICENSE'
[2.470s] writing manifest file '../../build/serial_robot/serial_robot.egg-info/SOURCES.txt'
[2.471s] running build
[2.471s] running build_py
[2.471s] copying serial_robot/communication_serial.py -> /home/robot/ros2_ws/build/serial_robot/build/lib/serial_robot
[2.472s] running install
[2.480s] running install_lib
[2.516s] copying /home/robot/ros2_ws/build/serial_robot/build/lib/serial_robot/communication_serial.py -> /home/robot/ros2_ws/install/serial_robot/lib/python3.12/site-packages/serial_robot
[2.518s] byte-compiling /home/robot/ros2_ws/install/serial_robot/lib/python3.12/site-packages/serial_robot/communication_serial.py to communication_serial.cpython-312.pyc
[2.526s] running install_data
[2.527s] running install_egg_info
[2.553s] removing '/home/robot/ros2_ws/install/serial_robot/lib/python3.12/site-packages/serial_robot-0.0.0-py3.12.egg-info' (and everything under it)
[2.553s] Copying ../../build/serial_robot/serial_robot.egg-info to /home/robot/ros2_ws/install/serial_robot/lib/python3.12/site-packages/serial_robot-0.0.0-py3.12.egg-info
[2.554s] running install_scripts
[2.739s] Installing serial_communication script to /home/robot/ros2_ws/install/serial_robot/lib/serial_robot
[2.739s] writing list of installed files to '/home/robot/ros2_ws/build/serial_robot/install.log'
[2.785s] Invoked command in '/home/robot/ros2_ws/src/serial_robot' returned '0': DEBUGINFOD_URLS=https://debuginfod.ubuntu.com PYTHONPATH=/home/robot/ros2_ws/build/serial_robot/prefix_override:/usr/lib/python3/dist-packages/colcon_core/task/python/colcon_distutils_commands:/home/robot/ros2_ws/install/serial_robot/lib/python3.12/site-packages:${PYTHONPATH} /usr/bin/python3 -W ignore:setup.py install is deprecated -W ignore:easy_install command is deprecated setup.py egg_info --egg-base ../../build/serial_robot build --build-base /home/robot/ros2_ws/build/serial_robot/build install --record /home/robot/ros2_ws/build/serial_robot/install.log --single-version-externally-managed install_data
