[2.625s] Invoking command in '/home/robot/ros2_ws/src/serial_robot': DEBUGINFOD_URLS=https://debuginfod.ubuntu.com PYTHONPATH=/home/robot/ros2_ws/build/serial_robot/prefix_override:/usr/lib/python3/dist-packages/colcon_core/task/python/colcon_distutils_commands:/home/robot/ros2_ws/install/serial_robot/lib/python3.12/site-packages:${PYTHONPATH} /usr/bin/python3 -W ignore:setup.py install is deprecated -W ignore:easy_install command is deprecated setup.py egg_info --egg-base ../../build/serial_robot build --build-base /home/robot/ros2_ws/build/serial_robot/build install --record /home/robot/ros2_ws/build/serial_robot/install.log --single-version-externally-managed install_data
[3.278s] running egg_info
[3.325s] writing ../../build/serial_robot/serial_robot.egg-info/PKG-INFO
[3.328s] writing dependency_links to ../../build/serial_robot/serial_robot.egg-info/dependency_links.txt
[3.328s] writing entry points to ../../build/serial_robot/serial_robot.egg-info/entry_points.txt
[3.329s] writing requirements to ../../build/serial_robot/serial_robot.egg-info/requires.txt
[3.329s] writing top-level names to ../../build/serial_robot/serial_robot.egg-info/top_level.txt
[3.426s] reading manifest file '../../build/serial_robot/serial_robot.egg-info/SOURCES.txt'
[3.426s] adding license file 'LICENSE'
[3.428s] writing manifest file '../../build/serial_robot/serial_robot.egg-info/SOURCES.txt'
[3.428s] running build
[3.428s] running build_py
[3.429s] running install
[3.445s] running install_lib
[3.493s] running install_data
[3.493s] running install_egg_info
[3.547s] removing '/home/robot/ros2_ws/install/serial_robot/lib/python3.12/site-packages/serial_robot-0.0.0-py3.12.egg-info' (and everything under it)
[3.547s] Copying ../../build/serial_robot/serial_robot.egg-info to /home/robot/ros2_ws/install/serial_robot/lib/python3.12/site-packages/serial_robot-0.0.0-py3.12.egg-info
[3.549s] running install_scripts
[3.878s] Installing serial_communication script to /home/robot/ros2_ws/install/serial_robot/lib/serial_robot
[3.879s] writing list of installed files to '/home/robot/ros2_ws/build/serial_robot/install.log'
[3.955s] Invoked command in '/home/robot/ros2_ws/src/serial_robot' returned '0': DEBUGINFOD_URLS=https://debuginfod.ubuntu.com PYTHONPATH=/home/robot/ros2_ws/build/serial_robot/prefix_override:/usr/lib/python3/dist-packages/colcon_core/task/python/colcon_distutils_commands:/home/robot/ros2_ws/install/serial_robot/lib/python3.12/site-packages:${PYTHONPATH} /usr/bin/python3 -W ignore:setup.py install is deprecated -W ignore:easy_install command is deprecated setup.py egg_info --egg-base ../../build/serial_robot build --build-base /home/robot/ros2_ws/build/serial_robot/build install --record /home/robot/ros2_ws/build/serial_robot/install.log --single-version-externally-managed install_data
