[2.082s] Invoking command in '/home/robot/ros2_ws/src/serial_robot': DEBUGINFOD_URLS=https://debuginfod.ubuntu.com PYTHONPATH=/home/robot/ros2_ws/build/serial_robot/prefix_override:/usr/lib/python3/dist-packages/colcon_core/task/python/colcon_distutils_commands:/home/robot/ros2_ws/install/serial_robot/lib/python3.12/site-packages:${PYTHONPATH} /usr/bin/python3 -W ignore:setup.py install is deprecated -W ignore:easy_install command is deprecated setup.py egg_info --egg-base ../../build/serial_robot build --build-base /home/robot/ros2_ws/build/serial_robot/build install --record /home/robot/ros2_ws/build/serial_robot/install.log --single-version-externally-managed install_data
[2.594s] running egg_info
[2.632s] writing ../../build/serial_robot/serial_robot.egg-info/PKG-INFO
[2.633s] writing dependency_links to ../../build/serial_robot/serial_robot.egg-info/dependency_links.txt
[2.633s] writing entry points to ../../build/serial_robot/serial_robot.egg-info/entry_points.txt
[2.634s] writing requirements to ../../build/serial_robot/serial_robot.egg-info/requires.txt
[2.634s] writing top-level names to ../../build/serial_robot/serial_robot.egg-info/top_level.txt
[2.710s] reading manifest file '../../build/serial_robot/serial_robot.egg-info/SOURCES.txt'
[2.710s] adding license file 'LICENSE'
[2.711s] writing manifest file '../../build/serial_robot/serial_robot.egg-info/SOURCES.txt'
[2.711s] running build
[2.711s] running build_py
[2.712s] running install
[2.722s] running install_lib
[2.753s] running install_data
[2.753s] running install_egg_info
[2.788s] removing '/home/robot/ros2_ws/install/serial_robot/lib/python3.12/site-packages/serial_robot-0.0.0-py3.12.egg-info' (and everything under it)
[2.789s] Copying ../../build/serial_robot/serial_robot.egg-info to /home/robot/ros2_ws/install/serial_robot/lib/python3.12/site-packages/serial_robot-0.0.0-py3.12.egg-info
[2.790s] running install_scripts
[3.035s] Installing serial_communication script to /home/robot/ros2_ws/install/serial_robot/lib/serial_robot
[3.036s] writing list of installed files to '/home/robot/ros2_ws/build/serial_robot/install.log'
[3.104s] Invoked command in '/home/robot/ros2_ws/src/serial_robot' returned '0': DEBUGINFOD_URLS=https://debuginfod.ubuntu.com PYTHONPATH=/home/robot/ros2_ws/build/serial_robot/prefix_override:/usr/lib/python3/dist-packages/colcon_core/task/python/colcon_distutils_commands:/home/robot/ros2_ws/install/serial_robot/lib/python3.12/site-packages:${PYTHONPATH} /usr/bin/python3 -W ignore:setup.py install is deprecated -W ignore:easy_install command is deprecated setup.py egg_info --egg-base ../../build/serial_robot build --build-base /home/robot/ros2_ws/build/serial_robot/build install --record /home/robot/ros2_ws/build/serial_robot/install.log --single-version-externally-managed install_data
