[2.975s] Invoking command in '/home/robot/ros2_ws/src/nmea_navsat_driver-ros2': DEBUGINFOD_URLS=https://debuginfod.ubuntu.com PYTHONPATH=/home/robot/ros2_ws/build/nmea_navsat_driver/prefix_override:/usr/lib/python3/dist-packages/colcon_core/task/python/colcon_distutils_commands:/home/robot/ros2_ws/install/nmea_navsat_driver/lib/python3.12/site-packages:${PYTHONPATH} /usr/bin/python3 -W ignore:setup.py install is deprecated -W ignore:easy_install command is deprecated setup.py egg_info --egg-base ../../build/nmea_navsat_driver build --build-base /home/robot/ros2_ws/build/nmea_navsat_driver/build install --record /home/robot/ros2_ws/build/nmea_navsat_driver/install.log --single-version-externally-managed install_data
[3.777s] running egg_info
[3.777s] creating ../../build/nmea_navsat_driver/nmea_navsat_driver.egg-info
[3.846s] writing ../../build/nmea_navsat_driver/nmea_navsat_driver.egg-info/PKG-INFO
[3.846s] writing dependency_links to ../../build/nmea_navsat_driver/nmea_navsat_driver.egg-info/dependency_links.txt
[3.847s] writing entry points to ../../build/nmea_navsat_driver/nmea_navsat_driver.egg-info/entry_points.txt
[3.847s] writing requirements to ../../build/nmea_navsat_driver/nmea_navsat_driver.egg-info/requires.txt
[3.848s] writing top-level names to ../../build/nmea_navsat_driver/nmea_navsat_driver.egg-info/top_level.txt
[3.850s] writing manifest file '../../build/nmea_navsat_driver/nmea_navsat_driver.egg-info/SOURCES.txt'
[3.952s] reading manifest file '../../build/nmea_navsat_driver/nmea_navsat_driver.egg-info/SOURCES.txt'
[3.954s] writing manifest file '../../build/nmea_navsat_driver/nmea_navsat_driver.egg-info/SOURCES.txt'
[3.954s] running build
[3.956s] running build_py
[3.957s] creating /home/robot/ros2_ws/build/nmea_navsat_driver/build
[3.957s] creating /home/robot/ros2_ws/build/nmea_navsat_driver/build/lib
[3.960s] creating /home/robot/ros2_ws/build/nmea_navsat_driver/build/lib/libnmea_navsat_driver
[3.960s] copying src/libnmea_navsat_driver/driver.py -> /home/robot/ros2_ws/build/nmea_navsat_driver/build/lib/libnmea_navsat_driver
[3.961s] copying src/libnmea_navsat_driver/parser.py -> /home/robot/ros2_ws/build/nmea_navsat_driver/build/lib/libnmea_navsat_driver
[3.961s] copying src/libnmea_navsat_driver/checksum_utils.py -> /home/robot/ros2_ws/build/nmea_navsat_driver/build/lib/libnmea_navsat_driver
[3.961s] copying src/libnmea_navsat_driver/__init__.py -> /home/robot/ros2_ws/build/nmea_navsat_driver/build/lib/libnmea_navsat_driver
[3.961s] creating /home/robot/ros2_ws/build/nmea_navsat_driver/build/lib/libnmea_navsat_driver/nodes
[3.962s] copying src/libnmea_navsat_driver/nodes/nmea_socket_driver.py -> /home/robot/ros2_ws/build/nmea_navsat_driver/build/lib/libnmea_navsat_driver/nodes
[3.962s] copying src/libnmea_navsat_driver/nodes/nmea_topic_serial_reader.py -> /home/robot/ros2_ws/build/nmea_navsat_driver/build/lib/libnmea_navsat_driver/nodes
[3.962s] copying src/libnmea_navsat_driver/nodes/nmea_serial_driver.py -> /home/robot/ros2_ws/build/nmea_navsat_driver/build/lib/libnmea_navsat_driver/nodes
[3.962s] copying src/libnmea_navsat_driver/nodes/nmea_tcpclient_driver.py -> /home/robot/ros2_ws/build/nmea_navsat_driver/build/lib/libnmea_navsat_driver/nodes
[3.962s] copying src/libnmea_navsat_driver/nodes/nmea_topic_driver.py -> /home/robot/ros2_ws/build/nmea_navsat_driver/build/lib/libnmea_navsat_driver/nodes
[3.963s] copying src/libnmea_navsat_driver/nodes/__init__.py -> /home/robot/ros2_ws/build/nmea_navsat_driver/build/lib/libnmea_navsat_driver/nodes
[3.963s] running install
[3.981s] running install_lib
[4.041s] creating /home/robot/ros2_ws/install/nmea_navsat_driver/lib/python3.12/site-packages/libnmea_navsat_driver
[4.041s] creating /home/robot/ros2_ws/install/nmea_navsat_driver/lib/python3.12/site-packages/libnmea_navsat_driver/nodes
[4.041s] copying /home/robot/ros2_ws/build/nmea_navsat_driver/build/lib/libnmea_navsat_driver/nodes/nmea_socket_driver.py -> /home/robot/ros2_ws/install/nmea_navsat_driver/lib/python3.12/site-packages/libnmea_navsat_driver/nodes
[4.043s] copying /home/robot/ros2_ws/build/nmea_navsat_driver/build/lib/libnmea_navsat_driver/nodes/nmea_topic_serial_reader.py -> /home/robot/ros2_ws/install/nmea_navsat_driver/lib/python3.12/site-packages/libnmea_navsat_driver/nodes
[4.043s] copying /home/robot/ros2_ws/build/nmea_navsat_driver/build/lib/libnmea_navsat_driver/nodes/nmea_serial_driver.py -> /home/robot/ros2_ws/install/nmea_navsat_driver/lib/python3.12/site-packages/libnmea_navsat_driver/nodes
[4.044s] copying /home/robot/ros2_ws/build/nmea_navsat_driver/build/lib/libnmea_navsat_driver/nodes/nmea_tcpclient_driver.py -> /home/robot/ros2_ws/install/nmea_navsat_driver/lib/python3.12/site-packages/libnmea_navsat_driver/nodes
[4.044s] copying /home/robot/ros2_ws/build/nmea_navsat_driver/build/lib/libnmea_navsat_driver/nodes/nmea_topic_driver.py -> /home/robot/ros2_ws/install/nmea_navsat_driver/lib/python3.12/site-packages/libnmea_navsat_driver/nodes
[4.044s] copying /home/robot/ros2_ws/build/nmea_navsat_driver/build/lib/libnmea_navsat_driver/nodes/__init__.py -> /home/robot/ros2_ws/install/nmea_navsat_driver/lib/python3.12/site-packages/libnmea_navsat_driver/nodes
[4.044s] copying /home/robot/ros2_ws/build/nmea_navsat_driver/build/lib/libnmea_navsat_driver/driver.py -> /home/robot/ros2_ws/install/nmea_navsat_driver/lib/python3.12/site-packages/libnmea_navsat_driver
[4.044s] copying /home/robot/ros2_ws/build/nmea_navsat_driver/build/lib/libnmea_navsat_driver/parser.py -> /home/robot/ros2_ws/install/nmea_navsat_driver/lib/python3.12/site-packages/libnmea_navsat_driver
[4.045s] copying /home/robot/ros2_ws/build/nmea_navsat_driver/build/lib/libnmea_navsat_driver/checksum_utils.py -> /home/robot/ros2_ws/install/nmea_navsat_driver/lib/python3.12/site-packages/libnmea_navsat_driver
[4.045s] copying /home/robot/ros2_ws/build/nmea_navsat_driver/build/lib/libnmea_navsat_driver/__init__.py -> /home/robot/ros2_ws/install/nmea_navsat_driver/lib/python3.12/site-packages/libnmea_navsat_driver
[4.045s] byte-compiling /home/robot/ros2_ws/install/nmea_navsat_driver/lib/python3.12/site-packages/libnmea_navsat_driver/nodes/nmea_socket_driver.py to nmea_socket_driver.cpython-312.pyc
[4.046s] byte-compiling /home/robot/ros2_ws/install/nmea_navsat_driver/lib/python3.12/site-packages/libnmea_navsat_driver/nodes/nmea_topic_serial_reader.py to nmea_topic_serial_reader.cpython-312.pyc
[4.047s] byte-compiling /home/robot/ros2_ws/install/nmea_navsat_driver/lib/python3.12/site-packages/libnmea_navsat_driver/nodes/nmea_serial_driver.py to nmea_serial_driver.cpython-312.pyc
[4.048s] byte-compiling /home/robot/ros2_ws/install/nmea_navsat_driver/lib/python3.12/site-packages/libnmea_navsat_driver/nodes/nmea_tcpclient_driver.py to nmea_tcpclient_driver.cpython-312.pyc
[4.049s] byte-compiling /home/robot/ros2_ws/install/nmea_navsat_driver/lib/python3.12/site-packages/libnmea_navsat_driver/nodes/nmea_topic_driver.py to nmea_topic_driver.cpython-312.pyc
[4.052s] byte-compiling /home/robot/ros2_ws/install/nmea_navsat_driver/lib/python3.12/site-packages/libnmea_navsat_driver/nodes/__init__.py to __init__.cpython-312.pyc
[4.052s] byte-compiling /home/robot/ros2_ws/install/nmea_navsat_driver/lib/python3.12/site-packages/libnmea_navsat_driver/driver.py to driver.cpython-312.pyc
[4.055s] byte-compiling /home/robot/ros2_ws/install/nmea_navsat_driver/lib/python3.12/site-packages/libnmea_navsat_driver/parser.py to parser.cpython-312.pyc
[4.058s] byte-compiling /home/robot/ros2_ws/install/nmea_navsat_driver/lib/python3.12/site-packages/libnmea_navsat_driver/checksum_utils.py to checksum_utils.cpython-312.pyc
[4.059s] byte-compiling /home/robot/ros2_ws/install/nmea_navsat_driver/lib/python3.12/site-packages/libnmea_navsat_driver/__init__.py to __init__.cpython-312.pyc
[4.059s] running install_data
[4.059s] creating /home/robot/ros2_ws/install/nmea_navsat_driver/share/ament_index
[4.060s] creating /home/robot/ros2_ws/install/nmea_navsat_driver/share/ament_index/resource_index
[4.062s] creating /home/robot/ros2_ws/install/nmea_navsat_driver/share/ament_index/resource_index/packages
[4.062s] copying resource/nmea_navsat_driver -> /home/robot/ros2_ws/install/nmea_navsat_driver/share/ament_index/resource_index/packages
[4.062s] copying package.xml -> /home/robot/ros2_ws/install/nmea_navsat_driver/share/nmea_navsat_driver
[4.062s] creating /home/robot/ros2_ws/install/nmea_navsat_driver/share/nmea_navsat_driver/launch
[4.063s] copying launch/nmea_socket_driver.launch.py -> /home/robot/ros2_ws/install/nmea_navsat_driver/share/nmea_navsat_driver/launch
[4.063s] copying launch/nmea_tcpclient_driver.launch.py -> /home/robot/ros2_ws/install/nmea_navsat_driver/share/nmea_navsat_driver/launch
[4.063s] copying launch/nmea_serial_driver.launch.py -> /home/robot/ros2_ws/install/nmea_navsat_driver/share/nmea_navsat_driver/launch
[4.063s] creating /home/robot/ros2_ws/install/nmea_navsat_driver/share/nmea_navsat_driver/config
[4.063s] copying config/nmea_tcpclient_driver.yaml -> /home/robot/ros2_ws/install/nmea_navsat_driver/share/nmea_navsat_driver/config
[4.064s] copying config/nmea_socket_driver.yaml -> /home/robot/ros2_ws/install/nmea_navsat_driver/share/nmea_navsat_driver/config
[4.064s] copying config/nmea_serial_driver.yaml -> /home/robot/ros2_ws/install/nmea_navsat_driver/share/nmea_navsat_driver/config
[4.064s] running install_egg_info
[4.110s] Copying ../../build/nmea_navsat_driver/nmea_navsat_driver.egg-info to /home/robot/ros2_ws/install/nmea_navsat_driver/lib/python3.12/site-packages/nmea_navsat_driver-2.0.1-py3.12.egg-info
[4.114s] running install_scripts
[4.451s] Installing nmea_serial_driver script to /home/robot/ros2_ws/install/nmea_navsat_driver/lib/nmea_navsat_driver
[4.451s] Installing nmea_socket_driver script to /home/robot/ros2_ws/install/nmea_navsat_driver/lib/nmea_navsat_driver
[4.452s] Installing nmea_tcpclient_driver script to /home/robot/ros2_ws/install/nmea_navsat_driver/lib/nmea_navsat_driver
[4.452s] Installing nmea_topic_driver script to /home/robot/ros2_ws/install/nmea_navsat_driver/lib/nmea_navsat_driver
[4.452s] Installing nmea_topic_serial_reader script to /home/robot/ros2_ws/install/nmea_navsat_driver/lib/nmea_navsat_driver
[4.453s] writing list of installed files to '/home/robot/ros2_ws/build/nmea_navsat_driver/install.log'
[4.547s] Invoked command in '/home/robot/ros2_ws/src/nmea_navsat_driver-ros2' returned '0': DEBUGINFOD_URLS=https://debuginfod.ubuntu.com PYTHONPATH=/home/robot/ros2_ws/build/nmea_navsat_driver/prefix_override:/usr/lib/python3/dist-packages/colcon_core/task/python/colcon_distutils_commands:/home/robot/ros2_ws/install/nmea_navsat_driver/lib/python3.12/site-packages:${PYTHONPATH} /usr/bin/python3 -W ignore:setup.py install is deprecated -W ignore:easy_install command is deprecated setup.py egg_info --egg-base ../../build/nmea_navsat_driver build --build-base /home/robot/ros2_ws/build/nmea_navsat_driver/build install --record /home/robot/ros2_ws/build/nmea_navsat_driver/install.log --single-version-externally-managed install_data
