[3.649s] Invoking command in '/home/robot/ros2_ws/src/serial_robot': DEBUGINFOD_URLS=https://debuginfod.ubuntu.com PYTHONPATH=/home/robot/ros2_ws/build/serial_robot/prefix_override:/usr/lib/python3/dist-packages/colcon_core/task/python/colcon_distutils_commands:/home/robot/ros2_ws/install/serial_robot/lib/python3.12/site-packages:${PYTHONPATH} /usr/bin/python3 -W ignore:setup.py install is deprecated -W ignore:easy_install command is deprecated setup.py egg_info --egg-base ../../build/serial_robot build --build-base /home/robot/ros2_ws/build/serial_robot/build install --record /home/robot/ros2_ws/build/serial_robot/install.log --single-version-externally-managed install_data
[4.569s] running egg_info
[4.643s] writing ../../build/serial_robot/serial_robot.egg-info/PKG-INFO
[4.647s] writing dependency_links to ../../build/serial_robot/serial_robot.egg-info/dependency_links.txt
[4.648s] writing entry points to ../../build/serial_robot/serial_robot.egg-info/entry_points.txt
[4.648s] writing requirements to ../../build/serial_robot/serial_robot.egg-info/requires.txt
[4.648s] writing top-level names to ../../build/serial_robot/serial_robot.egg-info/top_level.txt
[4.798s] reading manifest file '../../build/serial_robot/serial_robot.egg-info/SOURCES.txt'
[4.799s] adding license file 'LICENSE'
[4.804s] writing manifest file '../../build/serial_robot/serial_robot.egg-info/SOURCES.txt'
[4.804s] running build
[4.805s] running build_py
[4.805s] running install
[4.828s] running install_lib
[4.920s] running install_data
[4.921s] running install_egg_info
[5.036s] removing '/home/robot/ros2_ws/install/serial_robot/lib/python3.12/site-packages/serial_robot-0.0.0-py3.12.egg-info' (and everything under it)
[5.037s] Copying ../../build/serial_robot/serial_robot.egg-info to /home/robot/ros2_ws/install/serial_robot/lib/python3.12/site-packages/serial_robot-0.0.0-py3.12.egg-info
[5.041s] running install_scripts
[5.633s] Installing serial_communication script to /home/robot/ros2_ws/install/serial_robot/lib/serial_robot
[5.635s] writing list of installed files to '/home/robot/ros2_ws/build/serial_robot/install.log'
[5.768s] Invoked command in '/home/robot/ros2_ws/src/serial_robot' returned '0': DEBUGINFOD_URLS=https://debuginfod.ubuntu.com PYTHONPATH=/home/robot/ros2_ws/build/serial_robot/prefix_override:/usr/lib/python3/dist-packages/colcon_core/task/python/colcon_distutils_commands:/home/robot/ros2_ws/install/serial_robot/lib/python3.12/site-packages:${PYTHONPATH} /usr/bin/python3 -W ignore:setup.py install is deprecated -W ignore:easy_install command is deprecated setup.py egg_info --egg-base ../../build/serial_robot build --build-base /home/robot/ros2_ws/build/serial_robot/build install --record /home/robot/ros2_ws/build/serial_robot/install.log --single-version-externally-managed install_data
