[1.320s] Invoking command in '/home/robot/ros2_ws/src/paquete': DEBUGINFOD_URLS=https://debuginfod.ubuntu.com PYTHONPATH=/home/robot/ros2_ws/build/paquete/prefix_override:/usr/lib/python3/dist-packages/colcon_core/task/python/colcon_distutils_commands:/home/robot/ros2_ws/install/paquete/lib/python3.12/site-packages:${PYTHONPATH} /usr/bin/python3 -W ignore:setup.py install is deprecated -W ignore:easy_install command is deprecated setup.py egg_info --egg-base ../../build/paquete build --build-base /home/robot/ros2_ws/build/paquete/build install --record /home/robot/ros2_ws/build/paquete/install.log --single-version-externally-managed install_data
[1.667s] running egg_info
[1.693s] writing ../../build/paquete/paquete.egg-info/PKG-INFO
[1.693s] writing dependency_links to ../../build/paquete/paquete.egg-info/dependency_links.txt
[1.694s] writing entry points to ../../build/paquete/paquete.egg-info/entry_points.txt
[1.694s] writing requirements to ../../build/paquete/paquete.egg-info/requires.txt
[1.694s] writing top-level names to ../../build/paquete/paquete.egg-info/top_level.txt
[1.747s] reading manifest file '../../build/paquete/paquete.egg-info/SOURCES.txt'
[1.747s] adding license file 'LICENSE'
[1.748s] writing manifest file '../../build/paquete/paquete.egg-info/SOURCES.txt'
[1.748s] running build
[1.748s] running build_py
[1.748s] running install
[1.757s] running install_lib
[1.783s] byte-compiling /home/robot/ros2_ws/install/paquete/lib/python3.12/site-packages/paquete/comunicacionROS.py to comunicacionROS.cpython-312.pyc
[1.784s]   File "/home/robot/ros2_ws/install/paquete/lib/python3.12/site-packages/paquete/comunicacionROS.py", line 3
[1.784s]     pip install rclpy
[1.784s]         ^^^^^^^
[1.784s] SyntaxError: invalid syntax
[1.785s] 
[1.785s] running install_data
[1.785s] copying package.xml -> /home/robot/ros2_ws/install/paquete/share/paquete
[1.785s] running install_egg_info
[1.813s] removing '/home/robot/ros2_ws/install/paquete/lib/python3.12/site-packages/paquete-0.0.0-py3.12.egg-info' (and everything under it)
[1.814s] Copying ../../build/paquete/paquete.egg-info to /home/robot/ros2_ws/install/paquete/lib/python3.12/site-packages/paquete-0.0.0-py3.12.egg-info
[1.815s] running install_scripts
[1.985s] Installing comunicacionROS script to /home/robot/ros2_ws/install/paquete/lib/paquete
[1.985s] Installing nodoSimple script to /home/robot/ros2_ws/install/paquete/lib/paquete
[1.986s] writing list of installed files to '/home/robot/ros2_ws/build/paquete/install.log'
[2.059s] Invoked command in '/home/robot/ros2_ws/src/paquete' returned '0': DEBUGINFOD_URLS=https://debuginfod.ubuntu.com PYTHONPATH=/home/robot/ros2_ws/build/paquete/prefix_override:/usr/lib/python3/dist-packages/colcon_core/task/python/colcon_distutils_commands:/home/robot/ros2_ws/install/paquete/lib/python3.12/site-packages:${PYTHONPATH} /usr/bin/python3 -W ignore:setup.py install is deprecated -W ignore:easy_install command is deprecated setup.py egg_info --egg-base ../../build/paquete build --build-base /home/robot/ros2_ws/build/paquete/build install --record /home/robot/ros2_ws/build/paquete/install.log --single-version-externally-managed install_data
