[0.000000] (-) TimerEvent: {}
[0.000989] (paquete) JobQueued: {'identifier': 'paquete', 'dependencies': OrderedDict()}
[0.001061] (serial_robot) JobQueued: {'identifier': 'serial_robot', 'dependencies': OrderedDict()}
[0.001105] (paquete) JobStarted: {'identifier': 'paquete'}
[0.045076] (serial_robot) JobStarted: {'identifier': 'serial_robot'}
[0.099468] (-) TimerEvent: {}
[0.200033] (-) TimerEvent: {}
[0.300535] (-) TimerEvent: {}
[0.400993] (-) TimerEvent: {}
[0.501363] (-) TimerEvent: {}
[0.601668] (-) TimerEvent: {}
[0.702059] (-) TimerEvent: {}
[0.802524] (-) TimerEvent: {}
[0.902839] (-) TimerEvent: {}
[1.003195] (-) TimerEvent: {}
[1.103547] (-) TimerEvent: {}
[1.203878] (-) TimerEvent: {}
[1.304235] (-) TimerEvent: {}
[1.404616] (-) TimerEvent: {}
[1.453923] (serial_robot) StderrLine: {'line': b'Traceback (most recent call last):\n  File "/usr/lib/python3/dist-packages/colcon_core/executor/__init__.py", line 91, in __call__\n    rc = await self.task(*args, **kwargs)\n         ^^^^^^^^^^^^^^^^^^^^^^^^^^^^^^^^\n  File "/usr/lib/python3/dist-packages/colcon_core/task/__init__.py", line 93, in __call__\n    return await task_method(*args, **kwargs)\n           ^^^^^^^^^^^^^^^^^^^^^^^^^^^^^^^^^^\n  File "/usr/lib/python3/dist-packages/colcon_ros/task/ament_python/build.py", line 51, in build\n    setup_py_data = get_setup_data(self.context.pkg, env)\n                    ^^^^^^^^^^^^^^^^^^^^^^^^^^^^^^^^^^^^^\n  File "/usr/lib/python3/dist-packages/colcon_core/task/python/__init__.py", line 20, in get_setup_data\n    return dict(pkg.metadata[key](env))\n                ^^^^^^^^^^^^^^^^^^^^^^\n  File "/usr/lib/python3/dist-packages/colcon_ros/package_augmentation/ros_ament_python.py", line 57, in getter\n    return get_setup_information(\n           ^^^^^^^^^^^^^^^^^^^^^^\n  File "/usr/lib/python3/dist-packages/colcon_python_setup_py/package_identification/python_setup_py.py", line 249, in get_setup_information\n    _setup_information_cache[hashable_env] = _get_setup_information(\n                                             ^^^^^^^^^^^^^^^^^^^^^^^\n  File "/usr/lib/python3/dist-packages/colcon_python_setup_py/package_identification/python_setup_py.py", line 296, in _get_setup_information\n    result = subprocess.run(\n             ^^^^^^^^^^^^^^^\n  File "/usr/lib/python3.12/subprocess.py", line 571, in run\n    raise CalledProcessError(retcode, process.args,\nsubprocess.CalledProcessError: Command \'[\'/usr/bin/python3\', \'-c\', \'import sys;from contextlib import suppress;exec("with suppress(ImportError):    from setuptools.extern.packaging.specifiers    import SpecifierSet");exec("with suppress(ImportError):    from packaging.specifiers import SpecifierSet");from distutils.core import run_setup;dist = run_setup(    \\\'setup.py\\\', script_args=(\\\'--dry-run\\\',), stop_after=\\\'config\\\');skip_keys = (\\\'cmdclass\\\', \\\'distclass\\\', \\\'ext_modules\\\', \\\'metadata\\\');data = {    key: value for key, value in dist.__dict__.items()     if (        not key.startswith(\\\'_\\\') and         not callable(value) and         key not in skip_keys and         key not in dist.display_option_names    )};data[\\\'metadata\\\'] = {    k: v for k, v in dist.metadata.__dict__.items()     if k not in (\\\'license_files\\\', \\\'provides_extras\\\')};sys.stdout.buffer.write(repr(data).encode(\\\'utf-8\\\'))\']\' returned non-zero exit status 1.\n'}
[1.456559] (serial_robot) JobEnded: {'identifier': 'serial_robot', 'rc': 1}
[1.458406] (paquete) JobEnded: {'identifier': 'paquete', 'rc': 'SIGINT'}
[1.467694] (-) EventReactorShutdown: {}
