[0.265s] DEBUG:colcon:Command line arguments: ['/usr/bin/colcon', 'build']
[0.266s] DEBUG:colcon:Parsed command line arguments: Namespace(log_base=None, log_level=None, verb_name='build', build_base='build', install_base='install', merge_install=False, symlink_install=False, test_result_base=None, continue_on_error=False, executor='parallel', parallel_workers=4, event_handlers=None, ignore_user_meta=False, metas=['./colcon.meta'], base_paths=['.'], packages_ignore=None, packages_ignore_regex=None, paths=None, packages_up_to=None, packages_up_to_regex=None, packages_above=None, packages_above_and_dependencies=None, packages_above_depth=None, packages_select_by_dep=None, packages_skip_by_dep=None, packages_skip_up_to=None, packages_select_build_failed=False, packages_skip_build_finished=False, packages_select_test_failures=False, packages_skip_test_passed=False, packages_select=None, packages_skip=None, packages_select_regex=None, packages_skip_regex=None, packages_start=None, packages_end=None, cmake_args=None, cmake_target=None, cmake_target_skip_unavailable=False, cmake_clean_cache=False, cmake_clean_first=False, cmake_force_configure=False, ament_cmake_args=None, catkin_cmake_args=None, catkin_skip_building_tests=False, verb_parser=<colcon_defaults.argument_parser.defaults.DefaultArgumentsDecorator object at 0x71fb81608890>, verb_extension=<colcon_core.verb.build.BuildVerb object at 0x71fb81608590>, main=<bound method BuildVerb.main of <colcon_core.verb.build.BuildVerb object at 0x71fb81608590>>)
[0.364s] Level 1:colcon.colcon_core.package_discovery:discover_packages(colcon_meta) check parameters
[0.364s] Level 1:colcon.colcon_core.package_discovery:discover_packages(recursive) check parameters
[0.364s] Level 1:colcon.colcon_core.package_discovery:discover_packages(ignore) check parameters
[0.364s] Level 1:colcon.colcon_core.package_discovery:discover_packages(path) check parameters
[0.364s] Level 1:colcon.colcon_core.package_discovery:discover_packages(colcon_meta) discover
[0.364s] Level 1:colcon.colcon_core.package_discovery:discover_packages(recursive) discover
[0.364s] INFO:colcon.colcon_core.package_discovery:Crawling recursively for packages in '/home/robot/ros2_ws'
[0.365s] Level 1:colcon.colcon_core.package_identification:_identify(.) by extensions ['ignore', 'ignore_ament_install']
[0.365s] Level 1:colcon.colcon_core.package_identification:_identify(.) by extension 'ignore'
[0.365s] Level 1:colcon.colcon_core.package_identification:_identify(.) by extension 'ignore_ament_install'
[0.365s] Level 1:colcon.colcon_core.package_identification:_identify(.) by extensions ['colcon_pkg']
[0.365s] Level 1:colcon.colcon_core.package_identification:_identify(.) by extension 'colcon_pkg'
[0.365s] Level 1:colcon.colcon_core.package_identification:_identify(.) by extensions ['colcon_meta']
[0.365s] Level 1:colcon.colcon_core.package_identification:_identify(.) by extension 'colcon_meta'
[0.365s] Level 1:colcon.colcon_core.package_identification:_identify(.) by extensions ['ros']
[0.365s] Level 1:colcon.colcon_core.package_identification:_identify(.) by extension 'ros'
[0.428s] Level 1:colcon.colcon_core.package_identification:_identify(.) by extensions ['cmake', 'python']
[0.428s] Level 1:colcon.colcon_core.package_identification:_identify(.) by extension 'cmake'
[0.428s] Level 1:colcon.colcon_core.package_identification:_identify(.) by extension 'python'
[0.428s] Level 1:colcon.colcon_core.package_identification:_identify(.) by extensions ['python_setup_py']
[0.428s] Level 1:colcon.colcon_core.package_identification:_identify(.) by extension 'python_setup_py'
[0.429s] Level 1:colcon.colcon_core.package_identification:_identify(RosCommunication-Modificaciones-para-prueba) by extensions ['ignore', 'ignore_ament_install']
[0.429s] Level 1:colcon.colcon_core.package_identification:_identify(RosCommunication-Modificaciones-para-prueba) by extension 'ignore'
[0.429s] Level 1:colcon.colcon_core.package_identification:_identify(RosCommunication-Modificaciones-para-prueba) by extension 'ignore_ament_install'
[0.429s] Level 1:colcon.colcon_core.package_identification:_identify(RosCommunication-Modificaciones-para-prueba) by extensions ['colcon_pkg']
[0.429s] Level 1:colcon.colcon_core.package_identification:_identify(RosCommunication-Modificaciones-para-prueba) by extension 'colcon_pkg'
[0.430s] Level 1:colcon.colcon_core.package_identification:_identify(RosCommunication-Modificaciones-para-prueba) by extensions ['colcon_meta']
[0.430s] Level 1:colcon.colcon_core.package_identification:_identify(RosCommunication-Modificaciones-para-prueba) by extension 'colcon_meta'
[0.430s] Level 1:colcon.colcon_core.package_identification:_identify(RosCommunication-Modificaciones-para-prueba) by extensions ['ros']
[0.430s] Level 1:colcon.colcon_core.package_identification:_identify(RosCommunication-Modificaciones-para-prueba) by extension 'ros'
[0.430s] Level 1:colcon.colcon_core.package_identification:_identify(RosCommunication-Modificaciones-para-prueba) by extensions ['cmake', 'python']
[0.430s] Level 1:colcon.colcon_core.package_identification:_identify(RosCommunication-Modificaciones-para-prueba) by extension 'cmake'
[0.430s] Level 1:colcon.colcon_core.package_identification:_identify(RosCommunication-Modificaciones-para-prueba) by extension 'python'
[0.430s] Level 1:colcon.colcon_core.package_identification:_identify(RosCommunication-Modificaciones-para-prueba) by extensions ['python_setup_py']
[0.430s] Level 1:colcon.colcon_core.package_identification:_identify(RosCommunication-Modificaciones-para-prueba) by extension 'python_setup_py'
[0.430s] Level 1:colcon.colcon_core.package_identification:_identify(RosCommunication-Modificaciones-para-prueba/controllino_21_3_24) by extensions ['ignore', 'ignore_ament_install']
[0.431s] Level 1:colcon.colcon_core.package_identification:_identify(RosCommunication-Modificaciones-para-prueba/controllino_21_3_24) by extension 'ignore'
[0.431s] Level 1:colcon.colcon_core.package_identification:_identify(RosCommunication-Modificaciones-para-prueba/controllino_21_3_24) by extension 'ignore_ament_install'
[0.431s] Level 1:colcon.colcon_core.package_identification:_identify(RosCommunication-Modificaciones-para-prueba/controllino_21_3_24) by extensions ['colcon_pkg']
[0.431s] Level 1:colcon.colcon_core.package_identification:_identify(RosCommunication-Modificaciones-para-prueba/controllino_21_3_24) by extension 'colcon_pkg'
[0.431s] Level 1:colcon.colcon_core.package_identification:_identify(RosCommunication-Modificaciones-para-prueba/controllino_21_3_24) by extensions ['colcon_meta']
[0.431s] Level 1:colcon.colcon_core.package_identification:_identify(RosCommunication-Modificaciones-para-prueba/controllino_21_3_24) by extension 'colcon_meta'
[0.431s] Level 1:colcon.colcon_core.package_identification:_identify(RosCommunication-Modificaciones-para-prueba/controllino_21_3_24) by extensions ['ros']
[0.431s] Level 1:colcon.colcon_core.package_identification:_identify(RosCommunication-Modificaciones-para-prueba/controllino_21_3_24) by extension 'ros'
[0.432s] Level 1:colcon.colcon_core.package_identification:_identify(RosCommunication-Modificaciones-para-prueba/controllino_21_3_24) by extensions ['cmake', 'python']
[0.432s] Level 1:colcon.colcon_core.package_identification:_identify(RosCommunication-Modificaciones-para-prueba/controllino_21_3_24) by extension 'cmake'
[0.432s] Level 1:colcon.colcon_core.package_identification:_identify(RosCommunication-Modificaciones-para-prueba/controllino_21_3_24) by extension 'python'
[0.432s] Level 1:colcon.colcon_core.package_identification:_identify(RosCommunication-Modificaciones-para-prueba/controllino_21_3_24) by extensions ['python_setup_py']
[0.432s] Level 1:colcon.colcon_core.package_identification:_identify(RosCommunication-Modificaciones-para-prueba/controllino_21_3_24) by extension 'python_setup_py'
[0.432s] Level 1:colcon.colcon_core.package_identification:_identify(RosCommunication-Modificaciones-para-prueba/libraries) by extensions ['ignore', 'ignore_ament_install']
[0.432s] Level 1:colcon.colcon_core.package_identification:_identify(RosCommunication-Modificaciones-para-prueba/libraries) by extension 'ignore'
[0.433s] Level 1:colcon.colcon_core.package_identification:_identify(RosCommunication-Modificaciones-para-prueba/libraries) by extension 'ignore_ament_install'
[0.433s] Level 1:colcon.colcon_core.package_identification:_identify(RosCommunication-Modificaciones-para-prueba/libraries) by extensions ['colcon_pkg']
[0.433s] Level 1:colcon.colcon_core.package_identification:_identify(RosCommunication-Modificaciones-para-prueba/libraries) by extension 'colcon_pkg'
[0.433s] Level 1:colcon.colcon_core.package_identification:_identify(RosCommunication-Modificaciones-para-prueba/libraries) by extensions ['colcon_meta']
[0.433s] Level 1:colcon.colcon_core.package_identification:_identify(RosCommunication-Modificaciones-para-prueba/libraries) by extension 'colcon_meta'
[0.433s] Level 1:colcon.colcon_core.package_identification:_identify(RosCommunication-Modificaciones-para-prueba/libraries) by extensions ['ros']
[0.433s] Level 1:colcon.colcon_core.package_identification:_identify(RosCommunication-Modificaciones-para-prueba/libraries) by extension 'ros'
[0.434s] Level 1:colcon.colcon_core.package_identification:_identify(RosCommunication-Modificaciones-para-prueba/libraries) by extensions ['cmake', 'python']
[0.434s] Level 1:colcon.colcon_core.package_identification:_identify(RosCommunication-Modificaciones-para-prueba/libraries) by extension 'cmake'
[0.434s] Level 1:colcon.colcon_core.package_identification:_identify(RosCommunication-Modificaciones-para-prueba/libraries) by extension 'python'
[0.434s] Level 1:colcon.colcon_core.package_identification:_identify(RosCommunication-Modificaciones-para-prueba/libraries) by extensions ['python_setup_py']
[0.434s] Level 1:colcon.colcon_core.package_identification:_identify(RosCommunication-Modificaciones-para-prueba/libraries) by extension 'python_setup_py'
[0.434s] Level 1:colcon.colcon_core.package_identification:_identify(build) by extensions ['ignore', 'ignore_ament_install']
[0.435s] Level 1:colcon.colcon_core.package_identification:_identify(build) by extension 'ignore'
[0.435s] Level 1:colcon.colcon_core.package_identification:_identify(build) ignored
[0.435s] Level 1:colcon.colcon_core.package_identification:_identify(install) by extensions ['ignore', 'ignore_ament_install']
[0.436s] Level 1:colcon.colcon_core.package_identification:_identify(install) by extension 'ignore'
[0.436s] Level 1:colcon.colcon_core.package_identification:_identify(install) ignored
[0.436s] Level 1:colcon.colcon_core.package_identification:_identify(log) by extensions ['ignore', 'ignore_ament_install']
[0.436s] Level 1:colcon.colcon_core.package_identification:_identify(log) by extension 'ignore'
[0.436s] Level 1:colcon.colcon_core.package_identification:_identify(log) ignored
[0.436s] Level 1:colcon.colcon_core.package_identification:_identify(src) by extensions ['ignore', 'ignore_ament_install']
[0.437s] Level 1:colcon.colcon_core.package_identification:_identify(src) by extension 'ignore'
[0.437s] Level 1:colcon.colcon_core.package_identification:_identify(src) by extension 'ignore_ament_install'
[0.437s] Level 1:colcon.colcon_core.package_identification:_identify(src) by extensions ['colcon_pkg']
[0.437s] Level 1:colcon.colcon_core.package_identification:_identify(src) by extension 'colcon_pkg'
[0.437s] Level 1:colcon.colcon_core.package_identification:_identify(src) by extensions ['colcon_meta']
[0.437s] Level 1:colcon.colcon_core.package_identification:_identify(src) by extension 'colcon_meta'
[0.437s] Level 1:colcon.colcon_core.package_identification:_identify(src) by extensions ['ros']
[0.437s] Level 1:colcon.colcon_core.package_identification:_identify(src) by extension 'ros'
[0.437s] Level 1:colcon.colcon_core.package_identification:_identify(src) by extensions ['cmake', 'python']
[0.437s] Level 1:colcon.colcon_core.package_identification:_identify(src) by extension 'cmake'
[0.438s] Level 1:colcon.colcon_core.package_identification:_identify(src) by extension 'python'
[0.438s] Level 1:colcon.colcon_core.package_identification:_identify(src) by extensions ['python_setup_py']
[0.438s] Level 1:colcon.colcon_core.package_identification:_identify(src) by extension 'python_setup_py'
[0.438s] Level 1:colcon.colcon_core.package_identification:_identify(src/paquete) by extensions ['ignore', 'ignore_ament_install']
[0.438s] Level 1:colcon.colcon_core.package_identification:_identify(src/paquete) by extension 'ignore'
[0.438s] Level 1:colcon.colcon_core.package_identification:_identify(src/paquete) by extension 'ignore_ament_install'
[0.438s] Level 1:colcon.colcon_core.package_identification:_identify(src/paquete) by extensions ['colcon_pkg']
[0.438s] Level 1:colcon.colcon_core.package_identification:_identify(src/paquete) by extension 'colcon_pkg'
[0.438s] Level 1:colcon.colcon_core.package_identification:_identify(src/paquete) by extensions ['colcon_meta']
[0.438s] Level 1:colcon.colcon_core.package_identification:_identify(src/paquete) by extension 'colcon_meta'
[0.438s] Level 1:colcon.colcon_core.package_identification:_identify(src/paquete) by extensions ['ros']
[0.438s] Level 1:colcon.colcon_core.package_identification:_identify(src/paquete) by extension 'ros'
[0.444s] DEBUG:colcon.colcon_core.package_identification:Package 'src/paquete' with type 'ros.ament_python' and name 'paquete'
[0.444s] Level 1:colcon.colcon_core.package_identification:_identify(src/serial_robot) by extensions ['ignore', 'ignore_ament_install']
[0.445s] Level 1:colcon.colcon_core.package_identification:_identify(src/serial_robot) by extension 'ignore'
[0.445s] Level 1:colcon.colcon_core.package_identification:_identify(src/serial_robot) by extension 'ignore_ament_install'
[0.445s] Level 1:colcon.colcon_core.package_identification:_identify(src/serial_robot) by extensions ['colcon_pkg']
[0.446s] Level 1:colcon.colcon_core.package_identification:_identify(src/serial_robot) by extension 'colcon_pkg'
[0.446s] Level 1:colcon.colcon_core.package_identification:_identify(src/serial_robot) by extensions ['colcon_meta']
[0.446s] Level 1:colcon.colcon_core.package_identification:_identify(src/serial_robot) by extension 'colcon_meta'
[0.446s] Level 1:colcon.colcon_core.package_identification:_identify(src/serial_robot) by extensions ['ros']
[0.446s] Level 1:colcon.colcon_core.package_identification:_identify(src/serial_robot) by extension 'ros'
[0.448s] DEBUG:colcon.colcon_core.package_identification:Package 'src/serial_robot' with type 'ros.ament_python' and name 'serial_robot'
[0.448s] Level 1:colcon.colcon_core.package_discovery:discover_packages(recursive) using defaults
[0.448s] Level 1:colcon.colcon_core.package_discovery:discover_packages(ignore) discover
[0.448s] Level 1:colcon.colcon_core.package_discovery:discover_packages(ignore) using defaults
[0.448s] Level 1:colcon.colcon_core.package_discovery:discover_packages(path) discover
[0.449s] Level 1:colcon.colcon_core.package_discovery:discover_packages(path) using defaults
[0.498s] Level 5:colcon.colcon_core.verb:set package 'paquete' build argument 'cmake_args' from command line to 'None'
[0.498s] Level 5:colcon.colcon_core.verb:set package 'paquete' build argument 'cmake_target' from command line to 'None'
[0.498s] Level 5:colcon.colcon_core.verb:set package 'paquete' build argument 'cmake_target_skip_unavailable' from command line to 'False'
[0.498s] Level 5:colcon.colcon_core.verb:set package 'paquete' build argument 'cmake_clean_cache' from command line to 'False'
[0.498s] Level 5:colcon.colcon_core.verb:set package 'paquete' build argument 'cmake_clean_first' from command line to 'False'
[0.498s] Level 5:colcon.colcon_core.verb:set package 'paquete' build argument 'cmake_force_configure' from command line to 'False'
[0.498s] Level 5:colcon.colcon_core.verb:set package 'paquete' build argument 'ament_cmake_args' from command line to 'None'
[0.498s] Level 5:colcon.colcon_core.verb:set package 'paquete' build argument 'catkin_cmake_args' from command line to 'None'
[0.498s] Level 5:colcon.colcon_core.verb:set package 'paquete' build argument 'catkin_skip_building_tests' from command line to 'False'
[0.498s] DEBUG:colcon.colcon_core.verb:Building package 'paquete' with the following arguments: {'ament_cmake_args': None, 'build_base': '/home/robot/ros2_ws/build/paquete', 'catkin_cmake_args': None, 'catkin_skip_building_tests': False, 'cmake_args': None, 'cmake_clean_cache': False, 'cmake_clean_first': False, 'cmake_force_configure': False, 'cmake_target': None, 'cmake_target_skip_unavailable': False, 'install_base': '/home/robot/ros2_ws/install/paquete', 'merge_install': False, 'path': '/home/robot/ros2_ws/src/paquete', 'symlink_install': False, 'test_result_base': None}
[0.499s] Level 5:colcon.colcon_core.verb:set package 'serial_robot' build argument 'cmake_args' from command line to 'None'
[0.499s] Level 5:colcon.colcon_core.verb:set package 'serial_robot' build argument 'cmake_target' from command line to 'None'
[0.499s] Level 5:colcon.colcon_core.verb:set package 'serial_robot' build argument 'cmake_target_skip_unavailable' from command line to 'False'
[0.499s] Level 5:colcon.colcon_core.verb:set package 'serial_robot' build argument 'cmake_clean_cache' from command line to 'False'
[0.499s] Level 5:colcon.colcon_core.verb:set package 'serial_robot' build argument 'cmake_clean_first' from command line to 'False'
[0.499s] Level 5:colcon.colcon_core.verb:set package 'serial_robot' build argument 'cmake_force_configure' from command line to 'False'
[0.499s] Level 5:colcon.colcon_core.verb:set package 'serial_robot' build argument 'ament_cmake_args' from command line to 'None'
[0.499s] Level 5:colcon.colcon_core.verb:set package 'serial_robot' build argument 'catkin_cmake_args' from command line to 'None'
[0.499s] Level 5:colcon.colcon_core.verb:set package 'serial_robot' build argument 'catkin_skip_building_tests' from command line to 'False'
[0.499s] DEBUG:colcon.colcon_core.verb:Building package 'serial_robot' with the following arguments: {'ament_cmake_args': None, 'build_base': '/home/robot/ros2_ws/build/serial_robot', 'catkin_cmake_args': None, 'catkin_skip_building_tests': False, 'cmake_args': None, 'cmake_clean_cache': False, 'cmake_clean_first': False, 'cmake_force_configure': False, 'cmake_target': None, 'cmake_target_skip_unavailable': False, 'install_base': '/home/robot/ros2_ws/install/serial_robot', 'merge_install': False, 'path': '/home/robot/ros2_ws/src/serial_robot', 'symlink_install': False, 'test_result_base': None}
[0.500s] INFO:colcon.colcon_core.executor:Executing jobs using 'parallel' executor
[0.502s] DEBUG:colcon.colcon_parallel_executor.executor.parallel:run_until_complete
[0.502s] INFO:colcon.colcon_ros.task.ament_python.build:Building ROS package in '/home/robot/ros2_ws/src/paquete' with build type 'ament_python'
[0.503s] Level 1:colcon.colcon_core.shell:create_environment_hook('paquete', 'ament_prefix_path')
[0.511s] INFO:colcon.colcon_core.plugin_system:Skipping extension 'colcon_core.shell.bat': Not used on non-Windows systems
[0.513s] INFO:colcon.colcon_core.shell:Creating environment descriptor '/home/robot/ros2_ws/install/paquete/share/paquete/hook/ament_prefix_path.dsv'
[0.517s] INFO:colcon.colcon_core.shell:Creating environment hook '/home/robot/ros2_ws/install/paquete/share/paquete/hook/ament_prefix_path.sh'
[0.526s] DEBUG:colcon.colcon_core.shell:Skip shell extension 'dsv' for command environment
[0.546s] INFO:colcon.colcon_ros.task.ament_python.build:Building ROS package in '/home/robot/ros2_ws/src/serial_robot' with build type 'ament_python'
[0.547s] Level 1:colcon.colcon_core.shell:create_environment_hook('serial_robot', 'ament_prefix_path')
[0.547s] INFO:colcon.colcon_core.shell:Creating environment descriptor '/home/robot/ros2_ws/install/serial_robot/share/serial_robot/hook/ament_prefix_path.dsv'
[0.549s] INFO:colcon.colcon_core.shell:Creating environment hook '/home/robot/ros2_ws/install/serial_robot/share/serial_robot/hook/ament_prefix_path.sh'
[0.551s] DEBUG:colcon.colcon_core.shell:Skip shell extension 'dsv' for command environment
[1.184s] INFO:colcon.colcon_core.task.python.build:Building Python package in '/home/robot/ros2_ws/src/paquete'
[1.184s] DEBUG:colcon.colcon_core.shell:Skip shell extension 'dsv' for command environment
[1.967s] DEBUG:colcon.colcon_parallel_executor.executor.parallel:closing loop
[1.968s] DEBUG:colcon.colcon_parallel_executor.executor.parallel:loop closed
[1.968s] DEBUG:colcon.colcon_parallel_executor.executor.parallel:run_until_complete finished with 'Command '['/usr/bin/python3', '-c', 'import sys;from contextlib import suppress;exec("with suppress(ImportError):    from setuptools.extern.packaging.specifiers    import SpecifierSet");exec("with suppress(ImportError):    from packaging.specifiers import SpecifierSet");from distutils.core import run_setup;dist = run_setup(    \'setup.py\', script_args=(\'--dry-run\',), stop_after=\'config\');skip_keys = (\'cmdclass\', \'distclass\', \'ext_modules\', \'metadata\');data = {    key: value for key, value in dist.__dict__.items()     if (        not key.startswith(\'_\') and         not callable(value) and         key not in skip_keys and         key not in dist.display_option_names    )};data[\'metadata\'] = {    k: v for k, v in dist.metadata.__dict__.items()     if k not in (\'license_files\', \'provides_extras\')};sys.stdout.buffer.write(repr(data).encode(\'utf-8\'))']' returned non-zero exit status 1.'
[1.968s] DEBUG:colcon.colcon_core.event_reactor:joining thread
[1.993s] INFO:colcon.colcon_core.plugin_system:Skipping extension 'colcon_notification.desktop_notification.terminal_notifier': Not used on non-Darwin systems
[1.994s] INFO:colcon.colcon_core.plugin_system:Skipping extension 'colcon_notification.desktop_notification.win32': Not used on non-Windows systems
[1.994s] INFO:colcon.colcon_notification.desktop_notification:Sending desktop notification using 'notify2'
[2.034s] DEBUG:colcon.colcon_core.event_reactor:joined thread
[2.035s] INFO:colcon.colcon_core.shell:Creating prefix script '/home/robot/ros2_ws/install/local_setup.sh'
[2.037s] INFO:colcon.colcon_core.shell:Creating prefix util module '/home/robot/ros2_ws/install/_local_setup_util_sh.py'
[2.040s] INFO:colcon.colcon_core.shell:Creating prefix chain script '/home/robot/ros2_ws/install/setup.sh'
[2.047s] INFO:colcon.colcon_core.shell:Creating prefix script '/home/robot/ros2_ws/install/local_setup.bash'
[2.049s] INFO:colcon.colcon_core.shell:Creating prefix chain script '/home/robot/ros2_ws/install/setup.bash'
[2.052s] INFO:colcon.colcon_core.shell:Creating prefix script '/home/robot/ros2_ws/install/local_setup.zsh'
[2.055s] INFO:colcon.colcon_core.shell:Creating prefix chain script '/home/robot/ros2_ws/install/setup.zsh'
