/home/robot/prueba_ws/install/my_publisher_pkg/lib/python3.12/site-packages/my_publisher_pkg/pi_controller_node.py
/home/robot/prueba_ws/install/my_publisher_pkg/lib/python3.12/site-packages/my_publisher_pkg/zigzag_wave_node.py
/home/robot/prueba_ws/install/my_publisher_pkg/lib/python3.12/site-packages/my_publisher_pkg/square_wave_node.py
/home/robot/prueba_ws/install/my_publisher_pkg/lib/python3.12/site-packages/my_publisher_pkg/publisher_node.py
/home/robot/prueba_ws/install/my_publisher_pkg/lib/python3.12/site-packages/my_publisher_pkg/__init__.py
/home/robot/prueba_ws/install/my_publisher_pkg/lib/python3.12/site-packages/my_publisher_pkg/__pycache__/pi_controller_node.cpython-312.pyc
/home/robot/prueba_ws/install/my_publisher_pkg/lib/python3.12/site-packages/my_publisher_pkg/__pycache__/zigzag_wave_node.cpython-312.pyc
/home/robot/prueba_ws/install/my_publisher_pkg/lib/python3.12/site-packages/my_publisher_pkg/__pycache__/square_wave_node.cpython-312.pyc
/home/robot/prueba_ws/install/my_publisher_pkg/lib/python3.12/site-packages/my_publisher_pkg/__pycache__/publisher_node.cpython-312.pyc
/home/robot/prueba_ws/install/my_publisher_pkg/lib/python3.12/site-packages/my_publisher_pkg/__pycache__/__init__.cpython-312.pyc
/home/robot/prueba_ws/install/my_publisher_pkg/share/ament_index/resource_index/packages/my_publisher_pkg
/home/robot/prueba_ws/install/my_publisher_pkg/share/my_publisher_pkg/package.xml
/home/robot/prueba_ws/install/my_publisher_pkg/share/my_publisher_pkg/launch/pi_control_launch.py
/home/robot/prueba_ws/install/my_publisher_pkg/share/my_publisher_pkg/launch/publisher_launch.py
/home/robot/prueba_ws/install/my_publisher_pkg/share/my_publisher_pkg/launch/zigzag_wave_launch.py
/home/robot/prueba_ws/install/my_publisher_pkg/share/my_publisher_pkg/launch/square_wave_launch.py
/home/robot/prueba_ws/install/my_publisher_pkg/share/my_publisher_pkg/launch/curva_launch.py
/home/robot/prueba_ws/install/my_publisher_pkg/lib/python3.12/site-packages/my_publisher_pkg-0.0.0-py3.12.egg-info/dependency_links.txt
/home/robot/prueba_ws/install/my_publisher_pkg/lib/python3.12/site-packages/my_publisher_pkg-0.0.0-py3.12.egg-info/SOURCES.txt
/home/robot/prueba_ws/install/my_publisher_pkg/lib/python3.12/site-packages/my_publisher_pkg-0.0.0-py3.12.egg-info/PKG-INFO
/home/robot/prueba_ws/install/my_publisher_pkg/lib/python3.12/site-packages/my_publisher_pkg-0.0.0-py3.12.egg-info/entry_points.txt
/home/robot/prueba_ws/install/my_publisher_pkg/lib/python3.12/site-packages/my_publisher_pkg-0.0.0-py3.12.egg-info/requires.txt
/home/robot/prueba_ws/install/my_publisher_pkg/lib/python3.12/site-packages/my_publisher_pkg-0.0.0-py3.12.egg-info/top_level.txt
/home/robot/prueba_ws/install/my_publisher_pkg/lib/python3.12/site-packages/my_publisher_pkg-0.0.0-py3.12.egg-info/zip-safe
/home/robot/prueba_ws/install/my_publisher_pkg/lib/my_publisher_pkg/pi_controller
/home/robot/prueba_ws/install/my_publisher_pkg/lib/my_publisher_pkg/publisher_node
/home/robot/prueba_ws/install/my_publisher_pkg/lib/my_publisher_pkg/square_wave_publisher
/home/robot/prueba_ws/install/my_publisher_pkg/lib/my_publisher_pkg/zigzag_wave_publisher
