[0.120s] DEBUG:colcon:Command line arguments: ['/usr/bin/colcon', 'build']
[0.120s] DEBUG:colcon:Parsed command line arguments: Namespace(log_base=None, log_level=None, verb_name='build', build_base='build', install_base='install', merge_install=False, symlink_install=False, test_result_base=None, continue_on_error=False, executor='parallel', parallel_workers=4, event_handlers=None, ignore_user_meta=False, metas=['./colcon.meta'], base_paths=['.'], packages_ignore=None, packages_ignore_regex=None, paths=None, packages_up_to=None, packages_up_to_regex=None, packages_above=None, packages_above_and_dependencies=None, packages_above_depth=None, packages_select_by_dep=None, packages_skip_by_dep=None, packages_skip_up_to=None, packages_select_build_failed=False, packages_skip_build_finished=False, packages_select_test_failures=False, packages_skip_test_passed=False, packages_select=None, packages_skip=None, packages_select_regex=None, packages_skip_regex=None, packages_start=None, packages_end=None, cmake_args=None, cmake_target=None, cmake_target_skip_unavailable=False, cmake_clean_cache=False, cmake_clean_first=False, cmake_force_configure=False, ament_cmake_args=None, catkin_cmake_args=None, catkin_skip_building_tests=False, verb_parser=<colcon_defaults.argument_parser.defaults.DefaultArgumentsDecorator object at 0x7efbc820c950>, verb_extension=<colcon_core.verb.build.BuildVerb object at 0x7efbc820c650>, main=<bound method BuildVerb.main of <colcon_core.verb.build.BuildVerb object at 0x7efbc820c650>>)
[0.164s] Level 1:colcon.colcon_core.package_discovery:discover_packages(colcon_meta) check parameters
[0.164s] Level 1:colcon.colcon_core.package_discovery:discover_packages(recursive) check parameters
[0.164s] Level 1:colcon.colcon_core.package_discovery:discover_packages(ignore) check parameters
[0.164s] Level 1:colcon.colcon_core.package_discovery:discover_packages(path) check parameters
[0.164s] Level 1:colcon.colcon_core.package_discovery:discover_packages(colcon_meta) discover
[0.164s] Level 1:colcon.colcon_core.package_discovery:discover_packages(recursive) discover
[0.164s] INFO:colcon.colcon_core.package_discovery:Crawling recursively for packages in '/home/robot/prueba_ws'
[0.164s] Level 1:colcon.colcon_core.package_identification:_identify(.) by extensions ['ignore', 'ignore_ament_install']
[0.164s] Level 1:colcon.colcon_core.package_identification:_identify(.) by extension 'ignore'
[0.164s] Level 1:colcon.colcon_core.package_identification:_identify(.) by extension 'ignore_ament_install'
[0.164s] Level 1:colcon.colcon_core.package_identification:_identify(.) by extensions ['colcon_pkg']
[0.164s] Level 1:colcon.colcon_core.package_identification:_identify(.) by extension 'colcon_pkg'
[0.164s] Level 1:colcon.colcon_core.package_identification:_identify(.) by extensions ['colcon_meta']
[0.164s] Level 1:colcon.colcon_core.package_identification:_identify(.) by extension 'colcon_meta'
[0.164s] Level 1:colcon.colcon_core.package_identification:_identify(.) by extensions ['ros']
[0.164s] Level 1:colcon.colcon_core.package_identification:_identify(.) by extension 'ros'
[0.193s] Level 1:colcon.colcon_core.package_identification:_identify(.) by extensions ['cmake', 'python']
[0.193s] Level 1:colcon.colcon_core.package_identification:_identify(.) by extension 'cmake'
[0.193s] Level 1:colcon.colcon_core.package_identification:_identify(.) by extension 'python'
[0.193s] Level 1:colcon.colcon_core.package_identification:_identify(.) by extensions ['python_setup_py']
[0.193s] Level 1:colcon.colcon_core.package_identification:_identify(.) by extension 'python_setup_py'
[0.193s] Level 1:colcon.colcon_core.package_identification:_identify(build) by extensions ['ignore', 'ignore_ament_install']
[0.193s] Level 1:colcon.colcon_core.package_identification:_identify(build) by extension 'ignore'
[0.193s] Level 1:colcon.colcon_core.package_identification:_identify(build) ignored
[0.193s] Level 1:colcon.colcon_core.package_identification:_identify(install) by extensions ['ignore', 'ignore_ament_install']
[0.193s] Level 1:colcon.colcon_core.package_identification:_identify(install) by extension 'ignore'
[0.193s] Level 1:colcon.colcon_core.package_identification:_identify(install) ignored
[0.193s] Level 1:colcon.colcon_core.package_identification:_identify(log) by extensions ['ignore', 'ignore_ament_install']
[0.194s] Level 1:colcon.colcon_core.package_identification:_identify(log) by extension 'ignore'
[0.194s] Level 1:colcon.colcon_core.package_identification:_identify(log) ignored
[0.194s] Level 1:colcon.colcon_core.package_identification:_identify(onda_cuadrada_test_2025_07_15_10_45_07) by extensions ['ignore', 'ignore_ament_install']
[0.194s] Level 1:colcon.colcon_core.package_identification:_identify(onda_cuadrada_test_2025_07_15_10_45_07) by extension 'ignore'
[0.194s] Level 1:colcon.colcon_core.package_identification:_identify(onda_cuadrada_test_2025_07_15_10_45_07) by extension 'ignore_ament_install'
[0.194s] Level 1:colcon.colcon_core.package_identification:_identify(onda_cuadrada_test_2025_07_15_10_45_07) by extensions ['colcon_pkg']
[0.194s] Level 1:colcon.colcon_core.package_identification:_identify(onda_cuadrada_test_2025_07_15_10_45_07) by extension 'colcon_pkg'
[0.194s] Level 1:colcon.colcon_core.package_identification:_identify(onda_cuadrada_test_2025_07_15_10_45_07) by extensions ['colcon_meta']
[0.194s] Level 1:colcon.colcon_core.package_identification:_identify(onda_cuadrada_test_2025_07_15_10_45_07) by extension 'colcon_meta'
[0.194s] Level 1:colcon.colcon_core.package_identification:_identify(onda_cuadrada_test_2025_07_15_10_45_07) by extensions ['ros']
[0.194s] Level 1:colcon.colcon_core.package_identification:_identify(onda_cuadrada_test_2025_07_15_10_45_07) by extension 'ros'
[0.194s] Level 1:colcon.colcon_core.package_identification:_identify(onda_cuadrada_test_2025_07_15_10_45_07) by extensions ['cmake', 'python']
[0.194s] Level 1:colcon.colcon_core.package_identification:_identify(onda_cuadrada_test_2025_07_15_10_45_07) by extension 'cmake'
[0.194s] Level 1:colcon.colcon_core.package_identification:_identify(onda_cuadrada_test_2025_07_15_10_45_07) by extension 'python'
[0.194s] Level 1:colcon.colcon_core.package_identification:_identify(onda_cuadrada_test_2025_07_15_10_45_07) by extensions ['python_setup_py']
[0.194s] Level 1:colcon.colcon_core.package_identification:_identify(onda_cuadrada_test_2025_07_15_10_45_07) by extension 'python_setup_py'
[0.195s] Level 1:colcon.colcon_core.package_identification:_identify(onda_cuadrada_test_2025_07_15_10_46_49) by extensions ['ignore', 'ignore_ament_install']
[0.195s] Level 1:colcon.colcon_core.package_identification:_identify(onda_cuadrada_test_2025_07_15_10_46_49) by extension 'ignore'
[0.195s] Level 1:colcon.colcon_core.package_identification:_identify(onda_cuadrada_test_2025_07_15_10_46_49) by extension 'ignore_ament_install'
[0.195s] Level 1:colcon.colcon_core.package_identification:_identify(onda_cuadrada_test_2025_07_15_10_46_49) by extensions ['colcon_pkg']
[0.195s] Level 1:colcon.colcon_core.package_identification:_identify(onda_cuadrada_test_2025_07_15_10_46_49) by extension 'colcon_pkg'
[0.195s] Level 1:colcon.colcon_core.package_identification:_identify(onda_cuadrada_test_2025_07_15_10_46_49) by extensions ['colcon_meta']
[0.195s] Level 1:colcon.colcon_core.package_identification:_identify(onda_cuadrada_test_2025_07_15_10_46_49) by extension 'colcon_meta'
[0.195s] Level 1:colcon.colcon_core.package_identification:_identify(onda_cuadrada_test_2025_07_15_10_46_49) by extensions ['ros']
[0.195s] Level 1:colcon.colcon_core.package_identification:_identify(onda_cuadrada_test_2025_07_15_10_46_49) by extension 'ros'
[0.195s] Level 1:colcon.colcon_core.package_identification:_identify(onda_cuadrada_test_2025_07_15_10_46_49) by extensions ['cmake', 'python']
[0.195s] Level 1:colcon.colcon_core.package_identification:_identify(onda_cuadrada_test_2025_07_15_10_46_49) by extension 'cmake'
[0.195s] Level 1:colcon.colcon_core.package_identification:_identify(onda_cuadrada_test_2025_07_15_10_46_49) by extension 'python'
[0.195s] Level 1:colcon.colcon_core.package_identification:_identify(onda_cuadrada_test_2025_07_15_10_46_49) by extensions ['python_setup_py']
[0.195s] Level 1:colcon.colcon_core.package_identification:_identify(onda_cuadrada_test_2025_07_15_10_46_49) by extension 'python_setup_py'
[0.195s] Level 1:colcon.colcon_core.package_identification:_identify(onda_zigzag_test_2025_07_15_10_49_10) by extensions ['ignore', 'ignore_ament_install']
[0.195s] Level 1:colcon.colcon_core.package_identification:_identify(onda_zigzag_test_2025_07_15_10_49_10) by extension 'ignore'
[0.195s] Level 1:colcon.colcon_core.package_identification:_identify(onda_zigzag_test_2025_07_15_10_49_10) by extension 'ignore_ament_install'
[0.195s] Level 1:colcon.colcon_core.package_identification:_identify(onda_zigzag_test_2025_07_15_10_49_10) by extensions ['colcon_pkg']
[0.196s] Level 1:colcon.colcon_core.package_identification:_identify(onda_zigzag_test_2025_07_15_10_49_10) by extension 'colcon_pkg'
[0.196s] Level 1:colcon.colcon_core.package_identification:_identify(onda_zigzag_test_2025_07_15_10_49_10) by extensions ['colcon_meta']
[0.196s] Level 1:colcon.colcon_core.package_identification:_identify(onda_zigzag_test_2025_07_15_10_49_10) by extension 'colcon_meta'
[0.196s] Level 1:colcon.colcon_core.package_identification:_identify(onda_zigzag_test_2025_07_15_10_49_10) by extensions ['ros']
[0.196s] Level 1:colcon.colcon_core.package_identification:_identify(onda_zigzag_test_2025_07_15_10_49_10) by extension 'ros'
[0.196s] Level 1:colcon.colcon_core.package_identification:_identify(onda_zigzag_test_2025_07_15_10_49_10) by extensions ['cmake', 'python']
[0.196s] Level 1:colcon.colcon_core.package_identification:_identify(onda_zigzag_test_2025_07_15_10_49_10) by extension 'cmake'
[0.196s] Level 1:colcon.colcon_core.package_identification:_identify(onda_zigzag_test_2025_07_15_10_49_10) by extension 'python'
[0.196s] Level 1:colcon.colcon_core.package_identification:_identify(onda_zigzag_test_2025_07_15_10_49_10) by extensions ['python_setup_py']
[0.196s] Level 1:colcon.colcon_core.package_identification:_identify(onda_zigzag_test_2025_07_15_10_49_10) by extension 'python_setup_py'
[0.196s] Level 1:colcon.colcon_core.package_identification:_identify(onda_zigzag_test_2025_07_15_10_50_24) by extensions ['ignore', 'ignore_ament_install']
[0.196s] Level 1:colcon.colcon_core.package_identification:_identify(onda_zigzag_test_2025_07_15_10_50_24) by extension 'ignore'
[0.197s] Level 1:colcon.colcon_core.package_identification:_identify(onda_zigzag_test_2025_07_15_10_50_24) by extension 'ignore_ament_install'
[0.197s] Level 1:colcon.colcon_core.package_identification:_identify(onda_zigzag_test_2025_07_15_10_50_24) by extensions ['colcon_pkg']
[0.197s] Level 1:colcon.colcon_core.package_identification:_identify(onda_zigzag_test_2025_07_15_10_50_24) by extension 'colcon_pkg'
[0.197s] Level 1:colcon.colcon_core.package_identification:_identify(onda_zigzag_test_2025_07_15_10_50_24) by extensions ['colcon_meta']
[0.197s] Level 1:colcon.colcon_core.package_identification:_identify(onda_zigzag_test_2025_07_15_10_50_24) by extension 'colcon_meta'
[0.197s] Level 1:colcon.colcon_core.package_identification:_identify(onda_zigzag_test_2025_07_15_10_50_24) by extensions ['ros']
[0.197s] Level 1:colcon.colcon_core.package_identification:_identify(onda_zigzag_test_2025_07_15_10_50_24) by extension 'ros'
[0.197s] Level 1:colcon.colcon_core.package_identification:_identify(onda_zigzag_test_2025_07_15_10_50_24) by extensions ['cmake', 'python']
[0.197s] Level 1:colcon.colcon_core.package_identification:_identify(onda_zigzag_test_2025_07_15_10_50_24) by extension 'cmake'
[0.197s] Level 1:colcon.colcon_core.package_identification:_identify(onda_zigzag_test_2025_07_15_10_50_24) by extension 'python'
[0.197s] Level 1:colcon.colcon_core.package_identification:_identify(onda_zigzag_test_2025_07_15_10_50_24) by extensions ['python_setup_py']
[0.197s] Level 1:colcon.colcon_core.package_identification:_identify(onda_zigzag_test_2025_07_15_10_50_24) by extension 'python_setup_py'
[0.197s] Level 1:colcon.colcon_core.package_identification:_identify(onda_zigzag_test_2025_07_15_10_51_30) by extensions ['ignore', 'ignore_ament_install']
[0.197s] Level 1:colcon.colcon_core.package_identification:_identify(onda_zigzag_test_2025_07_15_10_51_30) by extension 'ignore'
[0.197s] Level 1:colcon.colcon_core.package_identification:_identify(onda_zigzag_test_2025_07_15_10_51_30) by extension 'ignore_ament_install'
[0.197s] Level 1:colcon.colcon_core.package_identification:_identify(onda_zigzag_test_2025_07_15_10_51_30) by extensions ['colcon_pkg']
[0.197s] Level 1:colcon.colcon_core.package_identification:_identify(onda_zigzag_test_2025_07_15_10_51_30) by extension 'colcon_pkg'
[0.197s] Level 1:colcon.colcon_core.package_identification:_identify(onda_zigzag_test_2025_07_15_10_51_30) by extensions ['colcon_meta']
[0.198s] Level 1:colcon.colcon_core.package_identification:_identify(onda_zigzag_test_2025_07_15_10_51_30) by extension 'colcon_meta'
[0.198s] Level 1:colcon.colcon_core.package_identification:_identify(onda_zigzag_test_2025_07_15_10_51_30) by extensions ['ros']
[0.198s] Level 1:colcon.colcon_core.package_identification:_identify(onda_zigzag_test_2025_07_15_10_51_30) by extension 'ros'
[0.198s] Level 1:colcon.colcon_core.package_identification:_identify(onda_zigzag_test_2025_07_15_10_51_30) by extensions ['cmake', 'python']
[0.198s] Level 1:colcon.colcon_core.package_identification:_identify(onda_zigzag_test_2025_07_15_10_51_30) by extension 'cmake'
[0.198s] Level 1:colcon.colcon_core.package_identification:_identify(onda_zigzag_test_2025_07_15_10_51_30) by extension 'python'
[0.198s] Level 1:colcon.colcon_core.package_identification:_identify(onda_zigzag_test_2025_07_15_10_51_30) by extensions ['python_setup_py']
[0.198s] Level 1:colcon.colcon_core.package_identification:_identify(onda_zigzag_test_2025_07_15_10_51_30) by extension 'python_setup_py'
[0.198s] Level 1:colcon.colcon_core.package_identification:_identify(square_wave_test_2025_07_15_10_44_10) by extensions ['ignore', 'ignore_ament_install']
[0.198s] Level 1:colcon.colcon_core.package_identification:_identify(square_wave_test_2025_07_15_10_44_10) by extension 'ignore'
[0.198s] Level 1:colcon.colcon_core.package_identification:_identify(square_wave_test_2025_07_15_10_44_10) by extension 'ignore_ament_install'
[0.198s] Level 1:colcon.colcon_core.package_identification:_identify(square_wave_test_2025_07_15_10_44_10) by extensions ['colcon_pkg']
[0.198s] Level 1:colcon.colcon_core.package_identification:_identify(square_wave_test_2025_07_15_10_44_10) by extension 'colcon_pkg'
[0.198s] Level 1:colcon.colcon_core.package_identification:_identify(square_wave_test_2025_07_15_10_44_10) by extensions ['colcon_meta']
[0.198s] Level 1:colcon.colcon_core.package_identification:_identify(square_wave_test_2025_07_15_10_44_10) by extension 'colcon_meta'
[0.198s] Level 1:colcon.colcon_core.package_identification:_identify(square_wave_test_2025_07_15_10_44_10) by extensions ['ros']
[0.198s] Level 1:colcon.colcon_core.package_identification:_identify(square_wave_test_2025_07_15_10_44_10) by extension 'ros'
[0.198s] Level 1:colcon.colcon_core.package_identification:_identify(square_wave_test_2025_07_15_10_44_10) by extensions ['cmake', 'python']
[0.198s] Level 1:colcon.colcon_core.package_identification:_identify(square_wave_test_2025_07_15_10_44_10) by extension 'cmake'
[0.199s] Level 1:colcon.colcon_core.package_identification:_identify(square_wave_test_2025_07_15_10_44_10) by extension 'python'
[0.199s] Level 1:colcon.colcon_core.package_identification:_identify(square_wave_test_2025_07_15_10_44_10) by extensions ['python_setup_py']
[0.199s] Level 1:colcon.colcon_core.package_identification:_identify(square_wave_test_2025_07_15_10_44_10) by extension 'python_setup_py'
[0.199s] Level 1:colcon.colcon_core.package_identification:_identify(src) by extensions ['ignore', 'ignore_ament_install']
[0.199s] Level 1:colcon.colcon_core.package_identification:_identify(src) by extension 'ignore'
[0.199s] Level 1:colcon.colcon_core.package_identification:_identify(src) by extension 'ignore_ament_install'
[0.199s] Level 1:colcon.colcon_core.package_identification:_identify(src) by extensions ['colcon_pkg']
[0.199s] Level 1:colcon.colcon_core.package_identification:_identify(src) by extension 'colcon_pkg'
[0.199s] Level 1:colcon.colcon_core.package_identification:_identify(src) by extensions ['colcon_meta']
[0.199s] Level 1:colcon.colcon_core.package_identification:_identify(src) by extension 'colcon_meta'
[0.199s] Level 1:colcon.colcon_core.package_identification:_identify(src) by extensions ['ros']
[0.199s] Level 1:colcon.colcon_core.package_identification:_identify(src) by extension 'ros'
[0.199s] Level 1:colcon.colcon_core.package_identification:_identify(src) by extensions ['cmake', 'python']
[0.199s] Level 1:colcon.colcon_core.package_identification:_identify(src) by extension 'cmake'
[0.199s] Level 1:colcon.colcon_core.package_identification:_identify(src) by extension 'python'
[0.199s] Level 1:colcon.colcon_core.package_identification:_identify(src) by extensions ['python_setup_py']
[0.199s] Level 1:colcon.colcon_core.package_identification:_identify(src) by extension 'python_setup_py'
[0.199s] Level 1:colcon.colcon_core.package_identification:_identify(src/my_publisher_pkg) by extensions ['ignore', 'ignore_ament_install']
[0.200s] Level 1:colcon.colcon_core.package_identification:_identify(src/my_publisher_pkg) by extension 'ignore'
[0.200s] Level 1:colcon.colcon_core.package_identification:_identify(src/my_publisher_pkg) by extension 'ignore_ament_install'
[0.200s] Level 1:colcon.colcon_core.package_identification:_identify(src/my_publisher_pkg) by extensions ['colcon_pkg']
[0.200s] Level 1:colcon.colcon_core.package_identification:_identify(src/my_publisher_pkg) by extension 'colcon_pkg'
[0.200s] Level 1:colcon.colcon_core.package_identification:_identify(src/my_publisher_pkg) by extensions ['colcon_meta']
[0.200s] Level 1:colcon.colcon_core.package_identification:_identify(src/my_publisher_pkg) by extension 'colcon_meta'
[0.200s] Level 1:colcon.colcon_core.package_identification:_identify(src/my_publisher_pkg) by extensions ['ros']
[0.200s] Level 1:colcon.colcon_core.package_identification:_identify(src/my_publisher_pkg) by extension 'ros'
[0.203s] DEBUG:colcon.colcon_core.package_identification:Package 'src/my_publisher_pkg' with type 'ros.ament_python' and name 'my_publisher_pkg'
[0.203s] Level 1:colcon.colcon_core.package_discovery:discover_packages(recursive) using defaults
[0.203s] Level 1:colcon.colcon_core.package_discovery:discover_packages(ignore) discover
[0.203s] Level 1:colcon.colcon_core.package_discovery:discover_packages(ignore) using defaults
[0.203s] Level 1:colcon.colcon_core.package_discovery:discover_packages(path) discover
[0.203s] Level 1:colcon.colcon_core.package_discovery:discover_packages(path) using defaults
[0.223s] Level 5:colcon.colcon_core.verb:set package 'my_publisher_pkg' build argument 'cmake_args' from command line to 'None'
[0.224s] Level 5:colcon.colcon_core.verb:set package 'my_publisher_pkg' build argument 'cmake_target' from command line to 'None'
[0.224s] Level 5:colcon.colcon_core.verb:set package 'my_publisher_pkg' build argument 'cmake_target_skip_unavailable' from command line to 'False'
[0.224s] Level 5:colcon.colcon_core.verb:set package 'my_publisher_pkg' build argument 'cmake_clean_cache' from command line to 'False'
[0.224s] Level 5:colcon.colcon_core.verb:set package 'my_publisher_pkg' build argument 'cmake_clean_first' from command line to 'False'
[0.224s] Level 5:colcon.colcon_core.verb:set package 'my_publisher_pkg' build argument 'cmake_force_configure' from command line to 'False'
[0.224s] Level 5:colcon.colcon_core.verb:set package 'my_publisher_pkg' build argument 'ament_cmake_args' from command line to 'None'
[0.224s] Level 5:colcon.colcon_core.verb:set package 'my_publisher_pkg' build argument 'catkin_cmake_args' from command line to 'None'
[0.224s] Level 5:colcon.colcon_core.verb:set package 'my_publisher_pkg' build argument 'catkin_skip_building_tests' from command line to 'False'
[0.224s] DEBUG:colcon.colcon_core.verb:Building package 'my_publisher_pkg' with the following arguments: {'ament_cmake_args': None, 'build_base': '/home/robot/prueba_ws/build/my_publisher_pkg', 'catkin_cmake_args': None, 'catkin_skip_building_tests': False, 'cmake_args': None, 'cmake_clean_cache': False, 'cmake_clean_first': False, 'cmake_force_configure': False, 'cmake_target': None, 'cmake_target_skip_unavailable': False, 'install_base': '/home/robot/prueba_ws/install/my_publisher_pkg', 'merge_install': False, 'path': '/home/robot/prueba_ws/src/my_publisher_pkg', 'symlink_install': False, 'test_result_base': None}
[0.224s] INFO:colcon.colcon_core.executor:Executing jobs using 'parallel' executor
[0.225s] DEBUG:colcon.colcon_parallel_executor.executor.parallel:run_until_complete
[0.225s] INFO:colcon.colcon_ros.task.ament_python.build:Building ROS package in '/home/robot/prueba_ws/src/my_publisher_pkg' with build type 'ament_python'
[0.225s] Level 1:colcon.colcon_core.shell:create_environment_hook('my_publisher_pkg', 'ament_prefix_path')
[0.229s] INFO:colcon.colcon_core.plugin_system:Skipping extension 'colcon_core.shell.bat': Not used on non-Windows systems
[0.229s] INFO:colcon.colcon_core.shell:Creating environment descriptor '/home/robot/prueba_ws/install/my_publisher_pkg/share/my_publisher_pkg/hook/ament_prefix_path.dsv'
[0.231s] INFO:colcon.colcon_core.shell:Creating environment hook '/home/robot/prueba_ws/install/my_publisher_pkg/share/my_publisher_pkg/hook/ament_prefix_path.sh'
[0.233s] DEBUG:colcon.colcon_core.shell:Skip shell extension 'dsv' for command environment
[0.500s] INFO:colcon.colcon_core.task.python.build:Building Python package in '/home/robot/prueba_ws/src/my_publisher_pkg'
[0.500s] DEBUG:colcon.colcon_core.shell:Skip shell extension 'dsv' for command environment
[1.246s] DEBUG:colcon.colcon_core.event_handler.log_command:Invoking command in '/home/robot/prueba_ws/src/my_publisher_pkg': DEBUGINFOD_URLS=https://debuginfod.ubuntu.com PYTHONPATH=/home/robot/prueba_ws/build/my_publisher_pkg/prefix_override:/usr/lib/python3/dist-packages/colcon_core/task/python/colcon_distutils_commands:/home/robot/prueba_ws/install/my_publisher_pkg/lib/python3.12/site-packages:${PYTHONPATH} /usr/bin/python3 -W ignore:setup.py install is deprecated -W ignore:easy_install command is deprecated setup.py egg_info --egg-base ../../build/my_publisher_pkg build --build-base /home/robot/prueba_ws/build/my_publisher_pkg/build install --record /home/robot/prueba_ws/build/my_publisher_pkg/install.log --single-version-externally-managed install_data
[1.922s] DEBUG:colcon.colcon_core.event_handler.log_command:Invoked command in '/home/robot/prueba_ws/src/my_publisher_pkg' returned '0': DEBUGINFOD_URLS=https://debuginfod.ubuntu.com PYTHONPATH=/home/robot/prueba_ws/build/my_publisher_pkg/prefix_override:/usr/lib/python3/dist-packages/colcon_core/task/python/colcon_distutils_commands:/home/robot/prueba_ws/install/my_publisher_pkg/lib/python3.12/site-packages:${PYTHONPATH} /usr/bin/python3 -W ignore:setup.py install is deprecated -W ignore:easy_install command is deprecated setup.py egg_info --egg-base ../../build/my_publisher_pkg build --build-base /home/robot/prueba_ws/build/my_publisher_pkg/build install --record /home/robot/prueba_ws/build/my_publisher_pkg/install.log --single-version-externally-managed install_data
[1.924s] Level 1:colcon.colcon_core.environment:checking '/home/robot/prueba_ws/install/my_publisher_pkg' for CMake module files
[1.925s] Level 1:colcon.colcon_core.environment:checking '/home/robot/prueba_ws/install/my_publisher_pkg' for CMake config files
[1.925s] Level 1:colcon.colcon_core.environment:checking '/home/robot/prueba_ws/install/my_publisher_pkg/lib'
[1.926s] Level 1:colcon.colcon_core.environment:checking '/home/robot/prueba_ws/install/my_publisher_pkg/bin'
[1.926s] Level 1:colcon.colcon_core.environment:checking '/home/robot/prueba_ws/install/my_publisher_pkg/lib/pkgconfig/my_publisher_pkg.pc'
[1.926s] Level 1:colcon.colcon_core.environment:checking '/home/robot/prueba_ws/install/my_publisher_pkg/lib/python3.12/site-packages'
[1.926s] Level 1:colcon.colcon_core.shell:create_environment_hook('my_publisher_pkg', 'pythonpath')
[1.926s] INFO:colcon.colcon_core.shell:Creating environment descriptor '/home/robot/prueba_ws/install/my_publisher_pkg/share/my_publisher_pkg/hook/pythonpath.dsv'
[1.927s] INFO:colcon.colcon_core.shell:Creating environment hook '/home/robot/prueba_ws/install/my_publisher_pkg/share/my_publisher_pkg/hook/pythonpath.sh'
[1.928s] Level 1:colcon.colcon_core.environment:checking '/home/robot/prueba_ws/install/my_publisher_pkg/bin'
[1.928s] Level 1:colcon.colcon_core.environment:create_environment_scripts_only(my_publisher_pkg)
[1.928s] INFO:colcon.colcon_core.shell:Creating package descriptor '/home/robot/prueba_ws/install/my_publisher_pkg/share/my_publisher_pkg/package.dsv'
[1.929s] INFO:colcon.colcon_core.shell:Creating package script '/home/robot/prueba_ws/install/my_publisher_pkg/share/my_publisher_pkg/package.sh'
[1.934s] INFO:colcon.colcon_core.shell:Creating package script '/home/robot/prueba_ws/install/my_publisher_pkg/share/my_publisher_pkg/package.bash'
[1.937s] INFO:colcon.colcon_core.shell:Creating package script '/home/robot/prueba_ws/install/my_publisher_pkg/share/my_publisher_pkg/package.zsh'
[1.939s] Level 1:colcon.colcon_core.environment:create_file_with_runtime_dependencies(/home/robot/prueba_ws/install/my_publisher_pkg/share/colcon-core/packages/my_publisher_pkg)
[1.940s] DEBUG:colcon.colcon_parallel_executor.executor.parallel:closing loop
[1.941s] DEBUG:colcon.colcon_parallel_executor.executor.parallel:loop closed
[1.942s] DEBUG:colcon.colcon_parallel_executor.executor.parallel:run_until_complete finished with '0'
[1.942s] DEBUG:colcon.colcon_core.event_reactor:joining thread
[1.960s] INFO:colcon.colcon_core.plugin_system:Skipping extension 'colcon_notification.desktop_notification.terminal_notifier': Not used on non-Darwin systems
[1.960s] INFO:colcon.colcon_core.plugin_system:Skipping extension 'colcon_notification.desktop_notification.win32': Not used on non-Windows systems
[1.960s] INFO:colcon.colcon_notification.desktop_notification:Sending desktop notification using 'notify2'
[1.998s] DEBUG:colcon.colcon_core.event_reactor:joined thread
[1.998s] INFO:colcon.colcon_core.shell:Creating prefix script '/home/robot/prueba_ws/install/local_setup.sh'
[1.999s] INFO:colcon.colcon_core.shell:Creating prefix util module '/home/robot/prueba_ws/install/_local_setup_util_sh.py'
[2.001s] INFO:colcon.colcon_core.shell:Creating prefix chain script '/home/robot/prueba_ws/install/setup.sh'
[2.004s] INFO:colcon.colcon_core.shell:Creating prefix script '/home/robot/prueba_ws/install/local_setup.bash'
[2.006s] INFO:colcon.colcon_core.shell:Creating prefix chain script '/home/robot/prueba_ws/install/setup.bash'
[2.007s] INFO:colcon.colcon_core.shell:Creating prefix script '/home/robot/prueba_ws/install/local_setup.zsh'
[2.008s] INFO:colcon.colcon_core.shell:Creating prefix chain script '/home/robot/prueba_ws/install/setup.zsh'
