[1.309s] Invoking command in '/home/robot/ros2_ws/src/my_package': DEBUGINFOD_URLS=https://debuginfod.ubuntu.com PYTHONPATH=/home/robot/ros2_ws/build/my_package/prefix_override:/usr/lib/python3/dist-packages/colcon_core/task/python/colcon_distutils_commands:/home/robot/ros2_ws/install/my_package/lib/python3.12/site-packages:${PYTHONPATH} /usr/bin/python3 -W ignore:setup.py install is deprecated -W ignore:easy_install command is deprecated setup.py egg_info --egg-base ../../build/my_package build --build-base /home/robot/ros2_ws/build/my_package/build install --record /home/robot/ros2_ws/build/my_package/install.log --single-version-externally-managed install_data
[1.658s] running egg_info
[1.682s] writing ../../build/my_package/my_package.egg-info/PKG-INFO
[1.683s] writing dependency_links to ../../build/my_package/my_package.egg-info/dependency_links.txt
[1.683s] writing entry points to ../../build/my_package/my_package.egg-info/entry_points.txt
[1.683s] writing requirements to ../../build/my_package/my_package.egg-info/requires.txt
[1.684s] writing top-level names to ../../build/my_package/my_package.egg-info/top_level.txt
[1.736s] reading manifest file '../../build/my_package/my_package.egg-info/SOURCES.txt'
[1.736s] adding license file 'LICENSE'
[1.737s] writing manifest file '../../build/my_package/my_package.egg-info/SOURCES.txt'
[1.737s] running build
[1.738s] running build_py
[1.738s] running install
[1.746s] running install_lib
[1.774s] running install_data
[1.774s] running install_egg_info
[1.802s] removing '/home/robot/ros2_ws/install/my_package/lib/python3.12/site-packages/my_package-0.0.0-py3.12.egg-info' (and everything under it)
[1.803s] Copying ../../build/my_package/my_package.egg-info to /home/robot/ros2_ws/install/my_package/lib/python3.12/site-packages/my_package-0.0.0-py3.12.egg-info
[1.804s] running install_scripts
[1.974s] Installing my_node script to /home/robot/ros2_ws/install/my_package/lib/my_package
[1.974s] writing list of installed files to '/home/robot/ros2_ws/build/my_package/install.log'
[2.031s] Invoked command in '/home/robot/ros2_ws/src/my_package' returned '0': DEBUGINFOD_URLS=https://debuginfod.ubuntu.com PYTHONPATH=/home/robot/ros2_ws/build/my_package/prefix_override:/usr/lib/python3/dist-packages/colcon_core/task/python/colcon_distutils_commands:/home/robot/ros2_ws/install/my_package/lib/python3.12/site-packages:${PYTHONPATH} /usr/bin/python3 -W ignore:setup.py install is deprecated -W ignore:easy_install command is deprecated setup.py egg_info --egg-base ../../build/my_package build --build-base /home/robot/ros2_ws/build/my_package/build install --record /home/robot/ros2_ws/build/my_package/install.log --single-version-externally-managed install_data
