[1.045s] Invoking command in '/home/robot/prueba_ws/build/my_publisher_pkg': DEBUGINFOD_URLS=https://debuginfod.ubuntu.com PYTHONPATH=/home/robot/prueba_ws/build/my_publisher_pkg/prefix_override:/usr/lib/python3/dist-packages/colcon_core/task/python/colcon_distutils_commands:/home/robot/prueba_ws/install/my_publisher_pkg/lib/python3.12/site-packages:${PYTHONPATH} /usr/bin/python3 -W ignore:setup.py install is deprecated -W ignore:easy_install command is deprecated setup.py develop --editable --build-directory /home/robot/prueba_ws/build/my_publisher_pkg/build --no-deps symlink_data --force
[1.515s] running develop
[1.777s] running egg_info
[1.800s] writing my_publisher_pkg.egg-info/PKG-INFO
[1.801s] writing dependency_links to my_publisher_pkg.egg-info/dependency_links.txt
[1.801s] writing entry points to my_publisher_pkg.egg-info/entry_points.txt
[1.801s] writing requirements to my_publisher_pkg.egg-info/requires.txt
[1.801s] writing top-level names to my_publisher_pkg.egg-info/top_level.txt
[1.859s] reading manifest file 'my_publisher_pkg.egg-info/SOURCES.txt'
[1.859s] writing manifest file 'my_publisher_pkg.egg-info/SOURCES.txt'
[1.886s] running build_ext
[1.886s] Creating /home/robot/prueba_ws/install/my_publisher_pkg/lib/python3.12/site-packages/my-publisher-pkg.egg-link (link to .)
[1.887s] Installing pi_controller script to /home/robot/prueba_ws/install/my_publisher_pkg/lib/my_publisher_pkg
[1.887s] Installing publisher_node script to /home/robot/prueba_ws/install/my_publisher_pkg/lib/my_publisher_pkg
[1.888s] Installing square_wave_publisher script to /home/robot/prueba_ws/install/my_publisher_pkg/lib/my_publisher_pkg
[1.888s] 
[1.888s] Installed /home/robot/prueba_ws/build/my_publisher_pkg
[1.888s] running symlink_data
[1.889s] symbolically linking /home/robot/prueba_ws/build/my_publisher_pkg/resource/my_publisher_pkg -> /home/robot/prueba_ws/install/my_publisher_pkg/share/ament_index/resource_index/packages
[1.889s] symbolically linking /home/robot/prueba_ws/build/my_publisher_pkg/package.xml -> /home/robot/prueba_ws/install/my_publisher_pkg/share/my_publisher_pkg
[1.889s] symbolically linking /home/robot/prueba_ws/build/my_publisher_pkg/launch/square_wave_launch.py -> /home/robot/prueba_ws/install/my_publisher_pkg/share/my_publisher_pkg/launch
[1.941s] Invoked command in '/home/robot/prueba_ws/build/my_publisher_pkg' returned '0': DEBUGINFOD_URLS=https://debuginfod.ubuntu.com PYTHONPATH=/home/robot/prueba_ws/build/my_publisher_pkg/prefix_override:/usr/lib/python3/dist-packages/colcon_core/task/python/colcon_distutils_commands:/home/robot/prueba_ws/install/my_publisher_pkg/lib/python3.12/site-packages:${PYTHONPATH} /usr/bin/python3 -W ignore:setup.py install is deprecated -W ignore:easy_install command is deprecated setup.py develop --editable --build-directory /home/robot/prueba_ws/build/my_publisher_pkg/build --no-deps symlink_data --force
