[1.314s] Invoking command in '/home/robot/ros2_ws/src/paquete': DEBUGINFOD_URLS=https://debuginfod.ubuntu.com PYTHONPATH=/home/robot/ros2_ws/build/paquete/prefix_override:/usr/lib/python3/dist-packages/colcon_core/task/python/colcon_distutils_commands:/home/robot/ros2_ws/install/paquete/lib/python3.12/site-packages:${PYTHONPATH} /usr/bin/python3 -W ignore:setup.py install is deprecated -W ignore:easy_install command is deprecated setup.py egg_info --egg-base ../../build/paquete build --build-base /home/robot/ros2_ws/build/paquete/build install --record /home/robot/ros2_ws/build/paquete/install.log --single-version-externally-managed install_data
[1.664s] running egg_info
[1.689s] writing ../../build/paquete/paquete.egg-info/PKG-INFO
[1.689s] writing dependency_links to ../../build/paquete/paquete.egg-info/dependency_links.txt
[1.690s] writing entry points to ../../build/paquete/paquete.egg-info/entry_points.txt
[1.690s] writing requirements to ../../build/paquete/paquete.egg-info/requires.txt
[1.690s] writing top-level names to ../../build/paquete/paquete.egg-info/top_level.txt
[1.743s] reading manifest file '../../build/paquete/paquete.egg-info/SOURCES.txt'
[1.743s] adding license file 'LICENSE'
[1.744s] writing manifest file '../../build/paquete/paquete.egg-info/SOURCES.txt'
[1.744s] running build
[1.744s] running build_py
[1.745s] copying paquete/comunicacionROS.py -> /home/robot/ros2_ws/build/paquete/build/lib/paquete
[1.745s] running install
[1.753s] running install_lib
[1.779s] copying /home/robot/ros2_ws/build/paquete/build/lib/paquete/comunicacionROS.py -> /home/robot/ros2_ws/install/paquete/lib/python3.12/site-packages/paquete
[1.779s] byte-compiling /home/robot/ros2_ws/install/paquete/lib/python3.12/site-packages/paquete/comunicacionROS.py to comunicacionROS.cpython-312.pyc
[1.784s] running install_data
[1.784s] running install_egg_info
[1.813s] removing '/home/robot/ros2_ws/install/paquete/lib/python3.12/site-packages/paquete-0.0.0-py3.12.egg-info' (and everything under it)
[1.813s] Copying ../../build/paquete/paquete.egg-info to /home/robot/ros2_ws/install/paquete/lib/python3.12/site-packages/paquete-0.0.0-py3.12.egg-info
[1.814s] running install_scripts
[1.982s] Installing comunicacionROS script to /home/robot/ros2_ws/install/paquete/lib/paquete
[1.983s] Installing nodoSimple script to /home/robot/ros2_ws/install/paquete/lib/paquete
[1.983s] writing list of installed files to '/home/robot/ros2_ws/build/paquete/install.log'
[2.055s] Invoked command in '/home/robot/ros2_ws/src/paquete' returned '0': DEBUGINFOD_URLS=https://debuginfod.ubuntu.com PYTHONPATH=/home/robot/ros2_ws/build/paquete/prefix_override:/usr/lib/python3/dist-packages/colcon_core/task/python/colcon_distutils_commands:/home/robot/ros2_ws/install/paquete/lib/python3.12/site-packages:${PYTHONPATH} /usr/bin/python3 -W ignore:setup.py install is deprecated -W ignore:easy_install command is deprecated setup.py egg_info --egg-base ../../build/paquete build --build-base /home/robot/ros2_ws/build/paquete/build install --record /home/robot/ros2_ws/build/paquete/install.log --single-version-externally-managed install_data
