[3.534s] Invoking command in '/home/robot/ros2_ws/src/paquete': DEBUGINFOD_URLS=https://debuginfod.ubuntu.com PYTHONPATH=/home/robot/ros2_ws/build/paquete/prefix_override:/usr/lib/python3/dist-packages/colcon_core/task/python/colcon_distutils_commands:/home/robot/ros2_ws/install/paquete/lib/python3.12/site-packages:${PYTHONPATH} /usr/bin/python3 -W ignore:setup.py install is deprecated -W ignore:easy_install command is deprecated setup.py egg_info --egg-base ../../build/paquete build --build-base /home/robot/ros2_ws/build/paquete/build install --record /home/robot/ros2_ws/build/paquete/install.log --single-version-externally-managed install_data
[4.511s] running egg_info
[4.582s] writing ../../build/paquete/paquete.egg-info/PKG-INFO
[4.582s] writing dependency_links to ../../build/paquete/paquete.egg-info/dependency_links.txt
[4.583s] writing entry points to ../../build/paquete/paquete.egg-info/entry_points.txt
[4.583s] writing requirements to ../../build/paquete/paquete.egg-info/requires.txt
[4.583s] writing top-level names to ../../build/paquete/paquete.egg-info/top_level.txt
[4.715s] reading manifest file '../../build/paquete/paquete.egg-info/SOURCES.txt'
[4.738s] adding license file 'LICENSE'
[4.739s] writing manifest file '../../build/paquete/paquete.egg-info/SOURCES.txt'
[4.741s] running build
[4.741s] running build_py
[4.741s] running install
[4.773s] running install_lib
[4.852s] running install_data
[4.852s] running install_egg_info
[4.938s] removing '/home/robot/ros2_ws/install/paquete/lib/python3.12/site-packages/paquete-0.0.0-py3.12.egg-info' (and everything under it)
[4.939s] Copying ../../build/paquete/paquete.egg-info to /home/robot/ros2_ws/install/paquete/lib/python3.12/site-packages/paquete-0.0.0-py3.12.egg-info
[4.941s] running install_scripts
[5.501s] Installing comunicacionROS script to /home/robot/ros2_ws/install/paquete/lib/paquete
[5.502s] Installing nodoSimple script to /home/robot/ros2_ws/install/paquete/lib/paquete
[5.503s] writing list of installed files to '/home/robot/ros2_ws/build/paquete/install.log'
[5.627s] Invoked command in '/home/robot/ros2_ws/src/paquete' returned '0': DEBUGINFOD_URLS=https://debuginfod.ubuntu.com PYTHONPATH=/home/robot/ros2_ws/build/paquete/prefix_override:/usr/lib/python3/dist-packages/colcon_core/task/python/colcon_distutils_commands:/home/robot/ros2_ws/install/paquete/lib/python3.12/site-packages:${PYTHONPATH} /usr/bin/python3 -W ignore:setup.py install is deprecated -W ignore:easy_install command is deprecated setup.py egg_info --egg-base ../../build/paquete build --build-base /home/robot/ros2_ws/build/paquete/build install --record /home/robot/ros2_ws/build/paquete/install.log --single-version-externally-managed install_data
